[0.054s] Invoking command in '/home/tjacobs/ros2_ws/build/agrobot_msgs': CMAKE_PREFIX_PATH=/opt/ros/iron /usr/bin/cmake --build /home/tjacobs/ros2_ws/build/agrobot_msgs -- -j8 -l8
[0.119s] -- Found ament_cmake: 2.0.3 (/opt/ros/iron/share/ament_cmake/cmake)
[0.232s] -- Found rosidl_default_generators: 1.5.0 (/opt/ros/iron/share/rosidl_default_generators/cmake)
[0.235s] -- Using all available rosidl_typesupport_c: rosidl_typesupport_fastrtps_c;rosidl_typesupport_introspection_c
[0.266s] -- Using all available rosidl_typesupport_cpp: rosidl_typesupport_fastrtps_cpp;rosidl_typesupport_introspection_cpp
[0.293s] -- Found rosidl_adapter: 4.0.1 (/opt/ros/iron/share/rosidl_adapter/cmake)
[0.568s] -- Found ament_cmake_ros: 0.11.2 (/opt/ros/iron/share/ament_cmake_ros/cmake)
[0.699s] -- Using all available rosidl_typesupport_c: rosidl_typesupport_fastrtps_c;rosidl_typesupport_introspection_c
[0.869s] -- Using all available rosidl_typesupport_cpp: rosidl_typesupport_fastrtps_cpp;rosidl_typesupport_introspection_cpp
[0.886s] -- Found python_cmake_module: 0.10.2 (/opt/ros/iron/share/python_cmake_module/cmake)
[0.902s] -- Using PYTHON_EXECUTABLE: /usr/bin/python3
[0.902s] -- Using PYTHON_INCLUDE_DIRS: /usr/include/python3.10
[0.902s] -- Using PYTHON_LIBRARIES: /usr/lib/x86_64-linux-gnu/libpython3.10.so
[0.914s] -- Found ament_lint_auto: 0.14.2 (/opt/ros/iron/share/ament_lint_auto/cmake)
[0.926s] -- Added test 'lint_cmake' to check CMake code style
[0.927s] -- Added test 'xmllint' to check XML markup files
[0.929s] -- Configuring done
[0.965s] -- Generating done
[0.967s] -- Build files have been written to: /home/tjacobs/ros2_ws/build/agrobot_msgs
[0.992s] [  2%] Built target agrobot_msgs__rosidl_generator_type_description
[1.001s] [  2%] Built target ament_cmake_python_copy_agrobot_msgs
[1.001s] [35m[1mConsolidate compiler generated dependencies of target agrobot_msgs__rosidl_generator_c[0m
[1.009s] [  5%] Built target agrobot_msgs__cpp
[1.015s] [ 20%] Built target agrobot_msgs__rosidl_generator_c
[1.025s] [35m[1mConsolidate compiler generated dependencies of target agrobot_msgs__rosidl_typesupport_fastrtps_c[0m
[1.027s] [35m[1mConsolidate compiler generated dependencies of target agrobot_msgs__rosidl_typesupport_cpp[0m
[1.027s] [35m[1mConsolidate compiler generated dependencies of target agrobot_msgs__rosidl_typesupport_c[0m
[1.028s] [35m[1mConsolidate compiler generated dependencies of target agrobot_msgs__rosidl_typesupport_introspection_cpp[0m
[1.028s] [35m[1mConsolidate compiler generated dependencies of target agrobot_msgs__rosidl_typesupport_introspection_c[0m
[1.028s] [35m[1mConsolidate compiler generated dependencies of target agrobot_msgs__rosidl_typesupport_fastrtps_cpp[0m
[1.042s] [ 29%] Built target agrobot_msgs__rosidl_typesupport_introspection_c
[1.043s] [ 38%] Built target agrobot_msgs__rosidl_typesupport_c
[1.043s] [ 47%] Built target agrobot_msgs__rosidl_typesupport_cpp
[1.044s] [ 55%] Built target agrobot_msgs__rosidl_typesupport_introspection_cpp
[1.046s] [ 64%] Built target agrobot_msgs__rosidl_typesupport_fastrtps_cpp
[1.047s] [ 73%] Built target agrobot_msgs__rosidl_typesupport_fastrtps_c
[1.062s] [ 73%] Built target agrobot_msgs
[1.077s] [ 76%] Built target agrobot_msgs__py
[1.085s] [35m[1mConsolidate compiler generated dependencies of target agrobot_msgs__rosidl_generator_py[0m
[1.096s] [ 82%] Built target agrobot_msgs__rosidl_generator_py
[1.105s] [35m[1mConsolidate compiler generated dependencies of target agrobot_msgs__rosidl_typesupport_c__pyext[0m
[1.105s] [35m[1mConsolidate compiler generated dependencies of target agrobot_msgs__rosidl_typesupport_introspection_c__pyext[0m
[1.105s] [35m[1mConsolidate compiler generated dependencies of target agrobot_msgs__rosidl_typesupport_fastrtps_c__pyext[0m
[1.116s] [100%] Built target agrobot_msgs__rosidl_typesupport_c__pyext
[1.117s] [100%] Built target agrobot_msgs__rosidl_typesupport_fastrtps_c__pyext
[1.117s] [100%] Built target agrobot_msgs__rosidl_typesupport_introspection_c__pyext
[1.220s] running egg_info
[1.220s] writing agrobot_msgs.egg-info/PKG-INFO
[1.221s] writing dependency_links to agrobot_msgs.egg-info/dependency_links.txt
[1.221s] writing top-level names to agrobot_msgs.egg-info/top_level.txt
[1.223s] reading manifest file 'agrobot_msgs.egg-info/SOURCES.txt'
[1.223s] writing manifest file 'agrobot_msgs.egg-info/SOURCES.txt'
[1.244s] [100%] Built target ament_cmake_python_build_agrobot_msgs_egg
[1.252s] Invoked command in '/home/tjacobs/ros2_ws/build/agrobot_msgs' returned '0': CMAKE_PREFIX_PATH=/opt/ros/iron /usr/bin/cmake --build /home/tjacobs/ros2_ws/build/agrobot_msgs -- -j8 -l8
[1.303s] Invoking command in '/home/tjacobs/ros2_ws/build/agrobot_msgs': CMAKE_PREFIX_PATH=/opt/ros/iron /usr/bin/cmake --install /home/tjacobs/ros2_ws/build/agrobot_msgs
[1.309s] -- Install configuration: ""
[1.309s] -- Up-to-date: /home/tjacobs/ros2_ws/install/agrobot_msgs/share/ament_index/resource_index/rosidl_interfaces/agrobot_msgs
[1.309s] -- Up-to-date: /home/tjacobs/ros2_ws/install/agrobot_msgs/share/agrobot_msgs/srv/SimCropLocation.json
[1.309s] -- Up-to-date: /home/tjacobs/ros2_ws/install/agrobot_msgs/include/agrobot_msgs/agrobot_msgs
[1.309s] -- Up-to-date: /home/tjacobs/ros2_ws/install/agrobot_msgs/include/agrobot_msgs/agrobot_msgs/srv
[1.309s] -- Up-to-date: /home/tjacobs/ros2_ws/install/agrobot_msgs/include/agrobot_msgs/agrobot_msgs/srv/sim_crop_location.h
[1.309s] -- Up-to-date: /home/tjacobs/ros2_ws/install/agrobot_msgs/include/agrobot_msgs/agrobot_msgs/srv/detail
[1.310s] -- Up-to-date: /home/tjacobs/ros2_ws/install/agrobot_msgs/include/agrobot_msgs/agrobot_msgs/srv/detail/sim_crop_location__struct.h
[1.310s] -- Up-to-date: /home/tjacobs/ros2_ws/install/agrobot_msgs/include/agrobot_msgs/agrobot_msgs/srv/detail/sim_crop_location__functions.h
[1.310s] -- Up-to-date: /home/tjacobs/ros2_ws/install/agrobot_msgs/include/agrobot_msgs/agrobot_msgs/srv/detail/sim_crop_location__type_support.h
[1.310s] -- Up-to-date: /home/tjacobs/ros2_ws/install/agrobot_msgs/include/agrobot_msgs/agrobot_msgs/srv/detail/sim_crop_location__type_support.c
[1.310s] -- Up-to-date: /home/tjacobs/ros2_ws/install/agrobot_msgs/include/agrobot_msgs/agrobot_msgs/srv/detail/sim_crop_location__functions.c
[1.310s] -- Up-to-date: /home/tjacobs/ros2_ws/install/agrobot_msgs/include/agrobot_msgs/agrobot_msgs/srv/detail/sim_crop_location__description.c
[1.310s] -- Up-to-date: /home/tjacobs/ros2_ws/install/agrobot_msgs/include/agrobot_msgs/agrobot_msgs/msg
[1.310s] -- Up-to-date: /home/tjacobs/ros2_ws/install/agrobot_msgs/include/agrobot_msgs/agrobot_msgs/msg/rosidl_generator_c__visibility_control.h
[1.310s] -- Up-to-date: /home/tjacobs/ros2_ws/install/agrobot_msgs/share/agrobot_msgs/environment/library_path.sh
[1.310s] -- Up-to-date: /home/tjacobs/ros2_ws/install/agrobot_msgs/share/agrobot_msgs/environment/library_path.dsv
[1.311s] -- Up-to-date: /home/tjacobs/ros2_ws/install/agrobot_msgs/lib/libagrobot_msgs__rosidl_generator_c.so
[1.311s] -- Up-to-date: /home/tjacobs/ros2_ws/install/agrobot_msgs/include/agrobot_msgs/agrobot_msgs
[1.311s] -- Up-to-date: /home/tjacobs/ros2_ws/install/agrobot_msgs/include/agrobot_msgs/agrobot_msgs/srv
[1.311s] -- Up-to-date: /home/tjacobs/ros2_ws/install/agrobot_msgs/include/agrobot_msgs/agrobot_msgs/srv/detail
[1.311s] -- Up-to-date: /home/tjacobs/ros2_ws/install/agrobot_msgs/include/agrobot_msgs/agrobot_msgs/srv/detail/sim_crop_location__rosidl_typesupport_fastrtps_c.h
[1.311s] -- Up-to-date: /home/tjacobs/ros2_ws/install/agrobot_msgs/include/agrobot_msgs/agrobot_msgs/msg
[1.311s] -- Up-to-date: /home/tjacobs/ros2_ws/install/agrobot_msgs/include/agrobot_msgs/agrobot_msgs/msg/rosidl_typesupport_fastrtps_c__visibility_control.h
[1.311s] -- Up-to-date: /home/tjacobs/ros2_ws/install/agrobot_msgs/lib/libagrobot_msgs__rosidl_typesupport_fastrtps_c.so
[1.311s] -- Up-to-date: /home/tjacobs/ros2_ws/install/agrobot_msgs/include/agrobot_msgs/agrobot_msgs
[1.311s] -- Up-to-date: /home/tjacobs/ros2_ws/install/agrobot_msgs/include/agrobot_msgs/agrobot_msgs/srv
[1.312s] -- Up-to-date: /home/tjacobs/ros2_ws/install/agrobot_msgs/include/agrobot_msgs/agrobot_msgs/srv/detail
[1.312s] -- Up-to-date: /home/tjacobs/ros2_ws/install/agrobot_msgs/include/agrobot_msgs/agrobot_msgs/srv/detail/sim_crop_location__type_support.c
[1.312s] -- Up-to-date: /home/tjacobs/ros2_ws/install/agrobot_msgs/include/agrobot_msgs/agrobot_msgs/srv/detail/sim_crop_location__rosidl_typesupport_introspection_c.h
[1.312s] -- Up-to-date: /home/tjacobs/ros2_ws/install/agrobot_msgs/include/agrobot_msgs/agrobot_msgs/msg
[1.312s] -- Up-to-date: /home/tjacobs/ros2_ws/install/agrobot_msgs/include/agrobot_msgs/agrobot_msgs/msg/rosidl_typesupport_introspection_c__visibility_control.h
[1.312s] -- Up-to-date: /home/tjacobs/ros2_ws/install/agrobot_msgs/lib/libagrobot_msgs__rosidl_typesupport_introspection_c.so
[1.312s] -- Up-to-date: /home/tjacobs/ros2_ws/install/agrobot_msgs/lib/libagrobot_msgs__rosidl_typesupport_c.so
[1.313s] -- Up-to-date: /home/tjacobs/ros2_ws/install/agrobot_msgs/include/agrobot_msgs/agrobot_msgs
[1.313s] -- Up-to-date: /home/tjacobs/ros2_ws/install/agrobot_msgs/include/agrobot_msgs/agrobot_msgs/srv
[1.313s] -- Up-to-date: /home/tjacobs/ros2_ws/install/agrobot_msgs/include/agrobot_msgs/agrobot_msgs/srv/sim_crop_location.hpp
[1.313s] -- Up-to-date: /home/tjacobs/ros2_ws/install/agrobot_msgs/include/agrobot_msgs/agrobot_msgs/srv/detail
[1.313s] -- Up-to-date: /home/tjacobs/ros2_ws/install/agrobot_msgs/include/agrobot_msgs/agrobot_msgs/srv/detail/sim_crop_location__struct.hpp
[1.313s] -- Up-to-date: /home/tjacobs/ros2_ws/install/agrobot_msgs/include/agrobot_msgs/agrobot_msgs/srv/detail/sim_crop_location__builder.hpp
[1.314s] -- Up-to-date: /home/tjacobs/ros2_ws/install/agrobot_msgs/include/agrobot_msgs/agrobot_msgs/srv/detail/sim_crop_location__traits.hpp
[1.314s] -- Up-to-date: /home/tjacobs/ros2_ws/install/agrobot_msgs/include/agrobot_msgs/agrobot_msgs
[1.314s] -- Up-to-date: /home/tjacobs/ros2_ws/install/agrobot_msgs/include/agrobot_msgs/agrobot_msgs/srv
[1.314s] -- Up-to-date: /home/tjacobs/ros2_ws/install/agrobot_msgs/include/agrobot_msgs/agrobot_msgs/srv/detail
[1.314s] -- Up-to-date: /home/tjacobs/ros2_ws/install/agrobot_msgs/include/agrobot_msgs/agrobot_msgs/srv/detail/dds_fastrtps
[1.314s] -- Up-to-date: /home/tjacobs/ros2_ws/install/agrobot_msgs/include/agrobot_msgs/agrobot_msgs/srv/detail/sim_crop_location__rosidl_typesupport_fastrtps_cpp.hpp
[1.314s] -- Up-to-date: /home/tjacobs/ros2_ws/install/agrobot_msgs/include/agrobot_msgs/agrobot_msgs/msg
[1.314s] -- Up-to-date: /home/tjacobs/ros2_ws/install/agrobot_msgs/include/agrobot_msgs/agrobot_msgs/msg/rosidl_typesupport_fastrtps_cpp__visibility_control.h
[1.314s] -- Up-to-date: /home/tjacobs/ros2_ws/install/agrobot_msgs/lib/libagrobot_msgs__rosidl_typesupport_fastrtps_cpp.so
[1.315s] -- Up-to-date: /home/tjacobs/ros2_ws/install/agrobot_msgs/include/agrobot_msgs/agrobot_msgs
[1.315s] -- Up-to-date: /home/tjacobs/ros2_ws/install/agrobot_msgs/include/agrobot_msgs/agrobot_msgs/srv
[1.315s] -- Up-to-date: /home/tjacobs/ros2_ws/install/agrobot_msgs/include/agrobot_msgs/agrobot_msgs/srv/detail
[1.315s] -- Up-to-date: /home/tjacobs/ros2_ws/install/agrobot_msgs/include/agrobot_msgs/agrobot_msgs/srv/detail/sim_crop_location__type_support.cpp
[1.315s] -- Up-to-date: /home/tjacobs/ros2_ws/install/agrobot_msgs/include/agrobot_msgs/agrobot_msgs/srv/detail/sim_crop_location__rosidl_typesupport_introspection_cpp.hpp
[1.315s] -- Up-to-date: /home/tjacobs/ros2_ws/install/agrobot_msgs/lib/libagrobot_msgs__rosidl_typesupport_introspection_cpp.so
[1.316s] -- Up-to-date: /home/tjacobs/ros2_ws/install/agrobot_msgs/lib/libagrobot_msgs__rosidl_typesupport_cpp.so
[1.316s] -- Up-to-date: /home/tjacobs/ros2_ws/install/agrobot_msgs/share/agrobot_msgs/environment/pythonpath.sh
[1.316s] -- Up-to-date: /home/tjacobs/ros2_ws/install/agrobot_msgs/share/agrobot_msgs/environment/pythonpath.dsv
[1.316s] -- Up-to-date: /home/tjacobs/ros2_ws/install/agrobot_msgs/lib/python3.10/site-packages/agrobot_msgs-0.0.0-py3.10.egg-info
[1.316s] -- Installing: /home/tjacobs/ros2_ws/install/agrobot_msgs/lib/python3.10/site-packages/agrobot_msgs-0.0.0-py3.10.egg-info/dependency_links.txt
[1.316s] -- Installing: /home/tjacobs/ros2_ws/install/agrobot_msgs/lib/python3.10/site-packages/agrobot_msgs-0.0.0-py3.10.egg-info/top_level.txt
[1.317s] -- Installing: /home/tjacobs/ros2_ws/install/agrobot_msgs/lib/python3.10/site-packages/agrobot_msgs-0.0.0-py3.10.egg-info/SOURCES.txt
[1.317s] -- Installing: /home/tjacobs/ros2_ws/install/agrobot_msgs/lib/python3.10/site-packages/agrobot_msgs-0.0.0-py3.10.egg-info/PKG-INFO
[1.317s] -- Up-to-date: /home/tjacobs/ros2_ws/install/agrobot_msgs/lib/python3.10/site-packages/agrobot_msgs
[1.317s] -- Installing: /home/tjacobs/ros2_ws/install/agrobot_msgs/lib/python3.10/site-packages/agrobot_msgs/__init__.py
[1.317s] -- Up-to-date: /home/tjacobs/ros2_ws/install/agrobot_msgs/lib/python3.10/site-packages/agrobot_msgs/_agrobot_msgs_s.ep.rosidl_typesupport_fastrtps_c.c
[1.317s] -- Up-to-date: /home/tjacobs/ros2_ws/install/agrobot_msgs/lib/python3.10/site-packages/agrobot_msgs/libagrobot_msgs__rosidl_generator_py.so
[1.317s] -- Up-to-date: /home/tjacobs/ros2_ws/install/agrobot_msgs/lib/python3.10/site-packages/agrobot_msgs/agrobot_msgs_s__rosidl_typesupport_fastrtps_c.cpython-310-x86_64-linux-gnu.so
[1.317s] -- Up-to-date: /home/tjacobs/ros2_ws/install/agrobot_msgs/lib/python3.10/site-packages/agrobot_msgs/_agrobot_msgs_s.ep.rosidl_typesupport_c.c
[1.318s] -- Up-to-date: /home/tjacobs/ros2_ws/install/agrobot_msgs/lib/python3.10/site-packages/agrobot_msgs/agrobot_msgs_s__rosidl_typesupport_introspection_c.cpython-310-x86_64-linux-gnu.so
[1.318s] -- Up-to-date: /home/tjacobs/ros2_ws/install/agrobot_msgs/lib/python3.10/site-packages/agrobot_msgs/srv
[1.318s] -- Up-to-date: /home/tjacobs/ros2_ws/install/agrobot_msgs/lib/python3.10/site-packages/agrobot_msgs/srv/__init__.py
[1.318s] -- Up-to-date: /home/tjacobs/ros2_ws/install/agrobot_msgs/lib/python3.10/site-packages/agrobot_msgs/srv/_sim_crop_location.py
[1.318s] -- Up-to-date: /home/tjacobs/ros2_ws/install/agrobot_msgs/lib/python3.10/site-packages/agrobot_msgs/srv/_sim_crop_location_s.c
[1.318s] -- Up-to-date: /home/tjacobs/ros2_ws/install/agrobot_msgs/lib/python3.10/site-packages/agrobot_msgs/_agrobot_msgs_s.ep.rosidl_typesupport_introspection_c.c
[1.318s] -- Up-to-date: /home/tjacobs/ros2_ws/install/agrobot_msgs/lib/python3.10/site-packages/agrobot_msgs/agrobot_msgs_s__rosidl_typesupport_c.cpython-310-x86_64-linux-gnu.so
[1.342s] Listing '/home/tjacobs/ros2_ws/install/agrobot_msgs/lib/python3.10/site-packages/agrobot_msgs'...
[1.343s] Compiling '/home/tjacobs/ros2_ws/install/agrobot_msgs/lib/python3.10/site-packages/agrobot_msgs/__init__.py'...
[1.343s] Listing '/home/tjacobs/ros2_ws/install/agrobot_msgs/lib/python3.10/site-packages/agrobot_msgs/srv'...
[1.346s] -- Up-to-date: /home/tjacobs/ros2_ws/install/agrobot_msgs/lib/python3.10/site-packages/agrobot_msgs/agrobot_msgs_s__rosidl_typesupport_fastrtps_c.cpython-310-x86_64-linux-gnu.so
[1.346s] -- Up-to-date: /home/tjacobs/ros2_ws/install/agrobot_msgs/lib/python3.10/site-packages/agrobot_msgs/agrobot_msgs_s__rosidl_typesupport_introspection_c.cpython-310-x86_64-linux-gnu.so
[1.347s] -- Up-to-date: /home/tjacobs/ros2_ws/install/agrobot_msgs/lib/python3.10/site-packages/agrobot_msgs/agrobot_msgs_s__rosidl_typesupport_c.cpython-310-x86_64-linux-gnu.so
[1.347s] -- Up-to-date: /home/tjacobs/ros2_ws/install/agrobot_msgs/lib/libagrobot_msgs__rosidl_generator_py.so
[1.348s] -- Up-to-date: /home/tjacobs/ros2_ws/install/agrobot_msgs/share/agrobot_msgs/srv/SimCropLocation.idl
[1.348s] -- Up-to-date: /home/tjacobs/ros2_ws/install/agrobot_msgs/share/agrobot_msgs/srv/SimCropLocation.srv
[1.348s] -- Up-to-date: /home/tjacobs/ros2_ws/install/agrobot_msgs/share/agrobot_msgs/srv/SimCropLocation_Request.msg
[1.348s] -- Up-to-date: /home/tjacobs/ros2_ws/install/agrobot_msgs/share/agrobot_msgs/srv/SimCropLocation_Response.msg
[1.348s] -- Up-to-date: /home/tjacobs/ros2_ws/install/agrobot_msgs/share/ament_index/resource_index/package_run_dependencies/agrobot_msgs
[1.349s] -- Installing: /home/tjacobs/ros2_ws/install/agrobot_msgs/share/ament_index/resource_index/parent_prefix_path/agrobot_msgs
[1.349s] -- Up-to-date: /home/tjacobs/ros2_ws/install/agrobot_msgs/share/agrobot_msgs/environment/ament_prefix_path.sh
[1.349s] -- Up-to-date: /home/tjacobs/ros2_ws/install/agrobot_msgs/share/agrobot_msgs/environment/ament_prefix_path.dsv
[1.349s] -- Up-to-date: /home/tjacobs/ros2_ws/install/agrobot_msgs/share/agrobot_msgs/environment/path.sh
[1.349s] -- Up-to-date: /home/tjacobs/ros2_ws/install/agrobot_msgs/share/agrobot_msgs/environment/path.dsv
[1.349s] -- Up-to-date: /home/tjacobs/ros2_ws/install/agrobot_msgs/share/agrobot_msgs/local_setup.bash
[1.350s] -- Up-to-date: /home/tjacobs/ros2_ws/install/agrobot_msgs/share/agrobot_msgs/local_setup.sh
[1.350s] -- Up-to-date: /home/tjacobs/ros2_ws/install/agrobot_msgs/share/agrobot_msgs/local_setup.zsh
[1.350s] -- Up-to-date: /home/tjacobs/ros2_ws/install/agrobot_msgs/share/agrobot_msgs/local_setup.dsv
[1.350s] -- Installing: /home/tjacobs/ros2_ws/install/agrobot_msgs/share/agrobot_msgs/package.dsv
[1.350s] -- Up-to-date: /home/tjacobs/ros2_ws/install/agrobot_msgs/share/ament_index/resource_index/packages/agrobot_msgs
[1.350s] -- Up-to-date: /home/tjacobs/ros2_ws/install/agrobot_msgs/share/agrobot_msgs/cmake/export_agrobot_msgs__rosidl_generator_cExport.cmake
[1.350s] -- Up-to-date: /home/tjacobs/ros2_ws/install/agrobot_msgs/share/agrobot_msgs/cmake/export_agrobot_msgs__rosidl_generator_cExport-noconfig.cmake
[1.350s] -- Up-to-date: /home/tjacobs/ros2_ws/install/agrobot_msgs/share/agrobot_msgs/cmake/export_agrobot_msgs__rosidl_typesupport_fastrtps_cExport.cmake
[1.351s] -- Up-to-date: /home/tjacobs/ros2_ws/install/agrobot_msgs/share/agrobot_msgs/cmake/export_agrobot_msgs__rosidl_typesupport_fastrtps_cExport-noconfig.cmake
[1.351s] -- Up-to-date: /home/tjacobs/ros2_ws/install/agrobot_msgs/share/agrobot_msgs/cmake/agrobot_msgs__rosidl_typesupport_introspection_cExport.cmake
[1.351s] -- Up-to-date: /home/tjacobs/ros2_ws/install/agrobot_msgs/share/agrobot_msgs/cmake/agrobot_msgs__rosidl_typesupport_introspection_cExport-noconfig.cmake
[1.351s] -- Up-to-date: /home/tjacobs/ros2_ws/install/agrobot_msgs/share/agrobot_msgs/cmake/agrobot_msgs__rosidl_typesupport_cExport.cmake
[1.351s] -- Up-to-date: /home/tjacobs/ros2_ws/install/agrobot_msgs/share/agrobot_msgs/cmake/agrobot_msgs__rosidl_typesupport_cExport-noconfig.cmake
[1.351s] -- Up-to-date: /home/tjacobs/ros2_ws/install/agrobot_msgs/share/agrobot_msgs/cmake/export_agrobot_msgs__rosidl_generator_cppExport.cmake
[1.351s] -- Up-to-date: /home/tjacobs/ros2_ws/install/agrobot_msgs/share/agrobot_msgs/cmake/export_agrobot_msgs__rosidl_typesupport_fastrtps_cppExport.cmake
[1.351s] -- Up-to-date: /home/tjacobs/ros2_ws/install/agrobot_msgs/share/agrobot_msgs/cmake/export_agrobot_msgs__rosidl_typesupport_fastrtps_cppExport-noconfig.cmake
[1.352s] -- Up-to-date: /home/tjacobs/ros2_ws/install/agrobot_msgs/share/agrobot_msgs/cmake/agrobot_msgs__rosidl_typesupport_introspection_cppExport.cmake
[1.352s] -- Up-to-date: /home/tjacobs/ros2_ws/install/agrobot_msgs/share/agrobot_msgs/cmake/agrobot_msgs__rosidl_typesupport_introspection_cppExport-noconfig.cmake
[1.352s] -- Up-to-date: /home/tjacobs/ros2_ws/install/agrobot_msgs/share/agrobot_msgs/cmake/agrobot_msgs__rosidl_typesupport_cppExport.cmake
[1.352s] -- Up-to-date: /home/tjacobs/ros2_ws/install/agrobot_msgs/share/agrobot_msgs/cmake/agrobot_msgs__rosidl_typesupport_cppExport-noconfig.cmake
[1.352s] -- Up-to-date: /home/tjacobs/ros2_ws/install/agrobot_msgs/share/agrobot_msgs/cmake/export_agrobot_msgs__rosidl_generator_pyExport.cmake
[1.352s] -- Up-to-date: /home/tjacobs/ros2_ws/install/agrobot_msgs/share/agrobot_msgs/cmake/export_agrobot_msgs__rosidl_generator_pyExport-noconfig.cmake
[1.352s] -- Up-to-date: /home/tjacobs/ros2_ws/install/agrobot_msgs/share/agrobot_msgs/cmake/rosidl_cmake-extras.cmake
[1.352s] -- Up-to-date: /home/tjacobs/ros2_ws/install/agrobot_msgs/share/agrobot_msgs/cmake/ament_cmake_export_dependencies-extras.cmake
[1.353s] -- Up-to-date: /home/tjacobs/ros2_ws/install/agrobot_msgs/share/agrobot_msgs/cmake/ament_cmake_export_include_directories-extras.cmake
[1.353s] -- Up-to-date: /home/tjacobs/ros2_ws/install/agrobot_msgs/share/agrobot_msgs/cmake/ament_cmake_export_libraries-extras.cmake
[1.353s] -- Up-to-date: /home/tjacobs/ros2_ws/install/agrobot_msgs/share/agrobot_msgs/cmake/ament_cmake_export_targets-extras.cmake
[1.353s] -- Up-to-date: /home/tjacobs/ros2_ws/install/agrobot_msgs/share/agrobot_msgs/cmake/rosidl_cmake_export_typesupport_targets-extras.cmake
[1.353s] -- Up-to-date: /home/tjacobs/ros2_ws/install/agrobot_msgs/share/agrobot_msgs/cmake/rosidl_cmake_export_typesupport_libraries-extras.cmake
[1.353s] -- Up-to-date: /home/tjacobs/ros2_ws/install/agrobot_msgs/share/agrobot_msgs/cmake/agrobot_msgsConfig.cmake
[1.353s] -- Up-to-date: /home/tjacobs/ros2_ws/install/agrobot_msgs/share/agrobot_msgs/cmake/agrobot_msgsConfig-version.cmake
[1.353s] -- Up-to-date: /home/tjacobs/ros2_ws/install/agrobot_msgs/share/agrobot_msgs/package.xml
[1.355s] Invoked command in '/home/tjacobs/ros2_ws/build/agrobot_msgs' returned '0': CMAKE_PREFIX_PATH=/opt/ros/iron /usr/bin/cmake --install /home/tjacobs/ros2_ws/build/agrobot_msgs
