[3.097s] DEBUG:colcon:Command line arguments: ['/usr/bin/colcon', 'build', '--packages-select', 'agrobot_pkg']
[3.098s] DEBUG:colcon:Parsed command line arguments: Namespace(log_base=None, log_level=None, verb_name='build', build_base='build', install_base='install', merge_install=False, symlink_install=False, test_result_base=None, continue_on_error=False, executor='parallel', parallel_workers=8, event_handlers=None, ignore_user_meta=False, metas=['./colcon.meta'], base_paths=['.'], packages_ignore=None, packages_ignore_regex=None, paths=None, packages_up_to=None, packages_up_to_regex=None, packages_above=None, packages_above_and_dependencies=None, packages_above_depth=None, packages_select_by_dep=None, packages_skip_by_dep=None, packages_skip_up_to=None, packages_select_build_failed=False, packages_skip_build_finished=False, packages_select_test_failures=False, packages_skip_test_passed=False, packages_select=['agrobot_pkg'], packages_skip=None, packages_select_regex=None, packages_skip_regex=None, packages_start=None, packages_end=None, allow_overriding=[], cmake_args=None, cmake_target=None, cmake_target_skip_unavailable=False, cmake_clean_cache=False, cmake_clean_first=False, cmake_force_configure=False, ament_cmake_args=None, catkin_cmake_args=None, catkin_skip_building_tests=False, verb_parser=<colcon_defaults.argument_parser.defaults.DefaultArgumentsDecorator object at 0x7fb033ebb070>, verb_extension=<colcon_core.verb.build.BuildVerb object at 0x7fb0343cb880>, main=<bound method BuildVerb.main of <colcon_core.verb.build.BuildVerb object at 0x7fb0343cb880>>)
[3.212s] Level 1:colcon.colcon_core.package_discovery:discover_packages(colcon_meta) check parameters
[3.212s] Level 1:colcon.colcon_core.package_discovery:discover_packages(recursive) check parameters
[3.212s] Level 1:colcon.colcon_core.package_discovery:discover_packages(ignore) check parameters
[3.212s] Level 1:colcon.colcon_core.package_discovery:discover_packages(path) check parameters
[3.212s] Level 1:colcon.colcon_core.package_discovery:discover_packages(colcon_meta) discover
[3.213s] Level 1:colcon.colcon_core.package_discovery:discover_packages(recursive) discover
[3.213s] INFO:colcon.colcon_core.package_discovery:Crawling recursively for packages in '/home/tjacobs/ros2_ws'
[3.213s] Level 1:colcon.colcon_core.package_identification:_identify(.) by extensions ['ignore', 'ignore_ament_install']
[3.213s] Level 1:colcon.colcon_core.package_identification:_identify(.) by extension 'ignore'
[3.213s] Level 1:colcon.colcon_core.package_identification:_identify(.) by extension 'ignore_ament_install'
[3.213s] Level 1:colcon.colcon_core.package_identification:_identify(.) by extensions ['colcon_pkg']
[3.213s] Level 1:colcon.colcon_core.package_identification:_identify(.) by extension 'colcon_pkg'
[3.213s] Level 1:colcon.colcon_core.package_identification:_identify(.) by extensions ['colcon_meta']
[3.214s] Level 1:colcon.colcon_core.package_identification:_identify(.) by extension 'colcon_meta'
[3.214s] Level 1:colcon.colcon_core.package_identification:_identify(.) by extensions ['ros']
[3.214s] Level 1:colcon.colcon_core.package_identification:_identify(.) by extension 'ros'
[3.237s] Level 1:colcon.colcon_core.package_identification:_identify(.) by extensions ['cmake', 'python']
[3.237s] Level 1:colcon.colcon_core.package_identification:_identify(.) by extension 'cmake'
[3.237s] Level 1:colcon.colcon_core.package_identification:_identify(.) by extension 'python'
[3.238s] Level 1:colcon.colcon_core.package_identification:_identify(.) by extensions ['python_setup_py']
[3.238s] Level 1:colcon.colcon_core.package_identification:_identify(.) by extension 'python_setup_py'
[3.238s] Level 1:colcon.colcon_core.package_identification:_identify(build) by extensions ['ignore', 'ignore_ament_install']
[3.238s] Level 1:colcon.colcon_core.package_identification:_identify(build) by extension 'ignore'
[3.238s] Level 1:colcon.colcon_core.package_identification:_identify(build) ignored
[3.238s] Level 1:colcon.colcon_core.package_identification:_identify(install) by extensions ['ignore', 'ignore_ament_install']
[3.239s] Level 1:colcon.colcon_core.package_identification:_identify(install) by extension 'ignore'
[3.239s] Level 1:colcon.colcon_core.package_identification:_identify(install) ignored
[3.239s] Level 1:colcon.colcon_core.package_identification:_identify(log) by extensions ['ignore', 'ignore_ament_install']
[3.239s] Level 1:colcon.colcon_core.package_identification:_identify(log) by extension 'ignore'
[3.239s] Level 1:colcon.colcon_core.package_identification:_identify(log) ignored
[3.240s] Level 1:colcon.colcon_core.package_identification:_identify(src) by extensions ['ignore', 'ignore_ament_install']
[3.240s] Level 1:colcon.colcon_core.package_identification:_identify(src) by extension 'ignore'
[3.240s] Level 1:colcon.colcon_core.package_identification:_identify(src) by extension 'ignore_ament_install'
[3.240s] Level 1:colcon.colcon_core.package_identification:_identify(src) by extensions ['colcon_pkg']
[3.240s] Level 1:colcon.colcon_core.package_identification:_identify(src) by extension 'colcon_pkg'
[3.240s] Level 1:colcon.colcon_core.package_identification:_identify(src) by extensions ['colcon_meta']
[3.240s] Level 1:colcon.colcon_core.package_identification:_identify(src) by extension 'colcon_meta'
[3.240s] Level 1:colcon.colcon_core.package_identification:_identify(src) by extensions ['ros']
[3.240s] Level 1:colcon.colcon_core.package_identification:_identify(src) by extension 'ros'
[3.241s] Level 1:colcon.colcon_core.package_identification:_identify(src) by extensions ['cmake', 'python']
[3.241s] Level 1:colcon.colcon_core.package_identification:_identify(src) by extension 'cmake'
[3.241s] Level 1:colcon.colcon_core.package_identification:_identify(src) by extension 'python'
[3.241s] Level 1:colcon.colcon_core.package_identification:_identify(src) by extensions ['python_setup_py']
[3.241s] Level 1:colcon.colcon_core.package_identification:_identify(src) by extension 'python_setup_py'
[3.241s] Level 1:colcon.colcon_core.package_identification:_identify(src/agrobot_pkg) by extensions ['ignore', 'ignore_ament_install']
[3.241s] Level 1:colcon.colcon_core.package_identification:_identify(src/agrobot_pkg) by extension 'ignore'
[3.241s] Level 1:colcon.colcon_core.package_identification:_identify(src/agrobot_pkg) by extension 'ignore_ament_install'
[3.242s] Level 1:colcon.colcon_core.package_identification:_identify(src/agrobot_pkg) by extensions ['colcon_pkg']
[3.242s] Level 1:colcon.colcon_core.package_identification:_identify(src/agrobot_pkg) by extension 'colcon_pkg'
[3.242s] Level 1:colcon.colcon_core.package_identification:_identify(src/agrobot_pkg) by extensions ['colcon_meta']
[3.242s] Level 1:colcon.colcon_core.package_identification:_identify(src/agrobot_pkg) by extension 'colcon_meta'
[3.242s] Level 1:colcon.colcon_core.package_identification:_identify(src/agrobot_pkg) by extensions ['ros']
[3.242s] Level 1:colcon.colcon_core.package_identification:_identify(src/agrobot_pkg) by extension 'ros'
[3.248s] DEBUG:colcon.colcon_core.package_identification:Package 'src/agrobot_pkg' with type 'ros.ament_python' and name 'agrobot_pkg'
[3.248s] Level 1:colcon.colcon_core.package_identification:_identify(src/my_package) by extensions ['ignore', 'ignore_ament_install']
[3.248s] Level 1:colcon.colcon_core.package_identification:_identify(src/my_package) by extension 'ignore'
[3.248s] Level 1:colcon.colcon_core.package_identification:_identify(src/my_package) by extension 'ignore_ament_install'
[3.248s] Level 1:colcon.colcon_core.package_identification:_identify(src/my_package) by extensions ['colcon_pkg']
[3.249s] Level 1:colcon.colcon_core.package_identification:_identify(src/my_package) by extension 'colcon_pkg'
[3.249s] Level 1:colcon.colcon_core.package_identification:_identify(src/my_package) by extensions ['colcon_meta']
[3.249s] Level 1:colcon.colcon_core.package_identification:_identify(src/my_package) by extension 'colcon_meta'
[3.249s] Level 1:colcon.colcon_core.package_identification:_identify(src/my_package) by extensions ['ros']
[3.249s] Level 1:colcon.colcon_core.package_identification:_identify(src/my_package) by extension 'ros'
[3.250s] DEBUG:colcon.colcon_core.package_identification:Package 'src/my_package' with type 'ros.ament_python' and name 'my_package'
[3.250s] Level 1:colcon.colcon_core.package_discovery:discover_packages(recursive) using defaults
[3.250s] Level 1:colcon.colcon_core.package_discovery:discover_packages(ignore) discover
[3.251s] Level 1:colcon.colcon_core.package_discovery:discover_packages(ignore) using defaults
[3.251s] Level 1:colcon.colcon_core.package_discovery:discover_packages(path) discover
[3.251s] Level 1:colcon.colcon_core.package_discovery:discover_packages(path) using defaults
[3.405s] INFO:colcon.colcon_core.package_selection:Skipping not selected package 'my_package' in 'src/my_package'
[3.477s] Level 1:colcon.colcon_core.package_discovery:discover_packages(prefix_path) check parameters
[3.477s] Level 1:colcon.colcon_core.package_discovery:discover_packages(prefix_path) discover
[3.550s] DEBUG:colcon.colcon_installed_package_information.package_discovery:Found 2 installed packages in /home/tjacobs/ros2_ws/install
[3.588s] DEBUG:colcon.colcon_installed_package_information.package_discovery:Found 314 installed packages in /opt/ros/iron
[3.591s] Level 1:colcon.colcon_core.package_discovery:discover_packages(prefix_path) using defaults
[3.811s] Level 5:colcon.colcon_core.verb:set package 'agrobot_pkg' build argument 'cmake_args' from command line to 'None'
[3.811s] Level 5:colcon.colcon_core.verb:set package 'agrobot_pkg' build argument 'cmake_target' from command line to 'None'
[3.811s] Level 5:colcon.colcon_core.verb:set package 'agrobot_pkg' build argument 'cmake_target_skip_unavailable' from command line to 'False'
[3.811s] Level 5:colcon.colcon_core.verb:set package 'agrobot_pkg' build argument 'cmake_clean_cache' from command line to 'False'
[3.811s] Level 5:colcon.colcon_core.verb:set package 'agrobot_pkg' build argument 'cmake_clean_first' from command line to 'False'
[3.811s] Level 5:colcon.colcon_core.verb:set package 'agrobot_pkg' build argument 'cmake_force_configure' from command line to 'False'
[3.811s] Level 5:colcon.colcon_core.verb:set package 'agrobot_pkg' build argument 'ament_cmake_args' from command line to 'None'
[3.811s] Level 5:colcon.colcon_core.verb:set package 'agrobot_pkg' build argument 'catkin_cmake_args' from command line to 'None'
[3.811s] Level 5:colcon.colcon_core.verb:set package 'agrobot_pkg' build argument 'catkin_skip_building_tests' from command line to 'False'
[3.811s] DEBUG:colcon.colcon_core.verb:Building package 'agrobot_pkg' with the following arguments: {'ament_cmake_args': None, 'build_base': '/home/tjacobs/ros2_ws/build/agrobot_pkg', 'catkin_cmake_args': None, 'catkin_skip_building_tests': False, 'cmake_args': None, 'cmake_clean_cache': False, 'cmake_clean_first': False, 'cmake_force_configure': False, 'cmake_target': None, 'cmake_target_skip_unavailable': False, 'install_base': '/home/tjacobs/ros2_ws/install/agrobot_pkg', 'merge_install': False, 'path': '/home/tjacobs/ros2_ws/src/agrobot_pkg', 'symlink_install': False, 'test_result_base': None}
[3.845s] INFO:colcon.colcon_core.executor:Executing jobs using 'parallel' executor
[3.880s] DEBUG:colcon.colcon_parallel_executor.executor.parallel:run_until_complete
[3.880s] INFO:colcon.colcon_ros.task.ament_python.build:Building ROS package in '/home/tjacobs/ros2_ws/src/agrobot_pkg' with build type 'ament_python'
[3.881s] Level 1:colcon.colcon_core.shell:create_environment_hook('agrobot_pkg', 'ament_prefix_path')
[3.922s] INFO:colcon.colcon_core.plugin_system:Skipping extension 'colcon_core.shell.bat': Not used on non-Windows systems
[3.923s] INFO:colcon.colcon_core.shell:Creating environment hook '/home/tjacobs/ros2_ws/install/agrobot_pkg/share/agrobot_pkg/hook/ament_prefix_path.ps1'
[3.924s] INFO:colcon.colcon_core.shell:Creating environment descriptor '/home/tjacobs/ros2_ws/install/agrobot_pkg/share/agrobot_pkg/hook/ament_prefix_path.dsv'
[3.925s] INFO:colcon.colcon_core.shell:Creating environment hook '/home/tjacobs/ros2_ws/install/agrobot_pkg/share/agrobot_pkg/hook/ament_prefix_path.sh'
[3.965s] INFO:colcon.colcon_core.shell:Skip shell extension 'powershell' for command environment: Not usable outside of PowerShell
[3.965s] DEBUG:colcon.colcon_core.shell:Skip shell extension 'dsv' for command environment
[4.659s] INFO:colcon.colcon_core.task.python.build:Building Python package in '/home/tjacobs/ros2_ws/src/agrobot_pkg'
[4.703s] INFO:colcon.colcon_core.shell:Skip shell extension 'powershell' for command environment: Not usable outside of PowerShell
[4.703s] DEBUG:colcon.colcon_core.shell:Skip shell extension 'dsv' for command environment
[5.597s] DEBUG:colcon.colcon_core.event_handler.log_command:Invoking command in '/home/tjacobs/ros2_ws/src/agrobot_pkg': PYTHONPATH=/home/tjacobs/ros2_ws/build/agrobot_pkg/prefix_override:/home/tjacobs/ros2_ws/install/agrobot_pkg/lib/python3.10/site-packages:${PYTHONPATH} /usr/bin/python3 setup.py egg_info --egg-base ../../build/agrobot_pkg build --build-base /home/tjacobs/ros2_ws/build/agrobot_pkg/build install --record /home/tjacobs/ros2_ws/build/agrobot_pkg/install.log --single-version-externally-managed
[6.244s] DEBUG:colcon.colcon_core.event_handler.log_command:Invoked command in '/home/tjacobs/ros2_ws/src/agrobot_pkg' returned '0': PYTHONPATH=/home/tjacobs/ros2_ws/build/agrobot_pkg/prefix_override:/home/tjacobs/ros2_ws/install/agrobot_pkg/lib/python3.10/site-packages:${PYTHONPATH} /usr/bin/python3 setup.py egg_info --egg-base ../../build/agrobot_pkg build --build-base /home/tjacobs/ros2_ws/build/agrobot_pkg/build install --record /home/tjacobs/ros2_ws/build/agrobot_pkg/install.log --single-version-externally-managed
[6.297s] Level 1:colcon.colcon_core.environment:checking '/home/tjacobs/ros2_ws/install/agrobot_pkg' for CMake module files
[6.299s] Level 1:colcon.colcon_core.environment:checking '/home/tjacobs/ros2_ws/install/agrobot_pkg' for CMake config files
[6.301s] Level 1:colcon.colcon_core.environment:checking '/home/tjacobs/ros2_ws/install/agrobot_pkg/lib'
[6.301s] Level 1:colcon.colcon_core.environment:checking '/home/tjacobs/ros2_ws/install/agrobot_pkg/bin'
[6.301s] Level 1:colcon.colcon_core.environment:checking '/home/tjacobs/ros2_ws/install/agrobot_pkg/lib/pkgconfig/agrobot_pkg.pc'
[6.302s] Level 1:colcon.colcon_core.environment:checking '/home/tjacobs/ros2_ws/install/agrobot_pkg/lib/python3.10/site-packages'
[6.302s] Level 1:colcon.colcon_core.shell:create_environment_hook('agrobot_pkg', 'pythonpath')
[6.341s] INFO:colcon.colcon_core.shell:Creating environment hook '/home/tjacobs/ros2_ws/install/agrobot_pkg/share/agrobot_pkg/hook/pythonpath.ps1'
[6.341s] INFO:colcon.colcon_core.shell:Creating environment descriptor '/home/tjacobs/ros2_ws/install/agrobot_pkg/share/agrobot_pkg/hook/pythonpath.dsv'
[6.342s] INFO:colcon.colcon_core.shell:Creating environment hook '/home/tjacobs/ros2_ws/install/agrobot_pkg/share/agrobot_pkg/hook/pythonpath.sh'
[6.343s] Level 1:colcon.colcon_core.environment:checking '/home/tjacobs/ros2_ws/install/agrobot_pkg/bin'
[6.343s] Level 1:colcon.colcon_core.environment:create_environment_scripts_only(agrobot_pkg)
[6.381s] INFO:colcon.colcon_core.shell:Creating package script '/home/tjacobs/ros2_ws/install/agrobot_pkg/share/agrobot_pkg/package.ps1'
[6.382s] INFO:colcon.colcon_core.shell:Creating package descriptor '/home/tjacobs/ros2_ws/install/agrobot_pkg/share/agrobot_pkg/package.dsv'
[6.384s] INFO:colcon.colcon_core.shell:Creating package script '/home/tjacobs/ros2_ws/install/agrobot_pkg/share/agrobot_pkg/package.sh'
[6.385s] INFO:colcon.colcon_core.shell:Creating package script '/home/tjacobs/ros2_ws/install/agrobot_pkg/share/agrobot_pkg/package.bash'
[6.386s] INFO:colcon.colcon_core.shell:Creating package script '/home/tjacobs/ros2_ws/install/agrobot_pkg/share/agrobot_pkg/package.zsh'
[6.388s] Level 1:colcon.colcon_core.environment:create_file_with_runtime_dependencies(/home/tjacobs/ros2_ws/install/agrobot_pkg/share/colcon-core/packages/agrobot_pkg)
[6.388s] DEBUG:colcon.colcon_parallel_executor.executor.parallel:closing loop
[6.389s] DEBUG:colcon.colcon_parallel_executor.executor.parallel:loop closed
[6.389s] DEBUG:colcon.colcon_parallel_executor.executor.parallel:run_until_complete finished with '0'
[6.390s] DEBUG:colcon.colcon_core.event_reactor:joining thread
[6.439s] INFO:colcon.colcon_core.plugin_system:Skipping extension 'colcon_notification.desktop_notification.terminal_notifier': Not used on non-Darwin systems
[6.440s] INFO:colcon.colcon_core.plugin_system:Skipping extension 'colcon_notification.desktop_notification.win32': Not used on non-Windows systems
[6.440s] INFO:colcon.colcon_notification.desktop_notification:Sending desktop notification using 'notify2'
[6.463s] DEBUG:colcon.colcon_core.event_reactor:joined thread
[6.510s] INFO:colcon.colcon_core.shell:Creating prefix script '/home/tjacobs/ros2_ws/install/local_setup.ps1'
[6.512s] INFO:colcon.colcon_core.shell:Creating prefix util module '/home/tjacobs/ros2_ws/install/_local_setup_util_ps1.py'
[6.515s] INFO:colcon.colcon_core.shell:Creating prefix chain script '/home/tjacobs/ros2_ws/install/setup.ps1'
[6.556s] INFO:colcon.colcon_core.shell:Creating prefix script '/home/tjacobs/ros2_ws/install/local_setup.sh'
[6.557s] INFO:colcon.colcon_core.shell:Creating prefix util module '/home/tjacobs/ros2_ws/install/_local_setup_util_sh.py'
[6.558s] INFO:colcon.colcon_core.shell:Creating prefix chain script '/home/tjacobs/ros2_ws/install/setup.sh'
[6.597s] INFO:colcon.colcon_core.shell:Creating prefix script '/home/tjacobs/ros2_ws/install/local_setup.bash'
[6.598s] INFO:colcon.colcon_core.shell:Creating prefix chain script '/home/tjacobs/ros2_ws/install/setup.bash'
[6.636s] INFO:colcon.colcon_core.shell:Creating prefix script '/home/tjacobs/ros2_ws/install/local_setup.zsh'
[6.637s] INFO:colcon.colcon_core.shell:Creating prefix chain script '/home/tjacobs/ros2_ws/install/setup.zsh'
