-- Found ament_cmake: 2.0.3 (/opt/ros/iron/share/ament_cmake/cmake)
-- Found rosidl_default_generators: 1.5.0 (/opt/ros/iron/share/rosidl_default_generators/cmake)
-- Using all available rosidl_typesupport_c: rosidl_typesupport_fastrtps_c;rosidl_typesupport_introspection_c
-- Using all available rosidl_typesupport_cpp: rosidl_typesupport_fastrtps_cpp;rosidl_typesupport_introspection_cpp
-- Found rosidl_adapter: 4.0.1 (/opt/ros/iron/share/rosidl_adapter/cmake)
-- Found ament_cmake_ros: 0.11.2 (/opt/ros/iron/share/ament_cmake_ros/cmake)
-- Using all available rosidl_typesupport_c: rosidl_typesupport_fastrtps_c;rosidl_typesupport_introspection_c
-- Using all available rosidl_typesupport_cpp: rosidl_typesupport_fastrtps_cpp;rosidl_typesupport_introspection_cpp
-- Found PythonInterp: /usr/bin/python3 (found suitable version "3.10.12", minimum required is "3.6") 
-- Found python_cmake_module: 0.10.2 (/opt/ros/iron/share/python_cmake_module/cmake)
-- Found PythonLibs: /usr/lib/x86_64-linux-gnu/libpython3.10.so (found suitable version "3.10.12", minimum required is "3.5") 
-- Using PYTHON_EXECUTABLE: /usr/bin/python3
-- Using PYTHON_INCLUDE_DIRS: /usr/include/python3.10
-- Using PYTHON_LIBRARIES: /usr/lib/x86_64-linux-gnu/libpython3.10.so
-- Found PythonExtra: .so  
-- Found ament_lint_auto: 0.14.2 (/opt/ros/iron/share/ament_lint_auto/cmake)
-- Added test 'lint_cmake' to check CMake code style
-- Added test 'xmllint' to check XML markup files
-- Configuring done
-- Generating done
-- Build files have been written to: /home/tjacobs/ros2_ws/build/agrobot_msgs
[  2%] [34m[1mGenerating type hashes for ROS interfaces[0m
[  2%] Built target ament_cmake_python_copy_agrobot_msgs
[  2%] Built target agrobot_msgs__rosidl_generator_type_description
[  5%] [34m[1mGenerating C code for ROS interfaces[0m
[  8%] [34m[1mGenerating C++ code for ROS interfaces[0m
running egg_info
creating agrobot_msgs.egg-info
writing agrobot_msgs.egg-info/PKG-INFO
writing dependency_links to agrobot_msgs.egg-info/dependency_links.txt
writing top-level names to agrobot_msgs.egg-info/top_level.txt
writing manifest file 'agrobot_msgs.egg-info/SOURCES.txt'
reading manifest file 'agrobot_msgs.egg-info/SOURCES.txt'
writing manifest file 'agrobot_msgs.egg-info/SOURCES.txt'
[  8%] Built target ament_cmake_python_build_agrobot_msgs_egg
[  8%] Built target agrobot_msgs__cpp
[ 17%] [32mBuilding C object CMakeFiles/agrobot_msgs__rosidl_generator_c.dir/rosidl_generator_c/agrobot_msgs/srv/detail/sim_crop_location__functions.c.o[0m
[ 17%] [32mBuilding C object CMakeFiles/agrobot_msgs__rosidl_generator_c.dir/rosidl_generator_c/agrobot_msgs/srv/detail/sim_crop_location__type_support.c.o[0m
[ 17%] [32mBuilding C object CMakeFiles/agrobot_msgs__rosidl_generator_c.dir/rosidl_generator_c/agrobot_msgs/srv/detail/sim_crop_location__description.c.o[0m
[ 20%] [32m[1mLinking C shared library libagrobot_msgs__rosidl_generator_c.so[0m
[ 20%] Built target agrobot_msgs__rosidl_generator_c
[ 26%] [34m[1mGenerating C introspection for ROS interfaces[0m
[ 26%] [34m[1mGenerating C type support for eProsima Fast-RTPS[0m
[ 29%] [34m[1mGenerating C++ type support dispatch for ROS interfaces[0m
[ 35%] [34m[1mGenerating C type support dispatch for ROS interfaces[0m
[ 35%] [34m[1mGenerating C++ type support for eProsima Fast-RTPS[0m
[ 38%] [34m[1mGenerating C++ introspection for ROS interfaces[0m
[ 41%] [32mBuilding C object CMakeFiles/agrobot_msgs__rosidl_typesupport_introspection_c.dir/rosidl_typesupport_introspection_c/agrobot_msgs/srv/detail/sim_crop_location__type_support.c.o[0m
[ 44%] [32mBuilding CXX object CMakeFiles/agrobot_msgs__rosidl_typesupport_fastrtps_c.dir/rosidl_typesupport_fastrtps_c/agrobot_msgs/srv/detail/sim_crop_location__type_support_c.cpp.o[0m
[ 47%] [32m[1mLinking C shared library libagrobot_msgs__rosidl_typesupport_introspection_c.so[0m
[ 47%] Built target agrobot_msgs__rosidl_typesupport_introspection_c
[ 50%] [32mBuilding CXX object CMakeFiles/agrobot_msgs__rosidl_typesupport_c.dir/rosidl_typesupport_c/agrobot_msgs/srv/sim_crop_location__type_support.cpp.o[0m
[ 52%] [32mBuilding CXX object CMakeFiles/agrobot_msgs__rosidl_typesupport_cpp.dir/rosidl_typesupport_cpp/agrobot_msgs/srv/sim_crop_location__type_support.cpp.o[0m
[ 55%] [32m[1mLinking CXX shared library libagrobot_msgs__rosidl_typesupport_c.so[0m
[ 58%] [32mBuilding CXX object CMakeFiles/agrobot_msgs__rosidl_typesupport_introspection_cpp.dir/rosidl_typesupport_introspection_cpp/agrobot_msgs/srv/detail/sim_crop_location__type_support.cpp.o[0m
[ 61%] [32mBuilding CXX object CMakeFiles/agrobot_msgs__rosidl_typesupport_fastrtps_cpp.dir/rosidl_typesupport_fastrtps_cpp/agrobot_msgs/srv/detail/dds_fastrtps/sim_crop_location__type_support.cpp.o[0m
[ 61%] Built target agrobot_msgs__rosidl_typesupport_c
[ 64%] [32m[1mLinking CXX shared library libagrobot_msgs__rosidl_typesupport_fastrtps_c.so[0m
[ 64%] Built target agrobot_msgs__rosidl_typesupport_fastrtps_c
[ 67%] [32m[1mLinking CXX shared library libagrobot_msgs__rosidl_typesupport_cpp.so[0m
[ 67%] Built target agrobot_msgs__rosidl_typesupport_cpp
[ 70%] [32m[1mLinking CXX shared library libagrobot_msgs__rosidl_typesupport_introspection_cpp.so[0m
[ 70%] Built target agrobot_msgs__rosidl_typesupport_introspection_cpp
[ 73%] [32m[1mLinking CXX shared library libagrobot_msgs__rosidl_typesupport_fastrtps_cpp.so[0m
[ 73%] Built target agrobot_msgs__rosidl_typesupport_fastrtps_cpp
[ 73%] Built target agrobot_msgs
[ 76%] [34m[1mGenerating Python code for ROS interfaces[0m
[ 76%] Built target agrobot_msgs__py
[ 79%] [32mBuilding C object CMakeFiles/agrobot_msgs__rosidl_generator_py.dir/rosidl_generator_py/agrobot_msgs/srv/_sim_crop_location_s.c.o[0m
[ 82%] [32m[1mLinking C shared library rosidl_generator_py/agrobot_msgs/libagrobot_msgs__rosidl_generator_py.so[0m
[ 82%] Built target agrobot_msgs__rosidl_generator_py
[ 91%] [32mBuilding C object CMakeFiles/agrobot_msgs__rosidl_typesupport_c__pyext.dir/rosidl_generator_py/agrobot_msgs/_agrobot_msgs_s.ep.rosidl_typesupport_c.c.o[0m
[ 91%] [32mBuilding C object CMakeFiles/agrobot_msgs__rosidl_typesupport_introspection_c__pyext.dir/rosidl_generator_py/agrobot_msgs/_agrobot_msgs_s.ep.rosidl_typesupport_introspection_c.c.o[0m
[ 91%] [32mBuilding C object CMakeFiles/agrobot_msgs__rosidl_typesupport_fastrtps_c__pyext.dir/rosidl_generator_py/agrobot_msgs/_agrobot_msgs_s.ep.rosidl_typesupport_fastrtps_c.c.o[0m
[100%] [32m[1mLinking C shared library rosidl_generator_py/agrobot_msgs/agrobot_msgs_s__rosidl_typesupport_fastrtps_c.cpython-310-x86_64-linux-gnu.so[0m
[100%] [32m[1mLinking C shared library rosidl_generator_py/agrobot_msgs/agrobot_msgs_s__rosidl_typesupport_introspection_c.cpython-310-x86_64-linux-gnu.so[0m
[100%] [32m[1mLinking C shared library rosidl_generator_py/agrobot_msgs/agrobot_msgs_s__rosidl_typesupport_c.cpython-310-x86_64-linux-gnu.so[0m
[100%] Built target agrobot_msgs__rosidl_typesupport_c__pyext
[100%] Built target agrobot_msgs__rosidl_typesupport_fastrtps_c__pyext
[100%] Built target agrobot_msgs__rosidl_typesupport_introspection_c__pyext
-- Install configuration: ""
-- Installing: /home/tjacobs/ros2_ws/install/agrobot_msgs/share/ament_index/resource_index/rosidl_interfaces/agrobot_msgs
-- Installing: /home/tjacobs/ros2_ws/install/agrobot_msgs/share/agrobot_msgs/srv/SimCropLocation.json
-- Installing: /home/tjacobs/ros2_ws/install/agrobot_msgs/include/agrobot_msgs/agrobot_msgs
-- Installing: /home/tjacobs/ros2_ws/install/agrobot_msgs/include/agrobot_msgs/agrobot_msgs/srv
-- Installing: /home/tjacobs/ros2_ws/install/agrobot_msgs/include/agrobot_msgs/agrobot_msgs/srv/sim_crop_location.h
-- Installing: /home/tjacobs/ros2_ws/install/agrobot_msgs/include/agrobot_msgs/agrobot_msgs/srv/detail
-- Installing: /home/tjacobs/ros2_ws/install/agrobot_msgs/include/agrobot_msgs/agrobot_msgs/srv/detail/sim_crop_location__struct.h
-- Installing: /home/tjacobs/ros2_ws/install/agrobot_msgs/include/agrobot_msgs/agrobot_msgs/srv/detail/sim_crop_location__functions.h
-- Installing: /home/tjacobs/ros2_ws/install/agrobot_msgs/include/agrobot_msgs/agrobot_msgs/srv/detail/sim_crop_location__type_support.h
-- Installing: /home/tjacobs/ros2_ws/install/agrobot_msgs/include/agrobot_msgs/agrobot_msgs/srv/detail/sim_crop_location__type_support.c
-- Installing: /home/tjacobs/ros2_ws/install/agrobot_msgs/include/agrobot_msgs/agrobot_msgs/srv/detail/sim_crop_location__functions.c
-- Installing: /home/tjacobs/ros2_ws/install/agrobot_msgs/include/agrobot_msgs/agrobot_msgs/srv/detail/sim_crop_location__description.c
-- Installing: /home/tjacobs/ros2_ws/install/agrobot_msgs/include/agrobot_msgs/agrobot_msgs/msg
-- Installing: /home/tjacobs/ros2_ws/install/agrobot_msgs/include/agrobot_msgs/agrobot_msgs/msg/rosidl_generator_c__visibility_control.h
-- Installing: /home/tjacobs/ros2_ws/install/agrobot_msgs/share/agrobot_msgs/environment/library_path.sh
-- Installing: /home/tjacobs/ros2_ws/install/agrobot_msgs/share/agrobot_msgs/environment/library_path.dsv
-- Installing: /home/tjacobs/ros2_ws/install/agrobot_msgs/lib/libagrobot_msgs__rosidl_generator_c.so
-- Set runtime path of "/home/tjacobs/ros2_ws/install/agrobot_msgs/lib/libagrobot_msgs__rosidl_generator_c.so" to ""
-- Up-to-date: /home/tjacobs/ros2_ws/install/agrobot_msgs/include/agrobot_msgs/agrobot_msgs
-- Up-to-date: /home/tjacobs/ros2_ws/install/agrobot_msgs/include/agrobot_msgs/agrobot_msgs/srv
-- Up-to-date: /home/tjacobs/ros2_ws/install/agrobot_msgs/include/agrobot_msgs/agrobot_msgs/srv/detail
-- Installing: /home/tjacobs/ros2_ws/install/agrobot_msgs/include/agrobot_msgs/agrobot_msgs/srv/detail/sim_crop_location__rosidl_typesupport_fastrtps_c.h
-- Up-to-date: /home/tjacobs/ros2_ws/install/agrobot_msgs/include/agrobot_msgs/agrobot_msgs/msg
-- Installing: /home/tjacobs/ros2_ws/install/agrobot_msgs/include/agrobot_msgs/agrobot_msgs/msg/rosidl_typesupport_fastrtps_c__visibility_control.h
-- Installing: /home/tjacobs/ros2_ws/install/agrobot_msgs/lib/libagrobot_msgs__rosidl_typesupport_fastrtps_c.so
-- Set runtime path of "/home/tjacobs/ros2_ws/install/agrobot_msgs/lib/libagrobot_msgs__rosidl_typesupport_fastrtps_c.so" to ""
-- Up-to-date: /home/tjacobs/ros2_ws/install/agrobot_msgs/include/agrobot_msgs/agrobot_msgs
-- Up-to-date: /home/tjacobs/ros2_ws/install/agrobot_msgs/include/agrobot_msgs/agrobot_msgs/srv
-- Up-to-date: /home/tjacobs/ros2_ws/install/agrobot_msgs/include/agrobot_msgs/agrobot_msgs/srv/detail
-- Installing: /home/tjacobs/ros2_ws/install/agrobot_msgs/include/agrobot_msgs/agrobot_msgs/srv/detail/sim_crop_location__type_support.c
-- Installing: /home/tjacobs/ros2_ws/install/agrobot_msgs/include/agrobot_msgs/agrobot_msgs/srv/detail/sim_crop_location__rosidl_typesupport_introspection_c.h
-- Up-to-date: /home/tjacobs/ros2_ws/install/agrobot_msgs/include/agrobot_msgs/agrobot_msgs/msg
-- Installing: /home/tjacobs/ros2_ws/install/agrobot_msgs/include/agrobot_msgs/agrobot_msgs/msg/rosidl_typesupport_introspection_c__visibility_control.h
-- Installing: /home/tjacobs/ros2_ws/install/agrobot_msgs/lib/libagrobot_msgs__rosidl_typesupport_introspection_c.so
-- Set runtime path of "/home/tjacobs/ros2_ws/install/agrobot_msgs/lib/libagrobot_msgs__rosidl_typesupport_introspection_c.so" to ""
-- Installing: /home/tjacobs/ros2_ws/install/agrobot_msgs/lib/libagrobot_msgs__rosidl_typesupport_c.so
-- Set runtime path of "/home/tjacobs/ros2_ws/install/agrobot_msgs/lib/libagrobot_msgs__rosidl_typesupport_c.so" to ""
-- Up-to-date: /home/tjacobs/ros2_ws/install/agrobot_msgs/include/agrobot_msgs/agrobot_msgs
-- Up-to-date: /home/tjacobs/ros2_ws/install/agrobot_msgs/include/agrobot_msgs/agrobot_msgs/srv
-- Installing: /home/tjacobs/ros2_ws/install/agrobot_msgs/include/agrobot_msgs/agrobot_msgs/srv/sim_crop_location.hpp
-- Up-to-date: /home/tjacobs/ros2_ws/install/agrobot_msgs/include/agrobot_msgs/agrobot_msgs/srv/detail
-- Installing: /home/tjacobs/ros2_ws/install/agrobot_msgs/include/agrobot_msgs/agrobot_msgs/srv/detail/sim_crop_location__struct.hpp
-- Installing: /home/tjacobs/ros2_ws/install/agrobot_msgs/include/agrobot_msgs/agrobot_msgs/srv/detail/sim_crop_location__builder.hpp
-- Installing: /home/tjacobs/ros2_ws/install/agrobot_msgs/include/agrobot_msgs/agrobot_msgs/srv/detail/sim_crop_location__traits.hpp
-- Up-to-date: /home/tjacobs/ros2_ws/install/agrobot_msgs/include/agrobot_msgs/agrobot_msgs
-- Up-to-date: /home/tjacobs/ros2_ws/install/agrobot_msgs/include/agrobot_msgs/agrobot_msgs/srv
-- Up-to-date: /home/tjacobs/ros2_ws/install/agrobot_msgs/include/agrobot_msgs/agrobot_msgs/srv/detail
-- Installing: /home/tjacobs/ros2_ws/install/agrobot_msgs/include/agrobot_msgs/agrobot_msgs/srv/detail/dds_fastrtps
-- Installing: /home/tjacobs/ros2_ws/install/agrobot_msgs/include/agrobot_msgs/agrobot_msgs/srv/detail/sim_crop_location__rosidl_typesupport_fastrtps_cpp.hpp
-- Up-to-date: /home/tjacobs/ros2_ws/install/agrobot_msgs/include/agrobot_msgs/agrobot_msgs/msg
-- Installing: /home/tjacobs/ros2_ws/install/agrobot_msgs/include/agrobot_msgs/agrobot_msgs/msg/rosidl_typesupport_fastrtps_cpp__visibility_control.h
-- Installing: /home/tjacobs/ros2_ws/install/agrobot_msgs/lib/libagrobot_msgs__rosidl_typesupport_fastrtps_cpp.so
-- Set runtime path of "/home/tjacobs/ros2_ws/install/agrobot_msgs/lib/libagrobot_msgs__rosidl_typesupport_fastrtps_cpp.so" to ""
-- Up-to-date: /home/tjacobs/ros2_ws/install/agrobot_msgs/include/agrobot_msgs/agrobot_msgs
-- Up-to-date: /home/tjacobs/ros2_ws/install/agrobot_msgs/include/agrobot_msgs/agrobot_msgs/srv
-- Up-to-date: /home/tjacobs/ros2_ws/install/agrobot_msgs/include/agrobot_msgs/agrobot_msgs/srv/detail
-- Installing: /home/tjacobs/ros2_ws/install/agrobot_msgs/include/agrobot_msgs/agrobot_msgs/srv/detail/sim_crop_location__type_support.cpp
-- Installing: /home/tjacobs/ros2_ws/install/agrobot_msgs/include/agrobot_msgs/agrobot_msgs/srv/detail/sim_crop_location__rosidl_typesupport_introspection_cpp.hpp
-- Installing: /home/tjacobs/ros2_ws/install/agrobot_msgs/lib/libagrobot_msgs__rosidl_typesupport_introspection_cpp.so
-- Set runtime path of "/home/tjacobs/ros2_ws/install/agrobot_msgs/lib/libagrobot_msgs__rosidl_typesupport_introspection_cpp.so" to ""
-- Installing: /home/tjacobs/ros2_ws/install/agrobot_msgs/lib/libagrobot_msgs__rosidl_typesupport_cpp.so
-- Set runtime path of "/home/tjacobs/ros2_ws/install/agrobot_msgs/lib/libagrobot_msgs__rosidl_typesupport_cpp.so" to ""
-- Installing: /home/tjacobs/ros2_ws/install/agrobot_msgs/share/agrobot_msgs/environment/pythonpath.sh
-- Installing: /home/tjacobs/ros2_ws/install/agrobot_msgs/share/agrobot_msgs/environment/pythonpath.dsv
-- Installing: /home/tjacobs/ros2_ws/install/agrobot_msgs/lib/python3.10/site-packages/agrobot_msgs-0.0.0-py3.10.egg-info
-- Installing: /home/tjacobs/ros2_ws/install/agrobot_msgs/lib/python3.10/site-packages/agrobot_msgs-0.0.0-py3.10.egg-info/dependency_links.txt
-- Installing: /home/tjacobs/ros2_ws/install/agrobot_msgs/lib/python3.10/site-packages/agrobot_msgs-0.0.0-py3.10.egg-info/top_level.txt
-- Installing: /home/tjacobs/ros2_ws/install/agrobot_msgs/lib/python3.10/site-packages/agrobot_msgs-0.0.0-py3.10.egg-info/SOURCES.txt
-- Installing: /home/tjacobs/ros2_ws/install/agrobot_msgs/lib/python3.10/site-packages/agrobot_msgs-0.0.0-py3.10.egg-info/PKG-INFO
-- Installing: /home/tjacobs/ros2_ws/install/agrobot_msgs/lib/python3.10/site-packages/agrobot_msgs
-- Installing: /home/tjacobs/ros2_ws/install/agrobot_msgs/lib/python3.10/site-packages/agrobot_msgs/__init__.py
-- Installing: /home/tjacobs/ros2_ws/install/agrobot_msgs/lib/python3.10/site-packages/agrobot_msgs/_agrobot_msgs_s.ep.rosidl_typesupport_fastrtps_c.c
-- Installing: /home/tjacobs/ros2_ws/install/agrobot_msgs/lib/python3.10/site-packages/agrobot_msgs/libagrobot_msgs__rosidl_generator_py.so
-- Installing: /home/tjacobs/ros2_ws/install/agrobot_msgs/lib/python3.10/site-packages/agrobot_msgs/agrobot_msgs_s__rosidl_typesupport_fastrtps_c.cpython-310-x86_64-linux-gnu.so
-- Installing: /home/tjacobs/ros2_ws/install/agrobot_msgs/lib/python3.10/site-packages/agrobot_msgs/_agrobot_msgs_s.ep.rosidl_typesupport_c.c
-- Installing: /home/tjacobs/ros2_ws/install/agrobot_msgs/lib/python3.10/site-packages/agrobot_msgs/agrobot_msgs_s__rosidl_typesupport_introspection_c.cpython-310-x86_64-linux-gnu.so
-- Installing: /home/tjacobs/ros2_ws/install/agrobot_msgs/lib/python3.10/site-packages/agrobot_msgs/srv
-- Installing: /home/tjacobs/ros2_ws/install/agrobot_msgs/lib/python3.10/site-packages/agrobot_msgs/srv/__init__.py
-- Installing: /home/tjacobs/ros2_ws/install/agrobot_msgs/lib/python3.10/site-packages/agrobot_msgs/srv/_sim_crop_location.py
-- Installing: /home/tjacobs/ros2_ws/install/agrobot_msgs/lib/python3.10/site-packages/agrobot_msgs/srv/_sim_crop_location_s.c
-- Installing: /home/tjacobs/ros2_ws/install/agrobot_msgs/lib/python3.10/site-packages/agrobot_msgs/_agrobot_msgs_s.ep.rosidl_typesupport_introspection_c.c
-- Installing: /home/tjacobs/ros2_ws/install/agrobot_msgs/lib/python3.10/site-packages/agrobot_msgs/agrobot_msgs_s__rosidl_typesupport_c.cpython-310-x86_64-linux-gnu.so
Listing '/home/tjacobs/ros2_ws/install/agrobot_msgs/lib/python3.10/site-packages/agrobot_msgs'...
Compiling '/home/tjacobs/ros2_ws/install/agrobot_msgs/lib/python3.10/site-packages/agrobot_msgs/__init__.py'...
Listing '/home/tjacobs/ros2_ws/install/agrobot_msgs/lib/python3.10/site-packages/agrobot_msgs/srv'...
Compiling '/home/tjacobs/ros2_ws/install/agrobot_msgs/lib/python3.10/site-packages/agrobot_msgs/srv/__init__.py'...
Compiling '/home/tjacobs/ros2_ws/install/agrobot_msgs/lib/python3.10/site-packages/agrobot_msgs/srv/_sim_crop_location.py'...
-- Installing: /home/tjacobs/ros2_ws/install/agrobot_msgs/lib/python3.10/site-packages/agrobot_msgs/agrobot_msgs_s__rosidl_typesupport_fastrtps_c.cpython-310-x86_64-linux-gnu.so
-- Set runtime path of "/home/tjacobs/ros2_ws/install/agrobot_msgs/lib/python3.10/site-packages/agrobot_msgs/agrobot_msgs_s__rosidl_typesupport_fastrtps_c.cpython-310-x86_64-linux-gnu.so" to ""
-- Installing: /home/tjacobs/ros2_ws/install/agrobot_msgs/lib/python3.10/site-packages/agrobot_msgs/agrobot_msgs_s__rosidl_typesupport_introspection_c.cpython-310-x86_64-linux-gnu.so
-- Set runtime path of "/home/tjacobs/ros2_ws/install/agrobot_msgs/lib/python3.10/site-packages/agrobot_msgs/agrobot_msgs_s__rosidl_typesupport_introspection_c.cpython-310-x86_64-linux-gnu.so" to ""
-- Installing: /home/tjacobs/ros2_ws/install/agrobot_msgs/lib/python3.10/site-packages/agrobot_msgs/agrobot_msgs_s__rosidl_typesupport_c.cpython-310-x86_64-linux-gnu.so
-- Set runtime path of "/home/tjacobs/ros2_ws/install/agrobot_msgs/lib/python3.10/site-packages/agrobot_msgs/agrobot_msgs_s__rosidl_typesupport_c.cpython-310-x86_64-linux-gnu.so" to ""
-- Installing: /home/tjacobs/ros2_ws/install/agrobot_msgs/lib/libagrobot_msgs__rosidl_generator_py.so
-- Set runtime path of "/home/tjacobs/ros2_ws/install/agrobot_msgs/lib/libagrobot_msgs__rosidl_generator_py.so" to ""
-- Installing: /home/tjacobs/ros2_ws/install/agrobot_msgs/share/agrobot_msgs/srv/SimCropLocation.idl
-- Installing: /home/tjacobs/ros2_ws/install/agrobot_msgs/share/agrobot_msgs/srv/SimCropLocation.srv
-- Installing: /home/tjacobs/ros2_ws/install/agrobot_msgs/share/agrobot_msgs/srv/SimCropLocation_Request.msg
-- Installing: /home/tjacobs/ros2_ws/install/agrobot_msgs/share/agrobot_msgs/srv/SimCropLocation_Response.msg
-- Installing: /home/tjacobs/ros2_ws/install/agrobot_msgs/share/ament_index/resource_index/package_run_dependencies/agrobot_msgs
-- Installing: /home/tjacobs/ros2_ws/install/agrobot_msgs/share/ament_index/resource_index/parent_prefix_path/agrobot_msgs
-- Installing: /home/tjacobs/ros2_ws/install/agrobot_msgs/share/agrobot_msgs/environment/ament_prefix_path.sh
-- Installing: /home/tjacobs/ros2_ws/install/agrobot_msgs/share/agrobot_msgs/environment/ament_prefix_path.dsv
-- Installing: /home/tjacobs/ros2_ws/install/agrobot_msgs/share/agrobot_msgs/environment/path.sh
-- Installing: /home/tjacobs/ros2_ws/install/agrobot_msgs/share/agrobot_msgs/environment/path.dsv
-- Installing: /home/tjacobs/ros2_ws/install/agrobot_msgs/share/agrobot_msgs/local_setup.bash
-- Installing: /home/tjacobs/ros2_ws/install/agrobot_msgs/share/agrobot_msgs/local_setup.sh
-- Installing: /home/tjacobs/ros2_ws/install/agrobot_msgs/share/agrobot_msgs/local_setup.zsh
-- Installing: /home/tjacobs/ros2_ws/install/agrobot_msgs/share/agrobot_msgs/local_setup.dsv
-- Installing: /home/tjacobs/ros2_ws/install/agrobot_msgs/share/agrobot_msgs/package.dsv
-- Installing: /home/tjacobs/ros2_ws/install/agrobot_msgs/share/ament_index/resource_index/packages/agrobot_msgs
-- Installing: /home/tjacobs/ros2_ws/install/agrobot_msgs/share/agrobot_msgs/cmake/export_agrobot_msgs__rosidl_generator_cExport.cmake
-- Installing: /home/tjacobs/ros2_ws/install/agrobot_msgs/share/agrobot_msgs/cmake/export_agrobot_msgs__rosidl_generator_cExport-noconfig.cmake
-- Installing: /home/tjacobs/ros2_ws/install/agrobot_msgs/share/agrobot_msgs/cmake/export_agrobot_msgs__rosidl_typesupport_fastrtps_cExport.cmake
-- Installing: /home/tjacobs/ros2_ws/install/agrobot_msgs/share/agrobot_msgs/cmake/export_agrobot_msgs__rosidl_typesupport_fastrtps_cExport-noconfig.cmake
-- Installing: /home/tjacobs/ros2_ws/install/agrobot_msgs/share/agrobot_msgs/cmake/agrobot_msgs__rosidl_typesupport_introspection_cExport.cmake
-- Installing: /home/tjacobs/ros2_ws/install/agrobot_msgs/share/agrobot_msgs/cmake/agrobot_msgs__rosidl_typesupport_introspection_cExport-noconfig.cmake
-- Installing: /home/tjacobs/ros2_ws/install/agrobot_msgs/share/agrobot_msgs/cmake/agrobot_msgs__rosidl_typesupport_cExport.cmake
-- Installing: /home/tjacobs/ros2_ws/install/agrobot_msgs/share/agrobot_msgs/cmake/agrobot_msgs__rosidl_typesupport_cExport-noconfig.cmake
-- Installing: /home/tjacobs/ros2_ws/install/agrobot_msgs/share/agrobot_msgs/cmake/export_agrobot_msgs__rosidl_generator_cppExport.cmake
-- Installing: /home/tjacobs/ros2_ws/install/agrobot_msgs/share/agrobot_msgs/cmake/export_agrobot_msgs__rosidl_typesupport_fastrtps_cppExport.cmake
-- Installing: /home/tjacobs/ros2_ws/install/agrobot_msgs/share/agrobot_msgs/cmake/export_agrobot_msgs__rosidl_typesupport_fastrtps_cppExport-noconfig.cmake
-- Installing: /home/tjacobs/ros2_ws/install/agrobot_msgs/share/agrobot_msgs/cmake/agrobot_msgs__rosidl_typesupport_introspection_cppExport.cmake
-- Installing: /home/tjacobs/ros2_ws/install/agrobot_msgs/share/agrobot_msgs/cmake/agrobot_msgs__rosidl_typesupport_introspection_cppExport-noconfig.cmake
-- Installing: /home/tjacobs/ros2_ws/install/agrobot_msgs/share/agrobot_msgs/cmake/agrobot_msgs__rosidl_typesupport_cppExport.cmake
-- Installing: /home/tjacobs/ros2_ws/install/agrobot_msgs/share/agrobot_msgs/cmake/agrobot_msgs__rosidl_typesupport_cppExport-noconfig.cmake
-- Installing: /home/tjacobs/ros2_ws/install/agrobot_msgs/share/agrobot_msgs/cmake/export_agrobot_msgs__rosidl_generator_pyExport.cmake
-- Installing: /home/tjacobs/ros2_ws/install/agrobot_msgs/share/agrobot_msgs/cmake/export_agrobot_msgs__rosidl_generator_pyExport-noconfig.cmake
-- Installing: /home/tjacobs/ros2_ws/install/agrobot_msgs/share/agrobot_msgs/cmake/rosidl_cmake-extras.cmake
-- Installing: /home/tjacobs/ros2_ws/install/agrobot_msgs/share/agrobot_msgs/cmake/ament_cmake_export_dependencies-extras.cmake
-- Installing: /home/tjacobs/ros2_ws/install/agrobot_msgs/share/agrobot_msgs/cmake/ament_cmake_export_include_directories-extras.cmake
-- Installing: /home/tjacobs/ros2_ws/install/agrobot_msgs/share/agrobot_msgs/cmake/ament_cmake_export_libraries-extras.cmake
-- Installing: /home/tjacobs/ros2_ws/install/agrobot_msgs/share/agrobot_msgs/cmake/ament_cmake_export_targets-extras.cmake
-- Installing: /home/tjacobs/ros2_ws/install/agrobot_msgs/share/agrobot_msgs/cmake/rosidl_cmake_export_typesupport_targets-extras.cmake
-- Installing: /home/tjacobs/ros2_ws/install/agrobot_msgs/share/agrobot_msgs/cmake/rosidl_cmake_export_typesupport_libraries-extras.cmake
-- Installing: /home/tjacobs/ros2_ws/install/agrobot_msgs/share/agrobot_msgs/cmake/agrobot_msgsConfig.cmake
-- Installing: /home/tjacobs/ros2_ws/install/agrobot_msgs/share/agrobot_msgs/cmake/agrobot_msgsConfig-version.cmake
-- Installing: /home/tjacobs/ros2_ws/install/agrobot_msgs/share/agrobot_msgs/package.xml
