[0.058s] Invoking command in '/home/tjacobs/ros2_ws/build/agrobot_msgs': CMAKE_PREFIX_PATH=/home/tjacobs/ros2_ws/install/my_package:/home/tjacobs/ros2_ws/install/agrobot_pkg:/opt/ros/iron /usr/bin/cmake /home/tjacobs/ros2_ws/src/agrobot_msgs -DCMAKE_INSTALL_PREFIX=/home/tjacobs/ros2_ws/install/agrobot_msgs
[0.066s] -- Found ament_cmake: 2.0.3 (/opt/ros/iron/share/ament_cmake/cmake)
[0.171s] -- Found rosidl_default_generators: 1.5.0 (/opt/ros/iron/share/rosidl_default_generators/cmake)
[0.173s] -- Using all available rosidl_typesupport_c: rosidl_typesupport_fastrtps_c;rosidl_typesupport_introspection_c
[0.197s] -- Using all available rosidl_typesupport_cpp: rosidl_typesupport_fastrtps_cpp;rosidl_typesupport_introspection_cpp
[0.218s] -- Found rosidl_adapter: 4.0.1 (/opt/ros/iron/share/rosidl_adapter/cmake)
[0.500s] -- Found ament_cmake_ros: 0.11.2 (/opt/ros/iron/share/ament_cmake_ros/cmake)
[0.636s] -- Using all available rosidl_typesupport_c: rosidl_typesupport_fastrtps_c;rosidl_typesupport_introspection_c
[0.809s] -- Using all available rosidl_typesupport_cpp: rosidl_typesupport_fastrtps_cpp;rosidl_typesupport_introspection_cpp
[0.825s] -- Found PythonInterp: /usr/bin/python3 (found suitable version "3.10.12", minimum required is "3.6") 
[0.827s] -- Found python_cmake_module: 0.10.2 (/opt/ros/iron/share/python_cmake_module/cmake)
[0.848s] -- Found PythonLibs: /usr/lib/x86_64-linux-gnu/libpython3.10.so (found suitable version "3.10.12", minimum required is "3.5") 
[0.848s] -- Using PYTHON_EXECUTABLE: /usr/bin/python3
[0.848s] -- Using PYTHON_INCLUDE_DIRS: /usr/include/python3.10
[0.848s] -- Using PYTHON_LIBRARIES: /usr/lib/x86_64-linux-gnu/libpython3.10.so
[0.863s] -- Found PythonExtra: .so  
[0.892s] -- Found ament_lint_auto: 0.14.2 (/opt/ros/iron/share/ament_lint_auto/cmake)
[0.910s] -- Added test 'lint_cmake' to check CMake code style
[0.911s] -- Added test 'xmllint' to check XML markup files
[0.914s] -- Configuring done
[0.935s] -- Generating done
[0.937s] -- Build files have been written to: /home/tjacobs/ros2_ws/build/agrobot_msgs
[0.942s] Invoked command in '/home/tjacobs/ros2_ws/build/agrobot_msgs' returned '0': CMAKE_PREFIX_PATH=/home/tjacobs/ros2_ws/install/my_package:/home/tjacobs/ros2_ws/install/agrobot_pkg:/opt/ros/iron /usr/bin/cmake /home/tjacobs/ros2_ws/src/agrobot_msgs -DCMAKE_INSTALL_PREFIX=/home/tjacobs/ros2_ws/install/agrobot_msgs
[0.944s] Invoking command in '/home/tjacobs/ros2_ws/build/agrobot_msgs': CMAKE_PREFIX_PATH=/home/tjacobs/ros2_ws/install/my_package:/home/tjacobs/ros2_ws/install/agrobot_pkg:/opt/ros/iron /usr/bin/cmake --build /home/tjacobs/ros2_ws/build/agrobot_msgs -- -j8 -l8
[0.978s] [  2%] [34m[1mGenerating type hashes for ROS interfaces[0m
[0.985s] [  2%] Built target ament_cmake_python_copy_agrobot_msgs
[1.133s] [  2%] Built target agrobot_msgs__rosidl_generator_type_description
[1.141s] [  5%] [34m[1mGenerating C code for ROS interfaces[0m
[1.149s] [  8%] [34m[1mGenerating C++ code for ROS interfaces[0m
[1.186s] running egg_info
[1.187s] creating agrobot_msgs.egg-info
[1.187s] writing agrobot_msgs.egg-info/PKG-INFO
[1.187s] writing dependency_links to agrobot_msgs.egg-info/dependency_links.txt
[1.187s] writing top-level names to agrobot_msgs.egg-info/top_level.txt
[1.188s] writing manifest file 'agrobot_msgs.egg-info/SOURCES.txt'
[1.189s] reading manifest file 'agrobot_msgs.egg-info/SOURCES.txt'
[1.190s] writing manifest file 'agrobot_msgs.egg-info/SOURCES.txt'
[1.214s] [  8%] Built target ament_cmake_python_build_agrobot_msgs_egg
[1.388s] [  8%] Built target agrobot_msgs__cpp
[1.419s] [ 17%] [32mBuilding C object CMakeFiles/agrobot_msgs__rosidl_generator_c.dir/rosidl_generator_c/agrobot_msgs/srv/detail/sim_crop_location__functions.c.o[0m
[1.419s] [ 17%] [32mBuilding C object CMakeFiles/agrobot_msgs__rosidl_generator_c.dir/rosidl_generator_c/agrobot_msgs/srv/detail/sim_crop_location__type_support.c.o[0m
[1.419s] [ 17%] [32mBuilding C object CMakeFiles/agrobot_msgs__rosidl_generator_c.dir/rosidl_generator_c/agrobot_msgs/srv/detail/sim_crop_location__description.c.o[0m
[1.489s] [ 20%] [32m[1mLinking C shared library libagrobot_msgs__rosidl_generator_c.so[0m
[1.515s] [ 20%] Built target agrobot_msgs__rosidl_generator_c
[1.524s] [ 26%] [34m[1mGenerating C introspection for ROS interfaces[0m
[1.524s] [ 26%] [34m[1mGenerating C type support for eProsima Fast-RTPS[0m
[1.525s] [ 29%] [34m[1mGenerating C++ type support dispatch for ROS interfaces[0m
[1.526s] [ 35%] [34m[1mGenerating C type support dispatch for ROS interfaces[0m
[1.526s] [ 35%] [34m[1mGenerating C++ type support for eProsima Fast-RTPS[0m
[1.526s] [ 38%] [34m[1mGenerating C++ introspection for ROS interfaces[0m
[1.804s] [ 41%] [32mBuilding C object CMakeFiles/agrobot_msgs__rosidl_typesupport_introspection_c.dir/rosidl_typesupport_introspection_c/agrobot_msgs/srv/detail/sim_crop_location__type_support.c.o[0m
[1.811s] [ 44%] [32mBuilding CXX object CMakeFiles/agrobot_msgs__rosidl_typesupport_fastrtps_c.dir/rosidl_typesupport_fastrtps_c/agrobot_msgs/srv/detail/sim_crop_location__type_support_c.cpp.o[0m
[1.849s] [ 47%] [32m[1mLinking C shared library libagrobot_msgs__rosidl_typesupport_introspection_c.so[0m
[1.875s] [ 47%] Built target agrobot_msgs__rosidl_typesupport_introspection_c
[1.920s] [ 50%] [32mBuilding CXX object CMakeFiles/agrobot_msgs__rosidl_typesupport_c.dir/rosidl_typesupport_c/agrobot_msgs/srv/sim_crop_location__type_support.cpp.o[0m
[1.923s] [ 52%] [32mBuilding CXX object CMakeFiles/agrobot_msgs__rosidl_typesupport_cpp.dir/rosidl_typesupport_cpp/agrobot_msgs/srv/sim_crop_location__type_support.cpp.o[0m
[1.971s] [ 55%] [32m[1mLinking CXX shared library libagrobot_msgs__rosidl_typesupport_c.so[0m
[1.975s] [ 58%] [32mBuilding CXX object CMakeFiles/agrobot_msgs__rosidl_typesupport_introspection_cpp.dir/rosidl_typesupport_introspection_cpp/agrobot_msgs/srv/detail/sim_crop_location__type_support.cpp.o[0m
[2.000s] [ 61%] [32mBuilding CXX object CMakeFiles/agrobot_msgs__rosidl_typesupport_fastrtps_cpp.dir/rosidl_typesupport_fastrtps_cpp/agrobot_msgs/srv/detail/dds_fastrtps/sim_crop_location__type_support.cpp.o[0m
[2.017s] [ 61%] Built target agrobot_msgs__rosidl_typesupport_c
[2.210s] [ 64%] [32m[1mLinking CXX shared library libagrobot_msgs__rosidl_typesupport_fastrtps_c.so[0m
[2.300s] [ 64%] Built target agrobot_msgs__rosidl_typesupport_fastrtps_c
[2.391s] [ 67%] [32m[1mLinking CXX shared library libagrobot_msgs__rosidl_typesupport_cpp.so[0m
[2.467s] [ 67%] Built target agrobot_msgs__rosidl_typesupport_cpp
[2.476s] [ 70%] [32m[1mLinking CXX shared library libagrobot_msgs__rosidl_typesupport_introspection_cpp.so[0m
[2.545s] [ 70%] Built target agrobot_msgs__rosidl_typesupport_introspection_cpp
[2.618s] [ 73%] [32m[1mLinking CXX shared library libagrobot_msgs__rosidl_typesupport_fastrtps_cpp.so[0m
[2.675s] [ 73%] Built target agrobot_msgs__rosidl_typesupport_fastrtps_cpp
[2.688s] [ 73%] Built target agrobot_msgs
[2.702s] [ 76%] [34m[1mGenerating Python code for ROS interfaces[0m
[3.028s] [ 76%] Built target agrobot_msgs__py
[3.043s] [ 79%] [32mBuilding C object CMakeFiles/agrobot_msgs__rosidl_generator_py.dir/rosidl_generator_py/agrobot_msgs/srv/_sim_crop_location_s.c.o[0m
[3.163s] [ 82%] [32m[1mLinking C shared library rosidl_generator_py/agrobot_msgs/libagrobot_msgs__rosidl_generator_py.so[0m
[3.191s] [ 82%] Built target agrobot_msgs__rosidl_generator_py
[3.208s] [ 91%] [32mBuilding C object CMakeFiles/agrobot_msgs__rosidl_typesupport_c__pyext.dir/rosidl_generator_py/agrobot_msgs/_agrobot_msgs_s.ep.rosidl_typesupport_c.c.o[0m
[3.208s] [ 91%] [32mBuilding C object CMakeFiles/agrobot_msgs__rosidl_typesupport_introspection_c__pyext.dir/rosidl_generator_py/agrobot_msgs/_agrobot_msgs_s.ep.rosidl_typesupport_introspection_c.c.o[0m
[3.208s] [ 91%] [32mBuilding C object CMakeFiles/agrobot_msgs__rosidl_typesupport_fastrtps_c__pyext.dir/rosidl_generator_py/agrobot_msgs/_agrobot_msgs_s.ep.rosidl_typesupport_fastrtps_c.c.o[0m
[3.294s] [100%] [32m[1mLinking C shared library rosidl_generator_py/agrobot_msgs/agrobot_msgs_s__rosidl_typesupport_fastrtps_c.cpython-310-x86_64-linux-gnu.so[0m
[3.294s] [100%] [32m[1mLinking C shared library rosidl_generator_py/agrobot_msgs/agrobot_msgs_s__rosidl_typesupport_introspection_c.cpython-310-x86_64-linux-gnu.so[0m
[3.294s] [100%] [32m[1mLinking C shared library rosidl_generator_py/agrobot_msgs/agrobot_msgs_s__rosidl_typesupport_c.cpython-310-x86_64-linux-gnu.so[0m
[3.324s] [100%] Built target agrobot_msgs__rosidl_typesupport_c__pyext
[3.325s] [100%] Built target agrobot_msgs__rosidl_typesupport_fastrtps_c__pyext
[3.325s] [100%] Built target agrobot_msgs__rosidl_typesupport_introspection_c__pyext
[3.333s] Invoked command in '/home/tjacobs/ros2_ws/build/agrobot_msgs' returned '0': CMAKE_PREFIX_PATH=/home/tjacobs/ros2_ws/install/my_package:/home/tjacobs/ros2_ws/install/agrobot_pkg:/opt/ros/iron /usr/bin/cmake --build /home/tjacobs/ros2_ws/build/agrobot_msgs -- -j8 -l8
[3.378s] Invoking command in '/home/tjacobs/ros2_ws/build/agrobot_msgs': CMAKE_PREFIX_PATH=/home/tjacobs/ros2_ws/install/my_package:/home/tjacobs/ros2_ws/install/agrobot_pkg:/opt/ros/iron /usr/bin/cmake --install /home/tjacobs/ros2_ws/build/agrobot_msgs
[3.384s] -- Install configuration: ""
[3.384s] -- Installing: /home/tjacobs/ros2_ws/install/agrobot_msgs/share/ament_index/resource_index/rosidl_interfaces/agrobot_msgs
[3.384s] -- Installing: /home/tjacobs/ros2_ws/install/agrobot_msgs/share/agrobot_msgs/srv/SimCropLocation.json
[3.384s] -- Installing: /home/tjacobs/ros2_ws/install/agrobot_msgs/include/agrobot_msgs/agrobot_msgs
[3.384s] -- Installing: /home/tjacobs/ros2_ws/install/agrobot_msgs/include/agrobot_msgs/agrobot_msgs/srv
[3.384s] -- Installing: /home/tjacobs/ros2_ws/install/agrobot_msgs/include/agrobot_msgs/agrobot_msgs/srv/sim_crop_location.h
[3.385s] -- Installing: /home/tjacobs/ros2_ws/install/agrobot_msgs/include/agrobot_msgs/agrobot_msgs/srv/detail
[3.385s] -- Installing: /home/tjacobs/ros2_ws/install/agrobot_msgs/include/agrobot_msgs/agrobot_msgs/srv/detail/sim_crop_location__struct.h
[3.385s] -- Installing: /home/tjacobs/ros2_ws/install/agrobot_msgs/include/agrobot_msgs/agrobot_msgs/srv/detail/sim_crop_location__functions.h
[3.385s] -- Installing: /home/tjacobs/ros2_ws/install/agrobot_msgs/include/agrobot_msgs/agrobot_msgs/srv/detail/sim_crop_location__type_support.h
[3.385s] -- Installing: /home/tjacobs/ros2_ws/install/agrobot_msgs/include/agrobot_msgs/agrobot_msgs/srv/detail/sim_crop_location__type_support.c
[3.385s] -- Installing: /home/tjacobs/ros2_ws/install/agrobot_msgs/include/agrobot_msgs/agrobot_msgs/srv/detail/sim_crop_location__functions.c
[3.385s] -- Installing: /home/tjacobs/ros2_ws/install/agrobot_msgs/include/agrobot_msgs/agrobot_msgs/srv/detail/sim_crop_location__description.c
[3.385s] -- Installing: /home/tjacobs/ros2_ws/install/agrobot_msgs/include/agrobot_msgs/agrobot_msgs/msg
[3.385s] -- Installing: /home/tjacobs/ros2_ws/install/agrobot_msgs/include/agrobot_msgs/agrobot_msgs/msg/rosidl_generator_c__visibility_control.h
[3.385s] -- Installing: /home/tjacobs/ros2_ws/install/agrobot_msgs/share/agrobot_msgs/environment/library_path.sh
[3.385s] -- Installing: /home/tjacobs/ros2_ws/install/agrobot_msgs/share/agrobot_msgs/environment/library_path.dsv
[3.385s] -- Installing: /home/tjacobs/ros2_ws/install/agrobot_msgs/lib/libagrobot_msgs__rosidl_generator_c.so
[3.386s] -- Set runtime path of "/home/tjacobs/ros2_ws/install/agrobot_msgs/lib/libagrobot_msgs__rosidl_generator_c.so" to ""
[3.386s] -- Up-to-date: /home/tjacobs/ros2_ws/install/agrobot_msgs/include/agrobot_msgs/agrobot_msgs
[3.386s] -- Up-to-date: /home/tjacobs/ros2_ws/install/agrobot_msgs/include/agrobot_msgs/agrobot_msgs/srv
[3.386s] -- Up-to-date: /home/tjacobs/ros2_ws/install/agrobot_msgs/include/agrobot_msgs/agrobot_msgs/srv/detail
[3.386s] -- Installing: /home/tjacobs/ros2_ws/install/agrobot_msgs/include/agrobot_msgs/agrobot_msgs/srv/detail/sim_crop_location__rosidl_typesupport_fastrtps_c.h
[3.386s] -- Up-to-date: /home/tjacobs/ros2_ws/install/agrobot_msgs/include/agrobot_msgs/agrobot_msgs/msg
[3.386s] -- Installing: /home/tjacobs/ros2_ws/install/agrobot_msgs/include/agrobot_msgs/agrobot_msgs/msg/rosidl_typesupport_fastrtps_c__visibility_control.h
[3.386s] -- Installing: /home/tjacobs/ros2_ws/install/agrobot_msgs/lib/libagrobot_msgs__rosidl_typesupport_fastrtps_c.so
[3.386s] -- Set runtime path of "/home/tjacobs/ros2_ws/install/agrobot_msgs/lib/libagrobot_msgs__rosidl_typesupport_fastrtps_c.so" to ""
[3.386s] -- Up-to-date: /home/tjacobs/ros2_ws/install/agrobot_msgs/include/agrobot_msgs/agrobot_msgs
[3.386s] -- Up-to-date: /home/tjacobs/ros2_ws/install/agrobot_msgs/include/agrobot_msgs/agrobot_msgs/srv
[3.386s] -- Up-to-date: /home/tjacobs/ros2_ws/install/agrobot_msgs/include/agrobot_msgs/agrobot_msgs/srv/detail
[3.386s] -- Installing: /home/tjacobs/ros2_ws/install/agrobot_msgs/include/agrobot_msgs/agrobot_msgs/srv/detail/sim_crop_location__type_support.c
[3.386s] -- Installing: /home/tjacobs/ros2_ws/install/agrobot_msgs/include/agrobot_msgs/agrobot_msgs/srv/detail/sim_crop_location__rosidl_typesupport_introspection_c.h
[3.386s] -- Up-to-date: /home/tjacobs/ros2_ws/install/agrobot_msgs/include/agrobot_msgs/agrobot_msgs/msg
[3.386s] -- Installing: /home/tjacobs/ros2_ws/install/agrobot_msgs/include/agrobot_msgs/agrobot_msgs/msg/rosidl_typesupport_introspection_c__visibility_control.h
[3.386s] -- Installing: /home/tjacobs/ros2_ws/install/agrobot_msgs/lib/libagrobot_msgs__rosidl_typesupport_introspection_c.so
[3.387s] -- Set runtime path of "/home/tjacobs/ros2_ws/install/agrobot_msgs/lib/libagrobot_msgs__rosidl_typesupport_introspection_c.so" to ""
[3.387s] -- Installing: /home/tjacobs/ros2_ws/install/agrobot_msgs/lib/libagrobot_msgs__rosidl_typesupport_c.so
[3.387s] -- Set runtime path of "/home/tjacobs/ros2_ws/install/agrobot_msgs/lib/libagrobot_msgs__rosidl_typesupport_c.so" to ""
[3.387s] -- Up-to-date: /home/tjacobs/ros2_ws/install/agrobot_msgs/include/agrobot_msgs/agrobot_msgs
[3.387s] -- Up-to-date: /home/tjacobs/ros2_ws/install/agrobot_msgs/include/agrobot_msgs/agrobot_msgs/srv
[3.387s] -- Installing: /home/tjacobs/ros2_ws/install/agrobot_msgs/include/agrobot_msgs/agrobot_msgs/srv/sim_crop_location.hpp
[3.387s] -- Up-to-date: /home/tjacobs/ros2_ws/install/agrobot_msgs/include/agrobot_msgs/agrobot_msgs/srv/detail
[3.387s] -- Installing: /home/tjacobs/ros2_ws/install/agrobot_msgs/include/agrobot_msgs/agrobot_msgs/srv/detail/sim_crop_location__struct.hpp
[3.387s] -- Installing: /home/tjacobs/ros2_ws/install/agrobot_msgs/include/agrobot_msgs/agrobot_msgs/srv/detail/sim_crop_location__builder.hpp
[3.387s] -- Installing: /home/tjacobs/ros2_ws/install/agrobot_msgs/include/agrobot_msgs/agrobot_msgs/srv/detail/sim_crop_location__traits.hpp
[3.387s] -- Up-to-date: /home/tjacobs/ros2_ws/install/agrobot_msgs/include/agrobot_msgs/agrobot_msgs
[3.387s] -- Up-to-date: /home/tjacobs/ros2_ws/install/agrobot_msgs/include/agrobot_msgs/agrobot_msgs/srv
[3.387s] -- Up-to-date: /home/tjacobs/ros2_ws/install/agrobot_msgs/include/agrobot_msgs/agrobot_msgs/srv/detail
[3.387s] -- Installing: /home/tjacobs/ros2_ws/install/agrobot_msgs/include/agrobot_msgs/agrobot_msgs/srv/detail/dds_fastrtps
[3.387s] -- Installing: /home/tjacobs/ros2_ws/install/agrobot_msgs/include/agrobot_msgs/agrobot_msgs/srv/detail/sim_crop_location__rosidl_typesupport_fastrtps_cpp.hpp
[3.388s] -- Up-to-date: /home/tjacobs/ros2_ws/install/agrobot_msgs/include/agrobot_msgs/agrobot_msgs/msg
[3.388s] -- Installing: /home/tjacobs/ros2_ws/install/agrobot_msgs/include/agrobot_msgs/agrobot_msgs/msg/rosidl_typesupport_fastrtps_cpp__visibility_control.h
[3.388s] -- Installing: /home/tjacobs/ros2_ws/install/agrobot_msgs/lib/libagrobot_msgs__rosidl_typesupport_fastrtps_cpp.so
[3.388s] -- Set runtime path of "/home/tjacobs/ros2_ws/install/agrobot_msgs/lib/libagrobot_msgs__rosidl_typesupport_fastrtps_cpp.so" to ""
[3.388s] -- Up-to-date: /home/tjacobs/ros2_ws/install/agrobot_msgs/include/agrobot_msgs/agrobot_msgs
[3.388s] -- Up-to-date: /home/tjacobs/ros2_ws/install/agrobot_msgs/include/agrobot_msgs/agrobot_msgs/srv
[3.388s] -- Up-to-date: /home/tjacobs/ros2_ws/install/agrobot_msgs/include/agrobot_msgs/agrobot_msgs/srv/detail
[3.388s] -- Installing: /home/tjacobs/ros2_ws/install/agrobot_msgs/include/agrobot_msgs/agrobot_msgs/srv/detail/sim_crop_location__type_support.cpp
[3.388s] -- Installing: /home/tjacobs/ros2_ws/install/agrobot_msgs/include/agrobot_msgs/agrobot_msgs/srv/detail/sim_crop_location__rosidl_typesupport_introspection_cpp.hpp
[3.388s] -- Installing: /home/tjacobs/ros2_ws/install/agrobot_msgs/lib/libagrobot_msgs__rosidl_typesupport_introspection_cpp.so
[3.388s] -- Set runtime path of "/home/tjacobs/ros2_ws/install/agrobot_msgs/lib/libagrobot_msgs__rosidl_typesupport_introspection_cpp.so" to ""
[3.388s] -- Installing: /home/tjacobs/ros2_ws/install/agrobot_msgs/lib/libagrobot_msgs__rosidl_typesupport_cpp.so
[3.389s] -- Set runtime path of "/home/tjacobs/ros2_ws/install/agrobot_msgs/lib/libagrobot_msgs__rosidl_typesupport_cpp.so" to ""
[3.389s] -- Installing: /home/tjacobs/ros2_ws/install/agrobot_msgs/share/agrobot_msgs/environment/pythonpath.sh
[3.389s] -- Installing: /home/tjacobs/ros2_ws/install/agrobot_msgs/share/agrobot_msgs/environment/pythonpath.dsv
[3.389s] -- Installing: /home/tjacobs/ros2_ws/install/agrobot_msgs/lib/python3.10/site-packages/agrobot_msgs-0.0.0-py3.10.egg-info
[3.389s] -- Installing: /home/tjacobs/ros2_ws/install/agrobot_msgs/lib/python3.10/site-packages/agrobot_msgs-0.0.0-py3.10.egg-info/dependency_links.txt
[3.389s] -- Installing: /home/tjacobs/ros2_ws/install/agrobot_msgs/lib/python3.10/site-packages/agrobot_msgs-0.0.0-py3.10.egg-info/top_level.txt
[3.389s] -- Installing: /home/tjacobs/ros2_ws/install/agrobot_msgs/lib/python3.10/site-packages/agrobot_msgs-0.0.0-py3.10.egg-info/SOURCES.txt
[3.389s] -- Installing: /home/tjacobs/ros2_ws/install/agrobot_msgs/lib/python3.10/site-packages/agrobot_msgs-0.0.0-py3.10.egg-info/PKG-INFO
[3.389s] -- Installing: /home/tjacobs/ros2_ws/install/agrobot_msgs/lib/python3.10/site-packages/agrobot_msgs
[3.389s] -- Installing: /home/tjacobs/ros2_ws/install/agrobot_msgs/lib/python3.10/site-packages/agrobot_msgs/__init__.py
[3.389s] -- Installing: /home/tjacobs/ros2_ws/install/agrobot_msgs/lib/python3.10/site-packages/agrobot_msgs/_agrobot_msgs_s.ep.rosidl_typesupport_fastrtps_c.c
[3.389s] -- Installing: /home/tjacobs/ros2_ws/install/agrobot_msgs/lib/python3.10/site-packages/agrobot_msgs/libagrobot_msgs__rosidl_generator_py.so
[3.389s] -- Installing: /home/tjacobs/ros2_ws/install/agrobot_msgs/lib/python3.10/site-packages/agrobot_msgs/agrobot_msgs_s__rosidl_typesupport_fastrtps_c.cpython-310-x86_64-linux-gnu.so
[3.390s] -- Installing: /home/tjacobs/ros2_ws/install/agrobot_msgs/lib/python3.10/site-packages/agrobot_msgs/_agrobot_msgs_s.ep.rosidl_typesupport_c.c
[3.390s] -- Installing: /home/tjacobs/ros2_ws/install/agrobot_msgs/lib/python3.10/site-packages/agrobot_msgs/agrobot_msgs_s__rosidl_typesupport_introspection_c.cpython-310-x86_64-linux-gnu.so
[3.390s] -- Installing: /home/tjacobs/ros2_ws/install/agrobot_msgs/lib/python3.10/site-packages/agrobot_msgs/srv
[3.390s] -- Installing: /home/tjacobs/ros2_ws/install/agrobot_msgs/lib/python3.10/site-packages/agrobot_msgs/srv/__init__.py
[3.390s] -- Installing: /home/tjacobs/ros2_ws/install/agrobot_msgs/lib/python3.10/site-packages/agrobot_msgs/srv/_sim_crop_location.py
[3.390s] -- Installing: /home/tjacobs/ros2_ws/install/agrobot_msgs/lib/python3.10/site-packages/agrobot_msgs/srv/_sim_crop_location_s.c
[3.390s] -- Installing: /home/tjacobs/ros2_ws/install/agrobot_msgs/lib/python3.10/site-packages/agrobot_msgs/_agrobot_msgs_s.ep.rosidl_typesupport_introspection_c.c
[3.390s] -- Installing: /home/tjacobs/ros2_ws/install/agrobot_msgs/lib/python3.10/site-packages/agrobot_msgs/agrobot_msgs_s__rosidl_typesupport_c.cpython-310-x86_64-linux-gnu.so
[3.416s] Listing '/home/tjacobs/ros2_ws/install/agrobot_msgs/lib/python3.10/site-packages/agrobot_msgs'...
[3.416s] Compiling '/home/tjacobs/ros2_ws/install/agrobot_msgs/lib/python3.10/site-packages/agrobot_msgs/__init__.py'...
[3.416s] Listing '/home/tjacobs/ros2_ws/install/agrobot_msgs/lib/python3.10/site-packages/agrobot_msgs/srv'...
[3.416s] Compiling '/home/tjacobs/ros2_ws/install/agrobot_msgs/lib/python3.10/site-packages/agrobot_msgs/srv/__init__.py'...
[3.416s] Compiling '/home/tjacobs/ros2_ws/install/agrobot_msgs/lib/python3.10/site-packages/agrobot_msgs/srv/_sim_crop_location.py'...
[3.420s] -- Installing: /home/tjacobs/ros2_ws/install/agrobot_msgs/lib/python3.10/site-packages/agrobot_msgs/agrobot_msgs_s__rosidl_typesupport_fastrtps_c.cpython-310-x86_64-linux-gnu.so
[3.420s] -- Set runtime path of "/home/tjacobs/ros2_ws/install/agrobot_msgs/lib/python3.10/site-packages/agrobot_msgs/agrobot_msgs_s__rosidl_typesupport_fastrtps_c.cpython-310-x86_64-linux-gnu.so" to ""
[3.420s] -- Installing: /home/tjacobs/ros2_ws/install/agrobot_msgs/lib/python3.10/site-packages/agrobot_msgs/agrobot_msgs_s__rosidl_typesupport_introspection_c.cpython-310-x86_64-linux-gnu.so
[3.421s] -- Set runtime path of "/home/tjacobs/ros2_ws/install/agrobot_msgs/lib/python3.10/site-packages/agrobot_msgs/agrobot_msgs_s__rosidl_typesupport_introspection_c.cpython-310-x86_64-linux-gnu.so" to ""
[3.421s] -- Installing: /home/tjacobs/ros2_ws/install/agrobot_msgs/lib/python3.10/site-packages/agrobot_msgs/agrobot_msgs_s__rosidl_typesupport_c.cpython-310-x86_64-linux-gnu.so
[3.421s] -- Set runtime path of "/home/tjacobs/ros2_ws/install/agrobot_msgs/lib/python3.10/site-packages/agrobot_msgs/agrobot_msgs_s__rosidl_typesupport_c.cpython-310-x86_64-linux-gnu.so" to ""
[3.421s] -- Installing: /home/tjacobs/ros2_ws/install/agrobot_msgs/lib/libagrobot_msgs__rosidl_generator_py.so
[3.421s] -- Set runtime path of "/home/tjacobs/ros2_ws/install/agrobot_msgs/lib/libagrobot_msgs__rosidl_generator_py.so" to ""
[3.422s] -- Installing: /home/tjacobs/ros2_ws/install/agrobot_msgs/share/agrobot_msgs/srv/SimCropLocation.idl
[3.422s] -- Installing: /home/tjacobs/ros2_ws/install/agrobot_msgs/share/agrobot_msgs/srv/SimCropLocation.srv
[3.422s] -- Installing: /home/tjacobs/ros2_ws/install/agrobot_msgs/share/agrobot_msgs/srv/SimCropLocation_Request.msg
[3.422s] -- Installing: /home/tjacobs/ros2_ws/install/agrobot_msgs/share/agrobot_msgs/srv/SimCropLocation_Response.msg
[3.422s] -- Installing: /home/tjacobs/ros2_ws/install/agrobot_msgs/share/ament_index/resource_index/package_run_dependencies/agrobot_msgs
[3.422s] -- Installing: /home/tjacobs/ros2_ws/install/agrobot_msgs/share/ament_index/resource_index/parent_prefix_path/agrobot_msgs
[3.422s] -- Installing: /home/tjacobs/ros2_ws/install/agrobot_msgs/share/agrobot_msgs/environment/ament_prefix_path.sh
[3.422s] -- Installing: /home/tjacobs/ros2_ws/install/agrobot_msgs/share/agrobot_msgs/environment/ament_prefix_path.dsv
[3.422s] -- Installing: /home/tjacobs/ros2_ws/install/agrobot_msgs/share/agrobot_msgs/environment/path.sh
[3.422s] -- Installing: /home/tjacobs/ros2_ws/install/agrobot_msgs/share/agrobot_msgs/environment/path.dsv
[3.422s] -- Installing: /home/tjacobs/ros2_ws/install/agrobot_msgs/share/agrobot_msgs/local_setup.bash
[3.422s] -- Installing: /home/tjacobs/ros2_ws/install/agrobot_msgs/share/agrobot_msgs/local_setup.sh
[3.423s] -- Installing: /home/tjacobs/ros2_ws/install/agrobot_msgs/share/agrobot_msgs/local_setup.zsh
[3.423s] -- Installing: /home/tjacobs/ros2_ws/install/agrobot_msgs/share/agrobot_msgs/local_setup.dsv
[3.423s] -- Installing: /home/tjacobs/ros2_ws/install/agrobot_msgs/share/agrobot_msgs/package.dsv
[3.423s] -- Installing: /home/tjacobs/ros2_ws/install/agrobot_msgs/share/ament_index/resource_index/packages/agrobot_msgs
[3.423s] -- Installing: /home/tjacobs/ros2_ws/install/agrobot_msgs/share/agrobot_msgs/cmake/export_agrobot_msgs__rosidl_generator_cExport.cmake
[3.423s] -- Installing: /home/tjacobs/ros2_ws/install/agrobot_msgs/share/agrobot_msgs/cmake/export_agrobot_msgs__rosidl_generator_cExport-noconfig.cmake
[3.423s] -- Installing: /home/tjacobs/ros2_ws/install/agrobot_msgs/share/agrobot_msgs/cmake/export_agrobot_msgs__rosidl_typesupport_fastrtps_cExport.cmake
[3.423s] -- Installing: /home/tjacobs/ros2_ws/install/agrobot_msgs/share/agrobot_msgs/cmake/export_agrobot_msgs__rosidl_typesupport_fastrtps_cExport-noconfig.cmake
[3.423s] -- Installing: /home/tjacobs/ros2_ws/install/agrobot_msgs/share/agrobot_msgs/cmake/agrobot_msgs__rosidl_typesupport_introspection_cExport.cmake
[3.423s] -- Installing: /home/tjacobs/ros2_ws/install/agrobot_msgs/share/agrobot_msgs/cmake/agrobot_msgs__rosidl_typesupport_introspection_cExport-noconfig.cmake
[3.423s] -- Installing: /home/tjacobs/ros2_ws/install/agrobot_msgs/share/agrobot_msgs/cmake/agrobot_msgs__rosidl_typesupport_cExport.cmake
[3.424s] -- Installing: /home/tjacobs/ros2_ws/install/agrobot_msgs/share/agrobot_msgs/cmake/agrobot_msgs__rosidl_typesupport_cExport-noconfig.cmake
[3.424s] -- Installing: /home/tjacobs/ros2_ws/install/agrobot_msgs/share/agrobot_msgs/cmake/export_agrobot_msgs__rosidl_generator_cppExport.cmake
[3.424s] -- Installing: /home/tjacobs/ros2_ws/install/agrobot_msgs/share/agrobot_msgs/cmake/export_agrobot_msgs__rosidl_typesupport_fastrtps_cppExport.cmake
[3.424s] -- Installing: /home/tjacobs/ros2_ws/install/agrobot_msgs/share/agrobot_msgs/cmake/export_agrobot_msgs__rosidl_typesupport_fastrtps_cppExport-noconfig.cmake
[3.424s] -- Installing: /home/tjacobs/ros2_ws/install/agrobot_msgs/share/agrobot_msgs/cmake/agrobot_msgs__rosidl_typesupport_introspection_cppExport.cmake
[3.424s] -- Installing: /home/tjacobs/ros2_ws/install/agrobot_msgs/share/agrobot_msgs/cmake/agrobot_msgs__rosidl_typesupport_introspection_cppExport-noconfig.cmake
[3.424s] -- Installing: /home/tjacobs/ros2_ws/install/agrobot_msgs/share/agrobot_msgs/cmake/agrobot_msgs__rosidl_typesupport_cppExport.cmake
[3.424s] -- Installing: /home/tjacobs/ros2_ws/install/agrobot_msgs/share/agrobot_msgs/cmake/agrobot_msgs__rosidl_typesupport_cppExport-noconfig.cmake
[3.424s] -- Installing: /home/tjacobs/ros2_ws/install/agrobot_msgs/share/agrobot_msgs/cmake/export_agrobot_msgs__rosidl_generator_pyExport.cmake
[3.424s] -- Installing: /home/tjacobs/ros2_ws/install/agrobot_msgs/share/agrobot_msgs/cmake/export_agrobot_msgs__rosidl_generator_pyExport-noconfig.cmake
[3.424s] -- Installing: /home/tjacobs/ros2_ws/install/agrobot_msgs/share/agrobot_msgs/cmake/rosidl_cmake-extras.cmake
[3.424s] -- Installing: /home/tjacobs/ros2_ws/install/agrobot_msgs/share/agrobot_msgs/cmake/ament_cmake_export_dependencies-extras.cmake
[3.425s] -- Installing: /home/tjacobs/ros2_ws/install/agrobot_msgs/share/agrobot_msgs/cmake/ament_cmake_export_include_directories-extras.cmake
[3.425s] -- Installing: /home/tjacobs/ros2_ws/install/agrobot_msgs/share/agrobot_msgs/cmake/ament_cmake_export_libraries-extras.cmake
[3.425s] -- Installing: /home/tjacobs/ros2_ws/install/agrobot_msgs/share/agrobot_msgs/cmake/ament_cmake_export_targets-extras.cmake
[3.425s] -- Installing: /home/tjacobs/ros2_ws/install/agrobot_msgs/share/agrobot_msgs/cmake/rosidl_cmake_export_typesupport_targets-extras.cmake
[3.425s] -- Installing: /home/tjacobs/ros2_ws/install/agrobot_msgs/share/agrobot_msgs/cmake/rosidl_cmake_export_typesupport_libraries-extras.cmake
[3.425s] -- Installing: /home/tjacobs/ros2_ws/install/agrobot_msgs/share/agrobot_msgs/cmake/agrobot_msgsConfig.cmake
[3.425s] -- Installing: /home/tjacobs/ros2_ws/install/agrobot_msgs/share/agrobot_msgs/cmake/agrobot_msgsConfig-version.cmake
[3.425s] -- Installing: /home/tjacobs/ros2_ws/install/agrobot_msgs/share/agrobot_msgs/package.xml
[3.427s] Invoked command in '/home/tjacobs/ros2_ws/build/agrobot_msgs' returned '0': CMAKE_PREFIX_PATH=/home/tjacobs/ros2_ws/install/my_package:/home/tjacobs/ros2_ws/install/agrobot_pkg:/opt/ros/iron /usr/bin/cmake --install /home/tjacobs/ros2_ws/build/agrobot_msgs
