[1.739s] Invoking command in '/home/tjacobs/ros2_ws/src/Agrobot': PYTHONPATH=/home/tjacobs/ros2_ws/build/agrobot_pkg/prefix_override:/home/tjacobs/ros2_ws/install/agrobot_pkg/lib/python3.10/site-packages:${PYTHONPATH} /usr/bin/python3 setup.py egg_info --egg-base ../../build/agrobot_pkg build --build-base /home/tjacobs/ros2_ws/build/agrobot_pkg/build install --record /home/tjacobs/ros2_ws/build/agrobot_pkg/install.log --single-version-externally-managed
[2.413s] running egg_info
[2.415s] writing ../../build/agrobot_pkg/agrobot_pkg.egg-info/PKG-INFO
[2.415s] writing dependency_links to ../../build/agrobot_pkg/agrobot_pkg.egg-info/dependency_links.txt
[2.416s] writing entry points to ../../build/agrobot_pkg/agrobot_pkg.egg-info/entry_points.txt
[2.416s] writing requirements to ../../build/agrobot_pkg/agrobot_pkg.egg-info/requires.txt
[2.416s] writing top-level names to ../../build/agrobot_pkg/agrobot_pkg.egg-info/top_level.txt
[2.421s] reading manifest file '../../build/agrobot_pkg/agrobot_pkg.egg-info/SOURCES.txt'
[2.423s] writing manifest file '../../build/agrobot_pkg/agrobot_pkg.egg-info/SOURCES.txt'
[2.424s] running build
[2.424s] running build_py
[2.424s] copying agrobot_pkg/simulation_controller_node.py -> /home/tjacobs/ros2_ws/build/agrobot_pkg/build/lib/agrobot_pkg
[2.425s] running install
[2.425s] /usr/lib/python3/dist-packages/setuptools/command/install.py:34: SetuptoolsDeprecationWarning: setup.py install is deprecated. Use build and pip and other standards-based tools.
[2.426s]   warnings.warn(
[2.426s] running install_lib
[2.428s] copying /home/tjacobs/ros2_ws/build/agrobot_pkg/build/lib/agrobot_pkg/simulation_controller_node.py -> /home/tjacobs/ros2_ws/install/agrobot_pkg/lib/python3.10/site-packages/agrobot_pkg
[2.429s] byte-compiling /home/tjacobs/ros2_ws/install/agrobot_pkg/lib/python3.10/site-packages/agrobot_pkg/simulation_controller_node.py to simulation_controller_node.cpython-310.pyc
[2.432s] running install_data
[2.434s] running install_egg_info
[2.438s] removing '/home/tjacobs/ros2_ws/install/agrobot_pkg/lib/python3.10/site-packages/agrobot_pkg-0.0.0-py3.10.egg-info' (and everything under it)
[2.439s] Copying ../../build/agrobot_pkg/agrobot_pkg.egg-info to /home/tjacobs/ros2_ws/install/agrobot_pkg/lib/python3.10/site-packages/agrobot_pkg-0.0.0-py3.10.egg-info
[2.441s] running install_scripts
[2.500s] Installing movement_controller_node script to /home/tjacobs/ros2_ws/install/agrobot_pkg/lib/agrobot_pkg
[2.500s] Installing simulation_controller_node script to /home/tjacobs/ros2_ws/install/agrobot_pkg/lib/agrobot_pkg
[2.501s] writing list of installed files to '/home/tjacobs/ros2_ws/build/agrobot_pkg/install.log'
[2.571s] Invoked command in '/home/tjacobs/ros2_ws/src/Agrobot' returned '0': PYTHONPATH=/home/tjacobs/ros2_ws/build/agrobot_pkg/prefix_override:/home/tjacobs/ros2_ws/install/agrobot_pkg/lib/python3.10/site-packages:${PYTHONPATH} /usr/bin/python3 setup.py egg_info --egg-base ../../build/agrobot_pkg build --build-base /home/tjacobs/ros2_ws/build/agrobot_pkg/build install --record /home/tjacobs/ros2_ws/build/agrobot_pkg/install.log --single-version-externally-managed
