[2.444s] DEBUG:colcon:Command line arguments: ['/usr/bin/colcon', 'build', '--packages-select', 'agrobot_pkg']
[2.444s] DEBUG:colcon:Parsed command line arguments: Namespace(log_base=None, log_level=None, verb_name='build', build_base='build', install_base='install', merge_install=False, symlink_install=False, test_result_base=None, continue_on_error=False, executor='parallel', parallel_workers=8, event_handlers=None, ignore_user_meta=False, metas=['./colcon.meta'], base_paths=['.'], packages_ignore=None, packages_ignore_regex=None, paths=None, packages_up_to=None, packages_up_to_regex=None, packages_above=None, packages_above_and_dependencies=None, packages_above_depth=None, packages_select_by_dep=None, packages_skip_by_dep=None, packages_skip_up_to=None, packages_select_build_failed=False, packages_skip_build_finished=False, packages_select_test_failures=False, packages_skip_test_passed=False, packages_select=['agrobot_pkg'], packages_skip=None, packages_select_regex=None, packages_skip_regex=None, packages_start=None, packages_end=None, allow_overriding=[], cmake_args=None, cmake_target=None, cmake_target_skip_unavailable=False, cmake_clean_cache=False, cmake_clean_first=False, cmake_force_configure=False, ament_cmake_args=None, catkin_cmake_args=None, catkin_skip_building_tests=False, verb_parser=<colcon_defaults.argument_parser.defaults.DefaultArgumentsDecorator object at 0x7f0457f7fbe0>, verb_extension=<colcon_core.verb.build.BuildVerb object at 0x7f04583e7700>, main=<bound method BuildVerb.main of <colcon_core.verb.build.BuildVerb object at 0x7f04583e7700>>)
[2.541s] Level 1:colcon.colcon_core.package_discovery:discover_packages(colcon_meta) check parameters
[2.541s] Level 1:colcon.colcon_core.package_discovery:discover_packages(recursive) check parameters
[2.541s] Level 1:colcon.colcon_core.package_discovery:discover_packages(ignore) check parameters
[2.541s] Level 1:colcon.colcon_core.package_discovery:discover_packages(path) check parameters
[2.541s] Level 1:colcon.colcon_core.package_discovery:discover_packages(colcon_meta) discover
[2.542s] Level 1:colcon.colcon_core.package_discovery:discover_packages(recursive) discover
[2.542s] INFO:colcon.colcon_core.package_discovery:Crawling recursively for packages in '/home/tjacobs/ros2_ws'
[2.542s] Level 1:colcon.colcon_core.package_identification:_identify(.) by extensions ['ignore', 'ignore_ament_install']
[2.542s] Level 1:colcon.colcon_core.package_identification:_identify(.) by extension 'ignore'
[2.542s] Level 1:colcon.colcon_core.package_identification:_identify(.) by extension 'ignore_ament_install'
[2.542s] Level 1:colcon.colcon_core.package_identification:_identify(.) by extensions ['colcon_pkg']
[2.542s] Level 1:colcon.colcon_core.package_identification:_identify(.) by extension 'colcon_pkg'
[2.542s] Level 1:colcon.colcon_core.package_identification:_identify(.) by extensions ['colcon_meta']
[2.542s] Level 1:colcon.colcon_core.package_identification:_identify(.) by extension 'colcon_meta'
[2.542s] Level 1:colcon.colcon_core.package_identification:_identify(.) by extensions ['ros']
[2.543s] Level 1:colcon.colcon_core.package_identification:_identify(.) by extension 'ros'
[2.562s] Level 1:colcon.colcon_core.package_identification:_identify(.) by extensions ['cmake', 'python']
[2.562s] Level 1:colcon.colcon_core.package_identification:_identify(.) by extension 'cmake'
[2.562s] Level 1:colcon.colcon_core.package_identification:_identify(.) by extension 'python'
[2.562s] Level 1:colcon.colcon_core.package_identification:_identify(.) by extensions ['python_setup_py']
[2.562s] Level 1:colcon.colcon_core.package_identification:_identify(.) by extension 'python_setup_py'
[2.563s] Level 1:colcon.colcon_core.package_identification:_identify(build) by extensions ['ignore', 'ignore_ament_install']
[2.563s] Level 1:colcon.colcon_core.package_identification:_identify(build) by extension 'ignore'
[2.563s] Level 1:colcon.colcon_core.package_identification:_identify(build) ignored
[2.563s] Level 1:colcon.colcon_core.package_identification:_identify(install) by extensions ['ignore', 'ignore_ament_install']
[2.563s] Level 1:colcon.colcon_core.package_identification:_identify(install) by extension 'ignore'
[2.563s] Level 1:colcon.colcon_core.package_identification:_identify(install) ignored
[2.564s] Level 1:colcon.colcon_core.package_identification:_identify(log) by extensions ['ignore', 'ignore_ament_install']
[2.564s] Level 1:colcon.colcon_core.package_identification:_identify(log) by extension 'ignore'
[2.565s] Level 1:colcon.colcon_core.package_identification:_identify(log) ignored
[2.565s] Level 1:colcon.colcon_core.package_identification:_identify(src) by extensions ['ignore', 'ignore_ament_install']
[2.565s] Level 1:colcon.colcon_core.package_identification:_identify(src) by extension 'ignore'
[2.565s] Level 1:colcon.colcon_core.package_identification:_identify(src) by extension 'ignore_ament_install'
[2.565s] Level 1:colcon.colcon_core.package_identification:_identify(src) by extensions ['colcon_pkg']
[2.565s] Level 1:colcon.colcon_core.package_identification:_identify(src) by extension 'colcon_pkg'
[2.565s] Level 1:colcon.colcon_core.package_identification:_identify(src) by extensions ['colcon_meta']
[2.565s] Level 1:colcon.colcon_core.package_identification:_identify(src) by extension 'colcon_meta'
[2.565s] Level 1:colcon.colcon_core.package_identification:_identify(src) by extensions ['ros']
[2.565s] Level 1:colcon.colcon_core.package_identification:_identify(src) by extension 'ros'
[2.566s] Level 1:colcon.colcon_core.package_identification:_identify(src) by extensions ['cmake', 'python']
[2.566s] Level 1:colcon.colcon_core.package_identification:_identify(src) by extension 'cmake'
[2.566s] Level 1:colcon.colcon_core.package_identification:_identify(src) by extension 'python'
[2.566s] Level 1:colcon.colcon_core.package_identification:_identify(src) by extensions ['python_setup_py']
[2.566s] Level 1:colcon.colcon_core.package_identification:_identify(src) by extension 'python_setup_py'
[2.566s] Level 1:colcon.colcon_core.package_identification:_identify(src/Agrobot) by extensions ['ignore', 'ignore_ament_install']
[2.566s] Level 1:colcon.colcon_core.package_identification:_identify(src/Agrobot) by extension 'ignore'
[2.566s] Level 1:colcon.colcon_core.package_identification:_identify(src/Agrobot) by extension 'ignore_ament_install'
[2.566s] Level 1:colcon.colcon_core.package_identification:_identify(src/Agrobot) by extensions ['colcon_pkg']
[2.566s] Level 1:colcon.colcon_core.package_identification:_identify(src/Agrobot) by extension 'colcon_pkg'
[2.567s] Level 1:colcon.colcon_core.package_identification:_identify(src/Agrobot) by extensions ['colcon_meta']
[2.567s] Level 1:colcon.colcon_core.package_identification:_identify(src/Agrobot) by extension 'colcon_meta'
[2.567s] Level 1:colcon.colcon_core.package_identification:_identify(src/Agrobot) by extensions ['ros']
[2.567s] Level 1:colcon.colcon_core.package_identification:_identify(src/Agrobot) by extension 'ros'
[2.571s] DEBUG:colcon.colcon_core.package_identification:Package 'src/Agrobot' with type 'ros.ament_python' and name 'agrobot_pkg'
[2.571s] Level 1:colcon.colcon_core.package_discovery:discover_packages(recursive) using defaults
[2.571s] Level 1:colcon.colcon_core.package_discovery:discover_packages(ignore) discover
[2.572s] Level 1:colcon.colcon_core.package_discovery:discover_packages(ignore) using defaults
[2.572s] Level 1:colcon.colcon_core.package_discovery:discover_packages(path) discover
[2.572s] Level 1:colcon.colcon_core.package_discovery:discover_packages(path) using defaults
[2.768s] Level 1:colcon.colcon_core.package_discovery:discover_packages(prefix_path) check parameters
[2.768s] Level 1:colcon.colcon_core.package_discovery:discover_packages(prefix_path) discover
[2.835s] DEBUG:colcon.colcon_installed_package_information.package_discovery:Found 2 installed packages in /home/tjacobs/ros2_ws/install
[2.869s] DEBUG:colcon.colcon_installed_package_information.package_discovery:Found 314 installed packages in /opt/ros/iron
[2.886s] Level 1:colcon.colcon_core.package_discovery:discover_packages(prefix_path) using defaults
[3.068s] Level 5:colcon.colcon_core.verb:set package 'agrobot_pkg' build argument 'cmake_args' from command line to 'None'
[3.068s] Level 5:colcon.colcon_core.verb:set package 'agrobot_pkg' build argument 'cmake_target' from command line to 'None'
[3.068s] Level 5:colcon.colcon_core.verb:set package 'agrobot_pkg' build argument 'cmake_target_skip_unavailable' from command line to 'False'
[3.068s] Level 5:colcon.colcon_core.verb:set package 'agrobot_pkg' build argument 'cmake_clean_cache' from command line to 'False'
[3.068s] Level 5:colcon.colcon_core.verb:set package 'agrobot_pkg' build argument 'cmake_clean_first' from command line to 'False'
[3.068s] Level 5:colcon.colcon_core.verb:set package 'agrobot_pkg' build argument 'cmake_force_configure' from command line to 'False'
[3.069s] Level 5:colcon.colcon_core.verb:set package 'agrobot_pkg' build argument 'ament_cmake_args' from command line to 'None'
[3.069s] Level 5:colcon.colcon_core.verb:set package 'agrobot_pkg' build argument 'catkin_cmake_args' from command line to 'None'
[3.069s] Level 5:colcon.colcon_core.verb:set package 'agrobot_pkg' build argument 'catkin_skip_building_tests' from command line to 'False'
[3.069s] DEBUG:colcon.colcon_core.verb:Building package 'agrobot_pkg' with the following arguments: {'ament_cmake_args': None, 'build_base': '/home/tjacobs/ros2_ws/build/agrobot_pkg', 'catkin_cmake_args': None, 'catkin_skip_building_tests': False, 'cmake_args': None, 'cmake_clean_cache': False, 'cmake_clean_first': False, 'cmake_force_configure': False, 'cmake_target': None, 'cmake_target_skip_unavailable': False, 'install_base': '/home/tjacobs/ros2_ws/install/agrobot_pkg', 'merge_install': False, 'path': '/home/tjacobs/ros2_ws/src/Agrobot', 'symlink_install': False, 'test_result_base': None}
[3.101s] INFO:colcon.colcon_core.executor:Executing jobs using 'parallel' executor
[3.135s] DEBUG:colcon.colcon_parallel_executor.executor.parallel:run_until_complete
[3.136s] INFO:colcon.colcon_ros.task.ament_python.build:Building ROS package in '/home/tjacobs/ros2_ws/src/Agrobot' with build type 'ament_python'
[3.136s] Level 1:colcon.colcon_core.shell:create_environment_hook('agrobot_pkg', 'ament_prefix_path')
[3.173s] INFO:colcon.colcon_core.plugin_system:Skipping extension 'colcon_core.shell.bat': Not used on non-Windows systems
[3.173s] INFO:colcon.colcon_core.shell:Creating environment hook '/home/tjacobs/ros2_ws/install/agrobot_pkg/share/agrobot_pkg/hook/ament_prefix_path.ps1'
[3.174s] INFO:colcon.colcon_core.shell:Creating environment descriptor '/home/tjacobs/ros2_ws/install/agrobot_pkg/share/agrobot_pkg/hook/ament_prefix_path.dsv'
[3.175s] INFO:colcon.colcon_core.shell:Creating environment hook '/home/tjacobs/ros2_ws/install/agrobot_pkg/share/agrobot_pkg/hook/ament_prefix_path.sh'
[3.210s] INFO:colcon.colcon_core.shell:Skip shell extension 'powershell' for command environment: Not usable outside of PowerShell
[3.210s] DEBUG:colcon.colcon_core.shell:Skip shell extension 'dsv' for command environment
[3.852s] INFO:colcon.colcon_core.task.python.build:Building Python package in '/home/tjacobs/ros2_ws/src/Agrobot'
[3.894s] INFO:colcon.colcon_core.shell:Skip shell extension 'powershell' for command environment: Not usable outside of PowerShell
[3.895s] DEBUG:colcon.colcon_core.shell:Skip shell extension 'dsv' for command environment
[4.873s] DEBUG:colcon.colcon_core.event_handler.log_command:Invoking command in '/home/tjacobs/ros2_ws/src/Agrobot': PYTHONPATH=/home/tjacobs/ros2_ws/build/agrobot_pkg/prefix_override:/home/tjacobs/ros2_ws/install/agrobot_pkg/lib/python3.10/site-packages:${PYTHONPATH} /usr/bin/python3 setup.py egg_info --egg-base ../../build/agrobot_pkg build --build-base /home/tjacobs/ros2_ws/build/agrobot_pkg/build install --record /home/tjacobs/ros2_ws/build/agrobot_pkg/install.log --single-version-externally-managed
[5.726s] DEBUG:colcon.colcon_core.event_handler.log_command:Invoked command in '/home/tjacobs/ros2_ws/src/Agrobot' returned '0': PYTHONPATH=/home/tjacobs/ros2_ws/build/agrobot_pkg/prefix_override:/home/tjacobs/ros2_ws/install/agrobot_pkg/lib/python3.10/site-packages:${PYTHONPATH} /usr/bin/python3 setup.py egg_info --egg-base ../../build/agrobot_pkg build --build-base /home/tjacobs/ros2_ws/build/agrobot_pkg/build install --record /home/tjacobs/ros2_ws/build/agrobot_pkg/install.log --single-version-externally-managed
[5.799s] Level 1:colcon.colcon_core.environment:checking '/home/tjacobs/ros2_ws/install/agrobot_pkg' for CMake module files
[5.800s] Level 1:colcon.colcon_core.environment:checking '/home/tjacobs/ros2_ws/install/agrobot_pkg' for CMake config files
[5.802s] Level 1:colcon.colcon_core.environment:checking '/home/tjacobs/ros2_ws/install/agrobot_pkg/lib'
[5.803s] Level 1:colcon.colcon_core.environment:checking '/home/tjacobs/ros2_ws/install/agrobot_pkg/bin'
[5.803s] Level 1:colcon.colcon_core.environment:checking '/home/tjacobs/ros2_ws/install/agrobot_pkg/lib/pkgconfig/agrobot_pkg.pc'
[5.804s] Level 1:colcon.colcon_core.environment:checking '/home/tjacobs/ros2_ws/install/agrobot_pkg/lib/python3.10/site-packages'
[5.804s] Level 1:colcon.colcon_core.shell:create_environment_hook('agrobot_pkg', 'pythonpath')
[5.864s] INFO:colcon.colcon_core.shell:Creating environment hook '/home/tjacobs/ros2_ws/install/agrobot_pkg/share/agrobot_pkg/hook/pythonpath.ps1'
[5.865s] INFO:colcon.colcon_core.shell:Creating environment descriptor '/home/tjacobs/ros2_ws/install/agrobot_pkg/share/agrobot_pkg/hook/pythonpath.dsv'
[5.866s] INFO:colcon.colcon_core.shell:Creating environment hook '/home/tjacobs/ros2_ws/install/agrobot_pkg/share/agrobot_pkg/hook/pythonpath.sh'
[5.867s] Level 1:colcon.colcon_core.environment:checking '/home/tjacobs/ros2_ws/install/agrobot_pkg/bin'
[5.867s] Level 1:colcon.colcon_core.environment:create_environment_scripts_only(agrobot_pkg)
[5.923s] INFO:colcon.colcon_core.shell:Creating package script '/home/tjacobs/ros2_ws/install/agrobot_pkg/share/agrobot_pkg/package.ps1'
[5.925s] INFO:colcon.colcon_core.shell:Creating package descriptor '/home/tjacobs/ros2_ws/install/agrobot_pkg/share/agrobot_pkg/package.dsv'
[5.927s] INFO:colcon.colcon_core.shell:Creating package script '/home/tjacobs/ros2_ws/install/agrobot_pkg/share/agrobot_pkg/package.sh'
[5.929s] INFO:colcon.colcon_core.shell:Creating package script '/home/tjacobs/ros2_ws/install/agrobot_pkg/share/agrobot_pkg/package.bash'
[5.931s] INFO:colcon.colcon_core.shell:Creating package script '/home/tjacobs/ros2_ws/install/agrobot_pkg/share/agrobot_pkg/package.zsh'
[5.932s] Level 1:colcon.colcon_core.environment:create_file_with_runtime_dependencies(/home/tjacobs/ros2_ws/install/agrobot_pkg/share/colcon-core/packages/agrobot_pkg)
[5.933s] DEBUG:colcon.colcon_parallel_executor.executor.parallel:closing loop
[5.934s] DEBUG:colcon.colcon_parallel_executor.executor.parallel:loop closed
[5.935s] DEBUG:colcon.colcon_parallel_executor.executor.parallel:run_until_complete finished with '0'
[5.935s] DEBUG:colcon.colcon_core.event_reactor:joining thread
[6.010s] INFO:colcon.colcon_core.plugin_system:Skipping extension 'colcon_notification.desktop_notification.terminal_notifier': Not used on non-Darwin systems
[6.010s] INFO:colcon.colcon_core.plugin_system:Skipping extension 'colcon_notification.desktop_notification.win32': Not used on non-Windows systems
[6.010s] INFO:colcon.colcon_notification.desktop_notification:Sending desktop notification using 'notify2'
[6.043s] DEBUG:colcon.colcon_core.event_reactor:joined thread
[6.116s] INFO:colcon.colcon_core.shell:Creating prefix script '/home/tjacobs/ros2_ws/install/local_setup.ps1'
[6.119s] INFO:colcon.colcon_core.shell:Creating prefix util module '/home/tjacobs/ros2_ws/install/_local_setup_util_ps1.py'
[6.124s] INFO:colcon.colcon_core.shell:Creating prefix chain script '/home/tjacobs/ros2_ws/install/setup.ps1'
[6.194s] INFO:colcon.colcon_core.shell:Creating prefix script '/home/tjacobs/ros2_ws/install/local_setup.sh'
[6.196s] INFO:colcon.colcon_core.shell:Creating prefix util module '/home/tjacobs/ros2_ws/install/_local_setup_util_sh.py'
[6.198s] INFO:colcon.colcon_core.shell:Creating prefix chain script '/home/tjacobs/ros2_ws/install/setup.sh'
[6.263s] INFO:colcon.colcon_core.shell:Creating prefix script '/home/tjacobs/ros2_ws/install/local_setup.bash'
[6.264s] INFO:colcon.colcon_core.shell:Creating prefix chain script '/home/tjacobs/ros2_ws/install/setup.bash'
[6.324s] INFO:colcon.colcon_core.shell:Creating prefix script '/home/tjacobs/ros2_ws/install/local_setup.zsh'
[6.325s] INFO:colcon.colcon_core.shell:Creating prefix chain script '/home/tjacobs/ros2_ws/install/setup.zsh'
