running egg_info
creating ../../build/agrobot_pkg/agrobot_pkg.egg-info
writing ../../build/agrobot_pkg/agrobot_pkg.egg-info/PKG-INFO
writing dependency_links to ../../build/agrobot_pkg/agrobot_pkg.egg-info/dependency_links.txt
writing entry points to ../../build/agrobot_pkg/agrobot_pkg.egg-info/entry_points.txt
writing requirements to ../../build/agrobot_pkg/agrobot_pkg.egg-info/requires.txt
writing top-level names to ../../build/agrobot_pkg/agrobot_pkg.egg-info/top_level.txt
writing manifest file '../../build/agrobot_pkg/agrobot_pkg.egg-info/SOURCES.txt'
reading manifest file '../../build/agrobot_pkg/agrobot_pkg.egg-info/SOURCES.txt'
writing manifest file '../../build/agrobot_pkg/agrobot_pkg.egg-info/SOURCES.txt'
running build
running build_py
creating /home/tjacobs/ros2_ws/build/agrobot_pkg/build
creating /home/tjacobs/ros2_ws/build/agrobot_pkg/build/lib
creating /home/tjacobs/ros2_ws/build/agrobot_pkg/build/lib/agrobot_pkg
copying agrobot_pkg/__init__.py -> /home/tjacobs/ros2_ws/build/agrobot_pkg/build/lib/agrobot_pkg
running install
/usr/lib/python3/dist-packages/setuptools/command/install.py:34: SetuptoolsDeprecationWarning: setup.py install is deprecated. Use build and pip and other standards-based tools.
  warnings.warn(
running install_lib
creating /home/tjacobs/ros2_ws/install/agrobot_pkg/lib/python3.10/site-packages/agrobot_pkg
copying /home/tjacobs/ros2_ws/build/agrobot_pkg/build/lib/agrobot_pkg/__init__.py -> /home/tjacobs/ros2_ws/install/agrobot_pkg/lib/python3.10/site-packages/agrobot_pkg
byte-compiling /home/tjacobs/ros2_ws/install/agrobot_pkg/lib/python3.10/site-packages/agrobot_pkg/__init__.py to __init__.cpython-310.pyc
running install_data
creating /home/tjacobs/ros2_ws/install/agrobot_pkg/share/ament_index
creating /home/tjacobs/ros2_ws/install/agrobot_pkg/share/ament_index/resource_index
creating /home/tjacobs/ros2_ws/install/agrobot_pkg/share/ament_index/resource_index/packages
copying resource/agrobot_pkg -> /home/tjacobs/ros2_ws/install/agrobot_pkg/share/ament_index/resource_index/packages
copying package.xml -> /home/tjacobs/ros2_ws/install/agrobot_pkg/share/agrobot_pkg
running install_egg_info
Copying ../../build/agrobot_pkg/agrobot_pkg.egg-info to /home/tjacobs/ros2_ws/install/agrobot_pkg/lib/python3.10/site-packages/agrobot_pkg-0.0.0-py3.10.egg-info
running install_scripts
writing list of installed files to '/home/tjacobs/ros2_ws/build/agrobot_pkg/install.log'
