[0.062s] Invoking command in '/home/tjacobs/ros2_ws/src/agrobot_msgs/build/agrobot_msgs': CMAKE_PREFIX_PATH=${CMAKE_PREFIX_PATH}:/home/tjacobs/ros2_ws/install/my_package:/home/tjacobs/ros2_ws/install/agrobot_pkg:/opt/ros/iron /usr/bin/cmake /home/tjacobs/ros2_ws/src/agrobot_msgs -DCMAKE_INSTALL_PREFIX=/home/tjacobs/ros2_ws/src/agrobot_msgs/install/agrobot_msgs
[0.156s] -- The C compiler identification is GNU 11.4.0
[0.246s] -- The CXX compiler identification is GNU 11.4.0
[0.252s] -- Detecting C compiler ABI info
[0.304s] -- Detecting C compiler ABI info - done
[0.310s] -- Check for working C compiler: /usr/bin/cc - skipped
[0.310s] -- Detecting C compile features
[0.311s] -- Detecting C compile features - done
[0.313s] -- Detecting CXX compiler ABI info
[0.378s] -- Detecting CXX compiler ABI info - done
[0.384s] -- Check for working CXX compiler: /usr/bin/c++ - skipped
[0.385s] -- Detecting CXX compile features
[0.385s] -- Detecting CXX compile features - done
[0.387s] -- Found ament_cmake: 2.0.3 (/opt/ros/iron/share/ament_cmake/cmake)
[0.508s] -- Found Python3: /usr/bin/python3.10 (found version "3.10.12") found components: Interpreter 
[0.579s] -- Found rosidl_default_generators: 1.5.0 (/opt/ros/iron/share/rosidl_default_generators/cmake)
[0.583s] -- Using all available rosidl_typesupport_c: rosidl_typesupport_fastrtps_c;rosidl_typesupport_introspection_c
[0.614s] -- Using all available rosidl_typesupport_cpp: rosidl_typesupport_fastrtps_cpp;rosidl_typesupport_introspection_cpp
[0.644s] -- Found rosidl_adapter: 4.0.1 (/opt/ros/iron/share/rosidl_adapter/cmake)
[0.922s] -- Found ament_cmake_ros: 0.11.2 (/opt/ros/iron/share/ament_cmake_ros/cmake)
[1.057s] -- Using all available rosidl_typesupport_c: rosidl_typesupport_fastrtps_c;rosidl_typesupport_introspection_c
[1.229s] -- Using all available rosidl_typesupport_cpp: rosidl_typesupport_fastrtps_cpp;rosidl_typesupport_introspection_cpp
[1.246s] -- Found PythonInterp: /usr/bin/python3 (found suitable version "3.10.12", minimum required is "3.6") 
[1.247s] -- Found python_cmake_module: 0.10.2 (/opt/ros/iron/share/python_cmake_module/cmake)
[1.267s] -- Found PythonLibs: /usr/lib/x86_64-linux-gnu/libpython3.10.so (found suitable version "3.10.12", minimum required is "3.5") 
[1.267s] -- Using PYTHON_EXECUTABLE: /usr/bin/python3
[1.267s] -- Using PYTHON_INCLUDE_DIRS: /usr/include/python3.10
[1.267s] -- Using PYTHON_LIBRARIES: /usr/lib/x86_64-linux-gnu/libpython3.10.so
[1.283s] -- Found PythonExtra: .so  
[1.316s] -- Found ament_lint_auto: 0.14.2 (/opt/ros/iron/share/ament_lint_auto/cmake)
[1.332s] -- Added test 'cppcheck' to perform static code analysis on C / C++ code
[1.333s] -- Configured cppcheck include dirs: $<BUILD_INTERFACE:/home/tjacobs/ros2_ws/src/agrobot_msgs/build/agrobot_msgs/rosidl_generator_c>;$<BUILD_INTERFACE:/home/tjacobs/ros2_ws/src/agrobot_msgs/build/agrobot_msgs/rosidl_typesupport_fastrtps_c>;$<BUILD_INTERFACE:/home/tjacobs/ros2_ws/src/agrobot_msgs/build/agrobot_msgs/rosidl_typesupport_introspection_c>;$<BUILD_INTERFACE:/home/tjacobs/ros2_ws/src/agrobot_msgs/build/agrobot_msgs/rosidl_generator_cpp>;$<BUILD_INTERFACE:/home/tjacobs/ros2_ws/src/agrobot_msgs/build/agrobot_msgs/rosidl_typesupport_fastrtps_cpp>;$<BUILD_INTERFACE:/home/tjacobs/ros2_ws/src/agrobot_msgs/build/agrobot_msgs/rosidl_typesupport_introspection_cpp>;/home/tjacobs/ros2_ws/src/agrobot_msgs/build/agrobot_msgs/rosidl_generator_c;/home/tjacobs/ros2_ws/src/agrobot_msgs/build/agrobot_msgs/rosidl_generator_py
[1.333s] -- Configured cppcheck exclude dirs and/or files: 
[1.334s] -- Added test 'flake8' to check Python code syntax and style conventions
[1.334s] -- Configured 'flake8' exclude dirs and/or files: 
[1.335s] -- Added test 'lint_cmake' to check CMake code style
[1.336s] -- Added test 'pep257' to check Python code against some of the docstring style conventions in PEP 257
[1.340s] -- Added test 'uncrustify' to check C / C++ code style
[1.340s] -- Configured uncrustify additional arguments: 
[1.341s] -- Added test 'xmllint' to check XML markup files
[1.343s] -- Configuring done
[1.370s] -- Generating done
[1.372s] -- Build files have been written to: /home/tjacobs/ros2_ws/src/agrobot_msgs/build/agrobot_msgs
[1.378s] Invoked command in '/home/tjacobs/ros2_ws/src/agrobot_msgs/build/agrobot_msgs' returned '0': CMAKE_PREFIX_PATH=${CMAKE_PREFIX_PATH}:/home/tjacobs/ros2_ws/install/my_package:/home/tjacobs/ros2_ws/install/agrobot_pkg:/opt/ros/iron /usr/bin/cmake /home/tjacobs/ros2_ws/src/agrobot_msgs -DCMAKE_INSTALL_PREFIX=/home/tjacobs/ros2_ws/src/agrobot_msgs/install/agrobot_msgs
[1.380s] Invoking command in '/home/tjacobs/ros2_ws/src/agrobot_msgs/build/agrobot_msgs': CMAKE_PREFIX_PATH=${CMAKE_PREFIX_PATH}:/home/tjacobs/ros2_ws/install/my_package:/home/tjacobs/ros2_ws/install/agrobot_pkg:/opt/ros/iron /usr/bin/cmake --build /home/tjacobs/ros2_ws/src/agrobot_msgs/build/agrobot_msgs -- -j8 -l8
[1.415s] [  2%] [34m[1mGenerating type hashes for ROS interfaces[0m
[1.422s] [  2%] Built target ament_cmake_python_copy_agrobot_msgs
[1.602s] [  2%] Built target agrobot_msgs__rosidl_generator_type_description
[1.610s] [  5%] [34m[1mGenerating C code for ROS interfaces[0m
[1.619s] [  8%] [34m[1mGenerating C++ code for ROS interfaces[0m
[1.682s] running egg_info
[1.683s] creating agrobot_msgs.egg-info
[1.683s] writing agrobot_msgs.egg-info/PKG-INFO
[1.683s] writing dependency_links to agrobot_msgs.egg-info/dependency_links.txt
[1.684s] writing top-level names to agrobot_msgs.egg-info/top_level.txt
[1.684s] writing manifest file 'agrobot_msgs.egg-info/SOURCES.txt'
[1.686s] reading manifest file 'agrobot_msgs.egg-info/SOURCES.txt'
[1.687s] writing manifest file 'agrobot_msgs.egg-info/SOURCES.txt'
[1.713s] [  8%] Built target ament_cmake_python_build_agrobot_msgs_egg
[1.907s] [  8%] Built target agrobot_msgs__cpp
[1.937s] [ 17%] [32mBuilding C object CMakeFiles/agrobot_msgs__rosidl_generator_c.dir/rosidl_generator_c/agrobot_msgs/srv/detail/sim_crop_location__description.c.o[0m
[1.937s] [ 17%] [32mBuilding C object CMakeFiles/agrobot_msgs__rosidl_generator_c.dir/rosidl_generator_c/agrobot_msgs/srv/detail/sim_crop_location__type_support.c.o[0m
[1.937s] [ 17%] [32mBuilding C object CMakeFiles/agrobot_msgs__rosidl_generator_c.dir/rosidl_generator_c/agrobot_msgs/srv/detail/sim_crop_location__functions.c.o[0m
[2.010s] [ 20%] [32m[1mLinking C shared library libagrobot_msgs__rosidl_generator_c.so[0m
[2.039s] [ 20%] Built target agrobot_msgs__rosidl_generator_c
[2.049s] [ 23%] [34m[1mGenerating C++ type support dispatch for ROS interfaces[0m
[2.050s] [ 26%] [34m[1mGenerating C++ type support for eProsima Fast-RTPS[0m
[2.052s] [ 32%] [34m[1mGenerating C introspection for ROS interfaces[0m
[2.052s] [ 38%] [34m[1mGenerating C++ introspection for ROS interfaces[0m
[2.052s] [ 38%] [34m[1mGenerating C type support dispatch for ROS interfaces[0m
[2.052s] [ 32%] [34m[1mGenerating C type support for eProsima Fast-RTPS[0m
[2.401s] [ 41%] [32mBuilding CXX object CMakeFiles/agrobot_msgs__rosidl_typesupport_fastrtps_cpp.dir/rosidl_typesupport_fastrtps_cpp/agrobot_msgs/srv/detail/dds_fastrtps/sim_crop_location__type_support.cpp.o[0m
[2.418s] [ 44%] [32mBuilding CXX object CMakeFiles/agrobot_msgs__rosidl_typesupport_fastrtps_c.dir/rosidl_typesupport_fastrtps_c/agrobot_msgs/srv/detail/sim_crop_location__type_support_c.cpp.o[0m
[2.516s] [ 47%] [32mBuilding CXX object CMakeFiles/agrobot_msgs__rosidl_typesupport_c.dir/rosidl_typesupport_c/agrobot_msgs/srv/sim_crop_location__type_support.cpp.o[0m
[2.520s] [ 50%] [32mBuilding CXX object CMakeFiles/agrobot_msgs__rosidl_typesupport_cpp.dir/rosidl_typesupport_cpp/agrobot_msgs/srv/sim_crop_location__type_support.cpp.o[0m
[2.549s] [ 52%] [32mBuilding CXX object CMakeFiles/agrobot_msgs__rosidl_typesupport_introspection_cpp.dir/rosidl_typesupport_introspection_cpp/agrobot_msgs/srv/detail/sim_crop_location__type_support.cpp.o[0m
[2.567s] [ 55%] [32mBuilding C object CMakeFiles/agrobot_msgs__rosidl_typesupport_introspection_c.dir/rosidl_typesupport_introspection_c/agrobot_msgs/srv/detail/sim_crop_location__type_support.c.o[0m
[2.580s] [ 58%] [32m[1mLinking CXX shared library libagrobot_msgs__rosidl_typesupport_c.so[0m
[2.639s] [ 58%] Built target agrobot_msgs__rosidl_typesupport_c
[2.641s] [ 61%] [32m[1mLinking C shared library libagrobot_msgs__rosidl_typesupport_introspection_c.so[0m
[2.685s] [ 61%] Built target agrobot_msgs__rosidl_typesupport_introspection_c
[2.886s] [ 64%] [32m[1mLinking CXX shared library libagrobot_msgs__rosidl_typesupport_fastrtps_c.so[0m
[2.977s] [ 64%] Built target agrobot_msgs__rosidl_typesupport_fastrtps_c
[3.043s] [ 67%] [32m[1mLinking CXX shared library libagrobot_msgs__rosidl_typesupport_cpp.so[0m
[3.107s] [ 70%] [32m[1mLinking CXX shared library libagrobot_msgs__rosidl_typesupport_introspection_cpp.so[0m
[3.122s] [ 70%] Built target agrobot_msgs__rosidl_typesupport_cpp
[3.178s] [ 70%] Built target agrobot_msgs__rosidl_typesupport_introspection_cpp
[3.203s] [ 73%] [32m[1mLinking CXX shared library libagrobot_msgs__rosidl_typesupport_fastrtps_cpp.so[0m
[3.258s] [ 73%] Built target agrobot_msgs__rosidl_typesupport_fastrtps_cpp
[3.272s] [ 73%] Built target agrobot_msgs
[3.286s] [ 76%] [34m[1mGenerating Python code for ROS interfaces[0m
[3.613s] [ 76%] Built target agrobot_msgs__py
[3.628s] [ 79%] [32mBuilding C object CMakeFiles/agrobot_msgs__rosidl_generator_py.dir/rosidl_generator_py/agrobot_msgs/srv/_sim_crop_location_s.c.o[0m
[3.788s] [ 82%] [32m[1mLinking C shared library rosidl_generator_py/agrobot_msgs/libagrobot_msgs__rosidl_generator_py.so[0m
[3.820s] [ 82%] Built target agrobot_msgs__rosidl_generator_py
[3.838s] [ 91%] [32mBuilding C object CMakeFiles/agrobot_msgs__rosidl_typesupport_fastrtps_c__pyext.dir/rosidl_generator_py/agrobot_msgs/_agrobot_msgs_s.ep.rosidl_typesupport_fastrtps_c.c.o[0m
[3.838s] [ 91%] [32mBuilding C object CMakeFiles/agrobot_msgs__rosidl_typesupport_c__pyext.dir/rosidl_generator_py/agrobot_msgs/_agrobot_msgs_s.ep.rosidl_typesupport_c.c.o[0m
[3.838s] [ 91%] [32mBuilding C object CMakeFiles/agrobot_msgs__rosidl_typesupport_introspection_c__pyext.dir/rosidl_generator_py/agrobot_msgs/_agrobot_msgs_s.ep.rosidl_typesupport_introspection_c.c.o[0m
[3.933s] [ 97%] [32m[1mLinking C shared library rosidl_generator_py/agrobot_msgs/agrobot_msgs_s__rosidl_typesupport_fastrtps_c.cpython-310-x86_64-linux-gnu.so[0m
[3.933s] [ 97%] [32m[1mLinking C shared library rosidl_generator_py/agrobot_msgs/agrobot_msgs_s__rosidl_typesupport_introspection_c.cpython-310-x86_64-linux-gnu.so[0m
[3.944s] [100%] [32m[1mLinking C shared library rosidl_generator_py/agrobot_msgs/agrobot_msgs_s__rosidl_typesupport_c.cpython-310-x86_64-linux-gnu.so[0m
[3.966s] [100%] Built target agrobot_msgs__rosidl_typesupport_introspection_c__pyext
[3.966s] [100%] Built target agrobot_msgs__rosidl_typesupport_fastrtps_c__pyext
[3.978s] [100%] Built target agrobot_msgs__rosidl_typesupport_c__pyext
[3.987s] Invoked command in '/home/tjacobs/ros2_ws/src/agrobot_msgs/build/agrobot_msgs' returned '0': CMAKE_PREFIX_PATH=${CMAKE_PREFIX_PATH}:/home/tjacobs/ros2_ws/install/my_package:/home/tjacobs/ros2_ws/install/agrobot_pkg:/opt/ros/iron /usr/bin/cmake --build /home/tjacobs/ros2_ws/src/agrobot_msgs/build/agrobot_msgs -- -j8 -l8
[4.038s] Invoking command in '/home/tjacobs/ros2_ws/src/agrobot_msgs/build/agrobot_msgs': CMAKE_PREFIX_PATH=${CMAKE_PREFIX_PATH}:/home/tjacobs/ros2_ws/install/my_package:/home/tjacobs/ros2_ws/install/agrobot_pkg:/opt/ros/iron /usr/bin/cmake --install /home/tjacobs/ros2_ws/src/agrobot_msgs/build/agrobot_msgs
[4.043s] -- Install configuration: ""
[4.044s] -- Installing: /home/tjacobs/ros2_ws/src/agrobot_msgs/install/agrobot_msgs/share/ament_index/resource_index/rosidl_interfaces/agrobot_msgs
[4.044s] -- Installing: /home/tjacobs/ros2_ws/src/agrobot_msgs/install/agrobot_msgs/share/agrobot_msgs/srv/SimCropLocation.json
[4.044s] -- Installing: /home/tjacobs/ros2_ws/src/agrobot_msgs/install/agrobot_msgs/include/agrobot_msgs/agrobot_msgs
[4.044s] -- Installing: /home/tjacobs/ros2_ws/src/agrobot_msgs/install/agrobot_msgs/include/agrobot_msgs/agrobot_msgs/srv
[4.044s] -- Installing: /home/tjacobs/ros2_ws/src/agrobot_msgs/install/agrobot_msgs/include/agrobot_msgs/agrobot_msgs/srv/sim_crop_location.h
[4.044s] -- Installing: /home/tjacobs/ros2_ws/src/agrobot_msgs/install/agrobot_msgs/include/agrobot_msgs/agrobot_msgs/srv/detail
[4.045s] -- Installing: /home/tjacobs/ros2_ws/src/agrobot_msgs/install/agrobot_msgs/include/agrobot_msgs/agrobot_msgs/srv/detail/sim_crop_location__struct.h
[4.045s] -- Installing: /home/tjacobs/ros2_ws/src/agrobot_msgs/install/agrobot_msgs/include/agrobot_msgs/agrobot_msgs/srv/detail/sim_crop_location__functions.h
[4.045s] -- Installing: /home/tjacobs/ros2_ws/src/agrobot_msgs/install/agrobot_msgs/include/agrobot_msgs/agrobot_msgs/srv/detail/sim_crop_location__type_support.h
[4.045s] -- Installing: /home/tjacobs/ros2_ws/src/agrobot_msgs/install/agrobot_msgs/include/agrobot_msgs/agrobot_msgs/srv/detail/sim_crop_location__type_support.c
[4.045s] -- Installing: /home/tjacobs/ros2_ws/src/agrobot_msgs/install/agrobot_msgs/include/agrobot_msgs/agrobot_msgs/srv/detail/sim_crop_location__functions.c
[4.045s] -- Installing: /home/tjacobs/ros2_ws/src/agrobot_msgs/install/agrobot_msgs/include/agrobot_msgs/agrobot_msgs/srv/detail/sim_crop_location__description.c
[4.045s] -- Installing: /home/tjacobs/ros2_ws/src/agrobot_msgs/install/agrobot_msgs/include/agrobot_msgs/agrobot_msgs/msg
[4.045s] -- Installing: /home/tjacobs/ros2_ws/src/agrobot_msgs/install/agrobot_msgs/include/agrobot_msgs/agrobot_msgs/msg/rosidl_generator_c__visibility_control.h
[4.045s] -- Installing: /home/tjacobs/ros2_ws/src/agrobot_msgs/install/agrobot_msgs/share/agrobot_msgs/environment/library_path.sh
[4.045s] -- Installing: /home/tjacobs/ros2_ws/src/agrobot_msgs/install/agrobot_msgs/share/agrobot_msgs/environment/library_path.dsv
[4.045s] -- Installing: /home/tjacobs/ros2_ws/src/agrobot_msgs/install/agrobot_msgs/lib/libagrobot_msgs__rosidl_generator_c.so
[4.046s] -- Set runtime path of "/home/tjacobs/ros2_ws/src/agrobot_msgs/install/agrobot_msgs/lib/libagrobot_msgs__rosidl_generator_c.so" to ""
[4.046s] -- Up-to-date: /home/tjacobs/ros2_ws/src/agrobot_msgs/install/agrobot_msgs/include/agrobot_msgs/agrobot_msgs
[4.046s] -- Up-to-date: /home/tjacobs/ros2_ws/src/agrobot_msgs/install/agrobot_msgs/include/agrobot_msgs/agrobot_msgs/srv
[4.046s] -- Up-to-date: /home/tjacobs/ros2_ws/src/agrobot_msgs/install/agrobot_msgs/include/agrobot_msgs/agrobot_msgs/srv/detail
[4.046s] -- Installing: /home/tjacobs/ros2_ws/src/agrobot_msgs/install/agrobot_msgs/include/agrobot_msgs/agrobot_msgs/srv/detail/sim_crop_location__rosidl_typesupport_fastrtps_c.h
[4.046s] -- Up-to-date: /home/tjacobs/ros2_ws/src/agrobot_msgs/install/agrobot_msgs/include/agrobot_msgs/agrobot_msgs/msg
[4.046s] -- Installing: /home/tjacobs/ros2_ws/src/agrobot_msgs/install/agrobot_msgs/include/agrobot_msgs/agrobot_msgs/msg/rosidl_typesupport_fastrtps_c__visibility_control.h
[4.046s] -- Installing: /home/tjacobs/ros2_ws/src/agrobot_msgs/install/agrobot_msgs/lib/libagrobot_msgs__rosidl_typesupport_fastrtps_c.so
[4.046s] -- Set runtime path of "/home/tjacobs/ros2_ws/src/agrobot_msgs/install/agrobot_msgs/lib/libagrobot_msgs__rosidl_typesupport_fastrtps_c.so" to ""
[4.046s] -- Up-to-date: /home/tjacobs/ros2_ws/src/agrobot_msgs/install/agrobot_msgs/include/agrobot_msgs/agrobot_msgs
[4.047s] -- Up-to-date: /home/tjacobs/ros2_ws/src/agrobot_msgs/install/agrobot_msgs/include/agrobot_msgs/agrobot_msgs/srv
[4.047s] -- Up-to-date: /home/tjacobs/ros2_ws/src/agrobot_msgs/install/agrobot_msgs/include/agrobot_msgs/agrobot_msgs/srv/detail
[4.047s] -- Installing: /home/tjacobs/ros2_ws/src/agrobot_msgs/install/agrobot_msgs/include/agrobot_msgs/agrobot_msgs/srv/detail/sim_crop_location__type_support.c
[4.047s] -- Installing: /home/tjacobs/ros2_ws/src/agrobot_msgs/install/agrobot_msgs/include/agrobot_msgs/agrobot_msgs/srv/detail/sim_crop_location__rosidl_typesupport_introspection_c.h
[4.047s] -- Up-to-date: /home/tjacobs/ros2_ws/src/agrobot_msgs/install/agrobot_msgs/include/agrobot_msgs/agrobot_msgs/msg
[4.047s] -- Installing: /home/tjacobs/ros2_ws/src/agrobot_msgs/install/agrobot_msgs/include/agrobot_msgs/agrobot_msgs/msg/rosidl_typesupport_introspection_c__visibility_control.h
[4.047s] -- Installing: /home/tjacobs/ros2_ws/src/agrobot_msgs/install/agrobot_msgs/lib/libagrobot_msgs__rosidl_typesupport_introspection_c.so
[4.047s] -- Set runtime path of "/home/tjacobs/ros2_ws/src/agrobot_msgs/install/agrobot_msgs/lib/libagrobot_msgs__rosidl_typesupport_introspection_c.so" to ""
[4.047s] -- Installing: /home/tjacobs/ros2_ws/src/agrobot_msgs/install/agrobot_msgs/lib/libagrobot_msgs__rosidl_typesupport_c.so
[4.048s] -- Set runtime path of "/home/tjacobs/ros2_ws/src/agrobot_msgs/install/agrobot_msgs/lib/libagrobot_msgs__rosidl_typesupport_c.so" to ""
[4.048s] -- Up-to-date: /home/tjacobs/ros2_ws/src/agrobot_msgs/install/agrobot_msgs/include/agrobot_msgs/agrobot_msgs
[4.048s] -- Up-to-date: /home/tjacobs/ros2_ws/src/agrobot_msgs/install/agrobot_msgs/include/agrobot_msgs/agrobot_msgs/srv
[4.048s] -- Installing: /home/tjacobs/ros2_ws/src/agrobot_msgs/install/agrobot_msgs/include/agrobot_msgs/agrobot_msgs/srv/sim_crop_location.hpp
[4.048s] -- Up-to-date: /home/tjacobs/ros2_ws/src/agrobot_msgs/install/agrobot_msgs/include/agrobot_msgs/agrobot_msgs/srv/detail
[4.048s] -- Installing: /home/tjacobs/ros2_ws/src/agrobot_msgs/install/agrobot_msgs/include/agrobot_msgs/agrobot_msgs/srv/detail/sim_crop_location__struct.hpp
[4.048s] -- Installing: /home/tjacobs/ros2_ws/src/agrobot_msgs/install/agrobot_msgs/include/agrobot_msgs/agrobot_msgs/srv/detail/sim_crop_location__builder.hpp
[4.048s] -- Installing: /home/tjacobs/ros2_ws/src/agrobot_msgs/install/agrobot_msgs/include/agrobot_msgs/agrobot_msgs/srv/detail/sim_crop_location__traits.hpp
[4.048s] -- Up-to-date: /home/tjacobs/ros2_ws/src/agrobot_msgs/install/agrobot_msgs/include/agrobot_msgs/agrobot_msgs
[4.049s] -- Up-to-date: /home/tjacobs/ros2_ws/src/agrobot_msgs/install/agrobot_msgs/include/agrobot_msgs/agrobot_msgs/srv
[4.049s] -- Up-to-date: /home/tjacobs/ros2_ws/src/agrobot_msgs/install/agrobot_msgs/include/agrobot_msgs/agrobot_msgs/srv/detail
[4.049s] -- Installing: /home/tjacobs/ros2_ws/src/agrobot_msgs/install/agrobot_msgs/include/agrobot_msgs/agrobot_msgs/srv/detail/dds_fastrtps
[4.049s] -- Installing: /home/tjacobs/ros2_ws/src/agrobot_msgs/install/agrobot_msgs/include/agrobot_msgs/agrobot_msgs/srv/detail/sim_crop_location__rosidl_typesupport_fastrtps_cpp.hpp
[4.049s] -- Up-to-date: /home/tjacobs/ros2_ws/src/agrobot_msgs/install/agrobot_msgs/include/agrobot_msgs/agrobot_msgs/msg
[4.049s] -- Installing: /home/tjacobs/ros2_ws/src/agrobot_msgs/install/agrobot_msgs/include/agrobot_msgs/agrobot_msgs/msg/rosidl_typesupport_fastrtps_cpp__visibility_control.h
[4.049s] -- Installing: /home/tjacobs/ros2_ws/src/agrobot_msgs/install/agrobot_msgs/lib/libagrobot_msgs__rosidl_typesupport_fastrtps_cpp.so
[4.049s] -- Set runtime path of "/home/tjacobs/ros2_ws/src/agrobot_msgs/install/agrobot_msgs/lib/libagrobot_msgs__rosidl_typesupport_fastrtps_cpp.so" to ""
[4.050s] -- Up-to-date: /home/tjacobs/ros2_ws/src/agrobot_msgs/install/agrobot_msgs/include/agrobot_msgs/agrobot_msgs
[4.050s] -- Up-to-date: /home/tjacobs/ros2_ws/src/agrobot_msgs/install/agrobot_msgs/include/agrobot_msgs/agrobot_msgs/srv
[4.050s] -- Up-to-date: /home/tjacobs/ros2_ws/src/agrobot_msgs/install/agrobot_msgs/include/agrobot_msgs/agrobot_msgs/srv/detail
[4.050s] -- Installing: /home/tjacobs/ros2_ws/src/agrobot_msgs/install/agrobot_msgs/include/agrobot_msgs/agrobot_msgs/srv/detail/sim_crop_location__type_support.cpp
[4.050s] -- Installing: /home/tjacobs/ros2_ws/src/agrobot_msgs/install/agrobot_msgs/include/agrobot_msgs/agrobot_msgs/srv/detail/sim_crop_location__rosidl_typesupport_introspection_cpp.hpp
[4.050s] -- Installing: /home/tjacobs/ros2_ws/src/agrobot_msgs/install/agrobot_msgs/lib/libagrobot_msgs__rosidl_typesupport_introspection_cpp.so
[4.051s] -- Set runtime path of "/home/tjacobs/ros2_ws/src/agrobot_msgs/install/agrobot_msgs/lib/libagrobot_msgs__rosidl_typesupport_introspection_cpp.so" to ""
[4.051s] -- Installing: /home/tjacobs/ros2_ws/src/agrobot_msgs/install/agrobot_msgs/lib/libagrobot_msgs__rosidl_typesupport_cpp.so
[4.051s] -- Set runtime path of "/home/tjacobs/ros2_ws/src/agrobot_msgs/install/agrobot_msgs/lib/libagrobot_msgs__rosidl_typesupport_cpp.so" to ""
[4.051s] -- Installing: /home/tjacobs/ros2_ws/src/agrobot_msgs/install/agrobot_msgs/share/agrobot_msgs/environment/pythonpath.sh
[4.051s] -- Installing: /home/tjacobs/ros2_ws/src/agrobot_msgs/install/agrobot_msgs/share/agrobot_msgs/environment/pythonpath.dsv
[4.052s] -- Installing: /home/tjacobs/ros2_ws/src/agrobot_msgs/install/agrobot_msgs/lib/python3.10/site-packages/agrobot_msgs-0.0.0-py3.10.egg-info
[4.052s] -- Installing: /home/tjacobs/ros2_ws/src/agrobot_msgs/install/agrobot_msgs/lib/python3.10/site-packages/agrobot_msgs-0.0.0-py3.10.egg-info/dependency_links.txt
[4.052s] -- Installing: /home/tjacobs/ros2_ws/src/agrobot_msgs/install/agrobot_msgs/lib/python3.10/site-packages/agrobot_msgs-0.0.0-py3.10.egg-info/top_level.txt
[4.052s] -- Installing: /home/tjacobs/ros2_ws/src/agrobot_msgs/install/agrobot_msgs/lib/python3.10/site-packages/agrobot_msgs-0.0.0-py3.10.egg-info/SOURCES.txt
[4.052s] -- Installing: /home/tjacobs/ros2_ws/src/agrobot_msgs/install/agrobot_msgs/lib/python3.10/site-packages/agrobot_msgs-0.0.0-py3.10.egg-info/PKG-INFO
[4.052s] -- Installing: /home/tjacobs/ros2_ws/src/agrobot_msgs/install/agrobot_msgs/lib/python3.10/site-packages/agrobot_msgs
[4.052s] -- Installing: /home/tjacobs/ros2_ws/src/agrobot_msgs/install/agrobot_msgs/lib/python3.10/site-packages/agrobot_msgs/__init__.py
[4.052s] -- Installing: /home/tjacobs/ros2_ws/src/agrobot_msgs/install/agrobot_msgs/lib/python3.10/site-packages/agrobot_msgs/_agrobot_msgs_s.ep.rosidl_typesupport_fastrtps_c.c
[4.052s] -- Installing: /home/tjacobs/ros2_ws/src/agrobot_msgs/install/agrobot_msgs/lib/python3.10/site-packages/agrobot_msgs/libagrobot_msgs__rosidl_generator_py.so
[4.053s] -- Installing: /home/tjacobs/ros2_ws/src/agrobot_msgs/install/agrobot_msgs/lib/python3.10/site-packages/agrobot_msgs/agrobot_msgs_s__rosidl_typesupport_fastrtps_c.cpython-310-x86_64-linux-gnu.so
[4.053s] -- Installing: /home/tjacobs/ros2_ws/src/agrobot_msgs/install/agrobot_msgs/lib/python3.10/site-packages/agrobot_msgs/_agrobot_msgs_s.ep.rosidl_typesupport_c.c
[4.053s] -- Installing: /home/tjacobs/ros2_ws/src/agrobot_msgs/install/agrobot_msgs/lib/python3.10/site-packages/agrobot_msgs/agrobot_msgs_s__rosidl_typesupport_introspection_c.cpython-310-x86_64-linux-gnu.so
[4.053s] -- Installing: /home/tjacobs/ros2_ws/src/agrobot_msgs/install/agrobot_msgs/lib/python3.10/site-packages/agrobot_msgs/srv
[4.053s] -- Installing: /home/tjacobs/ros2_ws/src/agrobot_msgs/install/agrobot_msgs/lib/python3.10/site-packages/agrobot_msgs/srv/__init__.py
[4.053s] -- Installing: /home/tjacobs/ros2_ws/src/agrobot_msgs/install/agrobot_msgs/lib/python3.10/site-packages/agrobot_msgs/srv/_sim_crop_location.py
[4.053s] -- Installing: /home/tjacobs/ros2_ws/src/agrobot_msgs/install/agrobot_msgs/lib/python3.10/site-packages/agrobot_msgs/srv/_sim_crop_location_s.c
[4.053s] -- Installing: /home/tjacobs/ros2_ws/src/agrobot_msgs/install/agrobot_msgs/lib/python3.10/site-packages/agrobot_msgs/_agrobot_msgs_s.ep.rosidl_typesupport_introspection_c.c
[4.053s] -- Installing: /home/tjacobs/ros2_ws/src/agrobot_msgs/install/agrobot_msgs/lib/python3.10/site-packages/agrobot_msgs/agrobot_msgs_s__rosidl_typesupport_c.cpython-310-x86_64-linux-gnu.so
[4.078s] Listing '/home/tjacobs/ros2_ws/src/agrobot_msgs/install/agrobot_msgs/lib/python3.10/site-packages/agrobot_msgs'...
[4.079s] Compiling '/home/tjacobs/ros2_ws/src/agrobot_msgs/install/agrobot_msgs/lib/python3.10/site-packages/agrobot_msgs/__init__.py'...
[4.079s] Listing '/home/tjacobs/ros2_ws/src/agrobot_msgs/install/agrobot_msgs/lib/python3.10/site-packages/agrobot_msgs/srv'...
[4.079s] Compiling '/home/tjacobs/ros2_ws/src/agrobot_msgs/install/agrobot_msgs/lib/python3.10/site-packages/agrobot_msgs/srv/__init__.py'...
[4.079s] Compiling '/home/tjacobs/ros2_ws/src/agrobot_msgs/install/agrobot_msgs/lib/python3.10/site-packages/agrobot_msgs/srv/_sim_crop_location.py'...
[4.082s] -- Installing: /home/tjacobs/ros2_ws/src/agrobot_msgs/install/agrobot_msgs/lib/python3.10/site-packages/agrobot_msgs/agrobot_msgs_s__rosidl_typesupport_fastrtps_c.cpython-310-x86_64-linux-gnu.so
[4.082s] -- Set runtime path of "/home/tjacobs/ros2_ws/src/agrobot_msgs/install/agrobot_msgs/lib/python3.10/site-packages/agrobot_msgs/agrobot_msgs_s__rosidl_typesupport_fastrtps_c.cpython-310-x86_64-linux-gnu.so" to ""
[4.083s] -- Installing: /home/tjacobs/ros2_ws/src/agrobot_msgs/install/agrobot_msgs/lib/python3.10/site-packages/agrobot_msgs/agrobot_msgs_s__rosidl_typesupport_introspection_c.cpython-310-x86_64-linux-gnu.so
[4.083s] -- Set runtime path of "/home/tjacobs/ros2_ws/src/agrobot_msgs/install/agrobot_msgs/lib/python3.10/site-packages/agrobot_msgs/agrobot_msgs_s__rosidl_typesupport_introspection_c.cpython-310-x86_64-linux-gnu.so" to ""
[4.083s] -- Installing: /home/tjacobs/ros2_ws/src/agrobot_msgs/install/agrobot_msgs/lib/python3.10/site-packages/agrobot_msgs/agrobot_msgs_s__rosidl_typesupport_c.cpython-310-x86_64-linux-gnu.so
[4.083s] -- Set runtime path of "/home/tjacobs/ros2_ws/src/agrobot_msgs/install/agrobot_msgs/lib/python3.10/site-packages/agrobot_msgs/agrobot_msgs_s__rosidl_typesupport_c.cpython-310-x86_64-linux-gnu.so" to ""
[4.083s] -- Installing: /home/tjacobs/ros2_ws/src/agrobot_msgs/install/agrobot_msgs/lib/libagrobot_msgs__rosidl_generator_py.so
[4.084s] -- Set runtime path of "/home/tjacobs/ros2_ws/src/agrobot_msgs/install/agrobot_msgs/lib/libagrobot_msgs__rosidl_generator_py.so" to ""
[4.084s] -- Installing: /home/tjacobs/ros2_ws/src/agrobot_msgs/install/agrobot_msgs/share/agrobot_msgs/srv/SimCropLocation.idl
[4.084s] -- Installing: /home/tjacobs/ros2_ws/src/agrobot_msgs/install/agrobot_msgs/share/agrobot_msgs/srv/SimCropLocation.srv
[4.084s] -- Installing: /home/tjacobs/ros2_ws/src/agrobot_msgs/install/agrobot_msgs/share/agrobot_msgs/srv/SimCropLocation_Request.msg
[4.084s] -- Installing: /home/tjacobs/ros2_ws/src/agrobot_msgs/install/agrobot_msgs/share/agrobot_msgs/srv/SimCropLocation_Response.msg
[4.084s] -- Installing: /home/tjacobs/ros2_ws/src/agrobot_msgs/install/agrobot_msgs/share/ament_index/resource_index/package_run_dependencies/agrobot_msgs
[4.085s] -- Installing: /home/tjacobs/ros2_ws/src/agrobot_msgs/install/agrobot_msgs/share/ament_index/resource_index/parent_prefix_path/agrobot_msgs
[4.085s] -- Installing: /home/tjacobs/ros2_ws/src/agrobot_msgs/install/agrobot_msgs/share/agrobot_msgs/environment/ament_prefix_path.sh
[4.085s] -- Installing: /home/tjacobs/ros2_ws/src/agrobot_msgs/install/agrobot_msgs/share/agrobot_msgs/environment/ament_prefix_path.dsv
[4.085s] -- Installing: /home/tjacobs/ros2_ws/src/agrobot_msgs/install/agrobot_msgs/share/agrobot_msgs/environment/path.sh
[4.085s] -- Installing: /home/tjacobs/ros2_ws/src/agrobot_msgs/install/agrobot_msgs/share/agrobot_msgs/environment/path.dsv
[4.085s] -- Installing: /home/tjacobs/ros2_ws/src/agrobot_msgs/install/agrobot_msgs/share/agrobot_msgs/local_setup.bash
[4.085s] -- Installing: /home/tjacobs/ros2_ws/src/agrobot_msgs/install/agrobot_msgs/share/agrobot_msgs/local_setup.sh
[4.085s] -- Installing: /home/tjacobs/ros2_ws/src/agrobot_msgs/install/agrobot_msgs/share/agrobot_msgs/local_setup.zsh
[4.085s] -- Installing: /home/tjacobs/ros2_ws/src/agrobot_msgs/install/agrobot_msgs/share/agrobot_msgs/local_setup.dsv
[4.085s] -- Installing: /home/tjacobs/ros2_ws/src/agrobot_msgs/install/agrobot_msgs/share/agrobot_msgs/package.dsv
[4.086s] -- Installing: /home/tjacobs/ros2_ws/src/agrobot_msgs/install/agrobot_msgs/share/ament_index/resource_index/packages/agrobot_msgs
[4.086s] -- Installing: /home/tjacobs/ros2_ws/src/agrobot_msgs/install/agrobot_msgs/share/agrobot_msgs/cmake/export_agrobot_msgs__rosidl_generator_cExport.cmake
[4.086s] -- Installing: /home/tjacobs/ros2_ws/src/agrobot_msgs/install/agrobot_msgs/share/agrobot_msgs/cmake/export_agrobot_msgs__rosidl_generator_cExport-noconfig.cmake
[4.086s] -- Installing: /home/tjacobs/ros2_ws/src/agrobot_msgs/install/agrobot_msgs/share/agrobot_msgs/cmake/export_agrobot_msgs__rosidl_typesupport_fastrtps_cExport.cmake
[4.086s] -- Installing: /home/tjacobs/ros2_ws/src/agrobot_msgs/install/agrobot_msgs/share/agrobot_msgs/cmake/export_agrobot_msgs__rosidl_typesupport_fastrtps_cExport-noconfig.cmake
[4.086s] -- Installing: /home/tjacobs/ros2_ws/src/agrobot_msgs/install/agrobot_msgs/share/agrobot_msgs/cmake/agrobot_msgs__rosidl_typesupport_introspection_cExport.cmake
[4.086s] -- Installing: /home/tjacobs/ros2_ws/src/agrobot_msgs/install/agrobot_msgs/share/agrobot_msgs/cmake/agrobot_msgs__rosidl_typesupport_introspection_cExport-noconfig.cmake
[4.086s] -- Installing: /home/tjacobs/ros2_ws/src/agrobot_msgs/install/agrobot_msgs/share/agrobot_msgs/cmake/agrobot_msgs__rosidl_typesupport_cExport.cmake
[4.086s] -- Installing: /home/tjacobs/ros2_ws/src/agrobot_msgs/install/agrobot_msgs/share/agrobot_msgs/cmake/agrobot_msgs__rosidl_typesupport_cExport-noconfig.cmake
[4.087s] -- Installing: /home/tjacobs/ros2_ws/src/agrobot_msgs/install/agrobot_msgs/share/agrobot_msgs/cmake/export_agrobot_msgs__rosidl_generator_cppExport.cmake
[4.087s] -- Installing: /home/tjacobs/ros2_ws/src/agrobot_msgs/install/agrobot_msgs/share/agrobot_msgs/cmake/export_agrobot_msgs__rosidl_typesupport_fastrtps_cppExport.cmake
[4.087s] -- Installing: /home/tjacobs/ros2_ws/src/agrobot_msgs/install/agrobot_msgs/share/agrobot_msgs/cmake/export_agrobot_msgs__rosidl_typesupport_fastrtps_cppExport-noconfig.cmake
[4.087s] -- Installing: /home/tjacobs/ros2_ws/src/agrobot_msgs/install/agrobot_msgs/share/agrobot_msgs/cmake/agrobot_msgs__rosidl_typesupport_introspection_cppExport.cmake
[4.087s] -- Installing: /home/tjacobs/ros2_ws/src/agrobot_msgs/install/agrobot_msgs/share/agrobot_msgs/cmake/agrobot_msgs__rosidl_typesupport_introspection_cppExport-noconfig.cmake
[4.087s] -- Installing: /home/tjacobs/ros2_ws/src/agrobot_msgs/install/agrobot_msgs/share/agrobot_msgs/cmake/agrobot_msgs__rosidl_typesupport_cppExport.cmake
[4.087s] -- Installing: /home/tjacobs/ros2_ws/src/agrobot_msgs/install/agrobot_msgs/share/agrobot_msgs/cmake/agrobot_msgs__rosidl_typesupport_cppExport-noconfig.cmake
[4.087s] -- Installing: /home/tjacobs/ros2_ws/src/agrobot_msgs/install/agrobot_msgs/share/agrobot_msgs/cmake/export_agrobot_msgs__rosidl_generator_pyExport.cmake
[4.087s] -- Installing: /home/tjacobs/ros2_ws/src/agrobot_msgs/install/agrobot_msgs/share/agrobot_msgs/cmake/export_agrobot_msgs__rosidl_generator_pyExport-noconfig.cmake
[4.087s] -- Installing: /home/tjacobs/ros2_ws/src/agrobot_msgs/install/agrobot_msgs/share/agrobot_msgs/cmake/rosidl_cmake-extras.cmake
[4.087s] -- Installing: /home/tjacobs/ros2_ws/src/agrobot_msgs/install/agrobot_msgs/share/agrobot_msgs/cmake/ament_cmake_export_dependencies-extras.cmake
[4.088s] -- Installing: /home/tjacobs/ros2_ws/src/agrobot_msgs/install/agrobot_msgs/share/agrobot_msgs/cmake/ament_cmake_export_include_directories-extras.cmake
[4.088s] -- Installing: /home/tjacobs/ros2_ws/src/agrobot_msgs/install/agrobot_msgs/share/agrobot_msgs/cmake/ament_cmake_export_libraries-extras.cmake
[4.088s] -- Installing: /home/tjacobs/ros2_ws/src/agrobot_msgs/install/agrobot_msgs/share/agrobot_msgs/cmake/ament_cmake_export_targets-extras.cmake
[4.088s] -- Installing: /home/tjacobs/ros2_ws/src/agrobot_msgs/install/agrobot_msgs/share/agrobot_msgs/cmake/rosidl_cmake_export_typesupport_targets-extras.cmake
[4.088s] -- Installing: /home/tjacobs/ros2_ws/src/agrobot_msgs/install/agrobot_msgs/share/agrobot_msgs/cmake/rosidl_cmake_export_typesupport_libraries-extras.cmake
[4.088s] -- Installing: /home/tjacobs/ros2_ws/src/agrobot_msgs/install/agrobot_msgs/share/agrobot_msgs/cmake/agrobot_msgsConfig.cmake
[4.088s] -- Installing: /home/tjacobs/ros2_ws/src/agrobot_msgs/install/agrobot_msgs/share/agrobot_msgs/cmake/agrobot_msgsConfig-version.cmake
[4.088s] -- Installing: /home/tjacobs/ros2_ws/src/agrobot_msgs/install/agrobot_msgs/share/agrobot_msgs/package.xml
[4.090s] Invoked command in '/home/tjacobs/ros2_ws/src/agrobot_msgs/build/agrobot_msgs' returned '0': CMAKE_PREFIX_PATH=${CMAKE_PREFIX_PATH}:/home/tjacobs/ros2_ws/install/my_package:/home/tjacobs/ros2_ws/install/agrobot_pkg:/opt/ros/iron /usr/bin/cmake --install /home/tjacobs/ros2_ws/src/agrobot_msgs/build/agrobot_msgs
