[1.701s] Invoking command in '/home/tjacobs/ros2_ws/my_package': PYTHONPATH=/home/tjacobs/ros2_ws/build/my_package/prefix_override:/home/tjacobs/ros2_ws/install/my_package/lib/python3.10/site-packages:${PYTHONPATH} /usr/bin/python3 setup.py egg_info --egg-base ../build/my_package build --build-base /home/tjacobs/ros2_ws/build/my_package/build install --record /home/tjacobs/ros2_ws/build/my_package/install.log --single-version-externally-managed
[2.228s] running egg_info
[2.230s] writing ../build/my_package/my_package.egg-info/PKG-INFO
[2.230s] writing dependency_links to ../build/my_package/my_package.egg-info/dependency_links.txt
[2.231s] writing entry points to ../build/my_package/my_package.egg-info/entry_points.txt
[2.231s] writing requirements to ../build/my_package/my_package.egg-info/requires.txt
[2.231s] writing top-level names to ../build/my_package/my_package.egg-info/top_level.txt
[2.235s] reading manifest file '../build/my_package/my_package.egg-info/SOURCES.txt'
[2.235s] adding license file 'LICENSE'
[2.237s] writing manifest file '../build/my_package/my_package.egg-info/SOURCES.txt'
[2.237s] running build
[2.237s] running build_py
[2.238s] running install
[2.238s] /usr/lib/python3/dist-packages/setuptools/command/install.py:34: SetuptoolsDeprecationWarning: setup.py install is deprecated. Use build and pip and other standards-based tools.
[2.238s]   warnings.warn(
[2.239s] running install_lib
[2.243s] running install_data
[2.245s] copying launch/robot_launch.py -> /home/tjacobs/ros2_ws/install/my_package/share/my_package/launch
[2.245s] running install_egg_info
[2.248s] removing '/home/tjacobs/ros2_ws/install/my_package/lib/python3.10/site-packages/my_package-0.0.0-py3.10.egg-info' (and everything under it)
[2.249s] Copying ../build/my_package/my_package.egg-info to /home/tjacobs/ros2_ws/install/my_package/lib/python3.10/site-packages/my_package-0.0.0-py3.10.egg-info
[2.251s] running install_scripts
[2.294s] Installing my_robot_driver script to /home/tjacobs/ros2_ws/install/my_package/lib/my_package
[2.295s] writing list of installed files to '/home/tjacobs/ros2_ws/build/my_package/install.log'
[2.345s] Invoked command in '/home/tjacobs/ros2_ws/my_package' returned '0': PYTHONPATH=/home/tjacobs/ros2_ws/build/my_package/prefix_override:/home/tjacobs/ros2_ws/install/my_package/lib/python3.10/site-packages:${PYTHONPATH} /usr/bin/python3 setup.py egg_info --egg-base ../build/my_package build --build-base /home/tjacobs/ros2_ws/build/my_package/build install --record /home/tjacobs/ros2_ws/build/my_package/install.log --single-version-externally-managed
