[1.902s] Invoking command in '/home/tjacobs/ros2_ws/src/agrobot_pkg': PYTHONPATH=/home/tjacobs/ros2_ws/build/agrobot_pkg/prefix_override:/home/tjacobs/ros2_ws/install/agrobot_pkg/lib/python3.10/site-packages:${PYTHONPATH} /usr/bin/python3 setup.py egg_info --egg-base ../../build/agrobot_pkg build --build-base /home/tjacobs/ros2_ws/build/agrobot_pkg/build install --record /home/tjacobs/ros2_ws/build/agrobot_pkg/install.log --single-version-externally-managed
[2.629s] running egg_info
[2.632s] writing ../../build/agrobot_pkg/agrobot_pkg.egg-info/PKG-INFO
[2.633s] writing dependency_links to ../../build/agrobot_pkg/agrobot_pkg.egg-info/dependency_links.txt
[2.634s] writing entry points to ../../build/agrobot_pkg/agrobot_pkg.egg-info/entry_points.txt
[2.635s] writing requirements to ../../build/agrobot_pkg/agrobot_pkg.egg-info/requires.txt
[2.635s] writing top-level names to ../../build/agrobot_pkg/agrobot_pkg.egg-info/top_level.txt
[2.641s] reading manifest file '../../build/agrobot_pkg/agrobot_pkg.egg-info/SOURCES.txt'
[2.645s] writing manifest file '../../build/agrobot_pkg/agrobot_pkg.egg-info/SOURCES.txt'
[2.645s] running build
[2.645s] running build_py
[2.647s] copying agrobot_pkg/movement_driver_node.py -> /home/tjacobs/ros2_ws/build/agrobot_pkg/build/lib/agrobot_pkg
[2.648s] running install
[2.648s] /usr/lib/python3/dist-packages/setuptools/command/install.py:34: SetuptoolsDeprecationWarning: setup.py install is deprecated. Use build and pip and other standards-based tools.
[2.649s]   warnings.warn(
[2.649s] running install_lib
[2.653s] copying /home/tjacobs/ros2_ws/build/agrobot_pkg/build/lib/agrobot_pkg/movement_driver_node.py -> /home/tjacobs/ros2_ws/install/agrobot_pkg/lib/python3.10/site-packages/agrobot_pkg
[2.655s] byte-compiling /home/tjacobs/ros2_ws/install/agrobot_pkg/lib/python3.10/site-packages/agrobot_pkg/movement_driver_node.py to movement_driver_node.cpython-310.pyc
[2.657s] running install_data
[2.661s] running install_egg_info
[2.667s] removing '/home/tjacobs/ros2_ws/install/agrobot_pkg/lib/python3.10/site-packages/agrobot_pkg-0.0.0-py3.10.egg-info' (and everything under it)
[2.668s] Copying ../../build/agrobot_pkg/agrobot_pkg.egg-info to /home/tjacobs/ros2_ws/install/agrobot_pkg/lib/python3.10/site-packages/agrobot_pkg-0.0.0-py3.10.egg-info
[2.670s] running install_scripts
[2.738s] Installing movement_driver_node script to /home/tjacobs/ros2_ws/install/agrobot_pkg/lib/agrobot_pkg
[2.739s] writing list of installed files to '/home/tjacobs/ros2_ws/build/agrobot_pkg/install.log'
[2.815s] Invoked command in '/home/tjacobs/ros2_ws/src/agrobot_pkg' returned '0': PYTHONPATH=/home/tjacobs/ros2_ws/build/agrobot_pkg/prefix_override:/home/tjacobs/ros2_ws/install/agrobot_pkg/lib/python3.10/site-packages:${PYTHONPATH} /usr/bin/python3 setup.py egg_info --egg-base ../../build/agrobot_pkg build --build-base /home/tjacobs/ros2_ws/build/agrobot_pkg/build install --record /home/tjacobs/ros2_ws/build/agrobot_pkg/install.log --single-version-externally-managed
