[0.584s] Invoking command in '/home/tjacobs/ros2_ws/src/agrobot_pkg': PYTHONPATH=/home/tjacobs/ros2_ws/build/agrobot_pkg/prefix_override:/home/tjacobs/ros2_ws/install/agrobot_pkg/lib/python3.10/site-packages:${PYTHONPATH} /usr/bin/python3 setup.py egg_info --egg-base ../../build/agrobot_pkg build --build-base /home/tjacobs/ros2_ws/build/agrobot_pkg/build install --record /home/tjacobs/ros2_ws/build/agrobot_pkg/install.log --single-version-externally-managed
[0.768s] running egg_info
[0.768s] writing ../../build/agrobot_pkg/agrobot_pkg.egg-info/PKG-INFO
[0.769s] writing dependency_links to ../../build/agrobot_pkg/agrobot_pkg.egg-info/dependency_links.txt
[0.769s] writing entry points to ../../build/agrobot_pkg/agrobot_pkg.egg-info/entry_points.txt
[0.769s] writing requirements to ../../build/agrobot_pkg/agrobot_pkg.egg-info/requires.txt
[0.769s] writing top-level names to ../../build/agrobot_pkg/agrobot_pkg.egg-info/top_level.txt
[0.771s] reading manifest file '../../build/agrobot_pkg/agrobot_pkg.egg-info/SOURCES.txt'
[0.771s] writing manifest file '../../build/agrobot_pkg/agrobot_pkg.egg-info/SOURCES.txt'
[0.771s] running build
[0.771s] running build_py
[0.772s] copying agrobot_pkg/movement_controller_node.py -> /home/tjacobs/ros2_ws/build/agrobot_pkg/build/lib/agrobot_pkg
[0.772s] running install
[0.772s] /usr/lib/python3/dist-packages/setuptools/command/install.py:34: SetuptoolsDeprecationWarning: setup.py install is deprecated. Use build and pip and other standards-based tools.
[0.772s]   warnings.warn(
[0.773s] running install_lib
[0.773s] copying /home/tjacobs/ros2_ws/build/agrobot_pkg/build/lib/agrobot_pkg/movement_controller_node.py -> /home/tjacobs/ros2_ws/install/agrobot_pkg/lib/python3.10/site-packages/agrobot_pkg
[0.774s] byte-compiling /home/tjacobs/ros2_ws/install/agrobot_pkg/lib/python3.10/site-packages/agrobot_pkg/movement_controller_node.py to movement_controller_node.cpython-310.pyc
[0.775s] running install_data
[0.775s] copying worlds/pathfinding_world.wbt -> /home/tjacobs/ros2_ws/install/agrobot_pkg/share/agrobot_pkg/worlds
[0.776s] running install_egg_info
[0.777s] removing '/home/tjacobs/ros2_ws/install/agrobot_pkg/lib/python3.10/site-packages/agrobot_pkg-0.0.0-py3.10.egg-info' (and everything under it)
[0.777s] Copying ../../build/agrobot_pkg/agrobot_pkg.egg-info to /home/tjacobs/ros2_ws/install/agrobot_pkg/lib/python3.10/site-packages/agrobot_pkg-0.0.0-py3.10.egg-info
[0.778s] running install_scripts
[0.792s] Installing movement_controller_node script to /home/tjacobs/ros2_ws/install/agrobot_pkg/lib/agrobot_pkg
[0.792s] Installing movement_driver_node script to /home/tjacobs/ros2_ws/install/agrobot_pkg/lib/agrobot_pkg
[0.793s] writing list of installed files to '/home/tjacobs/ros2_ws/build/agrobot_pkg/install.log'
[0.810s] Invoked command in '/home/tjacobs/ros2_ws/src/agrobot_pkg' returned '0': PYTHONPATH=/home/tjacobs/ros2_ws/build/agrobot_pkg/prefix_override:/home/tjacobs/ros2_ws/install/agrobot_pkg/lib/python3.10/site-packages:${PYTHONPATH} /usr/bin/python3 setup.py egg_info --egg-base ../../build/agrobot_pkg build --build-base /home/tjacobs/ros2_ws/build/agrobot_pkg/build install --record /home/tjacobs/ros2_ws/build/agrobot_pkg/install.log --single-version-externally-managed
