/home/tjacobs/Documents/Agrobot_ws/ros2_ws/install/agrobot_pkg/lib/python3.10/site-packages/agrobot_pkg/arm_movement_node.py
/home/tjacobs/Documents/Agrobot_ws/ros2_ws/install/agrobot_pkg/lib/python3.10/site-packages/agrobot_pkg/subscribe_test.py
/home/tjacobs/Documents/Agrobot_ws/ros2_ws/install/agrobot_pkg/lib/python3.10/site-packages/agrobot_pkg/__init__.py
/home/tjacobs/Documents/Agrobot_ws/ros2_ws/install/agrobot_pkg/lib/python3.10/site-packages/agrobot_pkg/simulation_controller_node.py
/home/tjacobs/Documents/Agrobot_ws/ros2_ws/install/agrobot_pkg/lib/python3.10/site-packages/agrobot_pkg/gripper_controller_node.py
/home/tjacobs/Documents/Agrobot_ws/ros2_ws/install/agrobot_pkg/lib/python3.10/site-packages/agrobot_pkg/vision_controller_node.py
/home/tjacobs/Documents/Agrobot_ws/ros2_ws/install/agrobot_pkg/lib/python3.10/site-packages/agrobot_pkg/wrist_movement_node.py
/home/tjacobs/Documents/Agrobot_ws/ros2_ws/install/agrobot_pkg/lib/python3.10/site-packages/agrobot_pkg/simulation_vision_controller.py
/home/tjacobs/Documents/Agrobot_ws/ros2_ws/install/agrobot_pkg/lib/python3.10/site-packages/agrobot_pkg/vision_processing_node.py
/home/tjacobs/Documents/Agrobot_ws/ros2_ws/install/agrobot_pkg/lib/python3.10/site-packages/agrobot_pkg/movement_controller_node.py
/home/tjacobs/Documents/Agrobot_ws/ros2_ws/install/agrobot_pkg/lib/python3.10/site-packages/agrobot_pkg/__pycache__/arm_movement_node.cpython-310.pyc
/home/tjacobs/Documents/Agrobot_ws/ros2_ws/install/agrobot_pkg/lib/python3.10/site-packages/agrobot_pkg/__pycache__/subscribe_test.cpython-310.pyc
/home/tjacobs/Documents/Agrobot_ws/ros2_ws/install/agrobot_pkg/lib/python3.10/site-packages/agrobot_pkg/__pycache__/__init__.cpython-310.pyc
/home/tjacobs/Documents/Agrobot_ws/ros2_ws/install/agrobot_pkg/lib/python3.10/site-packages/agrobot_pkg/__pycache__/simulation_controller_node.cpython-310.pyc
/home/tjacobs/Documents/Agrobot_ws/ros2_ws/install/agrobot_pkg/lib/python3.10/site-packages/agrobot_pkg/__pycache__/gripper_controller_node.cpython-310.pyc
/home/tjacobs/Documents/Agrobot_ws/ros2_ws/install/agrobot_pkg/lib/python3.10/site-packages/agrobot_pkg/__pycache__/vision_controller_node.cpython-310.pyc
/home/tjacobs/Documents/Agrobot_ws/ros2_ws/install/agrobot_pkg/lib/python3.10/site-packages/agrobot_pkg/__pycache__/wrist_movement_node.cpython-310.pyc
/home/tjacobs/Documents/Agrobot_ws/ros2_ws/install/agrobot_pkg/lib/python3.10/site-packages/agrobot_pkg/__pycache__/simulation_vision_controller.cpython-310.pyc
/home/tjacobs/Documents/Agrobot_ws/ros2_ws/install/agrobot_pkg/lib/python3.10/site-packages/agrobot_pkg/__pycache__/vision_processing_node.cpython-310.pyc
/home/tjacobs/Documents/Agrobot_ws/ros2_ws/install/agrobot_pkg/lib/python3.10/site-packages/agrobot_pkg/__pycache__/movement_controller_node.cpython-310.pyc
/home/tjacobs/Documents/Agrobot_ws/ros2_ws/install/agrobot_pkg/share/ament_index/resource_index/packages/agrobot_pkg
/home/tjacobs/Documents/Agrobot_ws/ros2_ws/install/agrobot_pkg/share/agrobot_pkg/launch/launch_sim.py
/home/tjacobs/Documents/Agrobot_ws/ros2_ws/install/agrobot_pkg/share/agrobot_pkg/worlds/pathfinding_world.wbt
/home/tjacobs/Documents/Agrobot_ws/ros2_ws/install/agrobot_pkg/share/agrobot_pkg/resource/agrobot.urdf
/home/tjacobs/Documents/Agrobot_ws/ros2_ws/install/agrobot_pkg/share/agrobot_pkg/resource/agrobot_model.obj
/home/tjacobs/Documents/Agrobot_ws/ros2_ws/install/agrobot_pkg/share/agrobot_pkg/resource/carrot_model.obj
/home/tjacobs/Documents/Agrobot_ws/ros2_ws/install/agrobot_pkg/share/agrobot_pkg/protos/PlanterBox.proto
/home/tjacobs/Documents/Agrobot_ws/ros2_ws/install/agrobot_pkg/share/agrobot_pkg
/home/tjacobs/Documents/Agrobot_ws/ros2_ws/install/agrobot_pkg/share/agrobot_pkg/resource/soil_texture.jpg
/home/tjacobs/Documents/Agrobot_ws/ros2_ws/install/agrobot_pkg/share/agrobot_pkg/package.xml
/home/tjacobs/Documents/Agrobot_ws/ros2_ws/install/agrobot_pkg/lib/python3.10/site-packages/agrobot_pkg-0.0.0-py3.10.egg-info/dependency_links.txt
/home/tjacobs/Documents/Agrobot_ws/ros2_ws/install/agrobot_pkg/lib/python3.10/site-packages/agrobot_pkg-0.0.0-py3.10.egg-info/zip-safe
/home/tjacobs/Documents/Agrobot_ws/ros2_ws/install/agrobot_pkg/lib/python3.10/site-packages/agrobot_pkg-0.0.0-py3.10.egg-info/top_level.txt
/home/tjacobs/Documents/Agrobot_ws/ros2_ws/install/agrobot_pkg/lib/python3.10/site-packages/agrobot_pkg-0.0.0-py3.10.egg-info/requires.txt
/home/tjacobs/Documents/Agrobot_ws/ros2_ws/install/agrobot_pkg/lib/python3.10/site-packages/agrobot_pkg-0.0.0-py3.10.egg-info/entry_points.txt
/home/tjacobs/Documents/Agrobot_ws/ros2_ws/install/agrobot_pkg/lib/python3.10/site-packages/agrobot_pkg-0.0.0-py3.10.egg-info/SOURCES.txt
/home/tjacobs/Documents/Agrobot_ws/ros2_ws/install/agrobot_pkg/lib/python3.10/site-packages/agrobot_pkg-0.0.0-py3.10.egg-info/PKG-INFO
/home/tjacobs/Documents/Agrobot_ws/ros2_ws/install/agrobot_pkg/lib/agrobot_pkg/movement_controller_node
/home/tjacobs/Documents/Agrobot_ws/ros2_ws/install/agrobot_pkg/lib/agrobot_pkg/simulation_controller_node
/home/tjacobs/Documents/Agrobot_ws/ros2_ws/install/agrobot_pkg/lib/agrobot_pkg/subscribe_test
/home/tjacobs/Documents/Agrobot_ws/ros2_ws/install/agrobot_pkg/lib/agrobot_pkg/vision_processing_node
