[5.512s] DEBUG:colcon:Command line arguments: ['/usr/bin/colcon', 'build', '--packages-select', 'agrobot_pkg']
[5.513s] DEBUG:colcon:Parsed command line arguments: Namespace(log_base=None, log_level=None, verb_name='build', build_base='build', install_base='install', merge_install=False, symlink_install=False, test_result_base=None, continue_on_error=False, executor='parallel', parallel_workers=8, event_handlers=None, ignore_user_meta=False, metas=['./colcon.meta'], base_paths=['.'], packages_ignore=None, packages_ignore_regex=None, paths=None, packages_up_to=None, packages_up_to_regex=None, packages_above=None, packages_above_and_dependencies=None, packages_above_depth=None, packages_select_by_dep=None, packages_skip_by_dep=None, packages_skip_up_to=None, packages_select_build_failed=False, packages_skip_build_finished=False, packages_select_test_failures=False, packages_skip_test_passed=False, packages_select=['agrobot_pkg'], packages_skip=None, packages_select_regex=None, packages_skip_regex=None, packages_start=None, packages_end=None, allow_overriding=[], cmake_args=None, cmake_target=None, cmake_target_skip_unavailable=False, cmake_clean_cache=False, cmake_clean_first=False, cmake_force_configure=False, ament_cmake_args=None, catkin_cmake_args=None, catkin_skip_building_tests=False, verb_parser=<colcon_defaults.argument_parser.defaults.DefaultArgumentsDecorator object at 0x7f476f60e4d0>, verb_extension=<colcon_core.verb.build.BuildVerb object at 0x7f476fad7880>, main=<bound method BuildVerb.main of <colcon_core.verb.build.BuildVerb object at 0x7f476fad7880>>)
[5.765s] Level 1:colcon.colcon_core.package_discovery:discover_packages(colcon_meta) check parameters
[5.765s] Level 1:colcon.colcon_core.package_discovery:discover_packages(recursive) check parameters
[5.765s] Level 1:colcon.colcon_core.package_discovery:discover_packages(ignore) check parameters
[5.765s] Level 1:colcon.colcon_core.package_discovery:discover_packages(path) check parameters
[5.766s] Level 1:colcon.colcon_core.package_discovery:discover_packages(colcon_meta) discover
[5.766s] Level 1:colcon.colcon_core.package_discovery:discover_packages(recursive) discover
[5.766s] INFO:colcon.colcon_core.package_discovery:Crawling recursively for packages in '/home/tjacobs/ros2_ws'
[5.766s] Level 1:colcon.colcon_core.package_identification:_identify(.) by extensions ['ignore', 'ignore_ament_install']
[5.767s] Level 1:colcon.colcon_core.package_identification:_identify(.) by extension 'ignore'
[5.767s] Level 1:colcon.colcon_core.package_identification:_identify(.) by extension 'ignore_ament_install'
[5.767s] Level 1:colcon.colcon_core.package_identification:_identify(.) by extensions ['colcon_pkg']
[5.768s] Level 1:colcon.colcon_core.package_identification:_identify(.) by extension 'colcon_pkg'
[5.768s] Level 1:colcon.colcon_core.package_identification:_identify(.) by extensions ['colcon_meta']
[5.768s] Level 1:colcon.colcon_core.package_identification:_identify(.) by extension 'colcon_meta'
[5.768s] Level 1:colcon.colcon_core.package_identification:_identify(.) by extensions ['ros']
[5.768s] Level 1:colcon.colcon_core.package_identification:_identify(.) by extension 'ros'
[5.818s] Level 1:colcon.colcon_core.package_identification:_identify(.) by extensions ['cmake', 'python']
[5.819s] Level 1:colcon.colcon_core.package_identification:_identify(.) by extension 'cmake'
[5.819s] Level 1:colcon.colcon_core.package_identification:_identify(.) by extension 'python'
[5.819s] Level 1:colcon.colcon_core.package_identification:_identify(.) by extensions ['python_setup_py']
[5.819s] Level 1:colcon.colcon_core.package_identification:_identify(.) by extension 'python_setup_py'
[5.820s] Level 1:colcon.colcon_core.package_identification:_identify(build) by extensions ['ignore', 'ignore_ament_install']
[5.820s] Level 1:colcon.colcon_core.package_identification:_identify(build) by extension 'ignore'
[5.820s] Level 1:colcon.colcon_core.package_identification:_identify(build) ignored
[5.821s] Level 1:colcon.colcon_core.package_identification:_identify(install) by extensions ['ignore', 'ignore_ament_install']
[5.821s] Level 1:colcon.colcon_core.package_identification:_identify(install) by extension 'ignore'
[5.821s] Level 1:colcon.colcon_core.package_identification:_identify(install) ignored
[5.822s] Level 1:colcon.colcon_core.package_identification:_identify(log) by extensions ['ignore', 'ignore_ament_install']
[5.823s] Level 1:colcon.colcon_core.package_identification:_identify(log) by extension 'ignore'
[5.823s] Level 1:colcon.colcon_core.package_identification:_identify(log) ignored
[5.824s] Level 1:colcon.colcon_core.package_identification:_identify(src) by extensions ['ignore', 'ignore_ament_install']
[5.824s] Level 1:colcon.colcon_core.package_identification:_identify(src) by extension 'ignore'
[5.825s] Level 1:colcon.colcon_core.package_identification:_identify(src) by extension 'ignore_ament_install'
[5.825s] Level 1:colcon.colcon_core.package_identification:_identify(src) by extensions ['colcon_pkg']
[5.825s] Level 1:colcon.colcon_core.package_identification:_identify(src) by extension 'colcon_pkg'
[5.825s] Level 1:colcon.colcon_core.package_identification:_identify(src) by extensions ['colcon_meta']
[5.826s] Level 1:colcon.colcon_core.package_identification:_identify(src) by extension 'colcon_meta'
[5.826s] Level 1:colcon.colcon_core.package_identification:_identify(src) by extensions ['ros']
[5.826s] Level 1:colcon.colcon_core.package_identification:_identify(src) by extension 'ros'
[5.826s] Level 1:colcon.colcon_core.package_identification:_identify(src) by extensions ['cmake', 'python']
[5.826s] Level 1:colcon.colcon_core.package_identification:_identify(src) by extension 'cmake'
[5.827s] Level 1:colcon.colcon_core.package_identification:_identify(src) by extension 'python'
[5.827s] Level 1:colcon.colcon_core.package_identification:_identify(src) by extensions ['python_setup_py']
[5.827s] Level 1:colcon.colcon_core.package_identification:_identify(src) by extension 'python_setup_py'
[5.828s] Level 1:colcon.colcon_core.package_identification:_identify(src/agrobot_pkg) by extensions ['ignore', 'ignore_ament_install']
[5.828s] Level 1:colcon.colcon_core.package_identification:_identify(src/agrobot_pkg) by extension 'ignore'
[5.828s] Level 1:colcon.colcon_core.package_identification:_identify(src/agrobot_pkg) by extension 'ignore_ament_install'
[5.829s] Level 1:colcon.colcon_core.package_identification:_identify(src/agrobot_pkg) by extensions ['colcon_pkg']
[5.829s] Level 1:colcon.colcon_core.package_identification:_identify(src/agrobot_pkg) by extension 'colcon_pkg'
[5.829s] Level 1:colcon.colcon_core.package_identification:_identify(src/agrobot_pkg) by extensions ['colcon_meta']
[5.829s] Level 1:colcon.colcon_core.package_identification:_identify(src/agrobot_pkg) by extension 'colcon_meta'
[5.829s] Level 1:colcon.colcon_core.package_identification:_identify(src/agrobot_pkg) by extensions ['ros']
[5.830s] Level 1:colcon.colcon_core.package_identification:_identify(src/agrobot_pkg) by extension 'ros'
[5.840s] DEBUG:colcon.colcon_core.package_identification:Package 'src/agrobot_pkg' with type 'ros.ament_python' and name 'agrobot_pkg'
[5.841s] Level 1:colcon.colcon_core.package_identification:_identify(src/my_package) by extensions ['ignore', 'ignore_ament_install']
[5.841s] Level 1:colcon.colcon_core.package_identification:_identify(src/my_package) by extension 'ignore'
[5.842s] Level 1:colcon.colcon_core.package_identification:_identify(src/my_package) by extension 'ignore_ament_install'
[5.842s] Level 1:colcon.colcon_core.package_identification:_identify(src/my_package) by extensions ['colcon_pkg']
[5.842s] Level 1:colcon.colcon_core.package_identification:_identify(src/my_package) by extension 'colcon_pkg'
[5.842s] Level 1:colcon.colcon_core.package_identification:_identify(src/my_package) by extensions ['colcon_meta']
[5.842s] Level 1:colcon.colcon_core.package_identification:_identify(src/my_package) by extension 'colcon_meta'
[5.843s] Level 1:colcon.colcon_core.package_identification:_identify(src/my_package) by extensions ['ros']
[5.843s] Level 1:colcon.colcon_core.package_identification:_identify(src/my_package) by extension 'ros'
[5.846s] DEBUG:colcon.colcon_core.package_identification:Package 'src/my_package' with type 'ros.ament_python' and name 'my_package'
[5.846s] Level 1:colcon.colcon_core.package_discovery:discover_packages(recursive) using defaults
[5.847s] Level 1:colcon.colcon_core.package_discovery:discover_packages(ignore) discover
[5.847s] Level 1:colcon.colcon_core.package_discovery:discover_packages(ignore) using defaults
[5.847s] Level 1:colcon.colcon_core.package_discovery:discover_packages(path) discover
[5.847s] Level 1:colcon.colcon_core.package_discovery:discover_packages(path) using defaults
[6.165s] INFO:colcon.colcon_core.package_selection:Skipping not selected package 'my_package' in 'src/my_package'
[6.319s] Level 1:colcon.colcon_core.package_discovery:discover_packages(prefix_path) check parameters
[6.319s] Level 1:colcon.colcon_core.package_discovery:discover_packages(prefix_path) discover
[6.487s] DEBUG:colcon.colcon_installed_package_information.package_discovery:Found 2 installed packages in /home/tjacobs/ros2_ws/install
[6.569s] DEBUG:colcon.colcon_installed_package_information.package_discovery:Found 314 installed packages in /opt/ros/iron
[6.575s] Level 1:colcon.colcon_core.package_discovery:discover_packages(prefix_path) using defaults
[7.050s] Level 5:colcon.colcon_core.verb:set package 'agrobot_pkg' build argument 'cmake_args' from command line to 'None'
[7.051s] Level 5:colcon.colcon_core.verb:set package 'agrobot_pkg' build argument 'cmake_target' from command line to 'None'
[7.051s] Level 5:colcon.colcon_core.verb:set package 'agrobot_pkg' build argument 'cmake_target_skip_unavailable' from command line to 'False'
[7.051s] Level 5:colcon.colcon_core.verb:set package 'agrobot_pkg' build argument 'cmake_clean_cache' from command line to 'False'
[7.051s] Level 5:colcon.colcon_core.verb:set package 'agrobot_pkg' build argument 'cmake_clean_first' from command line to 'False'
[7.051s] Level 5:colcon.colcon_core.verb:set package 'agrobot_pkg' build argument 'cmake_force_configure' from command line to 'False'
[7.051s] Level 5:colcon.colcon_core.verb:set package 'agrobot_pkg' build argument 'ament_cmake_args' from command line to 'None'
[7.051s] Level 5:colcon.colcon_core.verb:set package 'agrobot_pkg' build argument 'catkin_cmake_args' from command line to 'None'
[7.051s] Level 5:colcon.colcon_core.verb:set package 'agrobot_pkg' build argument 'catkin_skip_building_tests' from command line to 'False'
[7.052s] DEBUG:colcon.colcon_core.verb:Building package 'agrobot_pkg' with the following arguments: {'ament_cmake_args': None, 'build_base': '/home/tjacobs/ros2_ws/build/agrobot_pkg', 'catkin_cmake_args': None, 'catkin_skip_building_tests': False, 'cmake_args': None, 'cmake_clean_cache': False, 'cmake_clean_first': False, 'cmake_force_configure': False, 'cmake_target': None, 'cmake_target_skip_unavailable': False, 'install_base': '/home/tjacobs/ros2_ws/install/agrobot_pkg', 'merge_install': False, 'path': '/home/tjacobs/ros2_ws/src/agrobot_pkg', 'symlink_install': False, 'test_result_base': None}
[7.133s] INFO:colcon.colcon_core.executor:Executing jobs using 'parallel' executor
[7.216s] DEBUG:colcon.colcon_parallel_executor.executor.parallel:run_until_complete
[7.217s] INFO:colcon.colcon_ros.task.ament_python.build:Building ROS package in '/home/tjacobs/ros2_ws/src/agrobot_pkg' with build type 'ament_python'
[7.217s] Level 1:colcon.colcon_core.shell:create_environment_hook('agrobot_pkg', 'ament_prefix_path')
[7.310s] INFO:colcon.colcon_core.plugin_system:Skipping extension 'colcon_core.shell.bat': Not used on non-Windows systems
[7.311s] INFO:colcon.colcon_core.shell:Creating environment hook '/home/tjacobs/ros2_ws/install/agrobot_pkg/share/agrobot_pkg/hook/ament_prefix_path.ps1'
[7.313s] INFO:colcon.colcon_core.shell:Creating environment descriptor '/home/tjacobs/ros2_ws/install/agrobot_pkg/share/agrobot_pkg/hook/ament_prefix_path.dsv'
[7.315s] INFO:colcon.colcon_core.shell:Creating environment hook '/home/tjacobs/ros2_ws/install/agrobot_pkg/share/agrobot_pkg/hook/ament_prefix_path.sh'
[7.408s] INFO:colcon.colcon_core.shell:Skip shell extension 'powershell' for command environment: Not usable outside of PowerShell
[7.409s] DEBUG:colcon.colcon_core.shell:Skip shell extension 'dsv' for command environment
[8.786s] INFO:colcon.colcon_core.task.python.build:Building Python package in '/home/tjacobs/ros2_ws/src/agrobot_pkg'
[8.872s] INFO:colcon.colcon_core.shell:Skip shell extension 'powershell' for command environment: Not usable outside of PowerShell
[8.872s] DEBUG:colcon.colcon_core.shell:Skip shell extension 'dsv' for command environment
[10.477s] DEBUG:colcon.colcon_core.event_handler.log_command:Invoking command in '/home/tjacobs/ros2_ws/src/agrobot_pkg': PYTHONPATH=/home/tjacobs/ros2_ws/build/agrobot_pkg/prefix_override:/home/tjacobs/ros2_ws/install/agrobot_pkg/lib/python3.10/site-packages:${PYTHONPATH} /usr/bin/python3 setup.py egg_info --egg-base ../../build/agrobot_pkg build --build-base /home/tjacobs/ros2_ws/build/agrobot_pkg/build install --record /home/tjacobs/ros2_ws/build/agrobot_pkg/install.log --single-version-externally-managed
[11.482s] DEBUG:colcon.colcon_core.event_handler.log_command:Invoked command in '/home/tjacobs/ros2_ws/src/agrobot_pkg' returned '0': PYTHONPATH=/home/tjacobs/ros2_ws/build/agrobot_pkg/prefix_override:/home/tjacobs/ros2_ws/install/agrobot_pkg/lib/python3.10/site-packages:${PYTHONPATH} /usr/bin/python3 setup.py egg_info --egg-base ../../build/agrobot_pkg build --build-base /home/tjacobs/ros2_ws/build/agrobot_pkg/build install --record /home/tjacobs/ros2_ws/build/agrobot_pkg/install.log --single-version-externally-managed
[11.551s] Level 1:colcon.colcon_core.environment:checking '/home/tjacobs/ros2_ws/install/agrobot_pkg' for CMake module files
[11.552s] Level 1:colcon.colcon_core.environment:checking '/home/tjacobs/ros2_ws/install/agrobot_pkg' for CMake config files
[11.553s] Level 1:colcon.colcon_core.environment:checking '/home/tjacobs/ros2_ws/install/agrobot_pkg/lib'
[11.554s] Level 1:colcon.colcon_core.environment:checking '/home/tjacobs/ros2_ws/install/agrobot_pkg/bin'
[11.554s] Level 1:colcon.colcon_core.environment:checking '/home/tjacobs/ros2_ws/install/agrobot_pkg/lib/pkgconfig/agrobot_pkg.pc'
[11.555s] Level 1:colcon.colcon_core.environment:checking '/home/tjacobs/ros2_ws/install/agrobot_pkg/lib/python3.10/site-packages'
[11.555s] Level 1:colcon.colcon_core.shell:create_environment_hook('agrobot_pkg', 'pythonpath')
[11.612s] INFO:colcon.colcon_core.shell:Creating environment hook '/home/tjacobs/ros2_ws/install/agrobot_pkg/share/agrobot_pkg/hook/pythonpath.ps1'
[11.613s] INFO:colcon.colcon_core.shell:Creating environment descriptor '/home/tjacobs/ros2_ws/install/agrobot_pkg/share/agrobot_pkg/hook/pythonpath.dsv'
[11.614s] INFO:colcon.colcon_core.shell:Creating environment hook '/home/tjacobs/ros2_ws/install/agrobot_pkg/share/agrobot_pkg/hook/pythonpath.sh'
[11.615s] Level 1:colcon.colcon_core.environment:checking '/home/tjacobs/ros2_ws/install/agrobot_pkg/bin'
[11.615s] Level 1:colcon.colcon_core.environment:create_environment_scripts_only(agrobot_pkg)
[11.665s] INFO:colcon.colcon_core.shell:Creating package script '/home/tjacobs/ros2_ws/install/agrobot_pkg/share/agrobot_pkg/package.ps1'
[11.667s] INFO:colcon.colcon_core.shell:Creating package descriptor '/home/tjacobs/ros2_ws/install/agrobot_pkg/share/agrobot_pkg/package.dsv'
[11.669s] INFO:colcon.colcon_core.shell:Creating package script '/home/tjacobs/ros2_ws/install/agrobot_pkg/share/agrobot_pkg/package.sh'
[11.671s] INFO:colcon.colcon_core.shell:Creating package script '/home/tjacobs/ros2_ws/install/agrobot_pkg/share/agrobot_pkg/package.bash'
[11.672s] INFO:colcon.colcon_core.shell:Creating package script '/home/tjacobs/ros2_ws/install/agrobot_pkg/share/agrobot_pkg/package.zsh'
[11.674s] Level 1:colcon.colcon_core.environment:create_file_with_runtime_dependencies(/home/tjacobs/ros2_ws/install/agrobot_pkg/share/colcon-core/packages/agrobot_pkg)
[11.675s] DEBUG:colcon.colcon_parallel_executor.executor.parallel:closing loop
[11.676s] DEBUG:colcon.colcon_parallel_executor.executor.parallel:loop closed
[11.677s] DEBUG:colcon.colcon_parallel_executor.executor.parallel:run_until_complete finished with '0'
[11.677s] DEBUG:colcon.colcon_core.event_reactor:joining thread
[11.746s] INFO:colcon.colcon_core.plugin_system:Skipping extension 'colcon_notification.desktop_notification.terminal_notifier': Not used on non-Darwin systems
[11.746s] INFO:colcon.colcon_core.plugin_system:Skipping extension 'colcon_notification.desktop_notification.win32': Not used on non-Windows systems
[11.746s] INFO:colcon.colcon_notification.desktop_notification:Sending desktop notification using 'notify2'
[11.777s] DEBUG:colcon.colcon_core.event_reactor:joined thread
[11.840s] INFO:colcon.colcon_core.shell:Creating prefix script '/home/tjacobs/ros2_ws/install/local_setup.ps1'
[11.842s] INFO:colcon.colcon_core.shell:Creating prefix util module '/home/tjacobs/ros2_ws/install/_local_setup_util_ps1.py'
[11.847s] INFO:colcon.colcon_core.shell:Creating prefix chain script '/home/tjacobs/ros2_ws/install/setup.ps1'
[11.903s] INFO:colcon.colcon_core.shell:Creating prefix script '/home/tjacobs/ros2_ws/install/local_setup.sh'
[11.904s] INFO:colcon.colcon_core.shell:Creating prefix util module '/home/tjacobs/ros2_ws/install/_local_setup_util_sh.py'
[11.905s] INFO:colcon.colcon_core.shell:Creating prefix chain script '/home/tjacobs/ros2_ws/install/setup.sh'
[11.960s] INFO:colcon.colcon_core.shell:Creating prefix script '/home/tjacobs/ros2_ws/install/local_setup.bash'
[11.961s] INFO:colcon.colcon_core.shell:Creating prefix chain script '/home/tjacobs/ros2_ws/install/setup.bash'
[12.017s] INFO:colcon.colcon_core.shell:Creating prefix script '/home/tjacobs/ros2_ws/install/local_setup.zsh'
[12.018s] INFO:colcon.colcon_core.shell:Creating prefix chain script '/home/tjacobs/ros2_ws/install/setup.zsh'
