[2.044s] Invoking command in '/home/tjacobs/ros2_ws/src/agrobot_pkg': PYTHONPATH=/home/tjacobs/ros2_ws/build/agrobot_pkg/prefix_override:/home/tjacobs/ros2_ws/install/agrobot_pkg/lib/python3.10/site-packages:${PYTHONPATH} /usr/bin/python3 setup.py egg_info --egg-base ../../build/agrobot_pkg build --build-base /home/tjacobs/ros2_ws/build/agrobot_pkg/build install --record /home/tjacobs/ros2_ws/build/agrobot_pkg/install.log --single-version-externally-managed
[2.912s] running egg_info
[2.915s] writing ../../build/agrobot_pkg/agrobot_pkg.egg-info/PKG-INFO
[2.921s] writing dependency_links to ../../build/agrobot_pkg/agrobot_pkg.egg-info/dependency_links.txt
[2.921s] writing entry points to ../../build/agrobot_pkg/agrobot_pkg.egg-info/entry_points.txt
[2.922s] writing requirements to ../../build/agrobot_pkg/agrobot_pkg.egg-info/requires.txt
[2.922s] writing top-level names to ../../build/agrobot_pkg/agrobot_pkg.egg-info/top_level.txt
[2.928s] reading manifest file '../../build/agrobot_pkg/agrobot_pkg.egg-info/SOURCES.txt'
[2.931s] writing manifest file '../../build/agrobot_pkg/agrobot_pkg.egg-info/SOURCES.txt'
[2.932s] running build
[2.932s] running build_py
[2.932s] copying agrobot_pkg/simulation_controller_node.py -> /home/tjacobs/ros2_ws/build/agrobot_pkg/build/lib/agrobot_pkg
[2.933s] running install
[2.934s] /usr/lib/python3/dist-packages/setuptools/command/install.py:34: SetuptoolsDeprecationWarning: setup.py install is deprecated. Use build and pip and other standards-based tools.
[2.934s]   warnings.warn(
[2.935s] running install_lib
[2.938s] copying /home/tjacobs/ros2_ws/build/agrobot_pkg/build/lib/agrobot_pkg/simulation_controller_node.py -> /home/tjacobs/ros2_ws/install/agrobot_pkg/lib/python3.10/site-packages/agrobot_pkg
[2.940s] byte-compiling /home/tjacobs/ros2_ws/install/agrobot_pkg/lib/python3.10/site-packages/agrobot_pkg/simulation_controller_node.py to simulation_controller_node.cpython-310.pyc
[2.943s] running install_data
[2.945s] running install_egg_info
[2.951s] removing '/home/tjacobs/ros2_ws/install/agrobot_pkg/lib/python3.10/site-packages/agrobot_pkg-0.0.0-py3.10.egg-info' (and everything under it)
[2.952s] Copying ../../build/agrobot_pkg/agrobot_pkg.egg-info to /home/tjacobs/ros2_ws/install/agrobot_pkg/lib/python3.10/site-packages/agrobot_pkg-0.0.0-py3.10.egg-info
[2.955s] running install_scripts
[3.030s] Installing movement_controller_node script to /home/tjacobs/ros2_ws/install/agrobot_pkg/lib/agrobot_pkg
[3.031s] Installing simulation_controller_node script to /home/tjacobs/ros2_ws/install/agrobot_pkg/lib/agrobot_pkg
[3.032s] writing list of installed files to '/home/tjacobs/ros2_ws/build/agrobot_pkg/install.log'
[3.120s] Invoked command in '/home/tjacobs/ros2_ws/src/agrobot_pkg' returned '0': PYTHONPATH=/home/tjacobs/ros2_ws/build/agrobot_pkg/prefix_override:/home/tjacobs/ros2_ws/install/agrobot_pkg/lib/python3.10/site-packages:${PYTHONPATH} /usr/bin/python3 setup.py egg_info --egg-base ../../build/agrobot_pkg build --build-base /home/tjacobs/ros2_ws/build/agrobot_pkg/build install --record /home/tjacobs/ros2_ws/build/agrobot_pkg/install.log --single-version-externally-managed
