[0.759s] Invoking command in '/home/tjacobs/ros2_ws/src/agrobot_pkg': PYTHONPATH=/home/tjacobs/ros2_ws/build/agrobot_pkg/prefix_override:/home/tjacobs/ros2_ws/install/agrobot_pkg/lib/python3.10/site-packages:${PYTHONPATH} /usr/bin/python3 setup.py egg_info --egg-base ../../build/agrobot_pkg build --build-base /home/tjacobs/ros2_ws/build/agrobot_pkg/build install --record /home/tjacobs/ros2_ws/build/agrobot_pkg/install.log --single-version-externally-managed
[0.999s] running egg_info
[1.000s] writing ../../build/agrobot_pkg/agrobot_pkg.egg-info/PKG-INFO
[1.000s] writing dependency_links to ../../build/agrobot_pkg/agrobot_pkg.egg-info/dependency_links.txt
[1.000s] writing entry points to ../../build/agrobot_pkg/agrobot_pkg.egg-info/entry_points.txt
[1.001s] writing requirements to ../../build/agrobot_pkg/agrobot_pkg.egg-info/requires.txt
[1.001s] writing top-level names to ../../build/agrobot_pkg/agrobot_pkg.egg-info/top_level.txt
[1.002s] reading manifest file '../../build/agrobot_pkg/agrobot_pkg.egg-info/SOURCES.txt'
[1.003s] writing manifest file '../../build/agrobot_pkg/agrobot_pkg.egg-info/SOURCES.txt'
[1.003s] running build
[1.003s] running build_py
[1.003s] running install
[1.003s] /usr/lib/python3/dist-packages/setuptools/command/install.py:34: SetuptoolsDeprecationWarning: setup.py install is deprecated. Use build and pip and other standards-based tools.
[1.003s]   warnings.warn(
[1.004s] running install_lib
[1.005s] running install_data
[1.006s] copying worlds/pathfinding_world.wbt -> /home/tjacobs/ros2_ws/install/agrobot_pkg/share/agrobot_pkg/worlds
[1.006s] running install_egg_info
[1.007s] removing '/home/tjacobs/ros2_ws/install/agrobot_pkg/lib/python3.10/site-packages/agrobot_pkg-0.0.0-py3.10.egg-info' (and everything under it)
[1.008s] Copying ../../build/agrobot_pkg/agrobot_pkg.egg-info to /home/tjacobs/ros2_ws/install/agrobot_pkg/lib/python3.10/site-packages/agrobot_pkg-0.0.0-py3.10.egg-info
[1.008s] running install_scripts
[1.028s] Installing movement_driver_node script to /home/tjacobs/ros2_ws/install/agrobot_pkg/lib/agrobot_pkg
[1.028s] writing list of installed files to '/home/tjacobs/ros2_ws/build/agrobot_pkg/install.log'
[1.052s] Invoked command in '/home/tjacobs/ros2_ws/src/agrobot_pkg' returned '0': PYTHONPATH=/home/tjacobs/ros2_ws/build/agrobot_pkg/prefix_override:/home/tjacobs/ros2_ws/install/agrobot_pkg/lib/python3.10/site-packages:${PYTHONPATH} /usr/bin/python3 setup.py egg_info --egg-base ../../build/agrobot_pkg build --build-base /home/tjacobs/ros2_ws/build/agrobot_pkg/build install --record /home/tjacobs/ros2_ws/build/agrobot_pkg/install.log --single-version-externally-managed
