running egg_info
writing ../../build/agrobot_pkg/agrobot_pkg.egg-info/PKG-INFO
writing dependency_links to ../../build/agrobot_pkg/agrobot_pkg.egg-info/dependency_links.txt
writing entry points to ../../build/agrobot_pkg/agrobot_pkg.egg-info/entry_points.txt
writing requirements to ../../build/agrobot_pkg/agrobot_pkg.egg-info/requires.txt
writing top-level names to ../../build/agrobot_pkg/agrobot_pkg.egg-info/top_level.txt
reading manifest file '../../build/agrobot_pkg/agrobot_pkg.egg-info/SOURCES.txt'
writing manifest file '../../build/agrobot_pkg/agrobot_pkg.egg-info/SOURCES.txt'
running build
running build_py
copying agrobot_pkg/movement_driver_node.py -> /home/tjacobs/ros2_ws/build/agrobot_pkg/build/lib/agrobot_pkg
running install
/usr/lib/python3/dist-packages/setuptools/command/install.py:34: SetuptoolsDeprecationWarning: setup.py install is deprecated. Use build and pip and other standards-based tools.
  warnings.warn(
running install_lib
copying /home/tjacobs/ros2_ws/build/agrobot_pkg/build/lib/agrobot_pkg/movement_driver_node.py -> /home/tjacobs/ros2_ws/install/agrobot_pkg/lib/python3.10/site-packages/agrobot_pkg
byte-compiling /home/tjacobs/ros2_ws/install/agrobot_pkg/lib/python3.10/site-packages/agrobot_pkg/movement_driver_node.py to movement_driver_node.cpython-310.pyc
running install_data
running install_egg_info
removing '/home/tjacobs/ros2_ws/install/agrobot_pkg/lib/python3.10/site-packages/agrobot_pkg-0.0.0-py3.10.egg-info' (and everything under it)
Copying ../../build/agrobot_pkg/agrobot_pkg.egg-info to /home/tjacobs/ros2_ws/install/agrobot_pkg/lib/python3.10/site-packages/agrobot_pkg-0.0.0-py3.10.egg-info
running install_scripts
Installing camera_data script to /home/tjacobs/ros2_ws/install/agrobot_pkg/lib/agrobot_pkg
Installing camera_processing script to /home/tjacobs/ros2_ws/install/agrobot_pkg/lib/agrobot_pkg
Installing movement_controller script to /home/tjacobs/ros2_ws/install/agrobot_pkg/lib/agrobot_pkg
Installing movement_driver script to /home/tjacobs/ros2_ws/install/agrobot_pkg/lib/agrobot_pkg
writing list of installed files to '/home/tjacobs/ros2_ws/build/agrobot_pkg/install.log'
