[0.060s] Invoking command in '/home/tjacobs/ros2_ws/build/agrobot_msgs': CMAKE_PREFIX_PATH=${CMAKE_PREFIX_PATH}:/home/tjacobs/ros2_ws/install/my_package:/home/tjacobs/ros2_ws/install/agrobot_pkg:/opt/ros/iron /usr/bin/cmake --build /home/tjacobs/ros2_ws/build/agrobot_msgs -- -j8 -l8
[0.077s] -- Found ament_cmake: 2.0.3 (/opt/ros/iron/share/ament_cmake/cmake)
[0.182s] -- Found rosidl_default_generators: 1.5.0 (/opt/ros/iron/share/rosidl_default_generators/cmake)
[0.184s] -- Using all available rosidl_typesupport_c: rosidl_typesupport_fastrtps_c;rosidl_typesupport_introspection_c
[0.207s] -- Using all available rosidl_typesupport_cpp: rosidl_typesupport_fastrtps_cpp;rosidl_typesupport_introspection_cpp
[0.229s] -- Found rosidl_adapter: 4.0.1 (/opt/ros/iron/share/rosidl_adapter/cmake)
[0.504s] -- Found ament_cmake_ros: 0.11.2 (/opt/ros/iron/share/ament_cmake_ros/cmake)
[0.636s] -- Using all available rosidl_typesupport_c: rosidl_typesupport_fastrtps_c;rosidl_typesupport_introspection_c
[0.811s] -- Using all available rosidl_typesupport_cpp: rosidl_typesupport_fastrtps_cpp;rosidl_typesupport_introspection_cpp
[0.827s] -- Found python_cmake_module: 0.10.2 (/opt/ros/iron/share/python_cmake_module/cmake)
[0.844s] -- Using PYTHON_EXECUTABLE: /usr/bin/python3
[0.844s] -- Using PYTHON_INCLUDE_DIRS: /usr/include/python3.10
[0.844s] -- Using PYTHON_LIBRARIES: /usr/lib/x86_64-linux-gnu/libpython3.10.so
[0.855s] -- Found ament_lint_auto: 0.14.2 (/opt/ros/iron/share/ament_lint_auto/cmake)
[0.894s] -- Added test 'cppcheck' to perform static code analysis on C / C++ code
[0.894s] -- Configured cppcheck include dirs: 
[0.894s] -- Configured cppcheck exclude dirs and/or files: 
[0.899s] -- Added test 'flake8' to check Python code syntax and style conventions
[0.899s] -- Configured 'flake8' exclude dirs and/or files: 
[0.907s] -- Added test 'lint_cmake' to check CMake code style
[0.911s] -- Added test 'pep257' to check Python code against some of the docstring style conventions in PEP 257
[0.945s] -- Added test 'uncrustify' to check C / C++ code style
[0.945s] -- Configured uncrustify additional arguments: 
[0.950s] -- Added test 'xmllint' to check XML markup files
[0.951s] -- Configuring done
[0.977s] -- Generating done
[0.979s] -- Build files have been written to: /home/tjacobs/ros2_ws/build/agrobot_msgs
[1.005s] [  1%] [34m[1mGenerating type hashes for ROS interfaces[0m
[1.012s] [  1%] Built target ament_cmake_python_copy_agrobot_msgs
[1.177s] [  1%] Built target agrobot_msgs__rosidl_generator_type_description
[1.184s] [  3%] [34m[1mGenerating C code for ROS interfaces[0m
[1.192s] [  5%] [34m[1mGenerating C++ code for ROS interfaces[0m
[1.219s] running egg_info
[1.220s] writing agrobot_msgs.egg-info/PKG-INFO
[1.220s] writing dependency_links to agrobot_msgs.egg-info/dependency_links.txt
[1.220s] writing top-level names to agrobot_msgs.egg-info/top_level.txt
[1.223s] reading manifest file 'agrobot_msgs.egg-info/SOURCES.txt'
[1.223s] writing manifest file 'agrobot_msgs.egg-info/SOURCES.txt'
[1.250s] [  5%] Built target ament_cmake_python_build_agrobot_msgs_egg
[1.509s] [  5%] Built target agrobot_msgs__cpp
[1.587s] [35m[1mConsolidate compiler generated dependencies of target agrobot_msgs__rosidl_generator_c[0m
[1.599s] [ 12%] [32mBuilding C object CMakeFiles/agrobot_msgs__rosidl_generator_c.dir/rosidl_generator_c/agrobot_msgs/srv/detail/sim_crop_location__type_support.c.o[0m
[1.600s] [ 12%] [32mBuilding C object CMakeFiles/agrobot_msgs__rosidl_generator_c.dir/rosidl_generator_c/agrobot_msgs/srv/detail/sim_crop_location__description.c.o[0m
[1.600s] [ 12%] [32mBuilding C object CMakeFiles/agrobot_msgs__rosidl_generator_c.dir/rosidl_generator_c/agrobot_msgs/srv/detail/sim_crop_location__functions.c.o[0m
[1.600s] [ 12%] [32mBuilding C object CMakeFiles/agrobot_msgs__rosidl_generator_c.dir/rosidl_generator_c/agrobot_msgs/msg/detail/vision_publish_closest_crop__description.c.o[0m
[1.600s] [ 14%] [32mBuilding C object CMakeFiles/agrobot_msgs__rosidl_generator_c.dir/rosidl_generator_c/agrobot_msgs/msg/detail/vision_publish_closest_crop__functions.c.o[0m
[1.600s] [ 16%] [32mBuilding C object CMakeFiles/agrobot_msgs__rosidl_generator_c.dir/rosidl_generator_c/agrobot_msgs/msg/detail/vision_publish_closest_crop__type_support.c.o[0m
[1.600s] [ 18%] [32mBuilding C object CMakeFiles/agrobot_msgs__rosidl_generator_c.dir/rosidl_generator_c/agrobot_msgs/msg/detail/sim_crop_data__description.c.o[0m
[1.600s] [ 20%] [32mBuilding C object CMakeFiles/agrobot_msgs__rosidl_generator_c.dir/rosidl_generator_c/agrobot_msgs/msg/detail/sim_crop_data__functions.c.o[0m
[1.640s] [ 22%] [32mBuilding C object CMakeFiles/agrobot_msgs__rosidl_generator_c.dir/rosidl_generator_c/agrobot_msgs/msg/detail/sim_crop_data__type_support.c.o[0m
[1.676s] [ 24%] [32m[1mLinking C shared library libagrobot_msgs__rosidl_generator_c.so[0m
[1.702s] [ 24%] Built target agrobot_msgs__rosidl_generator_c
[1.711s] [ 27%] [34m[1mGenerating C type support dispatch for ROS interfaces[0m
[1.711s] [ 27%] [34m[1mGenerating C type support for eProsima Fast-RTPS[0m
[1.713s] [ 31%] [34m[1mGenerating C++ type support dispatch for ROS interfaces[0m
[1.713s] [ 31%] [34m[1mGenerating C introspection for ROS interfaces[0m
[1.713s] [ 33%] [34m[1mGenerating C++ type support for eProsima Fast-RTPS[0m
[1.713s] [ 35%] [34m[1mGenerating C++ introspection for ROS interfaces[0m
[2.055s] [35m[1mConsolidate compiler generated dependencies of target agrobot_msgs__rosidl_typesupport_introspection_c[0m
[2.066s] [35m[1mConsolidate compiler generated dependencies of target agrobot_msgs__rosidl_typesupport_fastrtps_c[0m
[2.067s] [ 40%] [32mBuilding C object CMakeFiles/agrobot_msgs__rosidl_typesupport_introspection_c.dir/rosidl_typesupport_introspection_c/agrobot_msgs/srv/detail/sim_crop_location__type_support.c.o[0m
[2.068s] [ 40%] [32mBuilding C object CMakeFiles/agrobot_msgs__rosidl_typesupport_introspection_c.dir/rosidl_typesupport_introspection_c/agrobot_msgs/msg/detail/sim_crop_data__type_support.c.o[0m
[2.068s] [ 40%] [32mBuilding C object CMakeFiles/agrobot_msgs__rosidl_typesupport_introspection_c.dir/rosidl_typesupport_introspection_c/agrobot_msgs/msg/detail/vision_publish_closest_crop__type_support.c.o[0m
[2.084s] [ 42%] [32mBuilding CXX object CMakeFiles/agrobot_msgs__rosidl_typesupport_fastrtps_c.dir/rosidl_typesupport_fastrtps_c/agrobot_msgs/srv/detail/sim_crop_location__type_support_c.cpp.o[0m
[2.114s] [ 46%] [32mBuilding CXX object CMakeFiles/agrobot_msgs__rosidl_typesupport_fastrtps_c.dir/rosidl_typesupport_fastrtps_c/agrobot_msgs/msg/detail/vision_publish_closest_crop__type_support_c.cpp.o[0m
[2.114s] [ 46%] [32mBuilding CXX object CMakeFiles/agrobot_msgs__rosidl_typesupport_fastrtps_c.dir/rosidl_typesupport_fastrtps_c/agrobot_msgs/msg/detail/sim_crop_data__type_support_c.cpp.o[0m
[2.150s] [ 48%] [32m[1mLinking C shared library libagrobot_msgs__rosidl_typesupport_introspection_c.so[0m
[2.176s] [35m[1mConsolidate compiler generated dependencies of target agrobot_msgs__rosidl_typesupport_c[0m
[2.191s] [ 50%] [32mBuilding CXX object CMakeFiles/agrobot_msgs__rosidl_typesupport_c.dir/rosidl_typesupport_c/agrobot_msgs/srv/sim_crop_location__type_support.cpp.o[0m
[2.192s] [ 50%] Built target agrobot_msgs__rosidl_typesupport_introspection_c
[2.197s] [35m[1mConsolidate compiler generated dependencies of target agrobot_msgs__rosidl_typesupport_cpp[0m
[2.203s] [ 51%] [32mBuilding CXX object CMakeFiles/agrobot_msgs__rosidl_typesupport_c.dir/rosidl_typesupport_c/agrobot_msgs/msg/vision_publish_closest_crop__type_support.cpp.o[0m
[2.215s] [ 53%] [32mBuilding CXX object CMakeFiles/agrobot_msgs__rosidl_typesupport_cpp.dir/rosidl_typesupport_cpp/agrobot_msgs/srv/sim_crop_location__type_support.cpp.o[0m
[2.261s] [ 55%] [32mBuilding CXX object CMakeFiles/agrobot_msgs__rosidl_typesupport_c.dir/rosidl_typesupport_c/agrobot_msgs/msg/sim_crop_data__type_support.cpp.o[0m
[2.272s] [ 57%] [32mBuilding CXX object CMakeFiles/agrobot_msgs__rosidl_typesupport_cpp.dir/rosidl_typesupport_cpp/agrobot_msgs/msg/vision_publish_closest_crop__type_support.cpp.o[0m
[2.280s] [35m[1mConsolidate compiler generated dependencies of target agrobot_msgs__rosidl_typesupport_introspection_cpp[0m
[2.300s] [ 59%] [32mBuilding CXX object CMakeFiles/agrobot_msgs__rosidl_typesupport_introspection_cpp.dir/rosidl_typesupport_introspection_cpp/agrobot_msgs/srv/detail/sim_crop_location__type_support.cpp.o[0m
[2.321s] [ 61%] [32m[1mLinking CXX shared library libagrobot_msgs__rosidl_typesupport_c.so[0m
[2.371s] [35m[1mConsolidate compiler generated dependencies of target agrobot_msgs__rosidl_typesupport_fastrtps_cpp[0m
[2.381s] [ 61%] Built target agrobot_msgs__rosidl_typesupport_c
[2.390s] [ 62%] [32mBuilding CXX object CMakeFiles/agrobot_msgs__rosidl_typesupport_fastrtps_cpp.dir/rosidl_typesupport_fastrtps_cpp/agrobot_msgs/srv/detail/dds_fastrtps/sim_crop_location__type_support.cpp.o[0m
[2.393s] [ 64%] [32mBuilding CXX object CMakeFiles/agrobot_msgs__rosidl_typesupport_cpp.dir/rosidl_typesupport_cpp/agrobot_msgs/msg/sim_crop_data__type_support.cpp.o[0m
[2.590s] [ 66%] [32mBuilding CXX object CMakeFiles/agrobot_msgs__rosidl_typesupport_fastrtps_cpp.dir/rosidl_typesupport_fastrtps_cpp/agrobot_msgs/msg/detail/dds_fastrtps/vision_publish_closest_crop__type_support.cpp.o[0m
[2.629s] [ 68%] [32mBuilding CXX object CMakeFiles/agrobot_msgs__rosidl_typesupport_fastrtps_cpp.dir/rosidl_typesupport_fastrtps_cpp/agrobot_msgs/msg/detail/dds_fastrtps/sim_crop_data__type_support.cpp.o[0m
[2.643s] [ 70%] [32m[1mLinking CXX shared library libagrobot_msgs__rosidl_typesupport_fastrtps_c.so[0m
[2.784s] [ 70%] Built target agrobot_msgs__rosidl_typesupport_fastrtps_c
[2.797s] [ 72%] [32mBuilding CXX object CMakeFiles/agrobot_msgs__rosidl_typesupport_introspection_cpp.dir/rosidl_typesupport_introspection_cpp/agrobot_msgs/msg/detail/vision_publish_closest_crop__type_support.cpp.o[0m
[2.862s] [ 74%] [32mBuilding CXX object CMakeFiles/agrobot_msgs__rosidl_typesupport_introspection_cpp.dir/rosidl_typesupport_introspection_cpp/agrobot_msgs/msg/detail/sim_crop_data__type_support.cpp.o[0m
[2.990s] [ 75%] [32m[1mLinking CXX shared library libagrobot_msgs__rosidl_typesupport_cpp.so[0m
[3.144s] [ 75%] Built target agrobot_msgs__rosidl_typesupport_cpp
[3.309s] [ 77%] [32m[1mLinking CXX shared library libagrobot_msgs__rosidl_typesupport_introspection_cpp.so[0m
[3.384s] [ 77%] Built target agrobot_msgs__rosidl_typesupport_introspection_cpp
[3.411s] [ 79%] [32m[1mLinking CXX shared library libagrobot_msgs__rosidl_typesupport_fastrtps_cpp.so[0m
[3.471s] [ 79%] Built target agrobot_msgs__rosidl_typesupport_fastrtps_cpp
[3.485s] [ 79%] Built target agrobot_msgs
[3.499s] [ 81%] [34m[1mGenerating Python code for ROS interfaces[0m
[3.951s] [ 81%] Built target agrobot_msgs__py
[3.958s] [35m[1mConsolidate compiler generated dependencies of target agrobot_msgs__rosidl_generator_py[0m
[3.969s] [ 87%] [32mBuilding C object CMakeFiles/agrobot_msgs__rosidl_generator_py.dir/rosidl_generator_py/agrobot_msgs/msg/_vision_publish_closest_crop_s.c.o[0m
[3.970s] [ 87%] [32mBuilding C object CMakeFiles/agrobot_msgs__rosidl_generator_py.dir/rosidl_generator_py/agrobot_msgs/srv/_sim_crop_location_s.c.o[0m
[3.970s] [ 87%] [32mBuilding C object CMakeFiles/agrobot_msgs__rosidl_generator_py.dir/rosidl_generator_py/agrobot_msgs/msg/_sim_crop_data_s.c.o[0m
[4.069s] [ 88%] [32m[1mLinking C shared library rosidl_generator_py/agrobot_msgs/libagrobot_msgs__rosidl_generator_py.so[0m
[4.097s] [ 88%] Built target agrobot_msgs__rosidl_generator_py
[4.106s] [35m[1mConsolidate compiler generated dependencies of target agrobot_msgs__rosidl_typesupport_introspection_c__pyext[0m
[4.107s] [35m[1mConsolidate compiler generated dependencies of target agrobot_msgs__rosidl_typesupport_fastrtps_c__pyext[0m
[4.107s] [35m[1mConsolidate compiler generated dependencies of target agrobot_msgs__rosidl_typesupport_c__pyext[0m
[4.116s] [ 94%] [32mBuilding C object CMakeFiles/agrobot_msgs__rosidl_typesupport_c__pyext.dir/rosidl_generator_py/agrobot_msgs/_agrobot_msgs_s.ep.rosidl_typesupport_c.c.o[0m
[4.117s] [ 94%] [32mBuilding C object CMakeFiles/agrobot_msgs__rosidl_typesupport_fastrtps_c__pyext.dir/rosidl_generator_py/agrobot_msgs/_agrobot_msgs_s.ep.rosidl_typesupport_fastrtps_c.c.o[0m
[4.117s] [ 94%] [32mBuilding C object CMakeFiles/agrobot_msgs__rosidl_typesupport_introspection_c__pyext.dir/rosidl_generator_py/agrobot_msgs/_agrobot_msgs_s.ep.rosidl_typesupport_introspection_c.c.o[0m
[4.207s] [100%] [32m[1mLinking C shared library rosidl_generator_py/agrobot_msgs/agrobot_msgs_s__rosidl_typesupport_introspection_c.cpython-310-x86_64-linux-gnu.so[0m
[4.207s] [100%] [32m[1mLinking C shared library rosidl_generator_py/agrobot_msgs/agrobot_msgs_s__rosidl_typesupport_fastrtps_c.cpython-310-x86_64-linux-gnu.so[0m
[4.207s] [100%] [32m[1mLinking C shared library rosidl_generator_py/agrobot_msgs/agrobot_msgs_s__rosidl_typesupport_c.cpython-310-x86_64-linux-gnu.so[0m
[4.238s] [100%] Built target agrobot_msgs__rosidl_typesupport_introspection_c__pyext
[4.238s] [100%] Built target agrobot_msgs__rosidl_typesupport_fastrtps_c__pyext
[4.238s] [100%] Built target agrobot_msgs__rosidl_typesupport_c__pyext
[4.247s] Invoked command in '/home/tjacobs/ros2_ws/build/agrobot_msgs' returned '0': CMAKE_PREFIX_PATH=${CMAKE_PREFIX_PATH}:/home/tjacobs/ros2_ws/install/my_package:/home/tjacobs/ros2_ws/install/agrobot_pkg:/opt/ros/iron /usr/bin/cmake --build /home/tjacobs/ros2_ws/build/agrobot_msgs -- -j8 -l8
[4.328s] Invoking command in '/home/tjacobs/ros2_ws/build/agrobot_msgs': CMAKE_PREFIX_PATH=${CMAKE_PREFIX_PATH}:/home/tjacobs/ros2_ws/install/my_package:/home/tjacobs/ros2_ws/install/agrobot_pkg:/opt/ros/iron /usr/bin/cmake --install /home/tjacobs/ros2_ws/build/agrobot_msgs
[4.335s] -- Install configuration: ""
[4.335s] -- Installing: /home/tjacobs/ros2_ws/install/agrobot_msgs/share/ament_index/resource_index/rosidl_interfaces/agrobot_msgs
[4.335s] -- Installing: /home/tjacobs/ros2_ws/install/agrobot_msgs/share/agrobot_msgs/srv/SimCropLocation.json
[4.336s] -- Installing: /home/tjacobs/ros2_ws/install/agrobot_msgs/share/agrobot_msgs/msg/VisionPublishClosestCrop.json
[4.336s] -- Installing: /home/tjacobs/ros2_ws/install/agrobot_msgs/share/agrobot_msgs/msg/SimCropData.json
[4.336s] -- Up-to-date: /home/tjacobs/ros2_ws/install/agrobot_msgs/include/agrobot_msgs/agrobot_msgs
[4.336s] -- Up-to-date: /home/tjacobs/ros2_ws/install/agrobot_msgs/include/agrobot_msgs/agrobot_msgs/srv
[4.336s] -- Installing: /home/tjacobs/ros2_ws/install/agrobot_msgs/include/agrobot_msgs/agrobot_msgs/srv/sim_crop_location.h
[4.336s] -- Up-to-date: /home/tjacobs/ros2_ws/install/agrobot_msgs/include/agrobot_msgs/agrobot_msgs/srv/detail
[4.336s] -- Installing: /home/tjacobs/ros2_ws/install/agrobot_msgs/include/agrobot_msgs/agrobot_msgs/srv/detail/sim_crop_location__struct.h
[4.336s] -- Installing: /home/tjacobs/ros2_ws/install/agrobot_msgs/include/agrobot_msgs/agrobot_msgs/srv/detail/sim_crop_location__functions.h
[4.336s] -- Installing: /home/tjacobs/ros2_ws/install/agrobot_msgs/include/agrobot_msgs/agrobot_msgs/srv/detail/sim_crop_location__type_support.h
[4.336s] -- Installing: /home/tjacobs/ros2_ws/install/agrobot_msgs/include/agrobot_msgs/agrobot_msgs/srv/detail/sim_crop_location__type_support.c
[4.337s] -- Installing: /home/tjacobs/ros2_ws/install/agrobot_msgs/include/agrobot_msgs/agrobot_msgs/srv/detail/sim_crop_location__functions.c
[4.337s] -- Installing: /home/tjacobs/ros2_ws/install/agrobot_msgs/include/agrobot_msgs/agrobot_msgs/srv/detail/sim_crop_location__description.c
[4.337s] -- Up-to-date: /home/tjacobs/ros2_ws/install/agrobot_msgs/include/agrobot_msgs/agrobot_msgs/msg
[4.337s] -- Installing: /home/tjacobs/ros2_ws/install/agrobot_msgs/include/agrobot_msgs/agrobot_msgs/msg/vision_publish_closest_crop.h
[4.337s] -- Up-to-date: /home/tjacobs/ros2_ws/install/agrobot_msgs/include/agrobot_msgs/agrobot_msgs/msg/rosidl_generator_c__visibility_control.h
[4.337s] -- Installing: /home/tjacobs/ros2_ws/install/agrobot_msgs/include/agrobot_msgs/agrobot_msgs/msg/sim_crop_data.h
[4.337s] -- Up-to-date: /home/tjacobs/ros2_ws/install/agrobot_msgs/include/agrobot_msgs/agrobot_msgs/msg/detail
[4.337s] -- Installing: /home/tjacobs/ros2_ws/install/agrobot_msgs/include/agrobot_msgs/agrobot_msgs/msg/detail/sim_crop_data__functions.c
[4.337s] -- Installing: /home/tjacobs/ros2_ws/install/agrobot_msgs/include/agrobot_msgs/agrobot_msgs/msg/detail/vision_publish_closest_crop__functions.c
[4.337s] -- Installing: /home/tjacobs/ros2_ws/install/agrobot_msgs/include/agrobot_msgs/agrobot_msgs/msg/detail/vision_publish_closest_crop__description.c
[4.337s] -- Installing: /home/tjacobs/ros2_ws/install/agrobot_msgs/include/agrobot_msgs/agrobot_msgs/msg/detail/vision_publish_closest_crop__functions.h
[4.337s] -- Installing: /home/tjacobs/ros2_ws/install/agrobot_msgs/include/agrobot_msgs/agrobot_msgs/msg/detail/sim_crop_data__type_support.h
[4.338s] -- Installing: /home/tjacobs/ros2_ws/install/agrobot_msgs/include/agrobot_msgs/agrobot_msgs/msg/detail/sim_crop_data__type_support.c
[4.338s] -- Installing: /home/tjacobs/ros2_ws/install/agrobot_msgs/include/agrobot_msgs/agrobot_msgs/msg/detail/vision_publish_closest_crop__struct.h
[4.338s] -- Installing: /home/tjacobs/ros2_ws/install/agrobot_msgs/include/agrobot_msgs/agrobot_msgs/msg/detail/sim_crop_data__functions.h
[4.338s] -- Installing: /home/tjacobs/ros2_ws/install/agrobot_msgs/include/agrobot_msgs/agrobot_msgs/msg/detail/sim_crop_data__struct.h
[4.338s] -- Installing: /home/tjacobs/ros2_ws/install/agrobot_msgs/include/agrobot_msgs/agrobot_msgs/msg/detail/vision_publish_closest_crop__type_support.c
[4.338s] -- Installing: /home/tjacobs/ros2_ws/install/agrobot_msgs/include/agrobot_msgs/agrobot_msgs/msg/detail/vision_publish_closest_crop__type_support.h
[4.338s] -- Installing: /home/tjacobs/ros2_ws/install/agrobot_msgs/include/agrobot_msgs/agrobot_msgs/msg/detail/sim_crop_data__description.c
[4.338s] -- Up-to-date: /home/tjacobs/ros2_ws/install/agrobot_msgs/share/agrobot_msgs/environment/library_path.sh
[4.338s] -- Up-to-date: /home/tjacobs/ros2_ws/install/agrobot_msgs/share/agrobot_msgs/environment/library_path.dsv
[4.338s] -- Installing: /home/tjacobs/ros2_ws/install/agrobot_msgs/lib/libagrobot_msgs__rosidl_generator_c.so
[4.338s] -- Set runtime path of "/home/tjacobs/ros2_ws/install/agrobot_msgs/lib/libagrobot_msgs__rosidl_generator_c.so" to ""
[4.338s] -- Up-to-date: /home/tjacobs/ros2_ws/install/agrobot_msgs/include/agrobot_msgs/agrobot_msgs
[4.338s] -- Up-to-date: /home/tjacobs/ros2_ws/install/agrobot_msgs/include/agrobot_msgs/agrobot_msgs/srv
[4.338s] -- Up-to-date: /home/tjacobs/ros2_ws/install/agrobot_msgs/include/agrobot_msgs/agrobot_msgs/srv/detail
[4.338s] -- Installing: /home/tjacobs/ros2_ws/install/agrobot_msgs/include/agrobot_msgs/agrobot_msgs/srv/detail/sim_crop_location__rosidl_typesupport_fastrtps_c.h
[4.338s] -- Up-to-date: /home/tjacobs/ros2_ws/install/agrobot_msgs/include/agrobot_msgs/agrobot_msgs/msg
[4.339s] -- Up-to-date: /home/tjacobs/ros2_ws/install/agrobot_msgs/include/agrobot_msgs/agrobot_msgs/msg/rosidl_typesupport_fastrtps_c__visibility_control.h
[4.339s] -- Up-to-date: /home/tjacobs/ros2_ws/install/agrobot_msgs/include/agrobot_msgs/agrobot_msgs/msg/detail
[4.339s] -- Installing: /home/tjacobs/ros2_ws/install/agrobot_msgs/include/agrobot_msgs/agrobot_msgs/msg/detail/sim_crop_data__rosidl_typesupport_fastrtps_c.h
[4.339s] -- Installing: /home/tjacobs/ros2_ws/install/agrobot_msgs/include/agrobot_msgs/agrobot_msgs/msg/detail/vision_publish_closest_crop__rosidl_typesupport_fastrtps_c.h
[4.339s] -- Installing: /home/tjacobs/ros2_ws/install/agrobot_msgs/lib/libagrobot_msgs__rosidl_typesupport_fastrtps_c.so
[4.339s] -- Set runtime path of "/home/tjacobs/ros2_ws/install/agrobot_msgs/lib/libagrobot_msgs__rosidl_typesupport_fastrtps_c.so" to ""
[4.339s] -- Up-to-date: /home/tjacobs/ros2_ws/install/agrobot_msgs/include/agrobot_msgs/agrobot_msgs
[4.339s] -- Up-to-date: /home/tjacobs/ros2_ws/install/agrobot_msgs/include/agrobot_msgs/agrobot_msgs/srv
[4.339s] -- Up-to-date: /home/tjacobs/ros2_ws/install/agrobot_msgs/include/agrobot_msgs/agrobot_msgs/srv/detail
[4.339s] -- Installing: /home/tjacobs/ros2_ws/install/agrobot_msgs/include/agrobot_msgs/agrobot_msgs/srv/detail/sim_crop_location__type_support.c
[4.339s] -- Installing: /home/tjacobs/ros2_ws/install/agrobot_msgs/include/agrobot_msgs/agrobot_msgs/srv/detail/sim_crop_location__rosidl_typesupport_introspection_c.h
[4.339s] -- Up-to-date: /home/tjacobs/ros2_ws/install/agrobot_msgs/include/agrobot_msgs/agrobot_msgs/msg
[4.339s] -- Up-to-date: /home/tjacobs/ros2_ws/install/agrobot_msgs/include/agrobot_msgs/agrobot_msgs/msg/rosidl_typesupport_introspection_c__visibility_control.h
[4.339s] -- Up-to-date: /home/tjacobs/ros2_ws/install/agrobot_msgs/include/agrobot_msgs/agrobot_msgs/msg/detail
[4.339s] -- Installing: /home/tjacobs/ros2_ws/install/agrobot_msgs/include/agrobot_msgs/agrobot_msgs/msg/detail/sim_crop_data__rosidl_typesupport_introspection_c.h
[4.339s] -- Installing: /home/tjacobs/ros2_ws/install/agrobot_msgs/include/agrobot_msgs/agrobot_msgs/msg/detail/vision_publish_closest_crop__rosidl_typesupport_introspection_c.h
[4.340s] -- Installing: /home/tjacobs/ros2_ws/install/agrobot_msgs/include/agrobot_msgs/agrobot_msgs/msg/detail/sim_crop_data__type_support.c
[4.340s] -- Installing: /home/tjacobs/ros2_ws/install/agrobot_msgs/include/agrobot_msgs/agrobot_msgs/msg/detail/vision_publish_closest_crop__type_support.c
[4.340s] -- Installing: /home/tjacobs/ros2_ws/install/agrobot_msgs/lib/libagrobot_msgs__rosidl_typesupport_introspection_c.so
[4.340s] -- Set runtime path of "/home/tjacobs/ros2_ws/install/agrobot_msgs/lib/libagrobot_msgs__rosidl_typesupport_introspection_c.so" to ""
[4.340s] -- Installing: /home/tjacobs/ros2_ws/install/agrobot_msgs/lib/libagrobot_msgs__rosidl_typesupport_c.so
[4.340s] -- Set runtime path of "/home/tjacobs/ros2_ws/install/agrobot_msgs/lib/libagrobot_msgs__rosidl_typesupport_c.so" to ""
[4.340s] -- Up-to-date: /home/tjacobs/ros2_ws/install/agrobot_msgs/include/agrobot_msgs/agrobot_msgs
[4.340s] -- Up-to-date: /home/tjacobs/ros2_ws/install/agrobot_msgs/include/agrobot_msgs/agrobot_msgs/srv
[4.340s] -- Installing: /home/tjacobs/ros2_ws/install/agrobot_msgs/include/agrobot_msgs/agrobot_msgs/srv/sim_crop_location.hpp
[4.340s] -- Up-to-date: /home/tjacobs/ros2_ws/install/agrobot_msgs/include/agrobot_msgs/agrobot_msgs/srv/detail
[4.340s] -- Installing: /home/tjacobs/ros2_ws/install/agrobot_msgs/include/agrobot_msgs/agrobot_msgs/srv/detail/sim_crop_location__struct.hpp
[4.340s] -- Installing: /home/tjacobs/ros2_ws/install/agrobot_msgs/include/agrobot_msgs/agrobot_msgs/srv/detail/sim_crop_location__builder.hpp
[4.340s] -- Installing: /home/tjacobs/ros2_ws/install/agrobot_msgs/include/agrobot_msgs/agrobot_msgs/srv/detail/sim_crop_location__traits.hpp
[4.341s] -- Up-to-date: /home/tjacobs/ros2_ws/install/agrobot_msgs/include/agrobot_msgs/agrobot_msgs/msg
[4.341s] -- Installing: /home/tjacobs/ros2_ws/install/agrobot_msgs/include/agrobot_msgs/agrobot_msgs/msg/sim_crop_data.hpp
[4.341s] -- Installing: /home/tjacobs/ros2_ws/install/agrobot_msgs/include/agrobot_msgs/agrobot_msgs/msg/vision_publish_closest_crop.hpp
[4.341s] -- Up-to-date: /home/tjacobs/ros2_ws/install/agrobot_msgs/include/agrobot_msgs/agrobot_msgs/msg/detail
[4.341s] -- Installing: /home/tjacobs/ros2_ws/install/agrobot_msgs/include/agrobot_msgs/agrobot_msgs/msg/detail/vision_publish_closest_crop__struct.hpp
[4.341s] -- Installing: /home/tjacobs/ros2_ws/install/agrobot_msgs/include/agrobot_msgs/agrobot_msgs/msg/detail/sim_crop_data__traits.hpp
[4.341s] -- Installing: /home/tjacobs/ros2_ws/install/agrobot_msgs/include/agrobot_msgs/agrobot_msgs/msg/detail/sim_crop_data__struct.hpp
[4.341s] -- Installing: /home/tjacobs/ros2_ws/install/agrobot_msgs/include/agrobot_msgs/agrobot_msgs/msg/detail/vision_publish_closest_crop__traits.hpp
[4.341s] -- Installing: /home/tjacobs/ros2_ws/install/agrobot_msgs/include/agrobot_msgs/agrobot_msgs/msg/detail/vision_publish_closest_crop__builder.hpp
[4.341s] -- Installing: /home/tjacobs/ros2_ws/install/agrobot_msgs/include/agrobot_msgs/agrobot_msgs/msg/detail/sim_crop_data__builder.hpp
[4.341s] -- Up-to-date: /home/tjacobs/ros2_ws/install/agrobot_msgs/include/agrobot_msgs/agrobot_msgs
[4.341s] -- Up-to-date: /home/tjacobs/ros2_ws/install/agrobot_msgs/include/agrobot_msgs/agrobot_msgs/srv
[4.341s] -- Up-to-date: /home/tjacobs/ros2_ws/install/agrobot_msgs/include/agrobot_msgs/agrobot_msgs/srv/detail
[4.341s] -- Up-to-date: /home/tjacobs/ros2_ws/install/agrobot_msgs/include/agrobot_msgs/agrobot_msgs/srv/detail/dds_fastrtps
[4.341s] -- Installing: /home/tjacobs/ros2_ws/install/agrobot_msgs/include/agrobot_msgs/agrobot_msgs/srv/detail/sim_crop_location__rosidl_typesupport_fastrtps_cpp.hpp
[4.342s] -- Up-to-date: /home/tjacobs/ros2_ws/install/agrobot_msgs/include/agrobot_msgs/agrobot_msgs/msg
[4.342s] -- Up-to-date: /home/tjacobs/ros2_ws/install/agrobot_msgs/include/agrobot_msgs/agrobot_msgs/msg/rosidl_typesupport_fastrtps_cpp__visibility_control.h
[4.342s] -- Up-to-date: /home/tjacobs/ros2_ws/install/agrobot_msgs/include/agrobot_msgs/agrobot_msgs/msg/detail
[4.342s] -- Installing: /home/tjacobs/ros2_ws/install/agrobot_msgs/include/agrobot_msgs/agrobot_msgs/msg/detail/sim_crop_data__rosidl_typesupport_fastrtps_cpp.hpp
[4.342s] -- Installing: /home/tjacobs/ros2_ws/install/agrobot_msgs/include/agrobot_msgs/agrobot_msgs/msg/detail/vision_publish_closest_crop__rosidl_typesupport_fastrtps_cpp.hpp
[4.342s] -- Up-to-date: /home/tjacobs/ros2_ws/install/agrobot_msgs/include/agrobot_msgs/agrobot_msgs/msg/detail/dds_fastrtps
[4.342s] -- Installing: /home/tjacobs/ros2_ws/install/agrobot_msgs/lib/libagrobot_msgs__rosidl_typesupport_fastrtps_cpp.so
[4.342s] -- Set runtime path of "/home/tjacobs/ros2_ws/install/agrobot_msgs/lib/libagrobot_msgs__rosidl_typesupport_fastrtps_cpp.so" to ""
[4.342s] -- Up-to-date: /home/tjacobs/ros2_ws/install/agrobot_msgs/include/agrobot_msgs/agrobot_msgs
[4.342s] -- Up-to-date: /home/tjacobs/ros2_ws/install/agrobot_msgs/include/agrobot_msgs/agrobot_msgs/srv
[4.342s] -- Up-to-date: /home/tjacobs/ros2_ws/install/agrobot_msgs/include/agrobot_msgs/agrobot_msgs/srv/detail
[4.342s] -- Installing: /home/tjacobs/ros2_ws/install/agrobot_msgs/include/agrobot_msgs/agrobot_msgs/srv/detail/sim_crop_location__type_support.cpp
[4.342s] -- Installing: /home/tjacobs/ros2_ws/install/agrobot_msgs/include/agrobot_msgs/agrobot_msgs/srv/detail/sim_crop_location__rosidl_typesupport_introspection_cpp.hpp
[4.342s] -- Up-to-date: /home/tjacobs/ros2_ws/install/agrobot_msgs/include/agrobot_msgs/agrobot_msgs/msg
[4.342s] -- Up-to-date: /home/tjacobs/ros2_ws/install/agrobot_msgs/include/agrobot_msgs/agrobot_msgs/msg/detail
[4.342s] -- Installing: /home/tjacobs/ros2_ws/install/agrobot_msgs/include/agrobot_msgs/agrobot_msgs/msg/detail/sim_crop_data__rosidl_typesupport_introspection_cpp.hpp
[4.343s] -- Installing: /home/tjacobs/ros2_ws/install/agrobot_msgs/include/agrobot_msgs/agrobot_msgs/msg/detail/sim_crop_data__type_support.cpp
[4.343s] -- Installing: /home/tjacobs/ros2_ws/install/agrobot_msgs/include/agrobot_msgs/agrobot_msgs/msg/detail/vision_publish_closest_crop__rosidl_typesupport_introspection_cpp.hpp
[4.343s] -- Installing: /home/tjacobs/ros2_ws/install/agrobot_msgs/include/agrobot_msgs/agrobot_msgs/msg/detail/vision_publish_closest_crop__type_support.cpp
[4.343s] -- Installing: /home/tjacobs/ros2_ws/install/agrobot_msgs/lib/libagrobot_msgs__rosidl_typesupport_introspection_cpp.so
[4.343s] -- Set runtime path of "/home/tjacobs/ros2_ws/install/agrobot_msgs/lib/libagrobot_msgs__rosidl_typesupport_introspection_cpp.so" to ""
[4.343s] -- Installing: /home/tjacobs/ros2_ws/install/agrobot_msgs/lib/libagrobot_msgs__rosidl_typesupport_cpp.so
[4.343s] -- Set runtime path of "/home/tjacobs/ros2_ws/install/agrobot_msgs/lib/libagrobot_msgs__rosidl_typesupport_cpp.so" to ""
[4.344s] -- Up-to-date: /home/tjacobs/ros2_ws/install/agrobot_msgs/share/agrobot_msgs/environment/pythonpath.sh
[4.344s] -- Up-to-date: /home/tjacobs/ros2_ws/install/agrobot_msgs/share/agrobot_msgs/environment/pythonpath.dsv
[4.344s] -- Up-to-date: /home/tjacobs/ros2_ws/install/agrobot_msgs/lib/python3.10/site-packages/agrobot_msgs-0.0.0-py3.10.egg-info
[4.344s] -- Installing: /home/tjacobs/ros2_ws/install/agrobot_msgs/lib/python3.10/site-packages/agrobot_msgs-0.0.0-py3.10.egg-info/dependency_links.txt
[4.344s] -- Installing: /home/tjacobs/ros2_ws/install/agrobot_msgs/lib/python3.10/site-packages/agrobot_msgs-0.0.0-py3.10.egg-info/top_level.txt
[4.344s] -- Installing: /home/tjacobs/ros2_ws/install/agrobot_msgs/lib/python3.10/site-packages/agrobot_msgs-0.0.0-py3.10.egg-info/SOURCES.txt
[4.344s] -- Installing: /home/tjacobs/ros2_ws/install/agrobot_msgs/lib/python3.10/site-packages/agrobot_msgs-0.0.0-py3.10.egg-info/PKG-INFO
[4.344s] -- Up-to-date: /home/tjacobs/ros2_ws/install/agrobot_msgs/lib/python3.10/site-packages/agrobot_msgs
[4.344s] -- Installing: /home/tjacobs/ros2_ws/install/agrobot_msgs/lib/python3.10/site-packages/agrobot_msgs/__init__.py
[4.344s] -- Installing: /home/tjacobs/ros2_ws/install/agrobot_msgs/lib/python3.10/site-packages/agrobot_msgs/_agrobot_msgs_s.ep.rosidl_typesupport_fastrtps_c.c
[4.344s] -- Installing: /home/tjacobs/ros2_ws/install/agrobot_msgs/lib/python3.10/site-packages/agrobot_msgs/libagrobot_msgs__rosidl_generator_py.so
[4.344s] -- Installing: /home/tjacobs/ros2_ws/install/agrobot_msgs/lib/python3.10/site-packages/agrobot_msgs/agrobot_msgs_s__rosidl_typesupport_fastrtps_c.cpython-310-x86_64-linux-gnu.so
[4.344s] -- Installing: /home/tjacobs/ros2_ws/install/agrobot_msgs/lib/python3.10/site-packages/agrobot_msgs/_agrobot_msgs_s.ep.rosidl_typesupport_c.c
[4.345s] -- Installing: /home/tjacobs/ros2_ws/install/agrobot_msgs/lib/python3.10/site-packages/agrobot_msgs/agrobot_msgs_s__rosidl_typesupport_introspection_c.cpython-310-x86_64-linux-gnu.so
[4.345s] -- Up-to-date: /home/tjacobs/ros2_ws/install/agrobot_msgs/lib/python3.10/site-packages/agrobot_msgs/srv
[4.345s] -- Installing: /home/tjacobs/ros2_ws/install/agrobot_msgs/lib/python3.10/site-packages/agrobot_msgs/srv/__init__.py
[4.345s] -- Installing: /home/tjacobs/ros2_ws/install/agrobot_msgs/lib/python3.10/site-packages/agrobot_msgs/srv/_sim_crop_location.py
[4.345s] -- Installing: /home/tjacobs/ros2_ws/install/agrobot_msgs/lib/python3.10/site-packages/agrobot_msgs/srv/_sim_crop_location_s.c
[4.345s] -- Installing: /home/tjacobs/ros2_ws/install/agrobot_msgs/lib/python3.10/site-packages/agrobot_msgs/_agrobot_msgs_s.ep.rosidl_typesupport_introspection_c.c
[4.345s] -- Installing: /home/tjacobs/ros2_ws/install/agrobot_msgs/lib/python3.10/site-packages/agrobot_msgs/agrobot_msgs_s__rosidl_typesupport_c.cpython-310-x86_64-linux-gnu.so
[4.345s] -- Up-to-date: /home/tjacobs/ros2_ws/install/agrobot_msgs/lib/python3.10/site-packages/agrobot_msgs/msg
[4.345s] -- Installing: /home/tjacobs/ros2_ws/install/agrobot_msgs/lib/python3.10/site-packages/agrobot_msgs/msg/_vision_publish_closest_crop.py
[4.345s] -- Installing: /home/tjacobs/ros2_ws/install/agrobot_msgs/lib/python3.10/site-packages/agrobot_msgs/msg/__init__.py
[4.345s] -- Installing: /home/tjacobs/ros2_ws/install/agrobot_msgs/lib/python3.10/site-packages/agrobot_msgs/msg/_sim_crop_data_s.c
[4.345s] -- Installing: /home/tjacobs/ros2_ws/install/agrobot_msgs/lib/python3.10/site-packages/agrobot_msgs/msg/_sim_crop_data.py
[4.346s] -- Installing: /home/tjacobs/ros2_ws/install/agrobot_msgs/lib/python3.10/site-packages/agrobot_msgs/msg/_vision_publish_closest_crop_s.c
[4.373s] Listing '/home/tjacobs/ros2_ws/install/agrobot_msgs/lib/python3.10/site-packages/agrobot_msgs'...
[4.373s] Compiling '/home/tjacobs/ros2_ws/install/agrobot_msgs/lib/python3.10/site-packages/agrobot_msgs/__init__.py'...
[4.373s] Listing '/home/tjacobs/ros2_ws/install/agrobot_msgs/lib/python3.10/site-packages/agrobot_msgs/msg'...
[4.373s] Compiling '/home/tjacobs/ros2_ws/install/agrobot_msgs/lib/python3.10/site-packages/agrobot_msgs/msg/__init__.py'...
[4.373s] Compiling '/home/tjacobs/ros2_ws/install/agrobot_msgs/lib/python3.10/site-packages/agrobot_msgs/msg/_sim_crop_data.py'...
[4.373s] Compiling '/home/tjacobs/ros2_ws/install/agrobot_msgs/lib/python3.10/site-packages/agrobot_msgs/msg/_vision_publish_closest_crop.py'...
[4.373s] Listing '/home/tjacobs/ros2_ws/install/agrobot_msgs/lib/python3.10/site-packages/agrobot_msgs/srv'...
[4.373s] Compiling '/home/tjacobs/ros2_ws/install/agrobot_msgs/lib/python3.10/site-packages/agrobot_msgs/srv/__init__.py'...
[4.373s] Compiling '/home/tjacobs/ros2_ws/install/agrobot_msgs/lib/python3.10/site-packages/agrobot_msgs/srv/_sim_crop_location.py'...
[4.377s] -- Installing: /home/tjacobs/ros2_ws/install/agrobot_msgs/lib/python3.10/site-packages/agrobot_msgs/agrobot_msgs_s__rosidl_typesupport_fastrtps_c.cpython-310-x86_64-linux-gnu.so
[4.377s] -- Set runtime path of "/home/tjacobs/ros2_ws/install/agrobot_msgs/lib/python3.10/site-packages/agrobot_msgs/agrobot_msgs_s__rosidl_typesupport_fastrtps_c.cpython-310-x86_64-linux-gnu.so" to ""
[4.377s] -- Installing: /home/tjacobs/ros2_ws/install/agrobot_msgs/lib/python3.10/site-packages/agrobot_msgs/agrobot_msgs_s__rosidl_typesupport_introspection_c.cpython-310-x86_64-linux-gnu.so
[4.377s] -- Set runtime path of "/home/tjacobs/ros2_ws/install/agrobot_msgs/lib/python3.10/site-packages/agrobot_msgs/agrobot_msgs_s__rosidl_typesupport_introspection_c.cpython-310-x86_64-linux-gnu.so" to ""
[4.377s] -- Installing: /home/tjacobs/ros2_ws/install/agrobot_msgs/lib/python3.10/site-packages/agrobot_msgs/agrobot_msgs_s__rosidl_typesupport_c.cpython-310-x86_64-linux-gnu.so
[4.378s] -- Set runtime path of "/home/tjacobs/ros2_ws/install/agrobot_msgs/lib/python3.10/site-packages/agrobot_msgs/agrobot_msgs_s__rosidl_typesupport_c.cpython-310-x86_64-linux-gnu.so" to ""
[4.378s] -- Installing: /home/tjacobs/ros2_ws/install/agrobot_msgs/lib/libagrobot_msgs__rosidl_generator_py.so
[4.378s] -- Set runtime path of "/home/tjacobs/ros2_ws/install/agrobot_msgs/lib/libagrobot_msgs__rosidl_generator_py.so" to ""
[4.378s] -- Up-to-date: /home/tjacobs/ros2_ws/install/agrobot_msgs/share/agrobot_msgs/srv/SimCropLocation.idl
[4.378s] -- Up-to-date: /home/tjacobs/ros2_ws/install/agrobot_msgs/share/agrobot_msgs/msg/VisionPublishClosestCrop.idl
[4.378s] -- Installing: /home/tjacobs/ros2_ws/install/agrobot_msgs/share/agrobot_msgs/msg/SimCropData.idl
[4.379s] -- Up-to-date: /home/tjacobs/ros2_ws/install/agrobot_msgs/share/agrobot_msgs/srv/SimCropLocation.srv
[4.379s] -- Up-to-date: /home/tjacobs/ros2_ws/install/agrobot_msgs/share/agrobot_msgs/srv/SimCropLocation_Request.msg
[4.379s] -- Up-to-date: /home/tjacobs/ros2_ws/install/agrobot_msgs/share/agrobot_msgs/srv/SimCropLocation_Response.msg
[4.379s] -- Up-to-date: /home/tjacobs/ros2_ws/install/agrobot_msgs/share/agrobot_msgs/msg/VisionPublishClosestCrop.msg
[4.379s] -- Installing: /home/tjacobs/ros2_ws/install/agrobot_msgs/share/agrobot_msgs/msg/SimCropData.msg
[4.379s] -- Up-to-date: /home/tjacobs/ros2_ws/install/agrobot_msgs/share/ament_index/resource_index/package_run_dependencies/agrobot_msgs
[4.379s] -- Up-to-date: /home/tjacobs/ros2_ws/install/agrobot_msgs/share/ament_index/resource_index/parent_prefix_path/agrobot_msgs
[4.379s] -- Up-to-date: /home/tjacobs/ros2_ws/install/agrobot_msgs/share/agrobot_msgs/environment/ament_prefix_path.sh
[4.379s] -- Up-to-date: /home/tjacobs/ros2_ws/install/agrobot_msgs/share/agrobot_msgs/environment/ament_prefix_path.dsv
[4.379s] -- Up-to-date: /home/tjacobs/ros2_ws/install/agrobot_msgs/share/agrobot_msgs/environment/path.sh
[4.379s] -- Up-to-date: /home/tjacobs/ros2_ws/install/agrobot_msgs/share/agrobot_msgs/environment/path.dsv
[4.379s] -- Up-to-date: /home/tjacobs/ros2_ws/install/agrobot_msgs/share/agrobot_msgs/local_setup.bash
[4.379s] -- Up-to-date: /home/tjacobs/ros2_ws/install/agrobot_msgs/share/agrobot_msgs/local_setup.sh
[4.379s] -- Up-to-date: /home/tjacobs/ros2_ws/install/agrobot_msgs/share/agrobot_msgs/local_setup.zsh
[4.379s] -- Up-to-date: /home/tjacobs/ros2_ws/install/agrobot_msgs/share/agrobot_msgs/local_setup.dsv
[4.379s] -- Installing: /home/tjacobs/ros2_ws/install/agrobot_msgs/share/agrobot_msgs/package.dsv
[4.380s] -- Up-to-date: /home/tjacobs/ros2_ws/install/agrobot_msgs/share/ament_index/resource_index/packages/agrobot_msgs
[4.380s] -- Up-to-date: /home/tjacobs/ros2_ws/install/agrobot_msgs/share/agrobot_msgs/cmake/export_agrobot_msgs__rosidl_generator_cExport.cmake
[4.380s] -- Up-to-date: /home/tjacobs/ros2_ws/install/agrobot_msgs/share/agrobot_msgs/cmake/export_agrobot_msgs__rosidl_generator_cExport-noconfig.cmake
[4.380s] -- Up-to-date: /home/tjacobs/ros2_ws/install/agrobot_msgs/share/agrobot_msgs/cmake/export_agrobot_msgs__rosidl_typesupport_fastrtps_cExport.cmake
[4.380s] -- Up-to-date: /home/tjacobs/ros2_ws/install/agrobot_msgs/share/agrobot_msgs/cmake/export_agrobot_msgs__rosidl_typesupport_fastrtps_cExport-noconfig.cmake
[4.380s] -- Up-to-date: /home/tjacobs/ros2_ws/install/agrobot_msgs/share/agrobot_msgs/cmake/agrobot_msgs__rosidl_typesupport_introspection_cExport.cmake
[4.380s] -- Up-to-date: /home/tjacobs/ros2_ws/install/agrobot_msgs/share/agrobot_msgs/cmake/agrobot_msgs__rosidl_typesupport_introspection_cExport-noconfig.cmake
[4.380s] -- Up-to-date: /home/tjacobs/ros2_ws/install/agrobot_msgs/share/agrobot_msgs/cmake/agrobot_msgs__rosidl_typesupport_cExport.cmake
[4.380s] -- Up-to-date: /home/tjacobs/ros2_ws/install/agrobot_msgs/share/agrobot_msgs/cmake/agrobot_msgs__rosidl_typesupport_cExport-noconfig.cmake
[4.380s] -- Up-to-date: /home/tjacobs/ros2_ws/install/agrobot_msgs/share/agrobot_msgs/cmake/export_agrobot_msgs__rosidl_generator_cppExport.cmake
[4.380s] -- Up-to-date: /home/tjacobs/ros2_ws/install/agrobot_msgs/share/agrobot_msgs/cmake/export_agrobot_msgs__rosidl_typesupport_fastrtps_cppExport.cmake
[4.380s] -- Up-to-date: /home/tjacobs/ros2_ws/install/agrobot_msgs/share/agrobot_msgs/cmake/export_agrobot_msgs__rosidl_typesupport_fastrtps_cppExport-noconfig.cmake
[4.380s] -- Up-to-date: /home/tjacobs/ros2_ws/install/agrobot_msgs/share/agrobot_msgs/cmake/agrobot_msgs__rosidl_typesupport_introspection_cppExport.cmake
[4.380s] -- Up-to-date: /home/tjacobs/ros2_ws/install/agrobot_msgs/share/agrobot_msgs/cmake/agrobot_msgs__rosidl_typesupport_introspection_cppExport-noconfig.cmake
[4.380s] -- Up-to-date: /home/tjacobs/ros2_ws/install/agrobot_msgs/share/agrobot_msgs/cmake/agrobot_msgs__rosidl_typesupport_cppExport.cmake
[4.380s] -- Up-to-date: /home/tjacobs/ros2_ws/install/agrobot_msgs/share/agrobot_msgs/cmake/agrobot_msgs__rosidl_typesupport_cppExport-noconfig.cmake
[4.380s] -- Up-to-date: /home/tjacobs/ros2_ws/install/agrobot_msgs/share/agrobot_msgs/cmake/export_agrobot_msgs__rosidl_generator_pyExport.cmake
[4.380s] -- Up-to-date: /home/tjacobs/ros2_ws/install/agrobot_msgs/share/agrobot_msgs/cmake/export_agrobot_msgs__rosidl_generator_pyExport-noconfig.cmake
[4.381s] -- Installing: /home/tjacobs/ros2_ws/install/agrobot_msgs/share/agrobot_msgs/cmake/rosidl_cmake-extras.cmake
[4.381s] -- Up-to-date: /home/tjacobs/ros2_ws/install/agrobot_msgs/share/agrobot_msgs/cmake/ament_cmake_export_dependencies-extras.cmake
[4.381s] -- Up-to-date: /home/tjacobs/ros2_ws/install/agrobot_msgs/share/agrobot_msgs/cmake/ament_cmake_export_include_directories-extras.cmake
[4.381s] -- Up-to-date: /home/tjacobs/ros2_ws/install/agrobot_msgs/share/agrobot_msgs/cmake/ament_cmake_export_libraries-extras.cmake
[4.381s] -- Up-to-date: /home/tjacobs/ros2_ws/install/agrobot_msgs/share/agrobot_msgs/cmake/ament_cmake_export_targets-extras.cmake
[4.381s] -- Up-to-date: /home/tjacobs/ros2_ws/install/agrobot_msgs/share/agrobot_msgs/cmake/rosidl_cmake_export_typesupport_targets-extras.cmake
[4.381s] -- Up-to-date: /home/tjacobs/ros2_ws/install/agrobot_msgs/share/agrobot_msgs/cmake/rosidl_cmake_export_typesupport_libraries-extras.cmake
[4.381s] -- Up-to-date: /home/tjacobs/ros2_ws/install/agrobot_msgs/share/agrobot_msgs/cmake/agrobot_msgsConfig.cmake
[4.381s] -- Up-to-date: /home/tjacobs/ros2_ws/install/agrobot_msgs/share/agrobot_msgs/cmake/agrobot_msgsConfig-version.cmake
[4.381s] -- Up-to-date: /home/tjacobs/ros2_ws/install/agrobot_msgs/share/agrobot_msgs/package.xml
[4.382s] Invoked command in '/home/tjacobs/ros2_ws/build/agrobot_msgs' returned '0': CMAKE_PREFIX_PATH=${CMAKE_PREFIX_PATH}:/home/tjacobs/ros2_ws/install/my_package:/home/tjacobs/ros2_ws/install/agrobot_pkg:/opt/ros/iron /usr/bin/cmake --install /home/tjacobs/ros2_ws/build/agrobot_msgs
