[0.598s] Invoking command in '/home/tjacobs/ros2_ws/src/Agrobot': PYTHONPATH=/home/tjacobs/ros2_ws/build/agrobot_pkg/prefix_override:/home/tjacobs/ros2_ws/install/agrobot_pkg/lib/python3.10/site-packages:${PYTHONPATH} /usr/bin/python3 setup.py egg_info --egg-base ../../build/agrobot_pkg build --build-base /home/tjacobs/ros2_ws/build/agrobot_pkg/build install --record /home/tjacobs/ros2_ws/build/agrobot_pkg/install.log --single-version-externally-managed
[0.782s] running egg_info
[0.783s] writing ../../build/agrobot_pkg/agrobot_pkg.egg-info/PKG-INFO
[0.783s] writing dependency_links to ../../build/agrobot_pkg/agrobot_pkg.egg-info/dependency_links.txt
[0.783s] writing entry points to ../../build/agrobot_pkg/agrobot_pkg.egg-info/entry_points.txt
[0.784s] writing requirements to ../../build/agrobot_pkg/agrobot_pkg.egg-info/requires.txt
[0.784s] writing top-level names to ../../build/agrobot_pkg/agrobot_pkg.egg-info/top_level.txt
[0.785s] reading manifest file '../../build/agrobot_pkg/agrobot_pkg.egg-info/SOURCES.txt'
[0.786s] writing manifest file '../../build/agrobot_pkg/agrobot_pkg.egg-info/SOURCES.txt'
[0.786s] running build
[0.786s] running build_py
[0.786s] running install
[0.786s] /usr/lib/python3/dist-packages/setuptools/command/install.py:34: SetuptoolsDeprecationWarning: setup.py install is deprecated. Use build and pip and other standards-based tools.
[0.786s]   warnings.warn(
[0.787s] running install_lib
[0.788s] running install_data
[0.788s] warning: install_data: setup script did not provide a directory for 'share/agrobot_pkg/srvsrv/sim_crop_location.srv' -- installing right in '/home/tjacobs/ros2_ws/install/agrobot_pkg'
[0.788s] 
[0.788s] error: can't copy 'share/agrobot_pkg/srvsrv/sim_crop_location.srv': doesn't exist or not a regular file
[0.802s] Invoked command in '/home/tjacobs/ros2_ws/src/Agrobot' returned '1': PYTHONPATH=/home/tjacobs/ros2_ws/build/agrobot_pkg/prefix_override:/home/tjacobs/ros2_ws/install/agrobot_pkg/lib/python3.10/site-packages:${PYTHONPATH} /usr/bin/python3 setup.py egg_info --egg-base ../../build/agrobot_pkg build --build-base /home/tjacobs/ros2_ws/build/agrobot_pkg/build install --record /home/tjacobs/ros2_ws/build/agrobot_pkg/install.log --single-version-externally-managed
