[0.059s] Invoking command in '/home/tjacobs/ros2_ws/build/agrobot_msgs': CMAKE_PREFIX_PATH=${CMAKE_PREFIX_PATH}:/home/tjacobs/ros2_ws/install/my_package:/home/tjacobs/ros2_ws/install/agrobot_pkg:/opt/ros/iron /usr/bin/cmake --build /home/tjacobs/ros2_ws/build/agrobot_msgs -- -j8 -l8
[0.073s] [33mCMake Warning (dev) at CMakeLists.txt:17:
[0.073s]   Syntax Warning in cmake code at column 44
[0.073s] 
[0.073s]   Argument not separated from preceding token by whitespace.
[0.073s] This warning is for project developers.  Use -Wno-dev to suppress it.
[0.073s] [0m
[0.076s] -- Found ament_cmake: 2.0.3 (/opt/ros/iron/share/ament_cmake/cmake)
[0.181s] -- Found rosidl_default_generators: 1.5.0 (/opt/ros/iron/share/rosidl_default_generators/cmake)
[0.183s] -- Using all available rosidl_typesupport_c: rosidl_typesupport_fastrtps_c;rosidl_typesupport_introspection_c
[0.206s] -- Using all available rosidl_typesupport_cpp: rosidl_typesupport_fastrtps_cpp;rosidl_typesupport_introspection_cpp
[0.228s] -- Found rosidl_adapter: 4.0.1 (/opt/ros/iron/share/rosidl_adapter/cmake)
[0.232s] [31mCMake Error at /opt/ros/iron/share/rosidl_cmake/cmake/rosidl_generate_interfaces.cmake:95 (message):
[0.232s]   rosidl_generate_interfaces() the passed file ',' doesn't exist relative to
[0.232s]   the CMAKE_CURRENT_SOURCE_DIR '/home/tjacobs/ros2_ws/src/agrobot_msgs'
[0.232s] Call Stack (most recent call first):
[0.232s]   CMakeLists.txt:16 (rosidl_generate_interfaces)
[0.232s] 
[0.232s] [0m
[0.232s] -- Configuring incomplete, errors occurred!
[0.232s] See also "/home/tjacobs/ros2_ws/build/agrobot_msgs/CMakeFiles/CMakeOutput.log".
[0.235s] gmake: *** [Makefile:815: cmake_check_build_system] Error 1
[0.236s] Invoked command in '/home/tjacobs/ros2_ws/build/agrobot_msgs' returned '2': CMAKE_PREFIX_PATH=${CMAKE_PREFIX_PATH}:/home/tjacobs/ros2_ws/install/my_package:/home/tjacobs/ros2_ws/install/agrobot_pkg:/opt/ros/iron /usr/bin/cmake --build /home/tjacobs/ros2_ws/build/agrobot_msgs -- -j8 -l8
