[3.254s] DEBUG:colcon:Command line arguments: ['/usr/bin/colcon', 'build', '--packages-select', 'my_package']
[3.254s] DEBUG:colcon:Parsed command line arguments: Namespace(log_base=None, log_level=None, verb_name='build', build_base='build', install_base='install', merge_install=False, symlink_install=False, test_result_base=None, continue_on_error=False, executor='parallel', parallel_workers=8, event_handlers=None, ignore_user_meta=False, metas=['./colcon.meta'], base_paths=['.'], packages_ignore=None, packages_ignore_regex=None, paths=None, packages_up_to=None, packages_up_to_regex=None, packages_above=None, packages_above_and_dependencies=None, packages_above_depth=None, packages_select_by_dep=None, packages_skip_by_dep=None, packages_skip_up_to=None, packages_select_build_failed=False, packages_skip_build_finished=False, packages_select_test_failures=False, packages_skip_test_passed=False, packages_select=['my_package'], packages_skip=None, packages_select_regex=None, packages_skip_regex=None, packages_start=None, packages_end=None, allow_overriding=[], cmake_args=None, cmake_target=None, cmake_target_skip_unavailable=False, cmake_clean_cache=False, cmake_clean_first=False, cmake_force_configure=False, ament_cmake_args=None, catkin_cmake_args=None, catkin_skip_building_tests=False, verb_parser=<colcon_defaults.argument_parser.defaults.DefaultArgumentsDecorator object at 0x7f94b604a110>, verb_extension=<colcon_core.verb.build.BuildVerb object at 0x7f94b607c460>, main=<bound method BuildVerb.main of <colcon_core.verb.build.BuildVerb object at 0x7f94b607c460>>)
[3.373s] Level 1:colcon.colcon_core.package_discovery:discover_packages(colcon_meta) check parameters
[3.373s] Level 1:colcon.colcon_core.package_discovery:discover_packages(recursive) check parameters
[3.373s] Level 1:colcon.colcon_core.package_discovery:discover_packages(ignore) check parameters
[3.373s] Level 1:colcon.colcon_core.package_discovery:discover_packages(path) check parameters
[3.374s] Level 1:colcon.colcon_core.package_discovery:discover_packages(colcon_meta) discover
[3.374s] Level 1:colcon.colcon_core.package_discovery:discover_packages(recursive) discover
[3.374s] INFO:colcon.colcon_core.package_discovery:Crawling recursively for packages in '/home/tjacobs/ros2_ws'
[3.374s] Level 1:colcon.colcon_core.package_identification:_identify(.) by extensions ['ignore', 'ignore_ament_install']
[3.374s] Level 1:colcon.colcon_core.package_identification:_identify(.) by extension 'ignore'
[3.374s] Level 1:colcon.colcon_core.package_identification:_identify(.) by extension 'ignore_ament_install'
[3.374s] Level 1:colcon.colcon_core.package_identification:_identify(.) by extensions ['colcon_pkg']
[3.375s] Level 1:colcon.colcon_core.package_identification:_identify(.) by extension 'colcon_pkg'
[3.375s] Level 1:colcon.colcon_core.package_identification:_identify(.) by extensions ['colcon_meta']
[3.375s] Level 1:colcon.colcon_core.package_identification:_identify(.) by extension 'colcon_meta'
[3.375s] Level 1:colcon.colcon_core.package_identification:_identify(.) by extensions ['ros']
[3.375s] Level 1:colcon.colcon_core.package_identification:_identify(.) by extension 'ros'
[3.400s] Level 1:colcon.colcon_core.package_identification:_identify(.) by extensions ['cmake', 'python']
[3.400s] Level 1:colcon.colcon_core.package_identification:_identify(.) by extension 'cmake'
[3.400s] Level 1:colcon.colcon_core.package_identification:_identify(.) by extension 'python'
[3.400s] Level 1:colcon.colcon_core.package_identification:_identify(.) by extensions ['python_setup_py']
[3.401s] Level 1:colcon.colcon_core.package_identification:_identify(.) by extension 'python_setup_py'
[3.401s] Level 1:colcon.colcon_core.package_identification:_identify(build) by extensions ['ignore', 'ignore_ament_install']
[3.401s] Level 1:colcon.colcon_core.package_identification:_identify(build) by extension 'ignore'
[3.401s] Level 1:colcon.colcon_core.package_identification:_identify(build) ignored
[3.401s] Level 1:colcon.colcon_core.package_identification:_identify(install) by extensions ['ignore', 'ignore_ament_install']
[3.402s] Level 1:colcon.colcon_core.package_identification:_identify(install) by extension 'ignore'
[3.402s] Level 1:colcon.colcon_core.package_identification:_identify(install) ignored
[3.402s] Level 1:colcon.colcon_core.package_identification:_identify(log) by extensions ['ignore', 'ignore_ament_install']
[3.402s] Level 1:colcon.colcon_core.package_identification:_identify(log) by extension 'ignore'
[3.402s] Level 1:colcon.colcon_core.package_identification:_identify(log) ignored
[3.403s] Level 1:colcon.colcon_core.package_identification:_identify(my_package) by extensions ['ignore', 'ignore_ament_install']
[3.403s] Level 1:colcon.colcon_core.package_identification:_identify(my_package) by extension 'ignore'
[3.403s] Level 1:colcon.colcon_core.package_identification:_identify(my_package) by extension 'ignore_ament_install'
[3.403s] Level 1:colcon.colcon_core.package_identification:_identify(my_package) by extensions ['colcon_pkg']
[3.403s] Level 1:colcon.colcon_core.package_identification:_identify(my_package) by extension 'colcon_pkg'
[3.403s] Level 1:colcon.colcon_core.package_identification:_identify(my_package) by extensions ['colcon_meta']
[3.403s] Level 1:colcon.colcon_core.package_identification:_identify(my_package) by extension 'colcon_meta'
[3.403s] Level 1:colcon.colcon_core.package_identification:_identify(my_package) by extensions ['ros']
[3.403s] Level 1:colcon.colcon_core.package_identification:_identify(my_package) by extension 'ros'
[3.410s] DEBUG:colcon.colcon_core.package_identification:Package 'my_package' with type 'ros.ament_python' and name 'my_package'
[3.410s] Level 1:colcon.colcon_core.package_identification:_identify(src) by extensions ['ignore', 'ignore_ament_install']
[3.410s] Level 1:colcon.colcon_core.package_identification:_identify(src) by extension 'ignore'
[3.411s] Level 1:colcon.colcon_core.package_identification:_identify(src) by extension 'ignore_ament_install'
[3.411s] Level 1:colcon.colcon_core.package_identification:_identify(src) by extensions ['colcon_pkg']
[3.411s] Level 1:colcon.colcon_core.package_identification:_identify(src) by extension 'colcon_pkg'
[3.411s] Level 1:colcon.colcon_core.package_identification:_identify(src) by extensions ['colcon_meta']
[3.411s] Level 1:colcon.colcon_core.package_identification:_identify(src) by extension 'colcon_meta'
[3.411s] Level 1:colcon.colcon_core.package_identification:_identify(src) by extensions ['ros']
[3.411s] Level 1:colcon.colcon_core.package_identification:_identify(src) by extension 'ros'
[3.411s] Level 1:colcon.colcon_core.package_identification:_identify(src) by extensions ['cmake', 'python']
[3.411s] Level 1:colcon.colcon_core.package_identification:_identify(src) by extension 'cmake'
[3.412s] Level 1:colcon.colcon_core.package_identification:_identify(src) by extension 'python'
[3.412s] Level 1:colcon.colcon_core.package_identification:_identify(src) by extensions ['python_setup_py']
[3.412s] Level 1:colcon.colcon_core.package_identification:_identify(src) by extension 'python_setup_py'
[3.412s] Level 1:colcon.colcon_core.package_identification:_identify(src/agrobot_pkg) by extensions ['ignore', 'ignore_ament_install']
[3.412s] Level 1:colcon.colcon_core.package_identification:_identify(src/agrobot_pkg) by extension 'ignore'
[3.412s] Level 1:colcon.colcon_core.package_identification:_identify(src/agrobot_pkg) by extension 'ignore_ament_install'
[3.412s] Level 1:colcon.colcon_core.package_identification:_identify(src/agrobot_pkg) by extensions ['colcon_pkg']
[3.413s] Level 1:colcon.colcon_core.package_identification:_identify(src/agrobot_pkg) by extension 'colcon_pkg'
[3.413s] Level 1:colcon.colcon_core.package_identification:_identify(src/agrobot_pkg) by extensions ['colcon_meta']
[3.413s] Level 1:colcon.colcon_core.package_identification:_identify(src/agrobot_pkg) by extension 'colcon_meta'
[3.413s] Level 1:colcon.colcon_core.package_identification:_identify(src/agrobot_pkg) by extensions ['ros']
[3.413s] Level 1:colcon.colcon_core.package_identification:_identify(src/agrobot_pkg) by extension 'ros'
[3.414s] DEBUG:colcon.colcon_core.package_identification:Package 'src/agrobot_pkg' with type 'ros.ament_python' and name 'agrobot_pkg'
[3.414s] Level 1:colcon.colcon_core.package_discovery:discover_packages(recursive) using defaults
[3.415s] Level 1:colcon.colcon_core.package_discovery:discover_packages(ignore) discover
[3.415s] Level 1:colcon.colcon_core.package_discovery:discover_packages(ignore) using defaults
[3.415s] Level 1:colcon.colcon_core.package_discovery:discover_packages(path) discover
[3.415s] Level 1:colcon.colcon_core.package_discovery:discover_packages(path) using defaults
[3.576s] INFO:colcon.colcon_core.package_selection:Skipping not selected package 'agrobot_pkg' in 'src/agrobot_pkg'
[3.650s] Level 1:colcon.colcon_core.package_discovery:discover_packages(prefix_path) check parameters
[3.651s] Level 1:colcon.colcon_core.package_discovery:discover_packages(prefix_path) discover
[3.730s] DEBUG:colcon.colcon_installed_package_information.package_discovery:Found 1 installed packages in /home/tjacobs/ros2_ws/install
[3.770s] DEBUG:colcon.colcon_installed_package_information.package_discovery:Found 314 installed packages in /opt/ros/iron
[3.793s] Level 1:colcon.colcon_core.package_discovery:discover_packages(prefix_path) using defaults
[4.008s] Level 5:colcon.colcon_core.verb:set package 'my_package' build argument 'cmake_args' from command line to 'None'
[4.008s] Level 5:colcon.colcon_core.verb:set package 'my_package' build argument 'cmake_target' from command line to 'None'
[4.013s] Level 5:colcon.colcon_core.verb:set package 'my_package' build argument 'cmake_target_skip_unavailable' from command line to 'False'
[4.013s] Level 5:colcon.colcon_core.verb:set package 'my_package' build argument 'cmake_clean_cache' from command line to 'False'
[4.013s] Level 5:colcon.colcon_core.verb:set package 'my_package' build argument 'cmake_clean_first' from command line to 'False'
[4.013s] Level 5:colcon.colcon_core.verb:set package 'my_package' build argument 'cmake_force_configure' from command line to 'False'
[4.013s] Level 5:colcon.colcon_core.verb:set package 'my_package' build argument 'ament_cmake_args' from command line to 'None'
[4.013s] Level 5:colcon.colcon_core.verb:set package 'my_package' build argument 'catkin_cmake_args' from command line to 'None'
[4.013s] Level 5:colcon.colcon_core.verb:set package 'my_package' build argument 'catkin_skip_building_tests' from command line to 'False'
[4.014s] DEBUG:colcon.colcon_core.verb:Building package 'my_package' with the following arguments: {'ament_cmake_args': None, 'build_base': '/home/tjacobs/ros2_ws/build/my_package', 'catkin_cmake_args': None, 'catkin_skip_building_tests': False, 'cmake_args': None, 'cmake_clean_cache': False, 'cmake_clean_first': False, 'cmake_force_configure': False, 'cmake_target': None, 'cmake_target_skip_unavailable': False, 'install_base': '/home/tjacobs/ros2_ws/install/my_package', 'merge_install': False, 'path': '/home/tjacobs/ros2_ws/my_package', 'symlink_install': False, 'test_result_base': None}
[4.052s] INFO:colcon.colcon_core.executor:Executing jobs using 'parallel' executor
[4.092s] DEBUG:colcon.colcon_parallel_executor.executor.parallel:run_until_complete
[4.092s] INFO:colcon.colcon_ros.task.ament_python.build:Building ROS package in '/home/tjacobs/ros2_ws/my_package' with build type 'ament_python'
[4.093s] Level 1:colcon.colcon_core.shell:create_environment_hook('my_package', 'ament_prefix_path')
[4.137s] INFO:colcon.colcon_core.plugin_system:Skipping extension 'colcon_core.shell.bat': Not used on non-Windows systems
[4.137s] INFO:colcon.colcon_core.shell:Creating environment hook '/home/tjacobs/ros2_ws/install/my_package/share/my_package/hook/ament_prefix_path.ps1'
[4.139s] INFO:colcon.colcon_core.shell:Creating environment descriptor '/home/tjacobs/ros2_ws/install/my_package/share/my_package/hook/ament_prefix_path.dsv'
[4.140s] INFO:colcon.colcon_core.shell:Creating environment hook '/home/tjacobs/ros2_ws/install/my_package/share/my_package/hook/ament_prefix_path.sh'
[4.182s] INFO:colcon.colcon_core.shell:Skip shell extension 'powershell' for command environment: Not usable outside of PowerShell
[4.182s] DEBUG:colcon.colcon_core.shell:Skip shell extension 'dsv' for command environment
[4.908s] INFO:colcon.colcon_core.task.python.build:Building Python package in '/home/tjacobs/ros2_ws/my_package'
[4.953s] INFO:colcon.colcon_core.shell:Skip shell extension 'powershell' for command environment: Not usable outside of PowerShell
[4.954s] DEBUG:colcon.colcon_core.shell:Skip shell extension 'dsv' for command environment
[5.901s] DEBUG:colcon.colcon_core.event_handler.log_command:Invoking command in '/home/tjacobs/ros2_ws/my_package': PYTHONPATH=/home/tjacobs/ros2_ws/build/my_package/prefix_override:/home/tjacobs/ros2_ws/install/my_package/lib/python3.10/site-packages:${PYTHONPATH} /usr/bin/python3 setup.py egg_info --egg-base ../build/my_package build --build-base /home/tjacobs/ros2_ws/build/my_package/build install --record /home/tjacobs/ros2_ws/build/my_package/install.log --single-version-externally-managed
[6.592s] DEBUG:colcon.colcon_core.event_handler.log_command:Invoked command in '/home/tjacobs/ros2_ws/my_package' returned '0': PYTHONPATH=/home/tjacobs/ros2_ws/build/my_package/prefix_override:/home/tjacobs/ros2_ws/install/my_package/lib/python3.10/site-packages:${PYTHONPATH} /usr/bin/python3 setup.py egg_info --egg-base ../build/my_package build --build-base /home/tjacobs/ros2_ws/build/my_package/build install --record /home/tjacobs/ros2_ws/build/my_package/install.log --single-version-externally-managed
[6.643s] Level 1:colcon.colcon_core.environment:checking '/home/tjacobs/ros2_ws/install/my_package' for CMake module files
[6.644s] Level 1:colcon.colcon_core.environment:checking '/home/tjacobs/ros2_ws/install/my_package' for CMake config files
[6.645s] Level 1:colcon.colcon_core.environment:checking '/home/tjacobs/ros2_ws/install/my_package/lib'
[6.646s] Level 1:colcon.colcon_core.environment:checking '/home/tjacobs/ros2_ws/install/my_package/bin'
[6.646s] Level 1:colcon.colcon_core.environment:checking '/home/tjacobs/ros2_ws/install/my_package/lib/pkgconfig/my_package.pc'
[6.647s] Level 1:colcon.colcon_core.environment:checking '/home/tjacobs/ros2_ws/install/my_package/lib/python3.10/site-packages'
[6.647s] Level 1:colcon.colcon_core.shell:create_environment_hook('my_package', 'pythonpath')
[6.690s] INFO:colcon.colcon_core.shell:Creating environment hook '/home/tjacobs/ros2_ws/install/my_package/share/my_package/hook/pythonpath.ps1'
[6.691s] INFO:colcon.colcon_core.shell:Creating environment descriptor '/home/tjacobs/ros2_ws/install/my_package/share/my_package/hook/pythonpath.dsv'
[6.692s] INFO:colcon.colcon_core.shell:Creating environment hook '/home/tjacobs/ros2_ws/install/my_package/share/my_package/hook/pythonpath.sh'
[6.693s] Level 1:colcon.colcon_core.environment:checking '/home/tjacobs/ros2_ws/install/my_package/bin'
[6.693s] Level 1:colcon.colcon_core.environment:create_environment_scripts_only(my_package)
[6.733s] INFO:colcon.colcon_core.shell:Creating package script '/home/tjacobs/ros2_ws/install/my_package/share/my_package/package.ps1'
[6.735s] INFO:colcon.colcon_core.shell:Creating package descriptor '/home/tjacobs/ros2_ws/install/my_package/share/my_package/package.dsv'
[6.736s] INFO:colcon.colcon_core.shell:Creating package script '/home/tjacobs/ros2_ws/install/my_package/share/my_package/package.sh'
[6.737s] INFO:colcon.colcon_core.shell:Creating package script '/home/tjacobs/ros2_ws/install/my_package/share/my_package/package.bash'
[6.739s] INFO:colcon.colcon_core.shell:Creating package script '/home/tjacobs/ros2_ws/install/my_package/share/my_package/package.zsh'
[6.740s] Level 1:colcon.colcon_core.environment:create_file_with_runtime_dependencies(/home/tjacobs/ros2_ws/install/my_package/share/colcon-core/packages/my_package)
[6.741s] DEBUG:colcon.colcon_parallel_executor.executor.parallel:closing loop
[6.742s] DEBUG:colcon.colcon_parallel_executor.executor.parallel:loop closed
[6.742s] DEBUG:colcon.colcon_parallel_executor.executor.parallel:run_until_complete finished with '0'
[6.742s] DEBUG:colcon.colcon_core.event_reactor:joining thread
[6.793s] INFO:colcon.colcon_core.plugin_system:Skipping extension 'colcon_notification.desktop_notification.terminal_notifier': Not used on non-Darwin systems
[6.794s] INFO:colcon.colcon_core.plugin_system:Skipping extension 'colcon_notification.desktop_notification.win32': Not used on non-Windows systems
[6.794s] INFO:colcon.colcon_notification.desktop_notification:Sending desktop notification using 'notify2'
[6.819s] DEBUG:colcon.colcon_core.event_reactor:joined thread
[6.866s] INFO:colcon.colcon_core.shell:Creating prefix script '/home/tjacobs/ros2_ws/install/local_setup.ps1'
[6.868s] INFO:colcon.colcon_core.shell:Creating prefix util module '/home/tjacobs/ros2_ws/install/_local_setup_util_ps1.py'
[6.871s] INFO:colcon.colcon_core.shell:Creating prefix chain script '/home/tjacobs/ros2_ws/install/setup.ps1'
[6.915s] INFO:colcon.colcon_core.shell:Creating prefix script '/home/tjacobs/ros2_ws/install/local_setup.sh'
[6.916s] INFO:colcon.colcon_core.shell:Creating prefix util module '/home/tjacobs/ros2_ws/install/_local_setup_util_sh.py'
[6.917s] INFO:colcon.colcon_core.shell:Creating prefix chain script '/home/tjacobs/ros2_ws/install/setup.sh'
[6.961s] INFO:colcon.colcon_core.shell:Creating prefix script '/home/tjacobs/ros2_ws/install/local_setup.bash'
[6.962s] INFO:colcon.colcon_core.shell:Creating prefix chain script '/home/tjacobs/ros2_ws/install/setup.bash'
[7.004s] INFO:colcon.colcon_core.shell:Creating prefix script '/home/tjacobs/ros2_ws/install/local_setup.zsh'
[7.005s] INFO:colcon.colcon_core.shell:Creating prefix chain script '/home/tjacobs/ros2_ws/install/setup.zsh'
