[0.510s] Invoking command in '/home/tjacobs/ros2_ws/build/agrobot_pkg': PYTHONPATH=/home/tjacobs/ros2_ws/build/agrobot_pkg/prefix_override:/home/tjacobs/ros2_ws/install/agrobot_pkg/lib/python3.10/site-packages:${PYTHONPATH} /usr/bin/python3 setup.py develop --editable --build-directory /home/tjacobs/ros2_ws/build/agrobot_pkg/build --no-deps install_data
[0.700s] running develop
[0.700s] /usr/lib/python3/dist-packages/setuptools/command/easy_install.py:158: EasyInstallDeprecationWarning: easy_install command is deprecated. Use build and pip and other standards-based tools.
[0.700s]   warnings.warn(
[0.701s] /usr/lib/python3/dist-packages/setuptools/command/install.py:34: SetuptoolsDeprecationWarning: setup.py install is deprecated. Use build and pip and other standards-based tools.
[0.701s]   warnings.warn(
[0.833s] running egg_info
[0.833s] writing agrobot_pkg.egg-info/PKG-INFO
[0.834s] writing dependency_links to agrobot_pkg.egg-info/dependency_links.txt
[0.834s] writing entry points to agrobot_pkg.egg-info/entry_points.txt
[0.834s] writing requirements to agrobot_pkg.egg-info/requires.txt
[0.834s] writing top-level names to agrobot_pkg.egg-info/top_level.txt
[0.836s] reading manifest file 'agrobot_pkg.egg-info/SOURCES.txt'
[0.836s] writing manifest file 'agrobot_pkg.egg-info/SOURCES.txt'
[0.837s] running build_ext
[0.838s] Creating /home/tjacobs/ros2_ws/install/agrobot_pkg/lib/python3.10/site-packages/agrobot-pkg.egg-link (link to .)
[0.839s] Installing camera_data script to /home/tjacobs/ros2_ws/install/agrobot_pkg/lib/agrobot_pkg
[0.839s] Installing camera_processing script to /home/tjacobs/ros2_ws/install/agrobot_pkg/lib/agrobot_pkg
[0.839s] Installing movement_controller script to /home/tjacobs/ros2_ws/install/agrobot_pkg/lib/agrobot_pkg
[0.839s] Installing movement_driver script to /home/tjacobs/ros2_ws/install/agrobot_pkg/lib/agrobot_pkg
[0.839s] 
[0.839s] Installed /home/tjacobs/ros2_ws/build/agrobot_pkg
[0.839s] running install_data
[0.861s] Invoked command in '/home/tjacobs/ros2_ws/build/agrobot_pkg' returned '0': PYTHONPATH=/home/tjacobs/ros2_ws/build/agrobot_pkg/prefix_override:/home/tjacobs/ros2_ws/install/agrobot_pkg/lib/python3.10/site-packages:${PYTHONPATH} /usr/bin/python3 setup.py develop --editable --build-directory /home/tjacobs/ros2_ws/build/agrobot_pkg/build --no-deps install_data
