[0.851s] DEBUG:colcon:Command line arguments: ['/usr/bin/colcon', 'build']
[0.851s] DEBUG:colcon:Parsed command line arguments: Namespace(log_base=None, log_level=None, verb_name='build', build_base='build', install_base='install', merge_install=False, symlink_install=False, test_result_base=None, continue_on_error=False, executor='parallel', parallel_workers=8, event_handlers=None, ignore_user_meta=False, metas=['./colcon.meta'], base_paths=['.'], packages_ignore=None, packages_ignore_regex=None, paths=None, packages_up_to=None, packages_up_to_regex=None, packages_above=None, packages_above_and_dependencies=None, packages_above_depth=None, packages_select_by_dep=None, packages_skip_by_dep=None, packages_skip_up_to=None, packages_select_build_failed=False, packages_skip_build_finished=False, packages_select_test_failures=False, packages_skip_test_passed=False, packages_select=None, packages_skip=None, packages_select_regex=None, packages_skip_regex=None, packages_start=None, packages_end=None, allow_overriding=[], cmake_args=None, cmake_target=None, cmake_target_skip_unavailable=False, cmake_clean_cache=False, cmake_clean_first=False, cmake_force_configure=False, ament_cmake_args=None, catkin_cmake_args=None, catkin_skip_building_tests=False, verb_parser=<colcon_defaults.argument_parser.defaults.DefaultArgumentsDecorator object at 0x7f811cf190c0>, verb_extension=<colcon_core.verb.build.BuildVerb object at 0x7f811d4e38e0>, main=<bound method BuildVerb.main of <colcon_core.verb.build.BuildVerb object at 0x7f811d4e38e0>>)
[0.903s] Level 1:colcon.colcon_core.package_discovery:discover_packages(colcon_meta) check parameters
[0.903s] Level 1:colcon.colcon_core.package_discovery:discover_packages(recursive) check parameters
[0.903s] Level 1:colcon.colcon_core.package_discovery:discover_packages(ignore) check parameters
[0.903s] Level 1:colcon.colcon_core.package_discovery:discover_packages(path) check parameters
[0.903s] Level 1:colcon.colcon_core.package_discovery:discover_packages(colcon_meta) discover
[0.903s] Level 1:colcon.colcon_core.package_discovery:discover_packages(recursive) discover
[0.904s] INFO:colcon.colcon_core.package_discovery:Crawling recursively for packages in '/home/tjacobs/Documents/Agrobot_ws/ros2_ws'
[0.904s] Level 1:colcon.colcon_core.package_identification:_identify(.) by extensions ['ignore', 'ignore_ament_install']
[0.904s] Level 1:colcon.colcon_core.package_identification:_identify(.) by extension 'ignore'
[0.904s] Level 1:colcon.colcon_core.package_identification:_identify(.) by extension 'ignore_ament_install'
[0.904s] Level 1:colcon.colcon_core.package_identification:_identify(.) by extensions ['colcon_pkg']
[0.904s] Level 1:colcon.colcon_core.package_identification:_identify(.) by extension 'colcon_pkg'
[0.904s] Level 1:colcon.colcon_core.package_identification:_identify(.) by extensions ['colcon_meta']
[0.904s] Level 1:colcon.colcon_core.package_identification:_identify(.) by extension 'colcon_meta'
[0.904s] Level 1:colcon.colcon_core.package_identification:_identify(.) by extensions ['ros']
[0.904s] Level 1:colcon.colcon_core.package_identification:_identify(.) by extension 'ros'
[0.913s] Level 1:colcon.colcon_core.package_identification:_identify(.) by extensions ['cmake', 'python']
[0.914s] Level 1:colcon.colcon_core.package_identification:_identify(.) by extension 'cmake'
[0.914s] Level 1:colcon.colcon_core.package_identification:_identify(.) by extension 'python'
[0.914s] Level 1:colcon.colcon_core.package_identification:_identify(.) by extensions ['python_setup_py']
[0.914s] Level 1:colcon.colcon_core.package_identification:_identify(.) by extension 'python_setup_py'
[0.914s] Level 1:colcon.colcon_core.package_identification:_identify(build) by extensions ['ignore', 'ignore_ament_install']
[0.914s] Level 1:colcon.colcon_core.package_identification:_identify(build) by extension 'ignore'
[0.914s] Level 1:colcon.colcon_core.package_identification:_identify(build) ignored
[0.914s] Level 1:colcon.colcon_core.package_identification:_identify(install) by extensions ['ignore', 'ignore_ament_install']
[0.914s] Level 1:colcon.colcon_core.package_identification:_identify(install) by extension 'ignore'
[0.914s] Level 1:colcon.colcon_core.package_identification:_identify(install) ignored
[0.914s] Level 1:colcon.colcon_core.package_identification:_identify(log) by extensions ['ignore', 'ignore_ament_install']
[0.915s] Level 1:colcon.colcon_core.package_identification:_identify(log) by extension 'ignore'
[0.915s] Level 1:colcon.colcon_core.package_identification:_identify(log) ignored
[0.915s] Level 1:colcon.colcon_core.package_identification:_identify(src) by extensions ['ignore', 'ignore_ament_install']
[0.915s] Level 1:colcon.colcon_core.package_identification:_identify(src) by extension 'ignore'
[0.915s] Level 1:colcon.colcon_core.package_identification:_identify(src) by extension 'ignore_ament_install'
[0.915s] Level 1:colcon.colcon_core.package_identification:_identify(src) by extensions ['colcon_pkg']
[0.915s] Level 1:colcon.colcon_core.package_identification:_identify(src) by extension 'colcon_pkg'
[0.915s] Level 1:colcon.colcon_core.package_identification:_identify(src) by extensions ['colcon_meta']
[0.915s] Level 1:colcon.colcon_core.package_identification:_identify(src) by extension 'colcon_meta'
[0.915s] Level 1:colcon.colcon_core.package_identification:_identify(src) by extensions ['ros']
[0.915s] Level 1:colcon.colcon_core.package_identification:_identify(src) by extension 'ros'
[0.915s] Level 1:colcon.colcon_core.package_identification:_identify(src) by extensions ['cmake', 'python']
[0.915s] Level 1:colcon.colcon_core.package_identification:_identify(src) by extension 'cmake'
[0.915s] Level 1:colcon.colcon_core.package_identification:_identify(src) by extension 'python'
[0.915s] Level 1:colcon.colcon_core.package_identification:_identify(src) by extensions ['python_setup_py']
[0.915s] Level 1:colcon.colcon_core.package_identification:_identify(src) by extension 'python_setup_py'
[0.915s] Level 1:colcon.colcon_core.package_identification:_identify(src/Agrobot) by extensions ['ignore', 'ignore_ament_install']
[0.915s] Level 1:colcon.colcon_core.package_identification:_identify(src/Agrobot) by extension 'ignore'
[0.915s] Level 1:colcon.colcon_core.package_identification:_identify(src/Agrobot) by extension 'ignore_ament_install'
[0.915s] Level 1:colcon.colcon_core.package_identification:_identify(src/Agrobot) by extensions ['colcon_pkg']
[0.915s] Level 1:colcon.colcon_core.package_identification:_identify(src/Agrobot) by extension 'colcon_pkg'
[0.915s] Level 1:colcon.colcon_core.package_identification:_identify(src/Agrobot) by extensions ['colcon_meta']
[0.915s] Level 1:colcon.colcon_core.package_identification:_identify(src/Agrobot) by extension 'colcon_meta'
[0.915s] Level 1:colcon.colcon_core.package_identification:_identify(src/Agrobot) by extensions ['ros']
[0.915s] Level 1:colcon.colcon_core.package_identification:_identify(src/Agrobot) by extension 'ros'
[0.918s] DEBUG:colcon.colcon_core.package_identification:Package 'src/Agrobot' with type 'ros.ament_python' and name 'agrobot_pkg'
[0.918s] Level 1:colcon.colcon_core.package_identification:_identify(src/agrobot_msgs) by extensions ['ignore', 'ignore_ament_install']
[0.918s] Level 1:colcon.colcon_core.package_identification:_identify(src/agrobot_msgs) by extension 'ignore'
[0.918s] Level 1:colcon.colcon_core.package_identification:_identify(src/agrobot_msgs) by extension 'ignore_ament_install'
[0.918s] Level 1:colcon.colcon_core.package_identification:_identify(src/agrobot_msgs) by extensions ['colcon_pkg']
[0.918s] Level 1:colcon.colcon_core.package_identification:_identify(src/agrobot_msgs) by extension 'colcon_pkg'
[0.918s] Level 1:colcon.colcon_core.package_identification:_identify(src/agrobot_msgs) by extensions ['colcon_meta']
[0.918s] Level 1:colcon.colcon_core.package_identification:_identify(src/agrobot_msgs) by extension 'colcon_meta'
[0.918s] Level 1:colcon.colcon_core.package_identification:_identify(src/agrobot_msgs) by extensions ['ros']
[0.918s] Level 1:colcon.colcon_core.package_identification:_identify(src/agrobot_msgs) by extension 'ros'
[0.918s] DEBUG:colcon.colcon_core.package_identification:Package 'src/agrobot_msgs' with type 'ros.ament_cmake' and name 'agrobot_msgs'
[0.918s] Level 1:colcon.colcon_core.package_discovery:discover_packages(recursive) using defaults
[0.918s] Level 1:colcon.colcon_core.package_discovery:discover_packages(ignore) discover
[0.918s] Level 1:colcon.colcon_core.package_discovery:discover_packages(ignore) using defaults
[0.918s] Level 1:colcon.colcon_core.package_discovery:discover_packages(path) discover
[0.918s] Level 1:colcon.colcon_core.package_discovery:discover_packages(path) using defaults
[0.996s] Level 1:colcon.colcon_core.package_discovery:discover_packages(prefix_path) check parameters
[0.996s] Level 1:colcon.colcon_core.package_discovery:discover_packages(prefix_path) discover
[1.022s] DEBUG:colcon.colcon_installed_package_information.package_discovery:Found 314 installed packages in /opt/ros/iron
[1.023s] Level 1:colcon.colcon_core.package_discovery:discover_packages(prefix_path) using defaults
[1.099s] Level 5:colcon.colcon_core.verb:set package 'agrobot_msgs' build argument 'cmake_args' from command line to 'None'
[1.099s] Level 5:colcon.colcon_core.verb:set package 'agrobot_msgs' build argument 'cmake_target' from command line to 'None'
[1.099s] Level 5:colcon.colcon_core.verb:set package 'agrobot_msgs' build argument 'cmake_target_skip_unavailable' from command line to 'False'
[1.099s] Level 5:colcon.colcon_core.verb:set package 'agrobot_msgs' build argument 'cmake_clean_cache' from command line to 'False'
[1.099s] Level 5:colcon.colcon_core.verb:set package 'agrobot_msgs' build argument 'cmake_clean_first' from command line to 'False'
[1.099s] Level 5:colcon.colcon_core.verb:set package 'agrobot_msgs' build argument 'cmake_force_configure' from command line to 'False'
[1.099s] Level 5:colcon.colcon_core.verb:set package 'agrobot_msgs' build argument 'ament_cmake_args' from command line to 'None'
[1.099s] Level 5:colcon.colcon_core.verb:set package 'agrobot_msgs' build argument 'catkin_cmake_args' from command line to 'None'
[1.099s] Level 5:colcon.colcon_core.verb:set package 'agrobot_msgs' build argument 'catkin_skip_building_tests' from command line to 'False'
[1.099s] DEBUG:colcon.colcon_core.verb:Building package 'agrobot_msgs' with the following arguments: {'ament_cmake_args': None, 'build_base': '/home/tjacobs/Documents/Agrobot_ws/ros2_ws/build/agrobot_msgs', 'catkin_cmake_args': None, 'catkin_skip_building_tests': False, 'cmake_args': None, 'cmake_clean_cache': False, 'cmake_clean_first': False, 'cmake_force_configure': False, 'cmake_target': None, 'cmake_target_skip_unavailable': False, 'install_base': '/home/tjacobs/Documents/Agrobot_ws/ros2_ws/install/agrobot_msgs', 'merge_install': False, 'path': '/home/tjacobs/Documents/Agrobot_ws/ros2_ws/src/agrobot_msgs', 'symlink_install': False, 'test_result_base': None}
[1.113s] Level 5:colcon.colcon_core.verb:set package 'agrobot_pkg' build argument 'cmake_args' from command line to 'None'
[1.113s] Level 5:colcon.colcon_core.verb:set package 'agrobot_pkg' build argument 'cmake_target' from command line to 'None'
[1.113s] Level 5:colcon.colcon_core.verb:set package 'agrobot_pkg' build argument 'cmake_target_skip_unavailable' from command line to 'False'
[1.113s] Level 5:colcon.colcon_core.verb:set package 'agrobot_pkg' build argument 'cmake_clean_cache' from command line to 'False'
[1.113s] Level 5:colcon.colcon_core.verb:set package 'agrobot_pkg' build argument 'cmake_clean_first' from command line to 'False'
[1.113s] Level 5:colcon.colcon_core.verb:set package 'agrobot_pkg' build argument 'cmake_force_configure' from command line to 'False'
[1.113s] Level 5:colcon.colcon_core.verb:set package 'agrobot_pkg' build argument 'ament_cmake_args' from command line to 'None'
[1.113s] Level 5:colcon.colcon_core.verb:set package 'agrobot_pkg' build argument 'catkin_cmake_args' from command line to 'None'
[1.113s] Level 5:colcon.colcon_core.verb:set package 'agrobot_pkg' build argument 'catkin_skip_building_tests' from command line to 'False'
[1.113s] DEBUG:colcon.colcon_core.verb:Building package 'agrobot_pkg' with the following arguments: {'ament_cmake_args': None, 'build_base': '/home/tjacobs/Documents/Agrobot_ws/ros2_ws/build/agrobot_pkg', 'catkin_cmake_args': None, 'catkin_skip_building_tests': False, 'cmake_args': None, 'cmake_clean_cache': False, 'cmake_clean_first': False, 'cmake_force_configure': False, 'cmake_target': None, 'cmake_target_skip_unavailable': False, 'install_base': '/home/tjacobs/Documents/Agrobot_ws/ros2_ws/install/agrobot_pkg', 'merge_install': False, 'path': '/home/tjacobs/Documents/Agrobot_ws/ros2_ws/src/Agrobot', 'symlink_install': False, 'test_result_base': None}
[1.125s] INFO:colcon.colcon_core.executor:Executing jobs using 'parallel' executor
[1.138s] DEBUG:colcon.colcon_parallel_executor.executor.parallel:run_until_complete
[1.139s] INFO:colcon.colcon_ros.task.ament_cmake.build:Building ROS package in '/home/tjacobs/Documents/Agrobot_ws/ros2_ws/src/agrobot_msgs' with build type 'ament_cmake'
[1.139s] INFO:colcon.colcon_cmake.task.cmake.build:Building CMake package in '/home/tjacobs/Documents/Agrobot_ws/ros2_ws/src/agrobot_msgs'
[1.155s] INFO:colcon.colcon_core.plugin_system:Skipping extension 'colcon_core.shell.bat': Not used on non-Windows systems
[1.155s] INFO:colcon.colcon_core.shell:Skip shell extension 'powershell' for command environment: Not usable outside of PowerShell
[1.156s] DEBUG:colcon.colcon_core.shell:Skip shell extension 'dsv' for command environment
[1.184s] INFO:colcon.colcon_ros.task.ament_python.build:Building ROS package in '/home/tjacobs/Documents/Agrobot_ws/ros2_ws/src/Agrobot' with build type 'ament_python'
[1.184s] Level 1:colcon.colcon_core.shell:create_environment_hook('agrobot_pkg', 'ament_prefix_path')
[1.199s] INFO:colcon.colcon_core.shell:Creating environment hook '/home/tjacobs/Documents/Agrobot_ws/ros2_ws/install/agrobot_pkg/share/agrobot_pkg/hook/ament_prefix_path.ps1'
[1.200s] INFO:colcon.colcon_core.shell:Creating environment descriptor '/home/tjacobs/Documents/Agrobot_ws/ros2_ws/install/agrobot_pkg/share/agrobot_pkg/hook/ament_prefix_path.dsv'
[1.200s] INFO:colcon.colcon_core.shell:Creating environment hook '/home/tjacobs/Documents/Agrobot_ws/ros2_ws/install/agrobot_pkg/share/agrobot_pkg/hook/ament_prefix_path.sh'
[1.214s] INFO:colcon.colcon_core.shell:Skip shell extension 'powershell' for command environment: Not usable outside of PowerShell
[1.214s] DEBUG:colcon.colcon_core.shell:Skip shell extension 'dsv' for command environment
[1.247s] DEBUG:colcon.colcon_core.event_handler.log_command:Invoking command in '/home/tjacobs/Documents/Agrobot_ws/ros2_ws/build/agrobot_msgs': CMAKE_PREFIX_PATH=/opt/ros/iron /usr/bin/cmake --build /home/tjacobs/Documents/Agrobot_ws/ros2_ws/build/agrobot_msgs -- -j8 -l8
[1.519s] INFO:colcon.colcon_core.task.python.build:Building Python package in '/home/tjacobs/Documents/Agrobot_ws/ros2_ws/src/Agrobot'
[1.534s] INFO:colcon.colcon_core.shell:Skip shell extension 'powershell' for command environment: Not usable outside of PowerShell
[1.534s] DEBUG:colcon.colcon_core.shell:Skip shell extension 'dsv' for command environment
[1.623s] DEBUG:colcon.colcon_core.event_handler.log_command:Invoked command in '/home/tjacobs/Documents/Agrobot_ws/ros2_ws/build/agrobot_msgs' returned '0': CMAKE_PREFIX_PATH=/opt/ros/iron /usr/bin/cmake --build /home/tjacobs/Documents/Agrobot_ws/ros2_ws/build/agrobot_msgs -- -j8 -l8
[1.707s] DEBUG:colcon.colcon_core.event_handler.log_command:Invoking command in '/home/tjacobs/Documents/Agrobot_ws/ros2_ws/build/agrobot_msgs': CMAKE_PREFIX_PATH=/opt/ros/iron /usr/bin/cmake --install /home/tjacobs/Documents/Agrobot_ws/ros2_ws/build/agrobot_msgs
[1.758s] Level 1:colcon.colcon_core.environment:create_environment_scripts_only(agrobot_msgs)
[1.758s] DEBUG:colcon.colcon_core.event_handler.log_command:Invoked command in '/home/tjacobs/Documents/Agrobot_ws/ros2_ws/build/agrobot_msgs' returned '0': CMAKE_PREFIX_PATH=/opt/ros/iron /usr/bin/cmake --install /home/tjacobs/Documents/Agrobot_ws/ros2_ws/build/agrobot_msgs
[1.777s] Level 1:colcon.colcon_core.environment:checking '/home/tjacobs/Documents/Agrobot_ws/ros2_ws/install/agrobot_msgs' for CMake module files
[1.778s] Level 1:colcon.colcon_core.environment:checking '/home/tjacobs/Documents/Agrobot_ws/ros2_ws/install/agrobot_msgs' for CMake config files
[1.778s] Level 1:colcon.colcon_core.shell:create_environment_hook('agrobot_msgs', 'cmake_prefix_path')
[1.793s] INFO:colcon.colcon_core.shell:Creating environment hook '/home/tjacobs/Documents/Agrobot_ws/ros2_ws/install/agrobot_msgs/share/agrobot_msgs/hook/cmake_prefix_path.ps1'
[1.793s] INFO:colcon.colcon_core.shell:Creating environment descriptor '/home/tjacobs/Documents/Agrobot_ws/ros2_ws/install/agrobot_msgs/share/agrobot_msgs/hook/cmake_prefix_path.dsv'
[1.794s] INFO:colcon.colcon_core.shell:Creating environment hook '/home/tjacobs/Documents/Agrobot_ws/ros2_ws/install/agrobot_msgs/share/agrobot_msgs/hook/cmake_prefix_path.sh'
[1.795s] Level 1:colcon.colcon_core.environment:checking '/home/tjacobs/Documents/Agrobot_ws/ros2_ws/install/agrobot_msgs/lib'
[1.795s] Level 1:colcon.colcon_core.shell:create_environment_hook('agrobot_msgs', 'ld_library_path_lib')
[1.810s] INFO:colcon.colcon_core.shell:Creating environment hook '/home/tjacobs/Documents/Agrobot_ws/ros2_ws/install/agrobot_msgs/share/agrobot_msgs/hook/ld_library_path_lib.ps1'
[1.810s] INFO:colcon.colcon_core.shell:Creating environment descriptor '/home/tjacobs/Documents/Agrobot_ws/ros2_ws/install/agrobot_msgs/share/agrobot_msgs/hook/ld_library_path_lib.dsv'
[1.810s] INFO:colcon.colcon_core.shell:Creating environment hook '/home/tjacobs/Documents/Agrobot_ws/ros2_ws/install/agrobot_msgs/share/agrobot_msgs/hook/ld_library_path_lib.sh'
[1.811s] Level 1:colcon.colcon_core.environment:checking '/home/tjacobs/Documents/Agrobot_ws/ros2_ws/install/agrobot_msgs/bin'
[1.811s] Level 1:colcon.colcon_core.environment:checking '/home/tjacobs/Documents/Agrobot_ws/ros2_ws/install/agrobot_msgs/lib/pkgconfig/agrobot_msgs.pc'
[1.811s] Level 1:colcon.colcon_core.environment:checking '/home/tjacobs/Documents/Agrobot_ws/ros2_ws/install/agrobot_msgs/lib/python3.10/site-packages'
[1.811s] Level 1:colcon.colcon_core.shell:create_environment_hook('agrobot_msgs', 'pythonpath')
[1.826s] INFO:colcon.colcon_core.shell:Creating environment hook '/home/tjacobs/Documents/Agrobot_ws/ros2_ws/install/agrobot_msgs/share/agrobot_msgs/hook/pythonpath.ps1'
[1.826s] INFO:colcon.colcon_core.shell:Creating environment descriptor '/home/tjacobs/Documents/Agrobot_ws/ros2_ws/install/agrobot_msgs/share/agrobot_msgs/hook/pythonpath.dsv'
[1.827s] INFO:colcon.colcon_core.shell:Creating environment hook '/home/tjacobs/Documents/Agrobot_ws/ros2_ws/install/agrobot_msgs/share/agrobot_msgs/hook/pythonpath.sh'
[1.827s] Level 1:colcon.colcon_core.environment:checking '/home/tjacobs/Documents/Agrobot_ws/ros2_ws/install/agrobot_msgs/bin'
[1.842s] INFO:colcon.colcon_core.shell:Creating package script '/home/tjacobs/Documents/Agrobot_ws/ros2_ws/install/agrobot_msgs/share/agrobot_msgs/package.ps1'
[1.843s] INFO:colcon.colcon_core.shell:Creating package descriptor '/home/tjacobs/Documents/Agrobot_ws/ros2_ws/install/agrobot_msgs/share/agrobot_msgs/package.dsv'
[1.843s] INFO:colcon.colcon_core.shell:Creating package script '/home/tjacobs/Documents/Agrobot_ws/ros2_ws/install/agrobot_msgs/share/agrobot_msgs/package.sh'
[1.844s] INFO:colcon.colcon_core.shell:Creating package script '/home/tjacobs/Documents/Agrobot_ws/ros2_ws/install/agrobot_msgs/share/agrobot_msgs/package.bash'
[1.845s] INFO:colcon.colcon_core.shell:Creating package script '/home/tjacobs/Documents/Agrobot_ws/ros2_ws/install/agrobot_msgs/share/agrobot_msgs/package.zsh'
[1.846s] Level 1:colcon.colcon_core.environment:create_file_with_runtime_dependencies(/home/tjacobs/Documents/Agrobot_ws/ros2_ws/install/agrobot_msgs/share/colcon-core/packages/agrobot_msgs)
[1.931s] Level 1:colcon.colcon_core.environment:create_environment_scripts_only(agrobot_msgs)
[1.946s] Level 1:colcon.colcon_core.environment:checking '/home/tjacobs/Documents/Agrobot_ws/ros2_ws/install/agrobot_msgs' for CMake module files
[1.946s] Level 1:colcon.colcon_core.environment:checking '/home/tjacobs/Documents/Agrobot_ws/ros2_ws/install/agrobot_msgs' for CMake config files
[1.946s] Level 1:colcon.colcon_core.shell:create_environment_hook('agrobot_msgs', 'cmake_prefix_path')
[1.960s] INFO:colcon.colcon_core.shell:Creating environment hook '/home/tjacobs/Documents/Agrobot_ws/ros2_ws/install/agrobot_msgs/share/agrobot_msgs/hook/cmake_prefix_path.ps1'
[1.961s] INFO:colcon.colcon_core.shell:Creating environment descriptor '/home/tjacobs/Documents/Agrobot_ws/ros2_ws/install/agrobot_msgs/share/agrobot_msgs/hook/cmake_prefix_path.dsv'
[1.961s] INFO:colcon.colcon_core.shell:Creating environment hook '/home/tjacobs/Documents/Agrobot_ws/ros2_ws/install/agrobot_msgs/share/agrobot_msgs/hook/cmake_prefix_path.sh'
[1.962s] Level 1:colcon.colcon_core.environment:checking '/home/tjacobs/Documents/Agrobot_ws/ros2_ws/install/agrobot_msgs/lib'
[1.962s] Level 1:colcon.colcon_core.shell:create_environment_hook('agrobot_msgs', 'ld_library_path_lib')
[1.976s] INFO:colcon.colcon_core.shell:Creating environment hook '/home/tjacobs/Documents/Agrobot_ws/ros2_ws/install/agrobot_msgs/share/agrobot_msgs/hook/ld_library_path_lib.ps1'
[1.977s] INFO:colcon.colcon_core.shell:Creating environment descriptor '/home/tjacobs/Documents/Agrobot_ws/ros2_ws/install/agrobot_msgs/share/agrobot_msgs/hook/ld_library_path_lib.dsv'
[1.977s] INFO:colcon.colcon_core.shell:Creating environment hook '/home/tjacobs/Documents/Agrobot_ws/ros2_ws/install/agrobot_msgs/share/agrobot_msgs/hook/ld_library_path_lib.sh'
[1.978s] Level 1:colcon.colcon_core.environment:checking '/home/tjacobs/Documents/Agrobot_ws/ros2_ws/install/agrobot_msgs/bin'
[1.978s] Level 1:colcon.colcon_core.environment:checking '/home/tjacobs/Documents/Agrobot_ws/ros2_ws/install/agrobot_msgs/lib/pkgconfig/agrobot_msgs.pc'
[1.978s] Level 1:colcon.colcon_core.environment:checking '/home/tjacobs/Documents/Agrobot_ws/ros2_ws/install/agrobot_msgs/lib/python3.10/site-packages'
[1.978s] Level 1:colcon.colcon_core.shell:create_environment_hook('agrobot_msgs', 'pythonpath')
[1.991s] INFO:colcon.colcon_core.shell:Creating environment hook '/home/tjacobs/Documents/Agrobot_ws/ros2_ws/install/agrobot_msgs/share/agrobot_msgs/hook/pythonpath.ps1'
[1.991s] INFO:colcon.colcon_core.shell:Creating environment descriptor '/home/tjacobs/Documents/Agrobot_ws/ros2_ws/install/agrobot_msgs/share/agrobot_msgs/hook/pythonpath.dsv'
[1.991s] INFO:colcon.colcon_core.shell:Creating environment hook '/home/tjacobs/Documents/Agrobot_ws/ros2_ws/install/agrobot_msgs/share/agrobot_msgs/hook/pythonpath.sh'
[1.992s] Level 1:colcon.colcon_core.environment:checking '/home/tjacobs/Documents/Agrobot_ws/ros2_ws/install/agrobot_msgs/bin'
[2.005s] INFO:colcon.colcon_core.shell:Creating package script '/home/tjacobs/Documents/Agrobot_ws/ros2_ws/install/agrobot_msgs/share/agrobot_msgs/package.ps1'
[2.005s] INFO:colcon.colcon_core.shell:Creating package descriptor '/home/tjacobs/Documents/Agrobot_ws/ros2_ws/install/agrobot_msgs/share/agrobot_msgs/package.dsv'
[2.006s] INFO:colcon.colcon_core.shell:Creating package script '/home/tjacobs/Documents/Agrobot_ws/ros2_ws/install/agrobot_msgs/share/agrobot_msgs/package.sh'
[2.006s] INFO:colcon.colcon_core.shell:Creating package script '/home/tjacobs/Documents/Agrobot_ws/ros2_ws/install/agrobot_msgs/share/agrobot_msgs/package.bash'
[2.006s] INFO:colcon.colcon_core.shell:Creating package script '/home/tjacobs/Documents/Agrobot_ws/ros2_ws/install/agrobot_msgs/share/agrobot_msgs/package.zsh'
[2.007s] Level 1:colcon.colcon_core.environment:create_file_with_runtime_dependencies(/home/tjacobs/Documents/Agrobot_ws/ros2_ws/install/agrobot_msgs/share/colcon-core/packages/agrobot_msgs)
[2.010s] DEBUG:colcon.colcon_core.event_handler.log_command:Invoking command in '/home/tjacobs/Documents/Agrobot_ws/ros2_ws/src/Agrobot': PYTHONPATH=/home/tjacobs/Documents/Agrobot_ws/ros2_ws/build/agrobot_pkg/prefix_override:/home/tjacobs/Documents/Agrobot_ws/ros2_ws/install/agrobot_pkg/lib/python3.10/site-packages:${PYTHONPATH} /usr/bin/python3 setup.py egg_info --egg-base ../../build/agrobot_pkg build --build-base /home/tjacobs/Documents/Agrobot_ws/ros2_ws/build/agrobot_pkg/build install --record /home/tjacobs/Documents/Agrobot_ws/ros2_ws/build/agrobot_pkg/install.log --single-version-externally-managed
[2.247s] DEBUG:colcon.colcon_core.event_handler.log_command:Invoked command in '/home/tjacobs/Documents/Agrobot_ws/ros2_ws/src/Agrobot' returned '0': PYTHONPATH=/home/tjacobs/Documents/Agrobot_ws/ros2_ws/build/agrobot_pkg/prefix_override:/home/tjacobs/Documents/Agrobot_ws/ros2_ws/install/agrobot_pkg/lib/python3.10/site-packages:${PYTHONPATH} /usr/bin/python3 setup.py egg_info --egg-base ../../build/agrobot_pkg build --build-base /home/tjacobs/Documents/Agrobot_ws/ros2_ws/build/agrobot_pkg/build install --record /home/tjacobs/Documents/Agrobot_ws/ros2_ws/build/agrobot_pkg/install.log --single-version-externally-managed
[2.259s] Level 1:colcon.colcon_core.environment:checking '/home/tjacobs/Documents/Agrobot_ws/ros2_ws/install/agrobot_pkg' for CMake module files
[2.260s] Level 1:colcon.colcon_core.environment:checking '/home/tjacobs/Documents/Agrobot_ws/ros2_ws/install/agrobot_pkg' for CMake config files
[2.260s] Level 1:colcon.colcon_core.environment:checking '/home/tjacobs/Documents/Agrobot_ws/ros2_ws/install/agrobot_pkg/lib'
[2.260s] Level 1:colcon.colcon_core.environment:checking '/home/tjacobs/Documents/Agrobot_ws/ros2_ws/install/agrobot_pkg/bin'
[2.260s] Level 1:colcon.colcon_core.environment:checking '/home/tjacobs/Documents/Agrobot_ws/ros2_ws/install/agrobot_pkg/lib/pkgconfig/agrobot_pkg.pc'
[2.260s] Level 1:colcon.colcon_core.environment:checking '/home/tjacobs/Documents/Agrobot_ws/ros2_ws/install/agrobot_pkg/lib/python3.10/site-packages'
[2.260s] Level 1:colcon.colcon_core.shell:create_environment_hook('agrobot_pkg', 'pythonpath')
[2.273s] INFO:colcon.colcon_core.shell:Creating environment hook '/home/tjacobs/Documents/Agrobot_ws/ros2_ws/install/agrobot_pkg/share/agrobot_pkg/hook/pythonpath.ps1'
[2.273s] INFO:colcon.colcon_core.shell:Creating environment descriptor '/home/tjacobs/Documents/Agrobot_ws/ros2_ws/install/agrobot_pkg/share/agrobot_pkg/hook/pythonpath.dsv'
[2.273s] INFO:colcon.colcon_core.shell:Creating environment hook '/home/tjacobs/Documents/Agrobot_ws/ros2_ws/install/agrobot_pkg/share/agrobot_pkg/hook/pythonpath.sh'
[2.274s] Level 1:colcon.colcon_core.environment:checking '/home/tjacobs/Documents/Agrobot_ws/ros2_ws/install/agrobot_pkg/bin'
[2.274s] Level 1:colcon.colcon_core.environment:create_environment_scripts_only(agrobot_pkg)
[2.287s] INFO:colcon.colcon_core.shell:Creating package script '/home/tjacobs/Documents/Agrobot_ws/ros2_ws/install/agrobot_pkg/share/agrobot_pkg/package.ps1'
[2.287s] INFO:colcon.colcon_core.shell:Creating package descriptor '/home/tjacobs/Documents/Agrobot_ws/ros2_ws/install/agrobot_pkg/share/agrobot_pkg/package.dsv'
[2.288s] INFO:colcon.colcon_core.shell:Creating package script '/home/tjacobs/Documents/Agrobot_ws/ros2_ws/install/agrobot_pkg/share/agrobot_pkg/package.sh'
[2.288s] INFO:colcon.colcon_core.shell:Creating package script '/home/tjacobs/Documents/Agrobot_ws/ros2_ws/install/agrobot_pkg/share/agrobot_pkg/package.bash'
[2.288s] INFO:colcon.colcon_core.shell:Creating package script '/home/tjacobs/Documents/Agrobot_ws/ros2_ws/install/agrobot_pkg/share/agrobot_pkg/package.zsh'
[2.289s] Level 1:colcon.colcon_core.environment:create_file_with_runtime_dependencies(/home/tjacobs/Documents/Agrobot_ws/ros2_ws/install/agrobot_pkg/share/colcon-core/packages/agrobot_pkg)
[2.289s] DEBUG:colcon.colcon_parallel_executor.executor.parallel:closing loop
[2.289s] DEBUG:colcon.colcon_parallel_executor.executor.parallel:loop closed
[2.290s] DEBUG:colcon.colcon_parallel_executor.executor.parallel:run_until_complete finished with '0'
[2.290s] DEBUG:colcon.colcon_core.event_reactor:joining thread
[2.308s] INFO:colcon.colcon_core.plugin_system:Skipping extension 'colcon_notification.desktop_notification.terminal_notifier': Not used on non-Darwin systems
[2.309s] INFO:colcon.colcon_core.plugin_system:Skipping extension 'colcon_notification.desktop_notification.win32': Not used on non-Windows systems
[2.309s] INFO:colcon.colcon_notification.desktop_notification:Sending desktop notification using 'notify2'
[2.320s] DEBUG:colcon.colcon_core.event_reactor:joined thread
[2.333s] INFO:colcon.colcon_core.shell:Creating prefix script '/home/tjacobs/Documents/Agrobot_ws/ros2_ws/install/local_setup.ps1'
[2.334s] INFO:colcon.colcon_core.shell:Creating prefix util module '/home/tjacobs/Documents/Agrobot_ws/ros2_ws/install/_local_setup_util_ps1.py'
[2.335s] INFO:colcon.colcon_core.shell:Creating prefix chain script '/home/tjacobs/Documents/Agrobot_ws/ros2_ws/install/setup.ps1'
[2.350s] INFO:colcon.colcon_core.shell:Creating prefix script '/home/tjacobs/Documents/Agrobot_ws/ros2_ws/install/local_setup.sh'
[2.351s] INFO:colcon.colcon_core.shell:Creating prefix util module '/home/tjacobs/Documents/Agrobot_ws/ros2_ws/install/_local_setup_util_sh.py'
[2.351s] INFO:colcon.colcon_core.shell:Creating prefix chain script '/home/tjacobs/Documents/Agrobot_ws/ros2_ws/install/setup.sh'
[2.365s] INFO:colcon.colcon_core.shell:Creating prefix script '/home/tjacobs/Documents/Agrobot_ws/ros2_ws/install/local_setup.bash'
[2.366s] INFO:colcon.colcon_core.shell:Creating prefix chain script '/home/tjacobs/Documents/Agrobot_ws/ros2_ws/install/setup.bash'
[2.379s] INFO:colcon.colcon_core.shell:Creating prefix script '/home/tjacobs/Documents/Agrobot_ws/ros2_ws/install/local_setup.zsh'
[2.380s] INFO:colcon.colcon_core.shell:Creating prefix chain script '/home/tjacobs/Documents/Agrobot_ws/ros2_ws/install/setup.zsh'
