[0.834s] DEBUG:colcon:Command line arguments: ['/usr/bin/colcon', 'build', '--packages-select', 'agrobot_msgs']
[0.834s] DEBUG:colcon:Parsed command line arguments: Namespace(log_base=None, log_level=None, verb_name='build', build_base='build', install_base='install', merge_install=False, symlink_install=False, test_result_base=None, continue_on_error=False, executor='parallel', parallel_workers=8, event_handlers=None, ignore_user_meta=False, metas=['./colcon.meta'], base_paths=['.'], packages_ignore=None, packages_ignore_regex=None, paths=None, packages_up_to=None, packages_up_to_regex=None, packages_above=None, packages_above_and_dependencies=None, packages_above_depth=None, packages_select_by_dep=None, packages_skip_by_dep=None, packages_skip_up_to=None, packages_select_build_failed=False, packages_skip_build_finished=False, packages_select_test_failures=False, packages_skip_test_passed=False, packages_select=['agrobot_msgs'], packages_skip=None, packages_select_regex=None, packages_skip_regex=None, packages_start=None, packages_end=None, allow_overriding=[], cmake_args=None, cmake_target=None, cmake_target_skip_unavailable=False, cmake_clean_cache=False, cmake_clean_first=False, cmake_force_configure=False, ament_cmake_args=None, catkin_cmake_args=None, catkin_skip_building_tests=False, verb_parser=<colcon_defaults.argument_parser.defaults.DefaultArgumentsDecorator object at 0x7f3ade02d630>, verb_extension=<colcon_core.verb.build.BuildVerb object at 0x7f3ade4c3b20>, main=<bound method BuildVerb.main of <colcon_core.verb.build.BuildVerb object at 0x7f3ade4c3b20>>)
[0.872s] Level 1:colcon.colcon_core.package_discovery:discover_packages(colcon_meta) check parameters
[0.872s] Level 1:colcon.colcon_core.package_discovery:discover_packages(recursive) check parameters
[0.872s] Level 1:colcon.colcon_core.package_discovery:discover_packages(ignore) check parameters
[0.872s] Level 1:colcon.colcon_core.package_discovery:discover_packages(path) check parameters
[0.872s] Level 1:colcon.colcon_core.package_discovery:discover_packages(colcon_meta) discover
[0.872s] Level 1:colcon.colcon_core.package_discovery:discover_packages(recursive) discover
[0.872s] INFO:colcon.colcon_core.package_discovery:Crawling recursively for packages in '/home/tjacobs/ros2_ws/src/agrobot_msgs'
[0.872s] Level 1:colcon.colcon_core.package_identification:_identify(.) by extensions ['ignore', 'ignore_ament_install']
[0.872s] Level 1:colcon.colcon_core.package_identification:_identify(.) by extension 'ignore'
[0.872s] Level 1:colcon.colcon_core.package_identification:_identify(.) by extension 'ignore_ament_install'
[0.872s] Level 1:colcon.colcon_core.package_identification:_identify(.) by extensions ['colcon_pkg']
[0.872s] Level 1:colcon.colcon_core.package_identification:_identify(.) by extension 'colcon_pkg'
[0.872s] Level 1:colcon.colcon_core.package_identification:_identify(.) by extensions ['colcon_meta']
[0.872s] Level 1:colcon.colcon_core.package_identification:_identify(.) by extension 'colcon_meta'
[0.872s] Level 1:colcon.colcon_core.package_identification:_identify(.) by extensions ['ros']
[0.872s] Level 1:colcon.colcon_core.package_identification:_identify(.) by extension 'ros'
[0.881s] DEBUG:colcon.colcon_core.package_identification:Package '.' with type 'ros.ament_cmake' and name 'agrobot_msgs'
[0.882s] Level 1:colcon.colcon_core.package_discovery:discover_packages(recursive) using defaults
[0.882s] Level 1:colcon.colcon_core.package_discovery:discover_packages(ignore) discover
[0.882s] Level 1:colcon.colcon_core.package_discovery:discover_packages(ignore) using defaults
[0.882s] Level 1:colcon.colcon_core.package_discovery:discover_packages(path) discover
[0.882s] Level 1:colcon.colcon_core.package_discovery:discover_packages(path) using defaults
[0.963s] Level 1:colcon.colcon_core.package_discovery:discover_packages(prefix_path) check parameters
[0.963s] Level 1:colcon.colcon_core.package_discovery:discover_packages(prefix_path) discover
[0.988s] DEBUG:colcon.colcon_installed_package_information.package_discovery:Found 3 installed packages in /home/tjacobs/ros2_ws/install
[1.001s] DEBUG:colcon.colcon_installed_package_information.package_discovery:Found 314 installed packages in /opt/ros/iron
[1.009s] Level 1:colcon.colcon_core.package_discovery:discover_packages(prefix_path) using defaults
[1.082s] Level 5:colcon.colcon_core.verb:set package 'agrobot_msgs' build argument 'cmake_args' from command line to 'None'
[1.082s] Level 5:colcon.colcon_core.verb:set package 'agrobot_msgs' build argument 'cmake_target' from command line to 'None'
[1.082s] Level 5:colcon.colcon_core.verb:set package 'agrobot_msgs' build argument 'cmake_target_skip_unavailable' from command line to 'False'
[1.082s] Level 5:colcon.colcon_core.verb:set package 'agrobot_msgs' build argument 'cmake_clean_cache' from command line to 'False'
[1.082s] Level 5:colcon.colcon_core.verb:set package 'agrobot_msgs' build argument 'cmake_clean_first' from command line to 'False'
[1.082s] Level 5:colcon.colcon_core.verb:set package 'agrobot_msgs' build argument 'cmake_force_configure' from command line to 'False'
[1.082s] Level 5:colcon.colcon_core.verb:set package 'agrobot_msgs' build argument 'ament_cmake_args' from command line to 'None'
[1.082s] Level 5:colcon.colcon_core.verb:set package 'agrobot_msgs' build argument 'catkin_cmake_args' from command line to 'None'
[1.082s] Level 5:colcon.colcon_core.verb:set package 'agrobot_msgs' build argument 'catkin_skip_building_tests' from command line to 'False'
[1.082s] DEBUG:colcon.colcon_core.verb:Building package 'agrobot_msgs' with the following arguments: {'ament_cmake_args': None, 'build_base': '/home/tjacobs/ros2_ws/src/agrobot_msgs/build/agrobot_msgs', 'catkin_cmake_args': None, 'catkin_skip_building_tests': False, 'cmake_args': None, 'cmake_clean_cache': False, 'cmake_clean_first': False, 'cmake_force_configure': False, 'cmake_target': None, 'cmake_target_skip_unavailable': False, 'install_base': '/home/tjacobs/ros2_ws/src/agrobot_msgs/install/agrobot_msgs', 'merge_install': False, 'path': '/home/tjacobs/ros2_ws/src/agrobot_msgs', 'symlink_install': False, 'test_result_base': None}
[1.095s] INFO:colcon.colcon_core.executor:Executing jobs using 'parallel' executor
[1.108s] DEBUG:colcon.colcon_parallel_executor.executor.parallel:run_until_complete
[1.108s] INFO:colcon.colcon_ros.task.ament_cmake.build:Building ROS package in '/home/tjacobs/ros2_ws/src/agrobot_msgs' with build type 'ament_cmake'
[1.108s] INFO:colcon.colcon_cmake.task.cmake.build:Building CMake package in '/home/tjacobs/ros2_ws/src/agrobot_msgs'
[1.124s] INFO:colcon.colcon_core.plugin_system:Skipping extension 'colcon_core.shell.bat': Not used on non-Windows systems
[1.124s] INFO:colcon.colcon_core.shell:Skip shell extension 'powershell' for command environment: Not usable outside of PowerShell
[1.124s] DEBUG:colcon.colcon_core.shell:Skip shell extension 'dsv' for command environment
[1.171s] DEBUG:colcon.colcon_core.event_handler.log_command:Invoking command in '/home/tjacobs/ros2_ws/src/agrobot_msgs/build/agrobot_msgs': CMAKE_PREFIX_PATH=${CMAKE_PREFIX_PATH}:/home/tjacobs/ros2_ws/install/my_package:/home/tjacobs/ros2_ws/install/agrobot_pkg:/opt/ros/iron /usr/bin/cmake /home/tjacobs/ros2_ws/src/agrobot_msgs -DCMAKE_INSTALL_PREFIX=/home/tjacobs/ros2_ws/src/agrobot_msgs/install/agrobot_msgs
[2.486s] DEBUG:colcon.colcon_core.event_handler.log_command:Invoked command in '/home/tjacobs/ros2_ws/src/agrobot_msgs/build/agrobot_msgs' returned '0': CMAKE_PREFIX_PATH=${CMAKE_PREFIX_PATH}:/home/tjacobs/ros2_ws/install/my_package:/home/tjacobs/ros2_ws/install/agrobot_pkg:/opt/ros/iron /usr/bin/cmake /home/tjacobs/ros2_ws/src/agrobot_msgs -DCMAKE_INSTALL_PREFIX=/home/tjacobs/ros2_ws/src/agrobot_msgs/install/agrobot_msgs
[2.489s] DEBUG:colcon.colcon_core.event_handler.log_command:Invoking command in '/home/tjacobs/ros2_ws/src/agrobot_msgs/build/agrobot_msgs': CMAKE_PREFIX_PATH=${CMAKE_PREFIX_PATH}:/home/tjacobs/ros2_ws/install/my_package:/home/tjacobs/ros2_ws/install/agrobot_pkg:/opt/ros/iron /usr/bin/cmake --build /home/tjacobs/ros2_ws/src/agrobot_msgs/build/agrobot_msgs -- -j8 -l8
[5.095s] DEBUG:colcon.colcon_core.event_handler.log_command:Invoked command in '/home/tjacobs/ros2_ws/src/agrobot_msgs/build/agrobot_msgs' returned '0': CMAKE_PREFIX_PATH=${CMAKE_PREFIX_PATH}:/home/tjacobs/ros2_ws/install/my_package:/home/tjacobs/ros2_ws/install/agrobot_pkg:/opt/ros/iron /usr/bin/cmake --build /home/tjacobs/ros2_ws/src/agrobot_msgs/build/agrobot_msgs -- -j8 -l8
[5.147s] DEBUG:colcon.colcon_core.event_handler.log_command:Invoking command in '/home/tjacobs/ros2_ws/src/agrobot_msgs/build/agrobot_msgs': CMAKE_PREFIX_PATH=${CMAKE_PREFIX_PATH}:/home/tjacobs/ros2_ws/install/my_package:/home/tjacobs/ros2_ws/install/agrobot_pkg:/opt/ros/iron /usr/bin/cmake --install /home/tjacobs/ros2_ws/src/agrobot_msgs/build/agrobot_msgs
[5.199s] Level 1:colcon.colcon_core.environment:create_environment_scripts_only(agrobot_msgs)
[5.199s] DEBUG:colcon.colcon_core.event_handler.log_command:Invoked command in '/home/tjacobs/ros2_ws/src/agrobot_msgs/build/agrobot_msgs' returned '0': CMAKE_PREFIX_PATH=${CMAKE_PREFIX_PATH}:/home/tjacobs/ros2_ws/install/my_package:/home/tjacobs/ros2_ws/install/agrobot_pkg:/opt/ros/iron /usr/bin/cmake --install /home/tjacobs/ros2_ws/src/agrobot_msgs/build/agrobot_msgs
[5.213s] Level 1:colcon.colcon_core.environment:checking '/home/tjacobs/ros2_ws/src/agrobot_msgs/install/agrobot_msgs' for CMake module files
[5.214s] Level 1:colcon.colcon_core.environment:checking '/home/tjacobs/ros2_ws/src/agrobot_msgs/install/agrobot_msgs' for CMake config files
[5.214s] Level 1:colcon.colcon_core.shell:create_environment_hook('agrobot_msgs', 'cmake_prefix_path')
[5.227s] INFO:colcon.colcon_core.shell:Creating environment hook '/home/tjacobs/ros2_ws/src/agrobot_msgs/install/agrobot_msgs/share/agrobot_msgs/hook/cmake_prefix_path.ps1'
[5.228s] INFO:colcon.colcon_core.shell:Creating environment descriptor '/home/tjacobs/ros2_ws/src/agrobot_msgs/install/agrobot_msgs/share/agrobot_msgs/hook/cmake_prefix_path.dsv'
[5.228s] INFO:colcon.colcon_core.shell:Creating environment hook '/home/tjacobs/ros2_ws/src/agrobot_msgs/install/agrobot_msgs/share/agrobot_msgs/hook/cmake_prefix_path.sh'
[5.229s] Level 1:colcon.colcon_core.environment:checking '/home/tjacobs/ros2_ws/src/agrobot_msgs/install/agrobot_msgs/lib'
[5.229s] Level 1:colcon.colcon_core.shell:create_environment_hook('agrobot_msgs', 'ld_library_path_lib')
[5.242s] INFO:colcon.colcon_core.shell:Creating environment hook '/home/tjacobs/ros2_ws/src/agrobot_msgs/install/agrobot_msgs/share/agrobot_msgs/hook/ld_library_path_lib.ps1'
[5.242s] INFO:colcon.colcon_core.shell:Creating environment descriptor '/home/tjacobs/ros2_ws/src/agrobot_msgs/install/agrobot_msgs/share/agrobot_msgs/hook/ld_library_path_lib.dsv'
[5.243s] INFO:colcon.colcon_core.shell:Creating environment hook '/home/tjacobs/ros2_ws/src/agrobot_msgs/install/agrobot_msgs/share/agrobot_msgs/hook/ld_library_path_lib.sh'
[5.243s] Level 1:colcon.colcon_core.environment:checking '/home/tjacobs/ros2_ws/src/agrobot_msgs/install/agrobot_msgs/bin'
[5.243s] Level 1:colcon.colcon_core.environment:checking '/home/tjacobs/ros2_ws/src/agrobot_msgs/install/agrobot_msgs/lib/pkgconfig/agrobot_msgs.pc'
[5.243s] Level 1:colcon.colcon_core.environment:checking '/home/tjacobs/ros2_ws/src/agrobot_msgs/install/agrobot_msgs/lib/python3.10/site-packages'
[5.243s] Level 1:colcon.colcon_core.shell:create_environment_hook('agrobot_msgs', 'pythonpath')
[5.257s] INFO:colcon.colcon_core.shell:Creating environment hook '/home/tjacobs/ros2_ws/src/agrobot_msgs/install/agrobot_msgs/share/agrobot_msgs/hook/pythonpath.ps1'
[5.257s] INFO:colcon.colcon_core.shell:Creating environment descriptor '/home/tjacobs/ros2_ws/src/agrobot_msgs/install/agrobot_msgs/share/agrobot_msgs/hook/pythonpath.dsv'
[5.257s] INFO:colcon.colcon_core.shell:Creating environment hook '/home/tjacobs/ros2_ws/src/agrobot_msgs/install/agrobot_msgs/share/agrobot_msgs/hook/pythonpath.sh'
[5.258s] Level 1:colcon.colcon_core.environment:checking '/home/tjacobs/ros2_ws/src/agrobot_msgs/install/agrobot_msgs/bin'
[5.271s] INFO:colcon.colcon_core.shell:Creating package script '/home/tjacobs/ros2_ws/src/agrobot_msgs/install/agrobot_msgs/share/agrobot_msgs/package.ps1'
[5.272s] INFO:colcon.colcon_core.shell:Creating package descriptor '/home/tjacobs/ros2_ws/src/agrobot_msgs/install/agrobot_msgs/share/agrobot_msgs/package.dsv'
[5.272s] INFO:colcon.colcon_core.shell:Creating package script '/home/tjacobs/ros2_ws/src/agrobot_msgs/install/agrobot_msgs/share/agrobot_msgs/package.sh'
[5.273s] INFO:colcon.colcon_core.shell:Creating package script '/home/tjacobs/ros2_ws/src/agrobot_msgs/install/agrobot_msgs/share/agrobot_msgs/package.bash'
[5.273s] INFO:colcon.colcon_core.shell:Creating package script '/home/tjacobs/ros2_ws/src/agrobot_msgs/install/agrobot_msgs/share/agrobot_msgs/package.zsh'
[5.274s] Level 1:colcon.colcon_core.environment:create_file_with_runtime_dependencies(/home/tjacobs/ros2_ws/src/agrobot_msgs/install/agrobot_msgs/share/colcon-core/packages/agrobot_msgs)
[5.334s] Level 1:colcon.colcon_core.environment:create_environment_scripts_only(agrobot_msgs)
[5.350s] Level 1:colcon.colcon_core.environment:checking '/home/tjacobs/ros2_ws/src/agrobot_msgs/install/agrobot_msgs' for CMake module files
[5.351s] Level 1:colcon.colcon_core.environment:checking '/home/tjacobs/ros2_ws/src/agrobot_msgs/install/agrobot_msgs' for CMake config files
[5.351s] Level 1:colcon.colcon_core.shell:create_environment_hook('agrobot_msgs', 'cmake_prefix_path')
[5.368s] INFO:colcon.colcon_core.shell:Creating environment hook '/home/tjacobs/ros2_ws/src/agrobot_msgs/install/agrobot_msgs/share/agrobot_msgs/hook/cmake_prefix_path.ps1'
[5.368s] INFO:colcon.colcon_core.shell:Creating environment descriptor '/home/tjacobs/ros2_ws/src/agrobot_msgs/install/agrobot_msgs/share/agrobot_msgs/hook/cmake_prefix_path.dsv'
[5.369s] INFO:colcon.colcon_core.shell:Creating environment hook '/home/tjacobs/ros2_ws/src/agrobot_msgs/install/agrobot_msgs/share/agrobot_msgs/hook/cmake_prefix_path.sh'
[5.369s] Level 1:colcon.colcon_core.environment:checking '/home/tjacobs/ros2_ws/src/agrobot_msgs/install/agrobot_msgs/lib'
[5.369s] Level 1:colcon.colcon_core.shell:create_environment_hook('agrobot_msgs', 'ld_library_path_lib')
[5.385s] INFO:colcon.colcon_core.shell:Creating environment hook '/home/tjacobs/ros2_ws/src/agrobot_msgs/install/agrobot_msgs/share/agrobot_msgs/hook/ld_library_path_lib.ps1'
[5.385s] INFO:colcon.colcon_core.shell:Creating environment descriptor '/home/tjacobs/ros2_ws/src/agrobot_msgs/install/agrobot_msgs/share/agrobot_msgs/hook/ld_library_path_lib.dsv'
[5.386s] INFO:colcon.colcon_core.shell:Creating environment hook '/home/tjacobs/ros2_ws/src/agrobot_msgs/install/agrobot_msgs/share/agrobot_msgs/hook/ld_library_path_lib.sh'
[5.386s] Level 1:colcon.colcon_core.environment:checking '/home/tjacobs/ros2_ws/src/agrobot_msgs/install/agrobot_msgs/bin'
[5.386s] Level 1:colcon.colcon_core.environment:checking '/home/tjacobs/ros2_ws/src/agrobot_msgs/install/agrobot_msgs/lib/pkgconfig/agrobot_msgs.pc'
[5.386s] Level 1:colcon.colcon_core.environment:checking '/home/tjacobs/ros2_ws/src/agrobot_msgs/install/agrobot_msgs/lib/python3.10/site-packages'
[5.386s] Level 1:colcon.colcon_core.shell:create_environment_hook('agrobot_msgs', 'pythonpath')
[5.402s] INFO:colcon.colcon_core.shell:Creating environment hook '/home/tjacobs/ros2_ws/src/agrobot_msgs/install/agrobot_msgs/share/agrobot_msgs/hook/pythonpath.ps1'
[5.402s] INFO:colcon.colcon_core.shell:Creating environment descriptor '/home/tjacobs/ros2_ws/src/agrobot_msgs/install/agrobot_msgs/share/agrobot_msgs/hook/pythonpath.dsv'
[5.403s] INFO:colcon.colcon_core.shell:Creating environment hook '/home/tjacobs/ros2_ws/src/agrobot_msgs/install/agrobot_msgs/share/agrobot_msgs/hook/pythonpath.sh'
[5.404s] Level 1:colcon.colcon_core.environment:checking '/home/tjacobs/ros2_ws/src/agrobot_msgs/install/agrobot_msgs/bin'
[5.420s] INFO:colcon.colcon_core.shell:Creating package script '/home/tjacobs/ros2_ws/src/agrobot_msgs/install/agrobot_msgs/share/agrobot_msgs/package.ps1'
[5.421s] INFO:colcon.colcon_core.shell:Creating package descriptor '/home/tjacobs/ros2_ws/src/agrobot_msgs/install/agrobot_msgs/share/agrobot_msgs/package.dsv'
[5.421s] INFO:colcon.colcon_core.shell:Creating package script '/home/tjacobs/ros2_ws/src/agrobot_msgs/install/agrobot_msgs/share/agrobot_msgs/package.sh'
[5.422s] INFO:colcon.colcon_core.shell:Creating package script '/home/tjacobs/ros2_ws/src/agrobot_msgs/install/agrobot_msgs/share/agrobot_msgs/package.bash'
[5.422s] INFO:colcon.colcon_core.shell:Creating package script '/home/tjacobs/ros2_ws/src/agrobot_msgs/install/agrobot_msgs/share/agrobot_msgs/package.zsh'
[5.423s] Level 1:colcon.colcon_core.environment:create_file_with_runtime_dependencies(/home/tjacobs/ros2_ws/src/agrobot_msgs/install/agrobot_msgs/share/colcon-core/packages/agrobot_msgs)
[5.423s] DEBUG:colcon.colcon_parallel_executor.executor.parallel:closing loop
[5.423s] DEBUG:colcon.colcon_parallel_executor.executor.parallel:loop closed
[5.423s] DEBUG:colcon.colcon_parallel_executor.executor.parallel:run_until_complete finished with '0'
[5.423s] DEBUG:colcon.colcon_core.event_reactor:joining thread
[5.445s] INFO:colcon.colcon_core.plugin_system:Skipping extension 'colcon_notification.desktop_notification.terminal_notifier': Not used on non-Darwin systems
[5.445s] INFO:colcon.colcon_core.plugin_system:Skipping extension 'colcon_notification.desktop_notification.win32': Not used on non-Windows systems
[5.445s] INFO:colcon.colcon_notification.desktop_notification:Sending desktop notification using 'notify2'
[5.454s] DEBUG:colcon.colcon_core.event_reactor:joined thread
[5.471s] INFO:colcon.colcon_core.shell:Creating prefix script '/home/tjacobs/ros2_ws/src/agrobot_msgs/install/local_setup.ps1'
[5.472s] INFO:colcon.colcon_core.shell:Creating prefix util module '/home/tjacobs/ros2_ws/src/agrobot_msgs/install/_local_setup_util_ps1.py'
[5.473s] INFO:colcon.colcon_core.shell:Creating prefix chain script '/home/tjacobs/ros2_ws/src/agrobot_msgs/install/setup.ps1'
[5.490s] INFO:colcon.colcon_core.shell:Creating prefix script '/home/tjacobs/ros2_ws/src/agrobot_msgs/install/local_setup.sh'
[5.491s] INFO:colcon.colcon_core.shell:Creating prefix util module '/home/tjacobs/ros2_ws/src/agrobot_msgs/install/_local_setup_util_sh.py'
[5.491s] INFO:colcon.colcon_core.shell:Creating prefix chain script '/home/tjacobs/ros2_ws/src/agrobot_msgs/install/setup.sh'
[5.510s] INFO:colcon.colcon_core.shell:Creating prefix script '/home/tjacobs/ros2_ws/src/agrobot_msgs/install/local_setup.bash'
[5.510s] INFO:colcon.colcon_core.shell:Creating prefix chain script '/home/tjacobs/ros2_ws/src/agrobot_msgs/install/setup.bash'
[5.526s] INFO:colcon.colcon_core.shell:Creating prefix script '/home/tjacobs/ros2_ws/src/agrobot_msgs/install/local_setup.zsh'
[5.527s] INFO:colcon.colcon_core.shell:Creating prefix chain script '/home/tjacobs/ros2_ws/src/agrobot_msgs/install/setup.zsh'
