[0.060s] Invoking command in '/home/tjacobs/ros2_ws/build/agrobot_msgs': CMAKE_PREFIX_PATH=${CMAKE_PREFIX_PATH}:/home/tjacobs/ros2_ws/install/my_package:/home/tjacobs/ros2_ws/install/agrobot_pkg:/opt/ros/iron /usr/bin/cmake --build /home/tjacobs/ros2_ws/build/agrobot_msgs -- -j8 -l8
[0.077s] -- Found ament_cmake: 2.0.3 (/opt/ros/iron/share/ament_cmake/cmake)
[0.183s] -- Found rosidl_default_generators: 1.5.0 (/opt/ros/iron/share/rosidl_default_generators/cmake)
[0.184s] -- Using all available rosidl_typesupport_c: rosidl_typesupport_fastrtps_c;rosidl_typesupport_introspection_c
[0.207s] -- Using all available rosidl_typesupport_cpp: rosidl_typesupport_fastrtps_cpp;rosidl_typesupport_introspection_cpp
[0.229s] -- Found rosidl_adapter: 4.0.1 (/opt/ros/iron/share/rosidl_adapter/cmake)
[0.505s] -- Found ament_cmake_ros: 0.11.2 (/opt/ros/iron/share/ament_cmake_ros/cmake)
[0.639s] -- Using all available rosidl_typesupport_c: rosidl_typesupport_fastrtps_c;rosidl_typesupport_introspection_c
[0.815s] -- Using all available rosidl_typesupport_cpp: rosidl_typesupport_fastrtps_cpp;rosidl_typesupport_introspection_cpp
[0.832s] -- Found python_cmake_module: 0.10.2 (/opt/ros/iron/share/python_cmake_module/cmake)
[0.850s] -- Using PYTHON_EXECUTABLE: /usr/bin/python3
[0.850s] -- Using PYTHON_INCLUDE_DIRS: /usr/include/python3.10
[0.850s] -- Using PYTHON_LIBRARIES: /usr/lib/x86_64-linux-gnu/libpython3.10.so
[0.863s] -- Found ament_lint_auto: 0.14.2 (/opt/ros/iron/share/ament_lint_auto/cmake)
[0.912s] -- Added test 'cppcheck' to perform static code analysis on C / C++ code
[0.913s] -- Configured cppcheck include dirs: 
[0.913s] -- Configured cppcheck exclude dirs and/or files: 
[0.918s] -- Added test 'flake8' to check Python code syntax and style conventions
[0.918s] -- Configured 'flake8' exclude dirs and/or files: 
[0.926s] -- Added test 'lint_cmake' to check CMake code style
[0.931s] -- Added test 'pep257' to check Python code against some of the docstring style conventions in PEP 257
[0.965s] -- Added test 'uncrustify' to check C / C++ code style
[0.965s] -- Configured uncrustify additional arguments: 
[0.970s] -- Added test 'xmllint' to check XML markup files
[0.973s] -- Configuring done
[1.001s] -- Generating done
[1.004s] -- Build files have been written to: /home/tjacobs/ros2_ws/build/agrobot_msgs
[1.029s] [  2%] Built target agrobot_msgs__rosidl_generator_type_description
[1.036s] [  2%] Built target ament_cmake_python_copy_agrobot_msgs
[1.037s] [35m[1mConsolidate compiler generated dependencies of target agrobot_msgs__rosidl_generator_c[0m
[1.044s] [  5%] Built target agrobot_msgs__cpp
[1.046s] [ 20%] Built target agrobot_msgs__rosidl_generator_c
[1.056s] [35m[1mConsolidate compiler generated dependencies of target agrobot_msgs__rosidl_typesupport_introspection_cpp[0m
[1.058s] [35m[1mConsolidate compiler generated dependencies of target agrobot_msgs__rosidl_typesupport_cpp[0m
[1.058s] [35m[1mConsolidate compiler generated dependencies of target agrobot_msgs__rosidl_typesupport_introspection_c[0m
[1.058s] [35m[1mConsolidate compiler generated dependencies of target agrobot_msgs__rosidl_typesupport_c[0m
[1.058s] [35m[1mConsolidate compiler generated dependencies of target agrobot_msgs__rosidl_typesupport_fastrtps_cpp[0m
[1.058s] [35m[1mConsolidate compiler generated dependencies of target agrobot_msgs__rosidl_typesupport_fastrtps_c[0m
[1.070s] [ 29%] Built target agrobot_msgs__rosidl_typesupport_c
[1.070s] [ 38%] Built target agrobot_msgs__rosidl_typesupport_introspection_cpp
[1.072s] [ 47%] Built target agrobot_msgs__rosidl_typesupport_introspection_c
[1.073s] [ 64%] Built target agrobot_msgs__rosidl_typesupport_cpp
[1.073s] [ 64%] Built target agrobot_msgs__rosidl_typesupport_fastrtps_cpp
[1.074s] [ 73%] Built target agrobot_msgs__rosidl_typesupport_fastrtps_c
[1.088s] [ 73%] Built target agrobot_msgs
[1.103s] [ 76%] Built target agrobot_msgs__py
[1.110s] [35m[1mConsolidate compiler generated dependencies of target agrobot_msgs__rosidl_generator_py[0m
[1.120s] [ 82%] Built target agrobot_msgs__rosidl_generator_py
[1.129s] [35m[1mConsolidate compiler generated dependencies of target agrobot_msgs__rosidl_typesupport_fastrtps_c__pyext[0m
[1.129s] [35m[1mConsolidate compiler generated dependencies of target agrobot_msgs__rosidl_typesupport_c__pyext[0m
[1.129s] [35m[1mConsolidate compiler generated dependencies of target agrobot_msgs__rosidl_typesupport_introspection_c__pyext[0m
[1.140s] [100%] Built target agrobot_msgs__rosidl_typesupport_c__pyext
[1.140s] [100%] Built target agrobot_msgs__rosidl_typesupport_fastrtps_c__pyext
[1.140s] [100%] Built target agrobot_msgs__rosidl_typesupport_introspection_c__pyext
[1.250s] running egg_info
[1.251s] writing agrobot_msgs.egg-info/PKG-INFO
[1.251s] writing dependency_links to agrobot_msgs.egg-info/dependency_links.txt
[1.251s] writing top-level names to agrobot_msgs.egg-info/top_level.txt
[1.253s] reading manifest file 'agrobot_msgs.egg-info/SOURCES.txt'
[1.254s] writing manifest file 'agrobot_msgs.egg-info/SOURCES.txt'
[1.273s] [100%] Built target ament_cmake_python_build_agrobot_msgs_egg
[1.281s] Invoked command in '/home/tjacobs/ros2_ws/build/agrobot_msgs' returned '0': CMAKE_PREFIX_PATH=${CMAKE_PREFIX_PATH}:/home/tjacobs/ros2_ws/install/my_package:/home/tjacobs/ros2_ws/install/agrobot_pkg:/opt/ros/iron /usr/bin/cmake --build /home/tjacobs/ros2_ws/build/agrobot_msgs -- -j8 -l8
[1.334s] Invoking command in '/home/tjacobs/ros2_ws/build/agrobot_msgs': CMAKE_PREFIX_PATH=${CMAKE_PREFIX_PATH}:/home/tjacobs/ros2_ws/install/my_package:/home/tjacobs/ros2_ws/install/agrobot_pkg:/opt/ros/iron /usr/bin/cmake --install /home/tjacobs/ros2_ws/build/agrobot_msgs
[1.339s] -- Install configuration: ""
[1.339s] -- Up-to-date: /home/tjacobs/ros2_ws/install/agrobot_msgs/share/ament_index/resource_index/rosidl_interfaces/agrobot_msgs
[1.339s] -- Up-to-date: /home/tjacobs/ros2_ws/install/agrobot_msgs/share/agrobot_msgs/srv/SimCropLocation.json
[1.339s] -- Up-to-date: /home/tjacobs/ros2_ws/install/agrobot_msgs/include/agrobot_msgs/agrobot_msgs
[1.339s] -- Up-to-date: /home/tjacobs/ros2_ws/install/agrobot_msgs/include/agrobot_msgs/agrobot_msgs/srv
[1.339s] -- Up-to-date: /home/tjacobs/ros2_ws/install/agrobot_msgs/include/agrobot_msgs/agrobot_msgs/srv/sim_crop_location.h
[1.339s] -- Up-to-date: /home/tjacobs/ros2_ws/install/agrobot_msgs/include/agrobot_msgs/agrobot_msgs/srv/detail
[1.339s] -- Up-to-date: /home/tjacobs/ros2_ws/install/agrobot_msgs/include/agrobot_msgs/agrobot_msgs/srv/detail/sim_crop_location__struct.h
[1.339s] -- Up-to-date: /home/tjacobs/ros2_ws/install/agrobot_msgs/include/agrobot_msgs/agrobot_msgs/srv/detail/sim_crop_location__functions.h
[1.339s] -- Up-to-date: /home/tjacobs/ros2_ws/install/agrobot_msgs/include/agrobot_msgs/agrobot_msgs/srv/detail/sim_crop_location__type_support.h
[1.339s] -- Up-to-date: /home/tjacobs/ros2_ws/install/agrobot_msgs/include/agrobot_msgs/agrobot_msgs/srv/detail/sim_crop_location__type_support.c
[1.340s] -- Up-to-date: /home/tjacobs/ros2_ws/install/agrobot_msgs/include/agrobot_msgs/agrobot_msgs/srv/detail/sim_crop_location__functions.c
[1.340s] -- Up-to-date: /home/tjacobs/ros2_ws/install/agrobot_msgs/include/agrobot_msgs/agrobot_msgs/srv/detail/sim_crop_location__description.c
[1.340s] -- Up-to-date: /home/tjacobs/ros2_ws/install/agrobot_msgs/include/agrobot_msgs/agrobot_msgs/msg
[1.340s] -- Up-to-date: /home/tjacobs/ros2_ws/install/agrobot_msgs/include/agrobot_msgs/agrobot_msgs/msg/rosidl_generator_c__visibility_control.h
[1.340s] -- Up-to-date: /home/tjacobs/ros2_ws/install/agrobot_msgs/share/agrobot_msgs/environment/library_path.sh
[1.340s] -- Up-to-date: /home/tjacobs/ros2_ws/install/agrobot_msgs/share/agrobot_msgs/environment/library_path.dsv
[1.340s] -- Up-to-date: /home/tjacobs/ros2_ws/install/agrobot_msgs/lib/libagrobot_msgs__rosidl_generator_c.so
[1.340s] -- Up-to-date: /home/tjacobs/ros2_ws/install/agrobot_msgs/include/agrobot_msgs/agrobot_msgs
[1.340s] -- Up-to-date: /home/tjacobs/ros2_ws/install/agrobot_msgs/include/agrobot_msgs/agrobot_msgs/srv
[1.340s] -- Up-to-date: /home/tjacobs/ros2_ws/install/agrobot_msgs/include/agrobot_msgs/agrobot_msgs/srv/detail
[1.340s] -- Up-to-date: /home/tjacobs/ros2_ws/install/agrobot_msgs/include/agrobot_msgs/agrobot_msgs/srv/detail/sim_crop_location__rosidl_typesupport_fastrtps_c.h
[1.340s] -- Up-to-date: /home/tjacobs/ros2_ws/install/agrobot_msgs/include/agrobot_msgs/agrobot_msgs/msg
[1.340s] -- Up-to-date: /home/tjacobs/ros2_ws/install/agrobot_msgs/include/agrobot_msgs/agrobot_msgs/msg/rosidl_typesupport_fastrtps_c__visibility_control.h
[1.340s] -- Up-to-date: /home/tjacobs/ros2_ws/install/agrobot_msgs/lib/libagrobot_msgs__rosidl_typesupport_fastrtps_c.so
[1.340s] -- Up-to-date: /home/tjacobs/ros2_ws/install/agrobot_msgs/include/agrobot_msgs/agrobot_msgs
[1.340s] -- Up-to-date: /home/tjacobs/ros2_ws/install/agrobot_msgs/include/agrobot_msgs/agrobot_msgs/srv
[1.340s] -- Up-to-date: /home/tjacobs/ros2_ws/install/agrobot_msgs/include/agrobot_msgs/agrobot_msgs/srv/detail
[1.340s] -- Up-to-date: /home/tjacobs/ros2_ws/install/agrobot_msgs/include/agrobot_msgs/agrobot_msgs/srv/detail/sim_crop_location__type_support.c
[1.341s] -- Up-to-date: /home/tjacobs/ros2_ws/install/agrobot_msgs/include/agrobot_msgs/agrobot_msgs/srv/detail/sim_crop_location__rosidl_typesupport_introspection_c.h
[1.341s] -- Up-to-date: /home/tjacobs/ros2_ws/install/agrobot_msgs/include/agrobot_msgs/agrobot_msgs/msg
[1.341s] -- Up-to-date: /home/tjacobs/ros2_ws/install/agrobot_msgs/include/agrobot_msgs/agrobot_msgs/msg/rosidl_typesupport_introspection_c__visibility_control.h
[1.341s] -- Up-to-date: /home/tjacobs/ros2_ws/install/agrobot_msgs/lib/libagrobot_msgs__rosidl_typesupport_introspection_c.so
[1.341s] -- Up-to-date: /home/tjacobs/ros2_ws/install/agrobot_msgs/lib/libagrobot_msgs__rosidl_typesupport_c.so
[1.341s] -- Up-to-date: /home/tjacobs/ros2_ws/install/agrobot_msgs/include/agrobot_msgs/agrobot_msgs
[1.341s] -- Up-to-date: /home/tjacobs/ros2_ws/install/agrobot_msgs/include/agrobot_msgs/agrobot_msgs/srv
[1.341s] -- Up-to-date: /home/tjacobs/ros2_ws/install/agrobot_msgs/include/agrobot_msgs/agrobot_msgs/srv/sim_crop_location.hpp
[1.341s] -- Up-to-date: /home/tjacobs/ros2_ws/install/agrobot_msgs/include/agrobot_msgs/agrobot_msgs/srv/detail
[1.341s] -- Up-to-date: /home/tjacobs/ros2_ws/install/agrobot_msgs/include/agrobot_msgs/agrobot_msgs/srv/detail/sim_crop_location__struct.hpp
[1.341s] -- Up-to-date: /home/tjacobs/ros2_ws/install/agrobot_msgs/include/agrobot_msgs/agrobot_msgs/srv/detail/sim_crop_location__builder.hpp
[1.341s] -- Up-to-date: /home/tjacobs/ros2_ws/install/agrobot_msgs/include/agrobot_msgs/agrobot_msgs/srv/detail/sim_crop_location__traits.hpp
[1.341s] -- Up-to-date: /home/tjacobs/ros2_ws/install/agrobot_msgs/include/agrobot_msgs/agrobot_msgs
[1.341s] -- Up-to-date: /home/tjacobs/ros2_ws/install/agrobot_msgs/include/agrobot_msgs/agrobot_msgs/srv
[1.341s] -- Up-to-date: /home/tjacobs/ros2_ws/install/agrobot_msgs/include/agrobot_msgs/agrobot_msgs/srv/detail
[1.341s] -- Up-to-date: /home/tjacobs/ros2_ws/install/agrobot_msgs/include/agrobot_msgs/agrobot_msgs/srv/detail/dds_fastrtps
[1.341s] -- Up-to-date: /home/tjacobs/ros2_ws/install/agrobot_msgs/include/agrobot_msgs/agrobot_msgs/srv/detail/sim_crop_location__rosidl_typesupport_fastrtps_cpp.hpp
[1.342s] -- Up-to-date: /home/tjacobs/ros2_ws/install/agrobot_msgs/include/agrobot_msgs/agrobot_msgs/msg
[1.342s] -- Up-to-date: /home/tjacobs/ros2_ws/install/agrobot_msgs/include/agrobot_msgs/agrobot_msgs/msg/rosidl_typesupport_fastrtps_cpp__visibility_control.h
[1.342s] -- Up-to-date: /home/tjacobs/ros2_ws/install/agrobot_msgs/lib/libagrobot_msgs__rosidl_typesupport_fastrtps_cpp.so
[1.342s] -- Up-to-date: /home/tjacobs/ros2_ws/install/agrobot_msgs/include/agrobot_msgs/agrobot_msgs
[1.342s] -- Up-to-date: /home/tjacobs/ros2_ws/install/agrobot_msgs/include/agrobot_msgs/agrobot_msgs/srv
[1.342s] -- Up-to-date: /home/tjacobs/ros2_ws/install/agrobot_msgs/include/agrobot_msgs/agrobot_msgs/srv/detail
[1.342s] -- Up-to-date: /home/tjacobs/ros2_ws/install/agrobot_msgs/include/agrobot_msgs/agrobot_msgs/srv/detail/sim_crop_location__type_support.cpp
[1.342s] -- Up-to-date: /home/tjacobs/ros2_ws/install/agrobot_msgs/include/agrobot_msgs/agrobot_msgs/srv/detail/sim_crop_location__rosidl_typesupport_introspection_cpp.hpp
[1.342s] -- Up-to-date: /home/tjacobs/ros2_ws/install/agrobot_msgs/lib/libagrobot_msgs__rosidl_typesupport_introspection_cpp.so
[1.342s] -- Up-to-date: /home/tjacobs/ros2_ws/install/agrobot_msgs/lib/libagrobot_msgs__rosidl_typesupport_cpp.so
[1.342s] -- Up-to-date: /home/tjacobs/ros2_ws/install/agrobot_msgs/share/agrobot_msgs/environment/pythonpath.sh
[1.342s] -- Up-to-date: /home/tjacobs/ros2_ws/install/agrobot_msgs/share/agrobot_msgs/environment/pythonpath.dsv
[1.342s] -- Up-to-date: /home/tjacobs/ros2_ws/install/agrobot_msgs/lib/python3.10/site-packages/agrobot_msgs-0.0.0-py3.10.egg-info
[1.342s] -- Installing: /home/tjacobs/ros2_ws/install/agrobot_msgs/lib/python3.10/site-packages/agrobot_msgs-0.0.0-py3.10.egg-info/dependency_links.txt
[1.342s] -- Installing: /home/tjacobs/ros2_ws/install/agrobot_msgs/lib/python3.10/site-packages/agrobot_msgs-0.0.0-py3.10.egg-info/top_level.txt
[1.342s] -- Installing: /home/tjacobs/ros2_ws/install/agrobot_msgs/lib/python3.10/site-packages/agrobot_msgs-0.0.0-py3.10.egg-info/SOURCES.txt
[1.342s] -- Installing: /home/tjacobs/ros2_ws/install/agrobot_msgs/lib/python3.10/site-packages/agrobot_msgs-0.0.0-py3.10.egg-info/PKG-INFO
[1.342s] -- Up-to-date: /home/tjacobs/ros2_ws/install/agrobot_msgs/lib/python3.10/site-packages/agrobot_msgs
[1.343s] -- Installing: /home/tjacobs/ros2_ws/install/agrobot_msgs/lib/python3.10/site-packages/agrobot_msgs/__init__.py
[1.343s] -- Up-to-date: /home/tjacobs/ros2_ws/install/agrobot_msgs/lib/python3.10/site-packages/agrobot_msgs/_agrobot_msgs_s.ep.rosidl_typesupport_fastrtps_c.c
[1.343s] -- Up-to-date: /home/tjacobs/ros2_ws/install/agrobot_msgs/lib/python3.10/site-packages/agrobot_msgs/libagrobot_msgs__rosidl_generator_py.so
[1.343s] -- Up-to-date: /home/tjacobs/ros2_ws/install/agrobot_msgs/lib/python3.10/site-packages/agrobot_msgs/agrobot_msgs_s__rosidl_typesupport_fastrtps_c.cpython-310-x86_64-linux-gnu.so
[1.343s] -- Up-to-date: /home/tjacobs/ros2_ws/install/agrobot_msgs/lib/python3.10/site-packages/agrobot_msgs/_agrobot_msgs_s.ep.rosidl_typesupport_c.c
[1.343s] -- Up-to-date: /home/tjacobs/ros2_ws/install/agrobot_msgs/lib/python3.10/site-packages/agrobot_msgs/agrobot_msgs_s__rosidl_typesupport_introspection_c.cpython-310-x86_64-linux-gnu.so
[1.343s] -- Up-to-date: /home/tjacobs/ros2_ws/install/agrobot_msgs/lib/python3.10/site-packages/agrobot_msgs/srv
[1.343s] -- Up-to-date: /home/tjacobs/ros2_ws/install/agrobot_msgs/lib/python3.10/site-packages/agrobot_msgs/srv/__init__.py
[1.343s] -- Up-to-date: /home/tjacobs/ros2_ws/install/agrobot_msgs/lib/python3.10/site-packages/agrobot_msgs/srv/_sim_crop_location.py
[1.343s] -- Up-to-date: /home/tjacobs/ros2_ws/install/agrobot_msgs/lib/python3.10/site-packages/agrobot_msgs/srv/_sim_crop_location_s.c
[1.343s] -- Up-to-date: /home/tjacobs/ros2_ws/install/agrobot_msgs/lib/python3.10/site-packages/agrobot_msgs/_agrobot_msgs_s.ep.rosidl_typesupport_introspection_c.c
[1.343s] -- Up-to-date: /home/tjacobs/ros2_ws/install/agrobot_msgs/lib/python3.10/site-packages/agrobot_msgs/agrobot_msgs_s__rosidl_typesupport_c.cpython-310-x86_64-linux-gnu.so
[1.364s] Listing '/home/tjacobs/ros2_ws/install/agrobot_msgs/lib/python3.10/site-packages/agrobot_msgs'...
[1.365s] Compiling '/home/tjacobs/ros2_ws/install/agrobot_msgs/lib/python3.10/site-packages/agrobot_msgs/__init__.py'...
[1.365s] Listing '/home/tjacobs/ros2_ws/install/agrobot_msgs/lib/python3.10/site-packages/agrobot_msgs/srv'...
[1.368s] -- Up-to-date: /home/tjacobs/ros2_ws/install/agrobot_msgs/lib/python3.10/site-packages/agrobot_msgs/agrobot_msgs_s__rosidl_typesupport_fastrtps_c.cpython-310-x86_64-linux-gnu.so
[1.368s] -- Up-to-date: /home/tjacobs/ros2_ws/install/agrobot_msgs/lib/python3.10/site-packages/agrobot_msgs/agrobot_msgs_s__rosidl_typesupport_introspection_c.cpython-310-x86_64-linux-gnu.so
[1.368s] -- Up-to-date: /home/tjacobs/ros2_ws/install/agrobot_msgs/lib/python3.10/site-packages/agrobot_msgs/agrobot_msgs_s__rosidl_typesupport_c.cpython-310-x86_64-linux-gnu.so
[1.369s] -- Up-to-date: /home/tjacobs/ros2_ws/install/agrobot_msgs/lib/libagrobot_msgs__rosidl_generator_py.so
[1.369s] -- Up-to-date: /home/tjacobs/ros2_ws/install/agrobot_msgs/share/agrobot_msgs/srv/SimCropLocation.idl
[1.369s] -- Up-to-date: /home/tjacobs/ros2_ws/install/agrobot_msgs/share/agrobot_msgs/srv/SimCropLocation.srv
[1.369s] -- Up-to-date: /home/tjacobs/ros2_ws/install/agrobot_msgs/share/agrobot_msgs/srv/SimCropLocation_Request.msg
[1.369s] -- Up-to-date: /home/tjacobs/ros2_ws/install/agrobot_msgs/share/agrobot_msgs/srv/SimCropLocation_Response.msg
[1.369s] -- Up-to-date: /home/tjacobs/ros2_ws/install/agrobot_msgs/share/ament_index/resource_index/package_run_dependencies/agrobot_msgs
[1.369s] -- Installing: /home/tjacobs/ros2_ws/install/agrobot_msgs/share/ament_index/resource_index/parent_prefix_path/agrobot_msgs
[1.369s] -- Up-to-date: /home/tjacobs/ros2_ws/install/agrobot_msgs/share/agrobot_msgs/environment/ament_prefix_path.sh
[1.370s] -- Up-to-date: /home/tjacobs/ros2_ws/install/agrobot_msgs/share/agrobot_msgs/environment/ament_prefix_path.dsv
[1.370s] -- Up-to-date: /home/tjacobs/ros2_ws/install/agrobot_msgs/share/agrobot_msgs/environment/path.sh
[1.370s] -- Up-to-date: /home/tjacobs/ros2_ws/install/agrobot_msgs/share/agrobot_msgs/environment/path.dsv
[1.370s] -- Up-to-date: /home/tjacobs/ros2_ws/install/agrobot_msgs/share/agrobot_msgs/local_setup.bash
[1.370s] -- Up-to-date: /home/tjacobs/ros2_ws/install/agrobot_msgs/share/agrobot_msgs/local_setup.sh
[1.370s] -- Up-to-date: /home/tjacobs/ros2_ws/install/agrobot_msgs/share/agrobot_msgs/local_setup.zsh
[1.370s] -- Up-to-date: /home/tjacobs/ros2_ws/install/agrobot_msgs/share/agrobot_msgs/local_setup.dsv
[1.370s] -- Installing: /home/tjacobs/ros2_ws/install/agrobot_msgs/share/agrobot_msgs/package.dsv
[1.370s] -- Up-to-date: /home/tjacobs/ros2_ws/install/agrobot_msgs/share/ament_index/resource_index/packages/agrobot_msgs
[1.370s] -- Up-to-date: /home/tjacobs/ros2_ws/install/agrobot_msgs/share/agrobot_msgs/cmake/export_agrobot_msgs__rosidl_generator_cExport.cmake
[1.370s] -- Up-to-date: /home/tjacobs/ros2_ws/install/agrobot_msgs/share/agrobot_msgs/cmake/export_agrobot_msgs__rosidl_generator_cExport-noconfig.cmake
[1.370s] -- Up-to-date: /home/tjacobs/ros2_ws/install/agrobot_msgs/share/agrobot_msgs/cmake/export_agrobot_msgs__rosidl_typesupport_fastrtps_cExport.cmake
[1.370s] -- Up-to-date: /home/tjacobs/ros2_ws/install/agrobot_msgs/share/agrobot_msgs/cmake/export_agrobot_msgs__rosidl_typesupport_fastrtps_cExport-noconfig.cmake
[1.370s] -- Up-to-date: /home/tjacobs/ros2_ws/install/agrobot_msgs/share/agrobot_msgs/cmake/agrobot_msgs__rosidl_typesupport_introspection_cExport.cmake
[1.371s] -- Up-to-date: /home/tjacobs/ros2_ws/install/agrobot_msgs/share/agrobot_msgs/cmake/agrobot_msgs__rosidl_typesupport_introspection_cExport-noconfig.cmake
[1.371s] -- Up-to-date: /home/tjacobs/ros2_ws/install/agrobot_msgs/share/agrobot_msgs/cmake/agrobot_msgs__rosidl_typesupport_cExport.cmake
[1.371s] -- Up-to-date: /home/tjacobs/ros2_ws/install/agrobot_msgs/share/agrobot_msgs/cmake/agrobot_msgs__rosidl_typesupport_cExport-noconfig.cmake
[1.371s] -- Up-to-date: /home/tjacobs/ros2_ws/install/agrobot_msgs/share/agrobot_msgs/cmake/export_agrobot_msgs__rosidl_generator_cppExport.cmake
[1.371s] -- Up-to-date: /home/tjacobs/ros2_ws/install/agrobot_msgs/share/agrobot_msgs/cmake/export_agrobot_msgs__rosidl_typesupport_fastrtps_cppExport.cmake
[1.371s] -- Up-to-date: /home/tjacobs/ros2_ws/install/agrobot_msgs/share/agrobot_msgs/cmake/export_agrobot_msgs__rosidl_typesupport_fastrtps_cppExport-noconfig.cmake
[1.371s] -- Up-to-date: /home/tjacobs/ros2_ws/install/agrobot_msgs/share/agrobot_msgs/cmake/agrobot_msgs__rosidl_typesupport_introspection_cppExport.cmake
[1.371s] -- Up-to-date: /home/tjacobs/ros2_ws/install/agrobot_msgs/share/agrobot_msgs/cmake/agrobot_msgs__rosidl_typesupport_introspection_cppExport-noconfig.cmake
[1.371s] -- Up-to-date: /home/tjacobs/ros2_ws/install/agrobot_msgs/share/agrobot_msgs/cmake/agrobot_msgs__rosidl_typesupport_cppExport.cmake
[1.371s] -- Up-to-date: /home/tjacobs/ros2_ws/install/agrobot_msgs/share/agrobot_msgs/cmake/agrobot_msgs__rosidl_typesupport_cppExport-noconfig.cmake
[1.371s] -- Up-to-date: /home/tjacobs/ros2_ws/install/agrobot_msgs/share/agrobot_msgs/cmake/export_agrobot_msgs__rosidl_generator_pyExport.cmake
[1.371s] -- Up-to-date: /home/tjacobs/ros2_ws/install/agrobot_msgs/share/agrobot_msgs/cmake/export_agrobot_msgs__rosidl_generator_pyExport-noconfig.cmake
[1.371s] -- Up-to-date: /home/tjacobs/ros2_ws/install/agrobot_msgs/share/agrobot_msgs/cmake/rosidl_cmake-extras.cmake
[1.371s] -- Up-to-date: /home/tjacobs/ros2_ws/install/agrobot_msgs/share/agrobot_msgs/cmake/ament_cmake_export_dependencies-extras.cmake
[1.371s] -- Up-to-date: /home/tjacobs/ros2_ws/install/agrobot_msgs/share/agrobot_msgs/cmake/ament_cmake_export_include_directories-extras.cmake
[1.371s] -- Up-to-date: /home/tjacobs/ros2_ws/install/agrobot_msgs/share/agrobot_msgs/cmake/ament_cmake_export_libraries-extras.cmake
[1.371s] -- Up-to-date: /home/tjacobs/ros2_ws/install/agrobot_msgs/share/agrobot_msgs/cmake/ament_cmake_export_targets-extras.cmake
[1.371s] -- Up-to-date: /home/tjacobs/ros2_ws/install/agrobot_msgs/share/agrobot_msgs/cmake/rosidl_cmake_export_typesupport_targets-extras.cmake
[1.371s] -- Up-to-date: /home/tjacobs/ros2_ws/install/agrobot_msgs/share/agrobot_msgs/cmake/rosidl_cmake_export_typesupport_libraries-extras.cmake
[1.371s] -- Up-to-date: /home/tjacobs/ros2_ws/install/agrobot_msgs/share/agrobot_msgs/cmake/agrobot_msgsConfig.cmake
[1.371s] -- Up-to-date: /home/tjacobs/ros2_ws/install/agrobot_msgs/share/agrobot_msgs/cmake/agrobot_msgsConfig-version.cmake
[1.371s] -- Up-to-date: /home/tjacobs/ros2_ws/install/agrobot_msgs/share/agrobot_msgs/package.xml
[1.373s] Invoked command in '/home/tjacobs/ros2_ws/build/agrobot_msgs' returned '0': CMAKE_PREFIX_PATH=${CMAKE_PREFIX_PATH}:/home/tjacobs/ros2_ws/install/my_package:/home/tjacobs/ros2_ws/install/agrobot_pkg:/opt/ros/iron /usr/bin/cmake --install /home/tjacobs/ros2_ws/build/agrobot_msgs
