[1.831s] Invoking command in '/home/tjacobs/ros2_ws/src/agrobot_pkg': PYTHONPATH=/home/tjacobs/ros2_ws/build/agrobot_pkg/prefix_override:/home/tjacobs/ros2_ws/install/agrobot_pkg/lib/python3.10/site-packages:${PYTHONPATH} /usr/bin/python3 setup.py egg_info --egg-base ../../build/agrobot_pkg build --build-base /home/tjacobs/ros2_ws/build/agrobot_pkg/build install --record /home/tjacobs/ros2_ws/build/agrobot_pkg/install.log --single-version-externally-managed
[2.392s] running egg_info
[2.394s] writing ../../build/agrobot_pkg/agrobot_pkg.egg-info/PKG-INFO
[2.395s] writing dependency_links to ../../build/agrobot_pkg/agrobot_pkg.egg-info/dependency_links.txt
[2.395s] writing entry points to ../../build/agrobot_pkg/agrobot_pkg.egg-info/entry_points.txt
[2.396s] writing requirements to ../../build/agrobot_pkg/agrobot_pkg.egg-info/requires.txt
[2.396s] writing top-level names to ../../build/agrobot_pkg/agrobot_pkg.egg-info/top_level.txt
[2.400s] reading manifest file '../../build/agrobot_pkg/agrobot_pkg.egg-info/SOURCES.txt'
[2.401s] writing manifest file '../../build/agrobot_pkg/agrobot_pkg.egg-info/SOURCES.txt'
[2.402s] running build
[2.402s] running build_py
[2.403s] running install
[2.403s] /usr/lib/python3/dist-packages/setuptools/command/install.py:34: SetuptoolsDeprecationWarning: setup.py install is deprecated. Use build and pip and other standards-based tools.
[2.403s]   warnings.warn(
[2.403s] running install_lib
[2.406s] running install_data
[2.407s] copying worlds/my_world.wbt -> /home/tjacobs/ros2_ws/install/agrobot_pkg/share/agrobot_pkg/worlds
[2.408s] running install_egg_info
[2.411s] removing '/home/tjacobs/ros2_ws/install/agrobot_pkg/lib/python3.10/site-packages/agrobot_pkg-0.0.0-py3.10.egg-info' (and everything under it)
[2.412s] Copying ../../build/agrobot_pkg/agrobot_pkg.egg-info to /home/tjacobs/ros2_ws/install/agrobot_pkg/lib/python3.10/site-packages/agrobot_pkg-0.0.0-py3.10.egg-info
[2.413s] running install_scripts
[2.459s] Installing movement_driver_node script to /home/tjacobs/ros2_ws/install/agrobot_pkg/lib/agrobot_pkg
[2.460s] writing list of installed files to '/home/tjacobs/ros2_ws/build/agrobot_pkg/install.log'
[2.518s] Invoked command in '/home/tjacobs/ros2_ws/src/agrobot_pkg' returned '0': PYTHONPATH=/home/tjacobs/ros2_ws/build/agrobot_pkg/prefix_override:/home/tjacobs/ros2_ws/install/agrobot_pkg/lib/python3.10/site-packages:${PYTHONPATH} /usr/bin/python3 setup.py egg_info --egg-base ../../build/agrobot_pkg build --build-base /home/tjacobs/ros2_ws/build/agrobot_pkg/build install --record /home/tjacobs/ros2_ws/build/agrobot_pkg/install.log --single-version-externally-managed
