running develop
/usr/lib/python3/dist-packages/setuptools/command/easy_install.py:158: EasyInstallDeprecationWarning: easy_install command is deprecated. Use build and pip and other standards-based tools.
  warnings.warn(
/usr/lib/python3/dist-packages/setuptools/command/install.py:34: SetuptoolsDeprecationWarning: setup.py install is deprecated. Use build and pip and other standards-based tools.
  warnings.warn(
running egg_info
writing agrobot_pkg.egg-info/PKG-INFO
writing dependency_links to agrobot_pkg.egg-info/dependency_links.txt
writing entry points to agrobot_pkg.egg-info/entry_points.txt
writing requirements to agrobot_pkg.egg-info/requires.txt
writing top-level names to agrobot_pkg.egg-info/top_level.txt
reading manifest file 'agrobot_pkg.egg-info/SOURCES.txt'
writing manifest file 'agrobot_pkg.egg-info/SOURCES.txt'
running build_ext
Creating /home/tjacobs/ros2_ws/install/agrobot_pkg/lib/python3.10/site-packages/agrobot-pkg.egg-link (link to .)
Installing camera_data script to /home/tjacobs/ros2_ws/install/agrobot_pkg/lib/agrobot_pkg
Installing camera_processing script to /home/tjacobs/ros2_ws/install/agrobot_pkg/lib/agrobot_pkg
Installing movement_controller script to /home/tjacobs/ros2_ws/install/agrobot_pkg/lib/agrobot_pkg
Installing movement_driver script to /home/tjacobs/ros2_ws/install/agrobot_pkg/lib/agrobot_pkg

Installed /home/tjacobs/ros2_ws/build/agrobot_pkg
running install_data
