[0.063s] Invoking command in '/home/tjacobs/ros2_ws/build/agrobot_msgs': CMAKE_PREFIX_PATH=/home/tjacobs/ros2_ws/install/my_package:/home/tjacobs/ros2_ws/install/agrobot_pkg:/opt/ros/iron /usr/bin/cmake /home/tjacobs/ros2_ws/src/agrobot_msgs -DCMAKE_INSTALL_PREFIX=/home/tjacobs/ros2_ws/install/agrobot_msgs
[0.190s] -- The C compiler identification is GNU 11.4.0
[0.281s] -- The CXX compiler identification is GNU 11.4.0
[0.295s] -- Detecting C compiler ABI info
[0.348s] -- Detecting C compiler ABI info - done
[0.353s] -- Check for working C compiler: /usr/bin/cc - skipped
[0.354s] -- Detecting C compile features
[0.354s] -- Detecting C compile features - done
[0.357s] -- Detecting CXX compiler ABI info
[0.415s] -- Detecting CXX compiler ABI info - done
[0.420s] -- Check for working CXX compiler: /usr/bin/c++ - skipped
[0.421s] -- Detecting CXX compile features
[0.421s] -- Detecting CXX compile features - done
[0.431s] -- Found ament_cmake: 2.0.3 (/opt/ros/iron/share/ament_cmake/cmake)
[0.556s] -- Found Python3: /usr/bin/python3.10 (found version "3.10.12") found components: Interpreter 
[0.631s] -- Found rosidl_default_generators: 1.5.0 (/opt/ros/iron/share/rosidl_default_generators/cmake)
[0.636s] -- Using all available rosidl_typesupport_c: rosidl_typesupport_fastrtps_c;rosidl_typesupport_introspection_c
[0.681s] -- Using all available rosidl_typesupport_cpp: rosidl_typesupport_fastrtps_cpp;rosidl_typesupport_introspection_cpp
[0.720s] -- Found rosidl_adapter: 4.0.1 (/opt/ros/iron/share/rosidl_adapter/cmake)
[0.845s] [31mCMake Error at /opt/ros/iron/share/rosidl_adapter/cmake/rosidl_adapt_interfaces.cmake:57 (message):
[0.845s]   execute_process(/usr/bin/python3.10 -m rosidl_adapter --package-name
[0.845s]   agrobot_msgs --arguments-file
[0.845s]   /home/tjacobs/ros2_ws/build/agrobot_msgs/rosidl_adapter__arguments__agrobot_msgs.json
[0.845s]   --output-dir
[0.845s]   /home/tjacobs/ros2_ws/build/agrobot_msgs/rosidl_adapter/agrobot_msgs
[0.845s]   --output-file
[0.845s]   /home/tjacobs/ros2_ws/build/agrobot_msgs/rosidl_adapter/agrobot_msgs.idls)
[0.845s]   returned error code 1:
[0.845s] 
[0.846s]   Traceback (most recent call last):
[0.846s] 
[0.846s]     File "/usr/lib/python3.10/runpy.py", line 196, in _run_module_as_main
[0.846s]       return _run_code(code, main_globals, None,
[0.846s]     File "/usr/lib/python3.10/runpy.py", line 86, in _run_code
[0.846s]       exec(code, run_globals)
[0.846s]     File "/opt/ros/iron/lib/python3.10/site-packages/rosidl_adapter/__main__.py", line 19, in <module>
[0.846s]       sys.exit(main())
[0.846s]     File "/opt/ros/iron/lib/python3.10/site-packages/rosidl_adapter/main.py", line 53, in main
[0.846s]       abs_idl_file = convert_to_idl(
[0.846s]     File "/opt/ros/iron/lib/python3.10/site-packages/rosidl_adapter/__init__.py", line 24, in convert_to_idl
[0.846s]       return convert_srv_to_idl(
[0.846s]     File "/opt/ros/iron/lib/python3.10/site-packages/rosidl_adapter/srv/__init__.py", line 28, in convert_srv_to_idl
[0.846s]       srv = parse_service_string(package_name, input_file.stem, content)
[0.846s]     File "/opt/ros/iron/lib/python3.10/site-packages/rosidl_adapter/parser.py", line 860, in parse_service_string
[0.846s]       request_message = parse_message_string(
[0.846s]     File "/opt/ros/iron/lib/python3.10/site-packages/rosidl_adapter/parser.py", line 545, in parse_message_string
[0.846s]       msg = MessageSpecification(pkg_name, msg_name, fields, constants)
[0.846s]     File "/opt/ros/iron/lib/python3.10/site-packages/rosidl_adapter/parser.py", line 389, in __init__
[0.846s]       self.base_type = BaseType(
[0.846s]     File "/opt/ros/iron/lib/python3.10/site-packages/rosidl_adapter/parser.py", line 206, in __init__
[0.846s]       raise InvalidResourceName(
[0.846s] 
[0.847s]   rosidl_adapter.parser.InvalidResourceName: 'sim_crop_location_Request' is
[0.847s]   an invalid message name.  It should have the pattern '^[A-Z][A-Za-z0-9]*$'
[0.847s] 
[0.847s] Call Stack (most recent call first):
[0.847s]   /opt/ros/iron/share/rosidl_cmake/cmake/rosidl_generate_interfaces.cmake:132 (rosidl_adapt_interfaces)
[0.847s]   CMakeLists.txt:16 (rosidl_generate_interfaces)
[0.847s] 
[0.847s] [0m
[0.847s] -- Configuring incomplete, errors occurred!
[0.847s] See also "/home/tjacobs/ros2_ws/build/agrobot_msgs/CMakeFiles/CMakeOutput.log".
[0.850s] Invoked command in '/home/tjacobs/ros2_ws/build/agrobot_msgs' returned '1': CMAKE_PREFIX_PATH=/home/tjacobs/ros2_ws/install/my_package:/home/tjacobs/ros2_ws/install/agrobot_pkg:/opt/ros/iron /usr/bin/cmake /home/tjacobs/ros2_ws/src/agrobot_msgs -DCMAKE_INSTALL_PREFIX=/home/tjacobs/ros2_ws/install/agrobot_msgs
