[  1%] Built target agrobot_msgs__rosidl_generator_type_description
[  1%] Built target ament_cmake_python_copy_agrobot_msgs
[35m[1mConsolidate compiler generated dependencies of target agrobot_msgs__rosidl_generator_c[0m
[  3%] Built target agrobot_msgs__cpp
[ 24%] Built target agrobot_msgs__rosidl_generator_c
[35m[1mConsolidate compiler generated dependencies of target agrobot_msgs__rosidl_typesupport_cpp[0m
[35m[1mConsolidate compiler generated dependencies of target agrobot_msgs__rosidl_typesupport_introspection_c[0m
[35m[1mConsolidate compiler generated dependencies of target agrobot_msgs__rosidl_typesupport_c[0m
[35m[1mConsolidate compiler generated dependencies of target agrobot_msgs__rosidl_typesupport_fastrtps_c[0m
[35m[1mConsolidate compiler generated dependencies of target agrobot_msgs__rosidl_typesupport_introspection_cpp[0m
[ 33%] Built target agrobot_msgs__rosidl_typesupport_introspection_c
[35m[1mConsolidate compiler generated dependencies of target agrobot_msgs__rosidl_typesupport_fastrtps_cpp[0m
[ 42%] Built target agrobot_msgs__rosidl_typesupport_c
[ 51%] Built target agrobot_msgs__rosidl_typesupport_introspection_cpp
[ 61%] Built target agrobot_msgs__rosidl_typesupport_cpp
[ 70%] Built target agrobot_msgs__rosidl_typesupport_fastrtps_c
[ 79%] Built target agrobot_msgs__rosidl_typesupport_fastrtps_cpp
[ 79%] Built target agrobot_msgs
[ 81%] Built target agrobot_msgs__py
[35m[1mConsolidate compiler generated dependencies of target agrobot_msgs__rosidl_generator_py[0m
[ 88%] Built target agrobot_msgs__rosidl_generator_py
[35m[1mConsolidate compiler generated dependencies of target agrobot_msgs__rosidl_typesupport_introspection_c__pyext[0m
[35m[1mConsolidate compiler generated dependencies of target agrobot_msgs__rosidl_typesupport_c__pyext[0m
[35m[1mConsolidate compiler generated dependencies of target agrobot_msgs__rosidl_typesupport_fastrtps_c__pyext[0m
[ 92%] Built target agrobot_msgs__rosidl_typesupport_c__pyext
[ 96%] Built target agrobot_msgs__rosidl_typesupport_introspection_c__pyext
[100%] Built target agrobot_msgs__rosidl_typesupport_fastrtps_c__pyext
running egg_info
writing agrobot_msgs.egg-info/PKG-INFO
writing dependency_links to agrobot_msgs.egg-info/dependency_links.txt
writing top-level names to agrobot_msgs.egg-info/top_level.txt
reading manifest file 'agrobot_msgs.egg-info/SOURCES.txt'
writing manifest file 'agrobot_msgs.egg-info/SOURCES.txt'
[100%] Built target ament_cmake_python_build_agrobot_msgs_egg
-- Install configuration: ""
-- Up-to-date: /home/tjacobs/ros2_ws/install/agrobot_msgs/share/ament_index/resource_index/rosidl_interfaces/agrobot_msgs
-- Up-to-date: /home/tjacobs/ros2_ws/install/agrobot_msgs/share/agrobot_msgs/srv/SimCropLocation.json
-- Up-to-date: /home/tjacobs/ros2_ws/install/agrobot_msgs/share/agrobot_msgs/msg/VisionPublishClosestCrop.json
-- Up-to-date: /home/tjacobs/ros2_ws/install/agrobot_msgs/share/agrobot_msgs/msg/SimCropData.json
-- Up-to-date: /home/tjacobs/ros2_ws/install/agrobot_msgs/include/agrobot_msgs/agrobot_msgs
-- Up-to-date: /home/tjacobs/ros2_ws/install/agrobot_msgs/include/agrobot_msgs/agrobot_msgs/srv
-- Up-to-date: /home/tjacobs/ros2_ws/install/agrobot_msgs/include/agrobot_msgs/agrobot_msgs/srv/sim_crop_location.h
-- Up-to-date: /home/tjacobs/ros2_ws/install/agrobot_msgs/include/agrobot_msgs/agrobot_msgs/srv/detail
-- Up-to-date: /home/tjacobs/ros2_ws/install/agrobot_msgs/include/agrobot_msgs/agrobot_msgs/srv/detail/sim_crop_location__struct.h
-- Up-to-date: /home/tjacobs/ros2_ws/install/agrobot_msgs/include/agrobot_msgs/agrobot_msgs/srv/detail/sim_crop_location__functions.h
-- Up-to-date: /home/tjacobs/ros2_ws/install/agrobot_msgs/include/agrobot_msgs/agrobot_msgs/srv/detail/sim_crop_location__type_support.h
-- Up-to-date: /home/tjacobs/ros2_ws/install/agrobot_msgs/include/agrobot_msgs/agrobot_msgs/srv/detail/sim_crop_location__type_support.c
-- Up-to-date: /home/tjacobs/ros2_ws/install/agrobot_msgs/include/agrobot_msgs/agrobot_msgs/srv/detail/sim_crop_location__functions.c
-- Up-to-date: /home/tjacobs/ros2_ws/install/agrobot_msgs/include/agrobot_msgs/agrobot_msgs/srv/detail/sim_crop_location__description.c
-- Up-to-date: /home/tjacobs/ros2_ws/install/agrobot_msgs/include/agrobot_msgs/agrobot_msgs/msg
-- Up-to-date: /home/tjacobs/ros2_ws/install/agrobot_msgs/include/agrobot_msgs/agrobot_msgs/msg/vision_publish_closest_crop.h
-- Up-to-date: /home/tjacobs/ros2_ws/install/agrobot_msgs/include/agrobot_msgs/agrobot_msgs/msg/rosidl_generator_c__visibility_control.h
-- Up-to-date: /home/tjacobs/ros2_ws/install/agrobot_msgs/include/agrobot_msgs/agrobot_msgs/msg/sim_crop_data.h
-- Up-to-date: /home/tjacobs/ros2_ws/install/agrobot_msgs/include/agrobot_msgs/agrobot_msgs/msg/detail
-- Up-to-date: /home/tjacobs/ros2_ws/install/agrobot_msgs/include/agrobot_msgs/agrobot_msgs/msg/detail/sim_crop_data__functions.c
-- Up-to-date: /home/tjacobs/ros2_ws/install/agrobot_msgs/include/agrobot_msgs/agrobot_msgs/msg/detail/vision_publish_closest_crop__functions.c
-- Up-to-date: /home/tjacobs/ros2_ws/install/agrobot_msgs/include/agrobot_msgs/agrobot_msgs/msg/detail/vision_publish_closest_crop__description.c
-- Up-to-date: /home/tjacobs/ros2_ws/install/agrobot_msgs/include/agrobot_msgs/agrobot_msgs/msg/detail/vision_publish_closest_crop__functions.h
-- Up-to-date: /home/tjacobs/ros2_ws/install/agrobot_msgs/include/agrobot_msgs/agrobot_msgs/msg/detail/sim_crop_data__type_support.h
-- Up-to-date: /home/tjacobs/ros2_ws/install/agrobot_msgs/include/agrobot_msgs/agrobot_msgs/msg/detail/sim_crop_data__type_support.c
-- Up-to-date: /home/tjacobs/ros2_ws/install/agrobot_msgs/include/agrobot_msgs/agrobot_msgs/msg/detail/vision_publish_closest_crop__struct.h
-- Up-to-date: /home/tjacobs/ros2_ws/install/agrobot_msgs/include/agrobot_msgs/agrobot_msgs/msg/detail/sim_crop_data__functions.h
-- Up-to-date: /home/tjacobs/ros2_ws/install/agrobot_msgs/include/agrobot_msgs/agrobot_msgs/msg/detail/sim_crop_data__struct.h
-- Up-to-date: /home/tjacobs/ros2_ws/install/agrobot_msgs/include/agrobot_msgs/agrobot_msgs/msg/detail/vision_publish_closest_crop__type_support.c
-- Up-to-date: /home/tjacobs/ros2_ws/install/agrobot_msgs/include/agrobot_msgs/agrobot_msgs/msg/detail/vision_publish_closest_crop__type_support.h
-- Up-to-date: /home/tjacobs/ros2_ws/install/agrobot_msgs/include/agrobot_msgs/agrobot_msgs/msg/detail/sim_crop_data__description.c
-- Up-to-date: /home/tjacobs/ros2_ws/install/agrobot_msgs/share/agrobot_msgs/environment/library_path.sh
-- Up-to-date: /home/tjacobs/ros2_ws/install/agrobot_msgs/share/agrobot_msgs/environment/library_path.dsv
-- Up-to-date: /home/tjacobs/ros2_ws/install/agrobot_msgs/lib/libagrobot_msgs__rosidl_generator_c.so
-- Up-to-date: /home/tjacobs/ros2_ws/install/agrobot_msgs/include/agrobot_msgs/agrobot_msgs
-- Up-to-date: /home/tjacobs/ros2_ws/install/agrobot_msgs/include/agrobot_msgs/agrobot_msgs/srv
-- Up-to-date: /home/tjacobs/ros2_ws/install/agrobot_msgs/include/agrobot_msgs/agrobot_msgs/srv/detail
-- Up-to-date: /home/tjacobs/ros2_ws/install/agrobot_msgs/include/agrobot_msgs/agrobot_msgs/srv/detail/sim_crop_location__rosidl_typesupport_fastrtps_c.h
-- Up-to-date: /home/tjacobs/ros2_ws/install/agrobot_msgs/include/agrobot_msgs/agrobot_msgs/msg
-- Up-to-date: /home/tjacobs/ros2_ws/install/agrobot_msgs/include/agrobot_msgs/agrobot_msgs/msg/rosidl_typesupport_fastrtps_c__visibility_control.h
-- Up-to-date: /home/tjacobs/ros2_ws/install/agrobot_msgs/include/agrobot_msgs/agrobot_msgs/msg/detail
-- Up-to-date: /home/tjacobs/ros2_ws/install/agrobot_msgs/include/agrobot_msgs/agrobot_msgs/msg/detail/sim_crop_data__rosidl_typesupport_fastrtps_c.h
-- Up-to-date: /home/tjacobs/ros2_ws/install/agrobot_msgs/include/agrobot_msgs/agrobot_msgs/msg/detail/vision_publish_closest_crop__rosidl_typesupport_fastrtps_c.h
-- Up-to-date: /home/tjacobs/ros2_ws/install/agrobot_msgs/lib/libagrobot_msgs__rosidl_typesupport_fastrtps_c.so
-- Up-to-date: /home/tjacobs/ros2_ws/install/agrobot_msgs/include/agrobot_msgs/agrobot_msgs
-- Up-to-date: /home/tjacobs/ros2_ws/install/agrobot_msgs/include/agrobot_msgs/agrobot_msgs/srv
-- Up-to-date: /home/tjacobs/ros2_ws/install/agrobot_msgs/include/agrobot_msgs/agrobot_msgs/srv/detail
-- Up-to-date: /home/tjacobs/ros2_ws/install/agrobot_msgs/include/agrobot_msgs/agrobot_msgs/srv/detail/sim_crop_location__type_support.c
-- Up-to-date: /home/tjacobs/ros2_ws/install/agrobot_msgs/include/agrobot_msgs/agrobot_msgs/srv/detail/sim_crop_location__rosidl_typesupport_introspection_c.h
-- Up-to-date: /home/tjacobs/ros2_ws/install/agrobot_msgs/include/agrobot_msgs/agrobot_msgs/msg
-- Up-to-date: /home/tjacobs/ros2_ws/install/agrobot_msgs/include/agrobot_msgs/agrobot_msgs/msg/rosidl_typesupport_introspection_c__visibility_control.h
-- Up-to-date: /home/tjacobs/ros2_ws/install/agrobot_msgs/include/agrobot_msgs/agrobot_msgs/msg/detail
-- Up-to-date: /home/tjacobs/ros2_ws/install/agrobot_msgs/include/agrobot_msgs/agrobot_msgs/msg/detail/sim_crop_data__rosidl_typesupport_introspection_c.h
-- Up-to-date: /home/tjacobs/ros2_ws/install/agrobot_msgs/include/agrobot_msgs/agrobot_msgs/msg/detail/vision_publish_closest_crop__rosidl_typesupport_introspection_c.h
-- Up-to-date: /home/tjacobs/ros2_ws/install/agrobot_msgs/include/agrobot_msgs/agrobot_msgs/msg/detail/sim_crop_data__type_support.c
-- Up-to-date: /home/tjacobs/ros2_ws/install/agrobot_msgs/include/agrobot_msgs/agrobot_msgs/msg/detail/vision_publish_closest_crop__type_support.c
-- Up-to-date: /home/tjacobs/ros2_ws/install/agrobot_msgs/lib/libagrobot_msgs__rosidl_typesupport_introspection_c.so
-- Up-to-date: /home/tjacobs/ros2_ws/install/agrobot_msgs/lib/libagrobot_msgs__rosidl_typesupport_c.so
-- Up-to-date: /home/tjacobs/ros2_ws/install/agrobot_msgs/include/agrobot_msgs/agrobot_msgs
-- Up-to-date: /home/tjacobs/ros2_ws/install/agrobot_msgs/include/agrobot_msgs/agrobot_msgs/srv
-- Up-to-date: /home/tjacobs/ros2_ws/install/agrobot_msgs/include/agrobot_msgs/agrobot_msgs/srv/sim_crop_location.hpp
-- Up-to-date: /home/tjacobs/ros2_ws/install/agrobot_msgs/include/agrobot_msgs/agrobot_msgs/srv/detail
-- Up-to-date: /home/tjacobs/ros2_ws/install/agrobot_msgs/include/agrobot_msgs/agrobot_msgs/srv/detail/sim_crop_location__struct.hpp
-- Up-to-date: /home/tjacobs/ros2_ws/install/agrobot_msgs/include/agrobot_msgs/agrobot_msgs/srv/detail/sim_crop_location__builder.hpp
-- Up-to-date: /home/tjacobs/ros2_ws/install/agrobot_msgs/include/agrobot_msgs/agrobot_msgs/srv/detail/sim_crop_location__traits.hpp
-- Up-to-date: /home/tjacobs/ros2_ws/install/agrobot_msgs/include/agrobot_msgs/agrobot_msgs/msg
-- Up-to-date: /home/tjacobs/ros2_ws/install/agrobot_msgs/include/agrobot_msgs/agrobot_msgs/msg/sim_crop_data.hpp
-- Up-to-date: /home/tjacobs/ros2_ws/install/agrobot_msgs/include/agrobot_msgs/agrobot_msgs/msg/vision_publish_closest_crop.hpp
-- Up-to-date: /home/tjacobs/ros2_ws/install/agrobot_msgs/include/agrobot_msgs/agrobot_msgs/msg/detail
-- Up-to-date: /home/tjacobs/ros2_ws/install/agrobot_msgs/include/agrobot_msgs/agrobot_msgs/msg/detail/vision_publish_closest_crop__struct.hpp
-- Up-to-date: /home/tjacobs/ros2_ws/install/agrobot_msgs/include/agrobot_msgs/agrobot_msgs/msg/detail/sim_crop_data__traits.hpp
-- Up-to-date: /home/tjacobs/ros2_ws/install/agrobot_msgs/include/agrobot_msgs/agrobot_msgs/msg/detail/sim_crop_data__struct.hpp
-- Up-to-date: /home/tjacobs/ros2_ws/install/agrobot_msgs/include/agrobot_msgs/agrobot_msgs/msg/detail/vision_publish_closest_crop__traits.hpp
-- Up-to-date: /home/tjacobs/ros2_ws/install/agrobot_msgs/include/agrobot_msgs/agrobot_msgs/msg/detail/vision_publish_closest_crop__builder.hpp
-- Up-to-date: /home/tjacobs/ros2_ws/install/agrobot_msgs/include/agrobot_msgs/agrobot_msgs/msg/detail/sim_crop_data__builder.hpp
-- Up-to-date: /home/tjacobs/ros2_ws/install/agrobot_msgs/include/agrobot_msgs/agrobot_msgs
-- Up-to-date: /home/tjacobs/ros2_ws/install/agrobot_msgs/include/agrobot_msgs/agrobot_msgs/srv
-- Up-to-date: /home/tjacobs/ros2_ws/install/agrobot_msgs/include/agrobot_msgs/agrobot_msgs/srv/detail
-- Up-to-date: /home/tjacobs/ros2_ws/install/agrobot_msgs/include/agrobot_msgs/agrobot_msgs/srv/detail/dds_fastrtps
-- Up-to-date: /home/tjacobs/ros2_ws/install/agrobot_msgs/include/agrobot_msgs/agrobot_msgs/srv/detail/sim_crop_location__rosidl_typesupport_fastrtps_cpp.hpp
-- Up-to-date: /home/tjacobs/ros2_ws/install/agrobot_msgs/include/agrobot_msgs/agrobot_msgs/msg
-- Up-to-date: /home/tjacobs/ros2_ws/install/agrobot_msgs/include/agrobot_msgs/agrobot_msgs/msg/rosidl_typesupport_fastrtps_cpp__visibility_control.h
-- Up-to-date: /home/tjacobs/ros2_ws/install/agrobot_msgs/include/agrobot_msgs/agrobot_msgs/msg/detail
-- Up-to-date: /home/tjacobs/ros2_ws/install/agrobot_msgs/include/agrobot_msgs/agrobot_msgs/msg/detail/sim_crop_data__rosidl_typesupport_fastrtps_cpp.hpp
-- Up-to-date: /home/tjacobs/ros2_ws/install/agrobot_msgs/include/agrobot_msgs/agrobot_msgs/msg/detail/vision_publish_closest_crop__rosidl_typesupport_fastrtps_cpp.hpp
-- Up-to-date: /home/tjacobs/ros2_ws/install/agrobot_msgs/include/agrobot_msgs/agrobot_msgs/msg/detail/dds_fastrtps
-- Up-to-date: /home/tjacobs/ros2_ws/install/agrobot_msgs/lib/libagrobot_msgs__rosidl_typesupport_fastrtps_cpp.so
-- Up-to-date: /home/tjacobs/ros2_ws/install/agrobot_msgs/include/agrobot_msgs/agrobot_msgs
-- Up-to-date: /home/tjacobs/ros2_ws/install/agrobot_msgs/include/agrobot_msgs/agrobot_msgs/srv
-- Up-to-date: /home/tjacobs/ros2_ws/install/agrobot_msgs/include/agrobot_msgs/agrobot_msgs/srv/detail
-- Up-to-date: /home/tjacobs/ros2_ws/install/agrobot_msgs/include/agrobot_msgs/agrobot_msgs/srv/detail/sim_crop_location__type_support.cpp
-- Up-to-date: /home/tjacobs/ros2_ws/install/agrobot_msgs/include/agrobot_msgs/agrobot_msgs/srv/detail/sim_crop_location__rosidl_typesupport_introspection_cpp.hpp
-- Up-to-date: /home/tjacobs/ros2_ws/install/agrobot_msgs/include/agrobot_msgs/agrobot_msgs/msg
-- Up-to-date: /home/tjacobs/ros2_ws/install/agrobot_msgs/include/agrobot_msgs/agrobot_msgs/msg/detail
-- Up-to-date: /home/tjacobs/ros2_ws/install/agrobot_msgs/include/agrobot_msgs/agrobot_msgs/msg/detail/sim_crop_data__rosidl_typesupport_introspection_cpp.hpp
-- Up-to-date: /home/tjacobs/ros2_ws/install/agrobot_msgs/include/agrobot_msgs/agrobot_msgs/msg/detail/sim_crop_data__type_support.cpp
-- Up-to-date: /home/tjacobs/ros2_ws/install/agrobot_msgs/include/agrobot_msgs/agrobot_msgs/msg/detail/vision_publish_closest_crop__rosidl_typesupport_introspection_cpp.hpp
-- Up-to-date: /home/tjacobs/ros2_ws/install/agrobot_msgs/include/agrobot_msgs/agrobot_msgs/msg/detail/vision_publish_closest_crop__type_support.cpp
-- Up-to-date: /home/tjacobs/ros2_ws/install/agrobot_msgs/lib/libagrobot_msgs__rosidl_typesupport_introspection_cpp.so
-- Up-to-date: /home/tjacobs/ros2_ws/install/agrobot_msgs/lib/libagrobot_msgs__rosidl_typesupport_cpp.so
-- Up-to-date: /home/tjacobs/ros2_ws/install/agrobot_msgs/share/agrobot_msgs/environment/pythonpath.sh
-- Up-to-date: /home/tjacobs/ros2_ws/install/agrobot_msgs/share/agrobot_msgs/environment/pythonpath.dsv
-- Up-to-date: /home/tjacobs/ros2_ws/install/agrobot_msgs/lib/python3.10/site-packages/agrobot_msgs-0.0.0-py3.10.egg-info
-- Installing: /home/tjacobs/ros2_ws/install/agrobot_msgs/lib/python3.10/site-packages/agrobot_msgs-0.0.0-py3.10.egg-info/dependency_links.txt
-- Installing: /home/tjacobs/ros2_ws/install/agrobot_msgs/lib/python3.10/site-packages/agrobot_msgs-0.0.0-py3.10.egg-info/top_level.txt
-- Installing: /home/tjacobs/ros2_ws/install/agrobot_msgs/lib/python3.10/site-packages/agrobot_msgs-0.0.0-py3.10.egg-info/SOURCES.txt
-- Installing: /home/tjacobs/ros2_ws/install/agrobot_msgs/lib/python3.10/site-packages/agrobot_msgs-0.0.0-py3.10.egg-info/PKG-INFO
-- Up-to-date: /home/tjacobs/ros2_ws/install/agrobot_msgs/lib/python3.10/site-packages/agrobot_msgs
-- Up-to-date: /home/tjacobs/ros2_ws/install/agrobot_msgs/lib/python3.10/site-packages/agrobot_msgs/__init__.py
-- Up-to-date: /home/tjacobs/ros2_ws/install/agrobot_msgs/lib/python3.10/site-packages/agrobot_msgs/_agrobot_msgs_s.ep.rosidl_typesupport_fastrtps_c.c
-- Up-to-date: /home/tjacobs/ros2_ws/install/agrobot_msgs/lib/python3.10/site-packages/agrobot_msgs/libagrobot_msgs__rosidl_generator_py.so
-- Up-to-date: /home/tjacobs/ros2_ws/install/agrobot_msgs/lib/python3.10/site-packages/agrobot_msgs/agrobot_msgs_s__rosidl_typesupport_fastrtps_c.cpython-310-x86_64-linux-gnu.so
-- Up-to-date: /home/tjacobs/ros2_ws/install/agrobot_msgs/lib/python3.10/site-packages/agrobot_msgs/_agrobot_msgs_s.ep.rosidl_typesupport_c.c
-- Up-to-date: /home/tjacobs/ros2_ws/install/agrobot_msgs/lib/python3.10/site-packages/agrobot_msgs/agrobot_msgs_s__rosidl_typesupport_introspection_c.cpython-310-x86_64-linux-gnu.so
-- Up-to-date: /home/tjacobs/ros2_ws/install/agrobot_msgs/lib/python3.10/site-packages/agrobot_msgs/srv
-- Up-to-date: /home/tjacobs/ros2_ws/install/agrobot_msgs/lib/python3.10/site-packages/agrobot_msgs/srv/__init__.py
-- Up-to-date: /home/tjacobs/ros2_ws/install/agrobot_msgs/lib/python3.10/site-packages/agrobot_msgs/srv/_sim_crop_location.py
-- Up-to-date: /home/tjacobs/ros2_ws/install/agrobot_msgs/lib/python3.10/site-packages/agrobot_msgs/srv/_sim_crop_location_s.c
-- Up-to-date: /home/tjacobs/ros2_ws/install/agrobot_msgs/lib/python3.10/site-packages/agrobot_msgs/_agrobot_msgs_s.ep.rosidl_typesupport_introspection_c.c
-- Up-to-date: /home/tjacobs/ros2_ws/install/agrobot_msgs/lib/python3.10/site-packages/agrobot_msgs/agrobot_msgs_s__rosidl_typesupport_c.cpython-310-x86_64-linux-gnu.so
-- Up-to-date: /home/tjacobs/ros2_ws/install/agrobot_msgs/lib/python3.10/site-packages/agrobot_msgs/msg
-- Up-to-date: /home/tjacobs/ros2_ws/install/agrobot_msgs/lib/python3.10/site-packages/agrobot_msgs/msg/_vision_publish_closest_crop.py
-- Up-to-date: /home/tjacobs/ros2_ws/install/agrobot_msgs/lib/python3.10/site-packages/agrobot_msgs/msg/__init__.py
-- Up-to-date: /home/tjacobs/ros2_ws/install/agrobot_msgs/lib/python3.10/site-packages/agrobot_msgs/msg/_sim_crop_data_s.c
-- Up-to-date: /home/tjacobs/ros2_ws/install/agrobot_msgs/lib/python3.10/site-packages/agrobot_msgs/msg/_sim_crop_data.py
-- Up-to-date: /home/tjacobs/ros2_ws/install/agrobot_msgs/lib/python3.10/site-packages/agrobot_msgs/msg/_vision_publish_closest_crop_s.c
Listing '/home/tjacobs/ros2_ws/install/agrobot_msgs/lib/python3.10/site-packages/agrobot_msgs'...
Listing '/home/tjacobs/ros2_ws/install/agrobot_msgs/lib/python3.10/site-packages/agrobot_msgs/msg'...
Listing '/home/tjacobs/ros2_ws/install/agrobot_msgs/lib/python3.10/site-packages/agrobot_msgs/srv'...
-- Up-to-date: /home/tjacobs/ros2_ws/install/agrobot_msgs/lib/python3.10/site-packages/agrobot_msgs/agrobot_msgs_s__rosidl_typesupport_fastrtps_c.cpython-310-x86_64-linux-gnu.so
-- Up-to-date: /home/tjacobs/ros2_ws/install/agrobot_msgs/lib/python3.10/site-packages/agrobot_msgs/agrobot_msgs_s__rosidl_typesupport_introspection_c.cpython-310-x86_64-linux-gnu.so
-- Up-to-date: /home/tjacobs/ros2_ws/install/agrobot_msgs/lib/python3.10/site-packages/agrobot_msgs/agrobot_msgs_s__rosidl_typesupport_c.cpython-310-x86_64-linux-gnu.so
-- Up-to-date: /home/tjacobs/ros2_ws/install/agrobot_msgs/lib/libagrobot_msgs__rosidl_generator_py.so
-- Up-to-date: /home/tjacobs/ros2_ws/install/agrobot_msgs/share/agrobot_msgs/srv/SimCropLocation.idl
-- Up-to-date: /home/tjacobs/ros2_ws/install/agrobot_msgs/share/agrobot_msgs/msg/VisionPublishClosestCrop.idl
-- Up-to-date: /home/tjacobs/ros2_ws/install/agrobot_msgs/share/agrobot_msgs/msg/SimCropData.idl
-- Up-to-date: /home/tjacobs/ros2_ws/install/agrobot_msgs/share/agrobot_msgs/srv/SimCropLocation.srv
-- Up-to-date: /home/tjacobs/ros2_ws/install/agrobot_msgs/share/agrobot_msgs/srv/SimCropLocation_Request.msg
-- Up-to-date: /home/tjacobs/ros2_ws/install/agrobot_msgs/share/agrobot_msgs/srv/SimCropLocation_Response.msg
-- Up-to-date: /home/tjacobs/ros2_ws/install/agrobot_msgs/share/agrobot_msgs/msg/VisionPublishClosestCrop.msg
-- Up-to-date: /home/tjacobs/ros2_ws/install/agrobot_msgs/share/agrobot_msgs/msg/SimCropData.msg
-- Up-to-date: /home/tjacobs/ros2_ws/install/agrobot_msgs/share/ament_index/resource_index/package_run_dependencies/agrobot_msgs
-- Up-to-date: /home/tjacobs/ros2_ws/install/agrobot_msgs/share/ament_index/resource_index/parent_prefix_path/agrobot_msgs
-- Up-to-date: /home/tjacobs/ros2_ws/install/agrobot_msgs/share/agrobot_msgs/environment/ament_prefix_path.sh
-- Up-to-date: /home/tjacobs/ros2_ws/install/agrobot_msgs/share/agrobot_msgs/environment/ament_prefix_path.dsv
-- Up-to-date: /home/tjacobs/ros2_ws/install/agrobot_msgs/share/agrobot_msgs/environment/path.sh
-- Up-to-date: /home/tjacobs/ros2_ws/install/agrobot_msgs/share/agrobot_msgs/environment/path.dsv
-- Up-to-date: /home/tjacobs/ros2_ws/install/agrobot_msgs/share/agrobot_msgs/local_setup.bash
-- Up-to-date: /home/tjacobs/ros2_ws/install/agrobot_msgs/share/agrobot_msgs/local_setup.sh
-- Up-to-date: /home/tjacobs/ros2_ws/install/agrobot_msgs/share/agrobot_msgs/local_setup.zsh
-- Up-to-date: /home/tjacobs/ros2_ws/install/agrobot_msgs/share/agrobot_msgs/local_setup.dsv
-- Installing: /home/tjacobs/ros2_ws/install/agrobot_msgs/share/agrobot_msgs/package.dsv
-- Up-to-date: /home/tjacobs/ros2_ws/install/agrobot_msgs/share/ament_index/resource_index/packages/agrobot_msgs
-- Up-to-date: /home/tjacobs/ros2_ws/install/agrobot_msgs/share/agrobot_msgs/cmake/export_agrobot_msgs__rosidl_generator_cExport.cmake
-- Up-to-date: /home/tjacobs/ros2_ws/install/agrobot_msgs/share/agrobot_msgs/cmake/export_agrobot_msgs__rosidl_generator_cExport-noconfig.cmake
-- Up-to-date: /home/tjacobs/ros2_ws/install/agrobot_msgs/share/agrobot_msgs/cmake/export_agrobot_msgs__rosidl_typesupport_fastrtps_cExport.cmake
-- Up-to-date: /home/tjacobs/ros2_ws/install/agrobot_msgs/share/agrobot_msgs/cmake/export_agrobot_msgs__rosidl_typesupport_fastrtps_cExport-noconfig.cmake
-- Up-to-date: /home/tjacobs/ros2_ws/install/agrobot_msgs/share/agrobot_msgs/cmake/agrobot_msgs__rosidl_typesupport_introspection_cExport.cmake
-- Up-to-date: /home/tjacobs/ros2_ws/install/agrobot_msgs/share/agrobot_msgs/cmake/agrobot_msgs__rosidl_typesupport_introspection_cExport-noconfig.cmake
-- Up-to-date: /home/tjacobs/ros2_ws/install/agrobot_msgs/share/agrobot_msgs/cmake/agrobot_msgs__rosidl_typesupport_cExport.cmake
-- Up-to-date: /home/tjacobs/ros2_ws/install/agrobot_msgs/share/agrobot_msgs/cmake/agrobot_msgs__rosidl_typesupport_cExport-noconfig.cmake
-- Up-to-date: /home/tjacobs/ros2_ws/install/agrobot_msgs/share/agrobot_msgs/cmake/export_agrobot_msgs__rosidl_generator_cppExport.cmake
-- Up-to-date: /home/tjacobs/ros2_ws/install/agrobot_msgs/share/agrobot_msgs/cmake/export_agrobot_msgs__rosidl_typesupport_fastrtps_cppExport.cmake
-- Up-to-date: /home/tjacobs/ros2_ws/install/agrobot_msgs/share/agrobot_msgs/cmake/export_agrobot_msgs__rosidl_typesupport_fastrtps_cppExport-noconfig.cmake
-- Up-to-date: /home/tjacobs/ros2_ws/install/agrobot_msgs/share/agrobot_msgs/cmake/agrobot_msgs__rosidl_typesupport_introspection_cppExport.cmake
-- Up-to-date: /home/tjacobs/ros2_ws/install/agrobot_msgs/share/agrobot_msgs/cmake/agrobot_msgs__rosidl_typesupport_introspection_cppExport-noconfig.cmake
-- Up-to-date: /home/tjacobs/ros2_ws/install/agrobot_msgs/share/agrobot_msgs/cmake/agrobot_msgs__rosidl_typesupport_cppExport.cmake
-- Up-to-date: /home/tjacobs/ros2_ws/install/agrobot_msgs/share/agrobot_msgs/cmake/agrobot_msgs__rosidl_typesupport_cppExport-noconfig.cmake
-- Up-to-date: /home/tjacobs/ros2_ws/install/agrobot_msgs/share/agrobot_msgs/cmake/export_agrobot_msgs__rosidl_generator_pyExport.cmake
-- Up-to-date: /home/tjacobs/ros2_ws/install/agrobot_msgs/share/agrobot_msgs/cmake/export_agrobot_msgs__rosidl_generator_pyExport-noconfig.cmake
-- Up-to-date: /home/tjacobs/ros2_ws/install/agrobot_msgs/share/agrobot_msgs/cmake/rosidl_cmake-extras.cmake
-- Up-to-date: /home/tjacobs/ros2_ws/install/agrobot_msgs/share/agrobot_msgs/cmake/ament_cmake_export_dependencies-extras.cmake
-- Up-to-date: /home/tjacobs/ros2_ws/install/agrobot_msgs/share/agrobot_msgs/cmake/ament_cmake_export_include_directories-extras.cmake
-- Up-to-date: /home/tjacobs/ros2_ws/install/agrobot_msgs/share/agrobot_msgs/cmake/ament_cmake_export_libraries-extras.cmake
-- Up-to-date: /home/tjacobs/ros2_ws/install/agrobot_msgs/share/agrobot_msgs/cmake/ament_cmake_export_targets-extras.cmake
-- Up-to-date: /home/tjacobs/ros2_ws/install/agrobot_msgs/share/agrobot_msgs/cmake/rosidl_cmake_export_typesupport_targets-extras.cmake
-- Up-to-date: /home/tjacobs/ros2_ws/install/agrobot_msgs/share/agrobot_msgs/cmake/rosidl_cmake_export_typesupport_libraries-extras.cmake
-- Up-to-date: /home/tjacobs/ros2_ws/install/agrobot_msgs/share/agrobot_msgs/cmake/agrobot_msgsConfig.cmake
-- Up-to-date: /home/tjacobs/ros2_ws/install/agrobot_msgs/share/agrobot_msgs/cmake/agrobot_msgsConfig-version.cmake
-- Up-to-date: /home/tjacobs/ros2_ws/install/agrobot_msgs/share/agrobot_msgs/package.xml
