[0.524s] Invoking command in '/home/tjacobs/ros2_ws/build/agrobot_pkg': PYTHONPATH=/home/tjacobs/ros2_ws/build/agrobot_pkg/prefix_override:/home/tjacobs/ros2_ws/install/agrobot_pkg/lib/python3.10/site-packages:${PYTHONPATH} /usr/bin/python3 setup.py develop --editable --build-directory /home/tjacobs/ros2_ws/build/agrobot_pkg/build --no-deps install_data
[0.728s] running develop
[0.728s] /usr/lib/python3/dist-packages/setuptools/command/easy_install.py:158: EasyInstallDeprecationWarning: easy_install command is deprecated. Use build and pip and other standards-based tools.
[0.728s]   warnings.warn(
[0.729s] /usr/lib/python3/dist-packages/setuptools/command/install.py:34: SetuptoolsDeprecationWarning: setup.py install is deprecated. Use build and pip and other standards-based tools.
[0.729s]   warnings.warn(
[0.869s] running egg_info
[0.869s] writing agrobot_pkg.egg-info/PKG-INFO
[0.869s] writing dependency_links to agrobot_pkg.egg-info/dependency_links.txt
[0.870s] writing entry points to agrobot_pkg.egg-info/entry_points.txt
[0.870s] writing requirements to agrobot_pkg.egg-info/requires.txt
[0.870s] writing top-level names to agrobot_pkg.egg-info/top_level.txt
[0.871s] reading manifest file 'agrobot_pkg.egg-info/SOURCES.txt'
[0.872s] writing manifest file 'agrobot_pkg.egg-info/SOURCES.txt'
[0.873s] running build_ext
[0.873s] Creating /home/tjacobs/ros2_ws/install/agrobot_pkg/lib/python3.10/site-packages/agrobot-pkg.egg-link (link to .)
[0.874s] Installing camera_data script to /home/tjacobs/ros2_ws/install/agrobot_pkg/lib/agrobot_pkg
[0.874s] Installing camera_processing script to /home/tjacobs/ros2_ws/install/agrobot_pkg/lib/agrobot_pkg
[0.874s] Installing movement_controller script to /home/tjacobs/ros2_ws/install/agrobot_pkg/lib/agrobot_pkg
[0.874s] Installing movement_driver script to /home/tjacobs/ros2_ws/install/agrobot_pkg/lib/agrobot_pkg
[0.875s] 
[0.875s] Installed /home/tjacobs/ros2_ws/build/agrobot_pkg
[0.875s] running install_data
[0.897s] Invoked command in '/home/tjacobs/ros2_ws/build/agrobot_pkg' returned '0': PYTHONPATH=/home/tjacobs/ros2_ws/build/agrobot_pkg/prefix_override:/home/tjacobs/ros2_ws/install/agrobot_pkg/lib/python3.10/site-packages:${PYTHONPATH} /usr/bin/python3 setup.py develop --editable --build-directory /home/tjacobs/ros2_ws/build/agrobot_pkg/build --no-deps install_data
