[0.825s] Invoking command in '/home/tjacobs/Documents/Agrobot_ws/ros2_ws/src/Agrobot': PYTHONPATH=/home/tjacobs/Documents/Agrobot_ws/ros2_ws/build/agrobot_pkg/prefix_override:/home/tjacobs/Documents/Agrobot_ws/ros2_ws/install/agrobot_pkg/lib/python3.10/site-packages:${PYTHONPATH} /usr/bin/python3 setup.py egg_info --egg-base ../../build/agrobot_pkg build --build-base /home/tjacobs/Documents/Agrobot_ws/ros2_ws/build/agrobot_pkg/build install --record /home/tjacobs/Documents/Agrobot_ws/ros2_ws/build/agrobot_pkg/install.log --single-version-externally-managed
[1.013s] running egg_info
[1.014s] writing ../../build/agrobot_pkg/agrobot_pkg.egg-info/PKG-INFO
[1.014s] writing dependency_links to ../../build/agrobot_pkg/agrobot_pkg.egg-info/dependency_links.txt
[1.015s] writing entry points to ../../build/agrobot_pkg/agrobot_pkg.egg-info/entry_points.txt
[1.015s] writing requirements to ../../build/agrobot_pkg/agrobot_pkg.egg-info/requires.txt
[1.015s] writing top-level names to ../../build/agrobot_pkg/agrobot_pkg.egg-info/top_level.txt
[1.017s] reading manifest file '../../build/agrobot_pkg/agrobot_pkg.egg-info/SOURCES.txt'
[1.020s] writing manifest file '../../build/agrobot_pkg/agrobot_pkg.egg-info/SOURCES.txt'
[1.020s] running build
[1.020s] running build_py
[1.021s] copying agrobot_pkg/simulation_controller_node.py -> /home/tjacobs/Documents/Agrobot_ws/ros2_ws/build/agrobot_pkg/build/lib/agrobot_pkg
[1.021s] running install
[1.021s] /usr/lib/python3/dist-packages/setuptools/command/install.py:34: SetuptoolsDeprecationWarning: setup.py install is deprecated. Use build and pip and other standards-based tools.
[1.021s]   warnings.warn(
[1.022s] running install_lib
[1.022s] copying /home/tjacobs/Documents/Agrobot_ws/ros2_ws/build/agrobot_pkg/build/lib/agrobot_pkg/simulation_controller_node.py -> /home/tjacobs/Documents/Agrobot_ws/ros2_ws/install/agrobot_pkg/lib/python3.10/site-packages/agrobot_pkg
[1.023s] byte-compiling /home/tjacobs/Documents/Agrobot_ws/ros2_ws/install/agrobot_pkg/lib/python3.10/site-packages/agrobot_pkg/simulation_controller_node.py to simulation_controller_node.cpython-310.pyc
[1.024s] running install_data
[1.025s] running install_egg_info
[1.026s] removing '/home/tjacobs/Documents/Agrobot_ws/ros2_ws/install/agrobot_pkg/lib/python3.10/site-packages/agrobot_pkg-0.0.0-py3.10.egg-info' (and everything under it)
[1.027s] Copying ../../build/agrobot_pkg/agrobot_pkg.egg-info to /home/tjacobs/Documents/Agrobot_ws/ros2_ws/install/agrobot_pkg/lib/python3.10/site-packages/agrobot_pkg-0.0.0-py3.10.egg-info
[1.027s] running install_scripts
[1.043s] Installing movement_controller_node script to /home/tjacobs/Documents/Agrobot_ws/ros2_ws/install/agrobot_pkg/lib/agrobot_pkg
[1.043s] Installing simulation_controller_node script to /home/tjacobs/Documents/Agrobot_ws/ros2_ws/install/agrobot_pkg/lib/agrobot_pkg
[1.043s] Installing subscribe_test script to /home/tjacobs/Documents/Agrobot_ws/ros2_ws/install/agrobot_pkg/lib/agrobot_pkg
[1.043s] Installing vision_processing_node script to /home/tjacobs/Documents/Agrobot_ws/ros2_ws/install/agrobot_pkg/lib/agrobot_pkg
[1.044s] writing list of installed files to '/home/tjacobs/Documents/Agrobot_ws/ros2_ws/build/agrobot_pkg/install.log'
[1.062s] Invoked command in '/home/tjacobs/Documents/Agrobot_ws/ros2_ws/src/Agrobot' returned '0': PYTHONPATH=/home/tjacobs/Documents/Agrobot_ws/ros2_ws/build/agrobot_pkg/prefix_override:/home/tjacobs/Documents/Agrobot_ws/ros2_ws/install/agrobot_pkg/lib/python3.10/site-packages:${PYTHONPATH} /usr/bin/python3 setup.py egg_info --egg-base ../../build/agrobot_pkg build --build-base /home/tjacobs/Documents/Agrobot_ws/ros2_ws/build/agrobot_pkg/build install --record /home/tjacobs/Documents/Agrobot_ws/ros2_ws/build/agrobot_pkg/install.log --single-version-externally-managed
