[1.805s] Invoking command in '/home/tjacobs/ros2_ws/my_package': PYTHONPATH=/home/tjacobs/ros2_ws/build/my_package/prefix_override:/home/tjacobs/ros2_ws/install/my_package/lib/python3.10/site-packages:${PYTHONPATH} /usr/bin/python3 setup.py egg_info --egg-base ../build/my_package build --build-base /home/tjacobs/ros2_ws/build/my_package/build install --record /home/tjacobs/ros2_ws/build/my_package/install.log --single-version-externally-managed
[2.371s] running egg_info
[2.372s] creating ../build/my_package/my_package.egg-info
[2.373s] writing ../build/my_package/my_package.egg-info/PKG-INFO
[2.373s] writing dependency_links to ../build/my_package/my_package.egg-info/dependency_links.txt
[2.373s] writing entry points to ../build/my_package/my_package.egg-info/entry_points.txt
[2.374s] writing requirements to ../build/my_package/my_package.egg-info/requires.txt
[2.374s] writing top-level names to ../build/my_package/my_package.egg-info/top_level.txt
[2.374s] writing manifest file '../build/my_package/my_package.egg-info/SOURCES.txt'
[2.377s] reading manifest file '../build/my_package/my_package.egg-info/SOURCES.txt'
[2.377s] adding license file 'LICENSE'
[2.380s] writing manifest file '../build/my_package/my_package.egg-info/SOURCES.txt'
[2.380s] running build
[2.380s] running build_py
[2.381s] creating /home/tjacobs/ros2_ws/build/my_package/build
[2.381s] creating /home/tjacobs/ros2_ws/build/my_package/build/lib
[2.381s] creating /home/tjacobs/ros2_ws/build/my_package/build/lib/my_package
[2.381s] copying my_package/__init__.py -> /home/tjacobs/ros2_ws/build/my_package/build/lib/my_package
[2.381s] copying my_package/my_robot_driver.py -> /home/tjacobs/ros2_ws/build/my_package/build/lib/my_package
[2.382s] running install
[2.382s] /usr/lib/python3/dist-packages/setuptools/command/install.py:34: SetuptoolsDeprecationWarning: setup.py install is deprecated. Use build and pip and other standards-based tools.
[2.382s]   warnings.warn(
[2.382s] running install_lib
[2.385s] creating /home/tjacobs/ros2_ws/install/my_package/lib/python3.10/site-packages/my_package
[2.385s] copying /home/tjacobs/ros2_ws/build/my_package/build/lib/my_package/__init__.py -> /home/tjacobs/ros2_ws/install/my_package/lib/python3.10/site-packages/my_package
[2.385s] copying /home/tjacobs/ros2_ws/build/my_package/build/lib/my_package/my_robot_driver.py -> /home/tjacobs/ros2_ws/install/my_package/lib/python3.10/site-packages/my_package
[2.386s] byte-compiling /home/tjacobs/ros2_ws/install/my_package/lib/python3.10/site-packages/my_package/__init__.py to __init__.cpython-310.pyc
[2.387s] byte-compiling /home/tjacobs/ros2_ws/install/my_package/lib/python3.10/site-packages/my_package/my_robot_driver.py to my_robot_driver.cpython-310.pyc
[2.388s] running install_data
[2.389s] creating /home/tjacobs/ros2_ws/install/my_package/share/ament_index
[2.389s] creating /home/tjacobs/ros2_ws/install/my_package/share/ament_index/resource_index
[2.390s] creating /home/tjacobs/ros2_ws/install/my_package/share/ament_index/resource_index/packages
[2.390s] copying resource/my_package -> /home/tjacobs/ros2_ws/install/my_package/share/ament_index/resource_index/packages
[2.390s] creating /home/tjacobs/ros2_ws/install/my_package/share/my_package/launch
[2.390s] copying launch/robot_launch.py -> /home/tjacobs/ros2_ws/install/my_package/share/my_package/launch
[2.391s] creating /home/tjacobs/ros2_ws/install/my_package/share/my_package/worlds
[2.391s] copying worlds/my_world.wbt -> /home/tjacobs/ros2_ws/install/my_package/share/my_package/worlds
[2.391s] creating /home/tjacobs/ros2_ws/install/my_package/share/my_package/resource
[2.391s] copying resource/my_robot.urdf -> /home/tjacobs/ros2_ws/install/my_package/share/my_package/resource
[2.391s] copying package.xml -> /home/tjacobs/ros2_ws/install/my_package/share/my_package
[2.391s] running install_egg_info
[2.394s] Copying ../build/my_package/my_package.egg-info to /home/tjacobs/ros2_ws/install/my_package/lib/python3.10/site-packages/my_package-0.0.0-py3.10.egg-info
[2.397s] running install_scripts
[2.442s] Installing my_robot_driver script to /home/tjacobs/ros2_ws/install/my_package/lib/my_package
[2.443s] writing list of installed files to '/home/tjacobs/ros2_ws/build/my_package/install.log'
[2.498s] Invoked command in '/home/tjacobs/ros2_ws/my_package' returned '0': PYTHONPATH=/home/tjacobs/ros2_ws/build/my_package/prefix_override:/home/tjacobs/ros2_ws/install/my_package/lib/python3.10/site-packages:${PYTHONPATH} /usr/bin/python3 setup.py egg_info --egg-base ../build/my_package build --build-base /home/tjacobs/ros2_ws/build/my_package/build install --record /home/tjacobs/ros2_ws/build/my_package/install.log --single-version-externally-managed
