[3.438s] DEBUG:colcon:Command line arguments: ['/usr/bin/colcon', 'build', '--packages-select', 'agrobot_pkg']
[3.439s] DEBUG:colcon:Parsed command line arguments: Namespace(log_base=None, log_level=None, verb_name='build', build_base='build', install_base='install', merge_install=False, symlink_install=False, test_result_base=None, continue_on_error=False, executor='parallel', parallel_workers=8, event_handlers=None, ignore_user_meta=False, metas=['./colcon.meta'], base_paths=['.'], packages_ignore=None, packages_ignore_regex=None, paths=None, packages_up_to=None, packages_up_to_regex=None, packages_above=None, packages_above_and_dependencies=None, packages_above_depth=None, packages_select_by_dep=None, packages_skip_by_dep=None, packages_skip_up_to=None, packages_select_build_failed=False, packages_skip_build_finished=False, packages_select_test_failures=False, packages_skip_test_passed=False, packages_select=['agrobot_pkg'], packages_skip=None, packages_select_regex=None, packages_skip_regex=None, packages_start=None, packages_end=None, allow_overriding=[], cmake_args=None, cmake_target=None, cmake_target_skip_unavailable=False, cmake_clean_cache=False, cmake_clean_first=False, cmake_force_configure=False, ament_cmake_args=None, catkin_cmake_args=None, catkin_skip_building_tests=False, verb_parser=<colcon_defaults.argument_parser.defaults.DefaultArgumentsDecorator object at 0x7f67e3153610>, verb_extension=<colcon_core.verb.build.BuildVerb object at 0x7f67e35e7df0>, main=<bound method BuildVerb.main of <colcon_core.verb.build.BuildVerb object at 0x7f67e35e7df0>>)
[3.556s] Level 1:colcon.colcon_core.package_discovery:discover_packages(colcon_meta) check parameters
[3.556s] Level 1:colcon.colcon_core.package_discovery:discover_packages(recursive) check parameters
[3.556s] Level 1:colcon.colcon_core.package_discovery:discover_packages(ignore) check parameters
[3.556s] Level 1:colcon.colcon_core.package_discovery:discover_packages(path) check parameters
[3.556s] Level 1:colcon.colcon_core.package_discovery:discover_packages(colcon_meta) discover
[3.557s] Level 1:colcon.colcon_core.package_discovery:discover_packages(recursive) discover
[3.557s] INFO:colcon.colcon_core.package_discovery:Crawling recursively for packages in '/home/tjacobs/ros2_ws'
[3.557s] Level 1:colcon.colcon_core.package_identification:_identify(.) by extensions ['ignore', 'ignore_ament_install']
[3.557s] Level 1:colcon.colcon_core.package_identification:_identify(.) by extension 'ignore'
[3.557s] Level 1:colcon.colcon_core.package_identification:_identify(.) by extension 'ignore_ament_install'
[3.557s] Level 1:colcon.colcon_core.package_identification:_identify(.) by extensions ['colcon_pkg']
[3.557s] Level 1:colcon.colcon_core.package_identification:_identify(.) by extension 'colcon_pkg'
[3.557s] Level 1:colcon.colcon_core.package_identification:_identify(.) by extensions ['colcon_meta']
[3.558s] Level 1:colcon.colcon_core.package_identification:_identify(.) by extension 'colcon_meta'
[3.558s] Level 1:colcon.colcon_core.package_identification:_identify(.) by extensions ['ros']
[3.558s] Level 1:colcon.colcon_core.package_identification:_identify(.) by extension 'ros'
[3.583s] Level 1:colcon.colcon_core.package_identification:_identify(.) by extensions ['cmake', 'python']
[3.583s] Level 1:colcon.colcon_core.package_identification:_identify(.) by extension 'cmake'
[3.583s] Level 1:colcon.colcon_core.package_identification:_identify(.) by extension 'python'
[3.583s] Level 1:colcon.colcon_core.package_identification:_identify(.) by extensions ['python_setup_py']
[3.583s] Level 1:colcon.colcon_core.package_identification:_identify(.) by extension 'python_setup_py'
[3.583s] Level 1:colcon.colcon_core.package_identification:_identify(build) by extensions ['ignore', 'ignore_ament_install']
[3.584s] Level 1:colcon.colcon_core.package_identification:_identify(build) by extension 'ignore'
[3.584s] Level 1:colcon.colcon_core.package_identification:_identify(build) ignored
[3.584s] Level 1:colcon.colcon_core.package_identification:_identify(install) by extensions ['ignore', 'ignore_ament_install']
[3.584s] Level 1:colcon.colcon_core.package_identification:_identify(install) by extension 'ignore'
[3.584s] Level 1:colcon.colcon_core.package_identification:_identify(install) ignored
[3.585s] Level 1:colcon.colcon_core.package_identification:_identify(log) by extensions ['ignore', 'ignore_ament_install']
[3.585s] Level 1:colcon.colcon_core.package_identification:_identify(log) by extension 'ignore'
[3.585s] Level 1:colcon.colcon_core.package_identification:_identify(log) ignored
[3.585s] Level 1:colcon.colcon_core.package_identification:_identify(src) by extensions ['ignore', 'ignore_ament_install']
[3.585s] Level 1:colcon.colcon_core.package_identification:_identify(src) by extension 'ignore'
[3.585s] Level 1:colcon.colcon_core.package_identification:_identify(src) by extension 'ignore_ament_install'
[3.586s] Level 1:colcon.colcon_core.package_identification:_identify(src) by extensions ['colcon_pkg']
[3.586s] Level 1:colcon.colcon_core.package_identification:_identify(src) by extension 'colcon_pkg'
[3.586s] Level 1:colcon.colcon_core.package_identification:_identify(src) by extensions ['colcon_meta']
[3.586s] Level 1:colcon.colcon_core.package_identification:_identify(src) by extension 'colcon_meta'
[3.586s] Level 1:colcon.colcon_core.package_identification:_identify(src) by extensions ['ros']
[3.586s] Level 1:colcon.colcon_core.package_identification:_identify(src) by extension 'ros'
[3.586s] Level 1:colcon.colcon_core.package_identification:_identify(src) by extensions ['cmake', 'python']
[3.586s] Level 1:colcon.colcon_core.package_identification:_identify(src) by extension 'cmake'
[3.586s] Level 1:colcon.colcon_core.package_identification:_identify(src) by extension 'python'
[3.586s] Level 1:colcon.colcon_core.package_identification:_identify(src) by extensions ['python_setup_py']
[3.586s] Level 1:colcon.colcon_core.package_identification:_identify(src) by extension 'python_setup_py'
[3.587s] Level 1:colcon.colcon_core.package_identification:_identify(src/agrobot_pkg) by extensions ['ignore', 'ignore_ament_install']
[3.587s] Level 1:colcon.colcon_core.package_identification:_identify(src/agrobot_pkg) by extension 'ignore'
[3.587s] Level 1:colcon.colcon_core.package_identification:_identify(src/agrobot_pkg) by extension 'ignore_ament_install'
[3.587s] Level 1:colcon.colcon_core.package_identification:_identify(src/agrobot_pkg) by extensions ['colcon_pkg']
[3.587s] Level 1:colcon.colcon_core.package_identification:_identify(src/agrobot_pkg) by extension 'colcon_pkg'
[3.587s] Level 1:colcon.colcon_core.package_identification:_identify(src/agrobot_pkg) by extensions ['colcon_meta']
[3.587s] Level 1:colcon.colcon_core.package_identification:_identify(src/agrobot_pkg) by extension 'colcon_meta'
[3.587s] Level 1:colcon.colcon_core.package_identification:_identify(src/agrobot_pkg) by extensions ['ros']
[3.588s] Level 1:colcon.colcon_core.package_identification:_identify(src/agrobot_pkg) by extension 'ros'
[3.593s] DEBUG:colcon.colcon_core.package_identification:Package 'src/agrobot_pkg' with type 'ros.ament_python' and name 'agrobot_pkg'
[3.593s] Level 1:colcon.colcon_core.package_identification:_identify(src/my_package) by extensions ['ignore', 'ignore_ament_install']
[3.594s] Level 1:colcon.colcon_core.package_identification:_identify(src/my_package) by extension 'ignore'
[3.594s] Level 1:colcon.colcon_core.package_identification:_identify(src/my_package) by extension 'ignore_ament_install'
[3.594s] Level 1:colcon.colcon_core.package_identification:_identify(src/my_package) by extensions ['colcon_pkg']
[3.594s] Level 1:colcon.colcon_core.package_identification:_identify(src/my_package) by extension 'colcon_pkg'
[3.594s] Level 1:colcon.colcon_core.package_identification:_identify(src/my_package) by extensions ['colcon_meta']
[3.594s] Level 1:colcon.colcon_core.package_identification:_identify(src/my_package) by extension 'colcon_meta'
[3.594s] Level 1:colcon.colcon_core.package_identification:_identify(src/my_package) by extensions ['ros']
[3.594s] Level 1:colcon.colcon_core.package_identification:_identify(src/my_package) by extension 'ros'
[3.596s] DEBUG:colcon.colcon_core.package_identification:Package 'src/my_package' with type 'ros.ament_python' and name 'my_package'
[3.596s] Level 1:colcon.colcon_core.package_discovery:discover_packages(recursive) using defaults
[3.596s] Level 1:colcon.colcon_core.package_discovery:discover_packages(ignore) discover
[3.596s] Level 1:colcon.colcon_core.package_discovery:discover_packages(ignore) using defaults
[3.596s] Level 1:colcon.colcon_core.package_discovery:discover_packages(path) discover
[3.597s] Level 1:colcon.colcon_core.package_discovery:discover_packages(path) using defaults
[3.757s] INFO:colcon.colcon_core.package_selection:Skipping not selected package 'my_package' in 'src/my_package'
[3.832s] Level 1:colcon.colcon_core.package_discovery:discover_packages(prefix_path) check parameters
[3.832s] Level 1:colcon.colcon_core.package_discovery:discover_packages(prefix_path) discover
[3.909s] DEBUG:colcon.colcon_installed_package_information.package_discovery:Found 314 installed packages in /opt/ros/iron
[3.912s] Level 1:colcon.colcon_core.package_discovery:discover_packages(prefix_path) using defaults
[4.149s] Level 5:colcon.colcon_core.verb:set package 'agrobot_pkg' build argument 'cmake_args' from command line to 'None'
[4.149s] Level 5:colcon.colcon_core.verb:set package 'agrobot_pkg' build argument 'cmake_target' from command line to 'None'
[4.149s] Level 5:colcon.colcon_core.verb:set package 'agrobot_pkg' build argument 'cmake_target_skip_unavailable' from command line to 'False'
[4.149s] Level 5:colcon.colcon_core.verb:set package 'agrobot_pkg' build argument 'cmake_clean_cache' from command line to 'False'
[4.149s] Level 5:colcon.colcon_core.verb:set package 'agrobot_pkg' build argument 'cmake_clean_first' from command line to 'False'
[4.149s] Level 5:colcon.colcon_core.verb:set package 'agrobot_pkg' build argument 'cmake_force_configure' from command line to 'False'
[4.149s] Level 5:colcon.colcon_core.verb:set package 'agrobot_pkg' build argument 'ament_cmake_args' from command line to 'None'
[4.149s] Level 5:colcon.colcon_core.verb:set package 'agrobot_pkg' build argument 'catkin_cmake_args' from command line to 'None'
[4.149s] Level 5:colcon.colcon_core.verb:set package 'agrobot_pkg' build argument 'catkin_skip_building_tests' from command line to 'False'
[4.149s] DEBUG:colcon.colcon_core.verb:Building package 'agrobot_pkg' with the following arguments: {'ament_cmake_args': None, 'build_base': '/home/tjacobs/ros2_ws/build/agrobot_pkg', 'catkin_cmake_args': None, 'catkin_skip_building_tests': False, 'cmake_args': None, 'cmake_clean_cache': False, 'cmake_clean_first': False, 'cmake_force_configure': False, 'cmake_target': None, 'cmake_target_skip_unavailable': False, 'install_base': '/home/tjacobs/ros2_ws/install/agrobot_pkg', 'merge_install': False, 'path': '/home/tjacobs/ros2_ws/src/agrobot_pkg', 'symlink_install': False, 'test_result_base': None}
[4.187s] INFO:colcon.colcon_core.executor:Executing jobs using 'parallel' executor
[4.226s] DEBUG:colcon.colcon_parallel_executor.executor.parallel:run_until_complete
[4.227s] INFO:colcon.colcon_ros.task.ament_python.build:Building ROS package in '/home/tjacobs/ros2_ws/src/agrobot_pkg' with build type 'ament_python'
[4.227s] Level 1:colcon.colcon_core.shell:create_environment_hook('agrobot_pkg', 'ament_prefix_path')
[4.272s] INFO:colcon.colcon_core.plugin_system:Skipping extension 'colcon_core.shell.bat': Not used on non-Windows systems
[4.272s] INFO:colcon.colcon_core.shell:Creating environment hook '/home/tjacobs/ros2_ws/install/agrobot_pkg/share/agrobot_pkg/hook/ament_prefix_path.ps1'
[4.273s] INFO:colcon.colcon_core.shell:Creating environment descriptor '/home/tjacobs/ros2_ws/install/agrobot_pkg/share/agrobot_pkg/hook/ament_prefix_path.dsv'
[4.274s] INFO:colcon.colcon_core.shell:Creating environment hook '/home/tjacobs/ros2_ws/install/agrobot_pkg/share/agrobot_pkg/hook/ament_prefix_path.sh'
[4.316s] INFO:colcon.colcon_core.shell:Skip shell extension 'powershell' for command environment: Not usable outside of PowerShell
[4.316s] DEBUG:colcon.colcon_core.shell:Skip shell extension 'dsv' for command environment
[5.003s] INFO:colcon.colcon_core.task.python.build:Building Python package in '/home/tjacobs/ros2_ws/src/agrobot_pkg'
[5.050s] INFO:colcon.colcon_core.shell:Skip shell extension 'powershell' for command environment: Not usable outside of PowerShell
[5.050s] DEBUG:colcon.colcon_core.shell:Skip shell extension 'dsv' for command environment
[5.960s] DEBUG:colcon.colcon_core.event_handler.log_command:Invoking command in '/home/tjacobs/ros2_ws/src/agrobot_pkg': PYTHONPATH=/home/tjacobs/ros2_ws/build/agrobot_pkg/prefix_override:/home/tjacobs/ros2_ws/install/agrobot_pkg/lib/python3.10/site-packages:${PYTHONPATH} /usr/bin/python3 setup.py egg_info --egg-base ../../build/agrobot_pkg build --build-base /home/tjacobs/ros2_ws/build/agrobot_pkg/build install --record /home/tjacobs/ros2_ws/build/agrobot_pkg/install.log --single-version-externally-managed
[6.661s] DEBUG:colcon.colcon_core.event_handler.log_command:Invoked command in '/home/tjacobs/ros2_ws/src/agrobot_pkg' returned '0': PYTHONPATH=/home/tjacobs/ros2_ws/build/agrobot_pkg/prefix_override:/home/tjacobs/ros2_ws/install/agrobot_pkg/lib/python3.10/site-packages:${PYTHONPATH} /usr/bin/python3 setup.py egg_info --egg-base ../../build/agrobot_pkg build --build-base /home/tjacobs/ros2_ws/build/agrobot_pkg/build install --record /home/tjacobs/ros2_ws/build/agrobot_pkg/install.log --single-version-externally-managed
[6.712s] Level 1:colcon.colcon_core.environment:checking '/home/tjacobs/ros2_ws/install/agrobot_pkg' for CMake module files
[6.713s] Level 1:colcon.colcon_core.environment:checking '/home/tjacobs/ros2_ws/install/agrobot_pkg' for CMake config files
[6.714s] Level 1:colcon.colcon_core.environment:checking '/home/tjacobs/ros2_ws/install/agrobot_pkg/lib'
[6.715s] Level 1:colcon.colcon_core.environment:checking '/home/tjacobs/ros2_ws/install/agrobot_pkg/bin'
[6.715s] Level 1:colcon.colcon_core.environment:checking '/home/tjacobs/ros2_ws/install/agrobot_pkg/lib/pkgconfig/agrobot_pkg.pc'
[6.715s] Level 1:colcon.colcon_core.environment:checking '/home/tjacobs/ros2_ws/install/agrobot_pkg/lib/python3.10/site-packages'
[6.715s] Level 1:colcon.colcon_core.shell:create_environment_hook('agrobot_pkg', 'pythonpath')
[6.756s] INFO:colcon.colcon_core.shell:Creating environment hook '/home/tjacobs/ros2_ws/install/agrobot_pkg/share/agrobot_pkg/hook/pythonpath.ps1'
[6.757s] INFO:colcon.colcon_core.shell:Creating environment descriptor '/home/tjacobs/ros2_ws/install/agrobot_pkg/share/agrobot_pkg/hook/pythonpath.dsv'
[6.758s] INFO:colcon.colcon_core.shell:Creating environment hook '/home/tjacobs/ros2_ws/install/agrobot_pkg/share/agrobot_pkg/hook/pythonpath.sh'
[6.759s] Level 1:colcon.colcon_core.environment:checking '/home/tjacobs/ros2_ws/install/agrobot_pkg/bin'
[6.759s] Level 1:colcon.colcon_core.environment:create_environment_scripts_only(agrobot_pkg)
[6.798s] INFO:colcon.colcon_core.shell:Creating package script '/home/tjacobs/ros2_ws/install/agrobot_pkg/share/agrobot_pkg/package.ps1'
[6.800s] INFO:colcon.colcon_core.shell:Creating package descriptor '/home/tjacobs/ros2_ws/install/agrobot_pkg/share/agrobot_pkg/package.dsv'
[6.801s] INFO:colcon.colcon_core.shell:Creating package script '/home/tjacobs/ros2_ws/install/agrobot_pkg/share/agrobot_pkg/package.sh'
[6.803s] INFO:colcon.colcon_core.shell:Creating package script '/home/tjacobs/ros2_ws/install/agrobot_pkg/share/agrobot_pkg/package.bash'
[6.804s] INFO:colcon.colcon_core.shell:Creating package script '/home/tjacobs/ros2_ws/install/agrobot_pkg/share/agrobot_pkg/package.zsh'
[6.805s] Level 1:colcon.colcon_core.environment:create_file_with_runtime_dependencies(/home/tjacobs/ros2_ws/install/agrobot_pkg/share/colcon-core/packages/agrobot_pkg)
[6.806s] DEBUG:colcon.colcon_parallel_executor.executor.parallel:closing loop
[6.806s] DEBUG:colcon.colcon_parallel_executor.executor.parallel:loop closed
[6.807s] DEBUG:colcon.colcon_parallel_executor.executor.parallel:run_until_complete finished with '0'
[6.807s] DEBUG:colcon.colcon_core.event_reactor:joining thread
[6.859s] INFO:colcon.colcon_core.plugin_system:Skipping extension 'colcon_notification.desktop_notification.terminal_notifier': Not used on non-Darwin systems
[6.859s] INFO:colcon.colcon_core.plugin_system:Skipping extension 'colcon_notification.desktop_notification.win32': Not used on non-Windows systems
[6.859s] INFO:colcon.colcon_notification.desktop_notification:Sending desktop notification using 'notify2'
[6.891s] DEBUG:colcon.colcon_core.event_reactor:joined thread
[6.941s] INFO:colcon.colcon_core.shell:Creating prefix script '/home/tjacobs/ros2_ws/install/local_setup.ps1'
[6.943s] INFO:colcon.colcon_core.shell:Creating prefix util module '/home/tjacobs/ros2_ws/install/_local_setup_util_ps1.py'
[6.946s] INFO:colcon.colcon_core.shell:Creating prefix chain script '/home/tjacobs/ros2_ws/install/setup.ps1'
[6.993s] INFO:colcon.colcon_core.shell:Creating prefix script '/home/tjacobs/ros2_ws/install/local_setup.sh'
[6.994s] INFO:colcon.colcon_core.shell:Creating prefix util module '/home/tjacobs/ros2_ws/install/_local_setup_util_sh.py'
[6.995s] INFO:colcon.colcon_core.shell:Creating prefix chain script '/home/tjacobs/ros2_ws/install/setup.sh'
[7.039s] INFO:colcon.colcon_core.shell:Creating prefix script '/home/tjacobs/ros2_ws/install/local_setup.bash'
[7.040s] INFO:colcon.colcon_core.shell:Creating prefix chain script '/home/tjacobs/ros2_ws/install/setup.bash'
[7.080s] INFO:colcon.colcon_core.shell:Creating prefix script '/home/tjacobs/ros2_ws/install/local_setup.zsh'
[7.081s] INFO:colcon.colcon_core.shell:Creating prefix chain script '/home/tjacobs/ros2_ws/install/setup.zsh'
