[0.823s] Invoking command in '/home/tjacobs/ros2_ws/src/agrobot_pkg': PYTHONPATH=/home/tjacobs/ros2_ws/build/agrobot_pkg/prefix_override:/home/tjacobs/ros2_ws/install/agrobot_pkg/lib/python3.10/site-packages:${PYTHONPATH} /usr/bin/python3 setup.py egg_info --egg-base ../../build/agrobot_pkg build --build-base /home/tjacobs/ros2_ws/build/agrobot_pkg/build install --record /home/tjacobs/ros2_ws/build/agrobot_pkg/install.log --single-version-externally-managed
[1.047s] running egg_info
[1.048s] writing ../../build/agrobot_pkg/agrobot_pkg.egg-info/PKG-INFO
[1.054s] writing dependency_links to ../../build/agrobot_pkg/agrobot_pkg.egg-info/dependency_links.txt
[1.054s] writing entry points to ../../build/agrobot_pkg/agrobot_pkg.egg-info/entry_points.txt
[1.054s] writing requirements to ../../build/agrobot_pkg/agrobot_pkg.egg-info/requires.txt
[1.054s] writing top-level names to ../../build/agrobot_pkg/agrobot_pkg.egg-info/top_level.txt
[1.056s] reading manifest file '../../build/agrobot_pkg/agrobot_pkg.egg-info/SOURCES.txt'
[1.056s] writing manifest file '../../build/agrobot_pkg/agrobot_pkg.egg-info/SOURCES.txt'
[1.056s] running build
[1.056s] running build_py
[1.057s] running install
[1.058s] /usr/lib/python3/dist-packages/setuptools/command/install.py:34: SetuptoolsDeprecationWarning: setup.py install is deprecated. Use build and pip and other standards-based tools.
[1.058s]   warnings.warn(
[1.058s] running install_lib
[1.061s] running install_data
[1.062s] copying protos/PlanterBox.proto -> /home/tjacobs/ros2_ws/install/agrobot_pkg/share/agrobot_pkg/protos
[1.062s] running install_egg_info
[1.064s] removing '/home/tjacobs/ros2_ws/install/agrobot_pkg/lib/python3.10/site-packages/agrobot_pkg-0.0.0-py3.10.egg-info' (and everything under it)
[1.064s] Copying ../../build/agrobot_pkg/agrobot_pkg.egg-info to /home/tjacobs/ros2_ws/install/agrobot_pkg/lib/python3.10/site-packages/agrobot_pkg-0.0.0-py3.10.egg-info
[1.065s] running install_scripts
[1.083s] Installing movement_controller_node script to /home/tjacobs/ros2_ws/install/agrobot_pkg/lib/agrobot_pkg
[1.083s] Installing simulation_controller_node script to /home/tjacobs/ros2_ws/install/agrobot_pkg/lib/agrobot_pkg
[1.083s] writing list of installed files to '/home/tjacobs/ros2_ws/build/agrobot_pkg/install.log'
[1.106s] Invoked command in '/home/tjacobs/ros2_ws/src/agrobot_pkg' returned '0': PYTHONPATH=/home/tjacobs/ros2_ws/build/agrobot_pkg/prefix_override:/home/tjacobs/ros2_ws/install/agrobot_pkg/lib/python3.10/site-packages:${PYTHONPATH} /usr/bin/python3 setup.py egg_info --egg-base ../../build/agrobot_pkg build --build-base /home/tjacobs/ros2_ws/build/agrobot_pkg/build install --record /home/tjacobs/ros2_ws/build/agrobot_pkg/install.log --single-version-externally-managed
