[1.733s] Invoking command in '/home/tjacobs/ros2_ws/src/agrobot_pkg': PYTHONPATH=/home/tjacobs/ros2_ws/build/agrobot_pkg/prefix_override:/home/tjacobs/ros2_ws/install/agrobot_pkg/lib/python3.10/site-packages:${PYTHONPATH} /usr/bin/python3 setup.py egg_info --egg-base ../../build/agrobot_pkg build --build-base /home/tjacobs/ros2_ws/build/agrobot_pkg/build install --record /home/tjacobs/ros2_ws/build/agrobot_pkg/install.log --single-version-externally-managed
[2.396s] running egg_info
[2.398s] writing ../../build/agrobot_pkg/agrobot_pkg.egg-info/PKG-INFO
[2.398s] writing dependency_links to ../../build/agrobot_pkg/agrobot_pkg.egg-info/dependency_links.txt
[2.399s] writing entry points to ../../build/agrobot_pkg/agrobot_pkg.egg-info/entry_points.txt
[2.399s] writing requirements to ../../build/agrobot_pkg/agrobot_pkg.egg-info/requires.txt
[2.399s] writing top-level names to ../../build/agrobot_pkg/agrobot_pkg.egg-info/top_level.txt
[2.404s] reading manifest file '../../build/agrobot_pkg/agrobot_pkg.egg-info/SOURCES.txt'
[2.407s] writing manifest file '../../build/agrobot_pkg/agrobot_pkg.egg-info/SOURCES.txt'
[2.407s] running build
[2.407s] running build_py
[2.408s] running install
[2.409s] /usr/lib/python3/dist-packages/setuptools/command/install.py:34: SetuptoolsDeprecationWarning: setup.py install is deprecated. Use build and pip and other standards-based tools.
[2.409s]   warnings.warn(
[2.410s] running install_lib
[2.413s] running install_data
[2.415s] copying protos/PlanterBox.proto -> /home/tjacobs/ros2_ws/install/agrobot_pkg/share/agrobot_pkg/protos
[2.416s] running install_egg_info
[2.420s] removing '/home/tjacobs/ros2_ws/install/agrobot_pkg/lib/python3.10/site-packages/agrobot_pkg-0.0.0-py3.10.egg-info' (and everything under it)
[2.421s] Copying ../../build/agrobot_pkg/agrobot_pkg.egg-info to /home/tjacobs/ros2_ws/install/agrobot_pkg/lib/python3.10/site-packages/agrobot_pkg-0.0.0-py3.10.egg-info
[2.423s] running install_scripts
[2.482s] Installing movement_controller_node script to /home/tjacobs/ros2_ws/install/agrobot_pkg/lib/agrobot_pkg
[2.483s] Installing simulation_controller_node script to /home/tjacobs/ros2_ws/install/agrobot_pkg/lib/agrobot_pkg
[2.483s] writing list of installed files to '/home/tjacobs/ros2_ws/build/agrobot_pkg/install.log'
[2.551s] Invoked command in '/home/tjacobs/ros2_ws/src/agrobot_pkg' returned '0': PYTHONPATH=/home/tjacobs/ros2_ws/build/agrobot_pkg/prefix_override:/home/tjacobs/ros2_ws/install/agrobot_pkg/lib/python3.10/site-packages:${PYTHONPATH} /usr/bin/python3 setup.py egg_info --egg-base ../../build/agrobot_pkg build --build-base /home/tjacobs/ros2_ws/build/agrobot_pkg/build install --record /home/tjacobs/ros2_ws/build/agrobot_pkg/install.log --single-version-externally-managed
